[INFO] Scanning for projects...
[WARNING] 
[WARNING] Some problems were encountered while building the effective model for org.jenkins-ci.main:remoting:jar:4.7-SNAPSHOT
[WARNING] 'build.plugins.plugin.version' for org.apache.maven.plugins:maven-jarsigner-plugin is missing. @ org.jenkins-ci.main:remoting:${revision}${changelist}, /home/alex/Repositories/remoting/pom.xml, line 302, column 15
[WARNING] 
[WARNING] It is highly recommended to fix these problems because they threaten the stability of your build.
[WARNING] 
[WARNING] For this reason, future Maven versions might no longer support building such malformed projects.
[WARNING] 
[INFO] 
[INFO] --------------------< org.jenkins-ci.main:remoting >--------------------
[INFO] Building Jenkins remoting layer 4.7-SNAPSHOT
[INFO] --------------------------------[ jar ]---------------------------------
[INFO] 
[INFO] --- build-helper-maven-plugin:3.2.0:timestamp-property (timestamp-property) @ remoting ---
[INFO] 
[INFO] --- build-helper-maven-plugin:3.2.0:regex-property (user.name) @ remoting ---
[INFO] No match to regex '([$\\])' found in 'alex'. The initial value 'alex' is left as-is...
[INFO] 
[INFO] --- build-helper-maven-plugin:3.2.0:regex-property (version-property) @ remoting ---
[INFO] 
[INFO] --- maven-enforcer-plugin:3.0.0-M3:display-info (display-info) @ remoting ---
[INFO] Maven Version: 3.6.3
[INFO] JDK Version: 1.8.0_402 normalized as: 1.8.0-402
[INFO] OS Info: Arch: amd64 Family: unix Name: linux Version: 6.5.0-28-generic
[INFO] 
[INFO] --- maven-enforcer-plugin:3.0.0-M3:enforce (display-info) @ remoting ---
[INFO] Adding ignore: module-info
[INFO] 
[INFO] --- build-helper-maven-plugin:3.2.0:add-source (add-source) @ remoting ---
[INFO] Source directory: /home/alex/Repositories/remoting/target/generated-sources/localizer added.
[INFO] 
[INFO] --- maven-resources-plugin:3.2.0:resources (default-resources) @ remoting ---
[INFO] Using 'UTF-8' encoding to copy filtered resources.
[INFO] Using 'UTF-8' encoding to copy filtered properties files.
[INFO] Copying 2 resources
[INFO] Copying 1 resource
[INFO] Copying 1 resource
[INFO] The encoding used to copy filtered properties files have not been set. This means that the same encoding will be used to copy filtered properties files as when copying other filtered resources. This might not be what you want! Run your build with --debug to see which files might be affected. Read more at https://maven.apache.org/plugins/maven-resources-plugin/examples/filtering-properties-files.html
[INFO] 
[INFO] --- flatten-maven-plugin:1.2.5:flatten (flatten) @ remoting ---
[INFO] Generating flattened POM of project org.jenkins-ci.main:remoting:jar:4.7-SNAPSHOT...
[INFO] 
[INFO] --- maven-compiler-plugin:3.8.1:compile (default-compile) @ remoting ---
[INFO] Changes detected - recompiling the module!
[INFO] Compiling 185 source files to /home/alex/Repositories/remoting/target/classes
[INFO] /home/alex/Repositories/remoting/src/main/java/hudson/remoting/jnlp/MainDialog.java: Some input files use or override a deprecated API.
[INFO] /home/alex/Repositories/remoting/src/main/java/hudson/remoting/jnlp/MainDialog.java: Recompile with -Xlint:deprecation for details.
[INFO] /home/alex/Repositories/remoting/src/main/java/hudson/remoting/Request.java: Some input files use unchecked or unsafe operations.
[INFO] /home/alex/Repositories/remoting/src/main/java/hudson/remoting/Request.java: Recompile with -Xlint:unchecked for details.
[INFO] 
[INFO] --- maven-resources-plugin:3.2.0:testResources (default-testResources) @ remoting ---
[INFO] Using 'UTF-8' encoding to copy filtered resources.
[INFO] Using 'UTF-8' encoding to copy filtered properties files.
[INFO] Copying 6 resources
[INFO] 
[INFO] --- maven-compiler-plugin:3.8.1:testCompile (default-testCompile) @ remoting ---
[INFO] Changes detected - recompiling the module!
[INFO] Compiling 110 source files to /home/alex/Repositories/remoting/target/test-classes
[INFO] /home/alex/Repositories/remoting/src/test/java/org/jenkinsci/remoting/protocol/impl/AckFilterLayerTest.java: Some input files use or override a deprecated API.
[INFO] /home/alex/Repositories/remoting/src/test/java/org/jenkinsci/remoting/protocol/impl/AckFilterLayerTest.java: Recompile with -Xlint:deprecation for details.
[INFO] /home/alex/Repositories/remoting/src/test/java/org/jenkinsci/remoting/protocol/ProtocolStackTest.java: Some input files use unchecked or unsafe operations.
[INFO] /home/alex/Repositories/remoting/src/test/java/org/jenkinsci/remoting/protocol/ProtocolStackTest.java: Recompile with -Xlint:unchecked for details.
[INFO] 
[INFO] --- animal-sniffer-maven-plugin:1.19:check (check) @ remoting ---
[INFO] Resolved signature org.codehaus.mojo.signature:java18 version as 1.0 from dependencyManagement
[INFO] Checking unresolved references to org.codehaus.mojo.signature:java18:1.0
[INFO] 
[INFO] --- maven-dependency-plugin:3.1.2:copy (resgen) @ remoting ---
[INFO] Configured Artifact: org.jenkins-ci:remoting-test-client:1.0:jar
[INFO] Configured Artifact: org.jenkins-ci:remoting-test-client:tests:1.0:jar
[INFO] org.jenkins-ci:remoting-test-client:1.0:jar already exists in /home/alex/Repositories/remoting/target/test-classes
[INFO] org.jenkins-ci:remoting-test-client:tests:1.0:jar already exists in /home/alex/Repositories/remoting/target/test-classes
[INFO] 
[INFO] --- maven-surefire-plugin:3.0.0-M5:test (default-test) @ remoting ---
[INFO] 
[INFO] -------------------------------------------------------
[INFO]  T E S T S
[INFO] -------------------------------------------------------
[INFO] Running hudson.remoting.PipeTest
[INFO] Tests run: 36, Failures: 0, Errors: 0, Skipped: 0, Time elapsed: 34.031 s - in hudson.remoting.PipeTest
[INFO] Running hudson.remoting.FileSystemJarCacheTest
[INFO] Tests run: 6, Failures: 0, Errors: 0, Skipped: 0, Time elapsed: 0.215 s - in hudson.remoting.FileSystemJarCacheTest
[INFO] Running hudson.remoting.SingleLaneExecutorServiceTest
[INFO] Tests run: 2, Failures: 0, Errors: 0, Skipped: 0, Time elapsed: 3.802 s - in hudson.remoting.SingleLaneExecutorServiceTest
[INFO] Running hudson.remoting.ClassFilterTest
[INFO] Tests run: 6, Failures: 0, Errors: 0, Skipped: 0, Time elapsed: 1.208 s - in hudson.remoting.ClassFilterTest
[INFO] Running hudson.remoting.RemoteInputStreamTest
[INFO] Tests run: 24, Failures: 0, Errors: 0, Skipped: 0, Time elapsed: 10.744 s - in hudson.remoting.RemoteInputStreamTest
[INFO] Running hudson.remoting.PrefetchingTest
[INFO] Tests run: 7, Failures: 0, Errors: 0, Skipped: 0, Time elapsed: 0.306 s - in hudson.remoting.PrefetchingTest
[INFO] Running hudson.remoting.FlightRecorderInputStreamTest
[INFO] Tests run: 2, Failures: 0, Errors: 0, Skipped: 0, Time elapsed: 0.036 s - in hudson.remoting.FlightRecorderInputStreamTest
[INFO] Running hudson.remoting.NonSerializableExceptionTest
[INFO] Tests run: 1, Failures: 0, Errors: 0, Skipped: 0, Time elapsed: 0.015 s - in hudson.remoting.NonSerializableExceptionTest
[INFO] Running hudson.remoting.LauncherTest
[INFO] Tests run: 5, Failures: 0, Errors: 0, Skipped: 0, Time elapsed: 0.036 s - in hudson.remoting.LauncherTest
[INFO] Running hudson.remoting.DiagnosedStreamCorruptionExceptionTest
[INFO] Tests run: 2, Failures: 0, Errors: 0, Skipped: 0, Time elapsed: 1.004 s - in hudson.remoting.DiagnosedStreamCorruptionExceptionTest
[INFO] Running hudson.remoting.ChecksumTest
[INFO] Tests run: 1, Failures: 0, Errors: 0, Skipped: 0, Time elapsed: 0.005 s - in hudson.remoting.ChecksumTest
[INFO] Running hudson.remoting.ChannelFilterTest
[INFO] Tests run: 2, Failures: 0, Errors: 0, Skipped: 0, Time elapsed: 0.029 s - in hudson.remoting.ChannelFilterTest
[INFO] Running hudson.remoting.NoProxyEvaluatorTest
[INFO] Tests run: 30, Failures: 0, Errors: 0, Skipped: 0, Time elapsed: 0.015 s - in hudson.remoting.NoProxyEvaluatorTest
[INFO] Running hudson.remoting.ExportTableTest
[INFO] Tests run: 1, Failures: 0, Errors: 0, Skipped: 0, Time elapsed: 0.006 s - in hudson.remoting.ExportTableTest
[INFO] Running hudson.remoting.PrefetchTest
[WARNING] Tests run: 1, Failures: 0, Errors: 0, Skipped: 1, Time elapsed: 0.009 s - in hudson.remoting.PrefetchTest
[INFO] Running hudson.remoting.DefaultClassFilterTest
[INFO] Tests run: 4, Failures: 0, Errors: 0, Skipped: 0, Time elapsed: 10.859 s - in hudson.remoting.DefaultClassFilterTest
[INFO] Running hudson.remoting.SimpleTest
[INFO] Tests run: 36, Failures: 0, Errors: 0, Skipped: 0, Time elapsed: 16.589 s - in hudson.remoting.SimpleTest
[INFO] Running hudson.remoting.ClassRemotingTest
[INFO] Tests run: 30, Failures: 0, Errors: 0, Skipped: 0, Time elapsed: 21.956 s - in hudson.remoting.ClassRemotingTest
[INFO] Running hudson.remoting.PipeWriterTest
[INFO] Tests run: 6, Failures: 0, Errors: 0, Skipped: 0, Time elapsed: 18.046 s - in hudson.remoting.PipeWriterTest
[INFO] Running hudson.remoting.HexDumpTest
[INFO] Tests run: 2, Failures: 0, Errors: 0, Skipped: 0, Time elapsed: 0 s - in hudson.remoting.HexDumpTest
[INFO] Running hudson.remoting.ChannelTest
[INFO] Tests run: 11, Failures: 0, Errors: 0, Skipped: 0, Time elapsed: 8.153 s - in hudson.remoting.ChannelTest
[INFO] Running hudson.remoting.DeadRemoteOutputStreamTest
[INFO] Tests run: 1, Failures: 0, Errors: 0, Skipped: 0, Time elapsed: 1.049 s - in hudson.remoting.DeadRemoteOutputStreamTest
[INFO] Running hudson.remoting.BinarySafeStreamTest
[INFO] Tests run: 5, Failures: 0, Errors: 0, Skipped: 0, Time elapsed: 0.41 s - in hudson.remoting.BinarySafeStreamTest
[INFO] Running hudson.remoting.EngineTest
[INFO] Tests run: 5, Failures: 0, Errors: 0, Skipped: 0, Time elapsed: 0.175 s - in hudson.remoting.EngineTest
[INFO] Running hudson.remoting.UtilTest
[INFO] Tests run: 1, Failures: 0, Errors: 0, Skipped: 0, Time elapsed: 0.001 s - in hudson.remoting.UtilTest
[INFO] Running hudson.remoting.ChunkedInputStreamTest
[INFO] Tests run: 2, Failures: 0, Errors: 0, Skipped: 0, Time elapsed: 1.017 s - in hudson.remoting.ChunkedInputStreamTest
[INFO] Running hudson.remoting.URLDeserializatinHelperTest
[INFO] Tests run: 1, Failures: 0, Errors: 0, Skipped: 0, Time elapsed: 0.143 s - in hudson.remoting.URLDeserializatinHelperTest
[INFO] Running hudson.remoting.DummyClassLoaderTest
[INFO] Tests run: 1, Failures: 0, Errors: 0, Skipped: 0, Time elapsed: 0.005 s - in hudson.remoting.DummyClassLoaderTest
[INFO] Running hudson.remoting.ProxyWriterTest
[INFO] Tests run: 18, Failures: 0, Errors: 0, Skipped: 0, Time elapsed: 12.088 s - in hudson.remoting.ProxyWriterTest
[INFO] Running hudson.remoting.RemoteInvocationHandlerTest
[INFO] Tests run: 4, Failures: 0, Errors: 0, Skipped: 0, Time elapsed: 0.032 s - in hudson.remoting.RemoteInvocationHandlerTest
[INFO] Running org.jenkinsci.remoting.engine.WorkDirManagerTest
[INFO] Tests run: 18, Failures: 0, Errors: 0, Skipped: 0, Time elapsed: 0.028 s - in org.jenkinsci.remoting.engine.WorkDirManagerTest
[INFO] Running org.jenkinsci.remoting.engine.JnlpProtocolHandlerTest
[INFO] Tests run: 7, Failures: 0, Errors: 0, Skipped: 0, Time elapsed: 2.529 s - in org.jenkinsci.remoting.engine.JnlpProtocolHandlerTest
[INFO] Running org.jenkinsci.remoting.engine.HostPortTest
[INFO] Tests run: 19, Failures: 0, Errors: 0, Skipped: 0, Time elapsed: 0.001 s - in org.jenkinsci.remoting.engine.HostPortTest
[INFO] Running org.jenkinsci.remoting.org.apache.commons.net.util.SubnetUtilsTest
[INFO] Tests run: 11, Failures: 0, Errors: 0, Skipped: 0, Time elapsed: 0.001 s - in org.jenkinsci.remoting.org.apache.commons.net.util.SubnetUtilsTest
[INFO] Running org.jenkinsci.remoting.org.apache.commons.validator.routines.InetAddressValidatorTest
[INFO] Tests run: 6, Failures: 0, Errors: 0, Skipped: 0, Time elapsed: 0.004 s - in org.jenkinsci.remoting.org.apache.commons.validator.routines.InetAddressValidatorTest
[INFO] Running org.jenkinsci.remoting.org.apache.commons.validator.routines.RegexValidatorTest
[INFO] Tests run: 7, Failures: 0, Errors: 0, Skipped: 0, Time elapsed: 0 s - in org.jenkinsci.remoting.org.apache.commons.validator.routines.RegexValidatorTest
[INFO] Running org.jenkinsci.remoting.protocol.IOHubTest
[INFO] Tests run: 6, Failures: 0, Errors: 0, Skipped: 0, Time elapsed: 0.239 s - in org.jenkinsci.remoting.protocol.IOHubTest
[INFO] Running org.jenkinsci.remoting.protocol.ProtocolStackTest
[INFO] Tests run: 3, Failures: 0, Errors: 0, Skipped: 0, Time elapsed: 0.028 s - in org.jenkinsci.remoting.protocol.ProtocolStackTest
[INFO] Running org.jenkinsci.remoting.protocol.cert.PublicKeyMatchingX509ExtendedTrustManagerTest
[INFO] Tests run: 31, Failures: 0, Errors: 0, Skipped: 0, Time elapsed: 0.173 s - in org.jenkinsci.remoting.protocol.cert.PublicKeyMatchingX509ExtendedTrustManagerTest
[INFO] Running org.jenkinsci.remoting.protocol.cert.BlindTrustX509ExtendedTrustManagerTest
[INFO] Tests run: 25, Failures: 0, Errors: 0, Skipped: 0, Time elapsed: 0.135 s - in org.jenkinsci.remoting.protocol.cert.BlindTrustX509ExtendedTrustManagerTest
[INFO] Running org.jenkinsci.remoting.protocol.cert.ValidityCheckingX509ExtendedTrustManagerTest
[INFO] Tests run: 31, Failures: 0, Errors: 0, Skipped: 0, Time elapsed: 0.097 s - in org.jenkinsci.remoting.protocol.cert.ValidityCheckingX509ExtendedTrustManagerTest
[INFO] Running org.jenkinsci.remoting.protocol.impl.ConnectionHeadersTest
[INFO] Tests run: 28, Failures: 0, Errors: 0, Skipped: 0, Time elapsed: 0.002 s - in org.jenkinsci.remoting.protocol.impl.ConnectionHeadersTest
[INFO] Running org.jenkinsci.remoting.protocol.impl.SSLEngineFilterLayerTest
[INFO] Tests run: 21, Failures: 0, Errors: 0, Skipped: 0, Time elapsed: 6.709 s - in org.jenkinsci.remoting.protocol.impl.SSLEngineFilterLayerTest
[INFO] Running org.jenkinsci.remoting.protocol.impl.NetworkLayerTest
[INFO] Tests run: 1, Failures: 0, Errors: 0, Skipped: 0, Time elapsed: 0.004 s - in org.jenkinsci.remoting.protocol.impl.NetworkLayerTest
[INFO] Running org.jenkinsci.remoting.protocol.impl.ConnectionHeadersFilterLayerTest
[INFO] Tests run: 9, Failures: 0, Errors: 0, Skipped: 0, Time elapsed: 0.095 s - in org.jenkinsci.remoting.protocol.impl.ConnectionHeadersFilterLayerTest
[INFO] Running org.jenkinsci.remoting.protocol.impl.AckFilterLayerTest
[INFO] Tests run: 4, Failures: 0, Errors: 0, Skipped: 0, Time elapsed: 0.408 s - in org.jenkinsci.remoting.protocol.impl.AckFilterLayerTest
[INFO] Running org.jenkinsci.remoting.protocol.ProtocolStackImplTest
[INFO] Tests run: 23, Failures: 0, Errors: 0, Skipped: 0, Time elapsed: 7.278 s - in org.jenkinsci.remoting.protocol.ProtocolStackImplTest
[INFO] Running org.jenkinsci.remoting.util.SettableFutureTest
[INFO] Tests run: 9, Failures: 0, Errors: 0, Skipped: 0, Time elapsed: 0.007 s - in org.jenkinsci.remoting.util.SettableFutureTest
[INFO] Running org.jenkinsci.remoting.util.ByteBufferQueueOutputStreamTest
[INFO] Tests run: 3, Failures: 0, Errors: 0, Skipped: 0, Time elapsed: 0 s - in org.jenkinsci.remoting.util.ByteBufferQueueOutputStreamTest
[INFO] Running org.jenkinsci.remoting.util.FastByteBufferQueueInputStreamTest
[INFO] Tests run: 7, Failures: 0, Errors: 0, Skipped: 0, Time elapsed: 0.001 s - in org.jenkinsci.remoting.util.FastByteBufferQueueInputStreamTest
[INFO] Running org.jenkinsci.remoting.util.ByteBufferQueueInputStreamTest
[INFO] Tests run: 7, Failures: 0, Errors: 0, Skipped: 0, Time elapsed: 0.001 s - in org.jenkinsci.remoting.util.ByteBufferQueueInputStreamTest
[INFO] Running org.jenkinsci.remoting.util.VersionNumberTest
[INFO] Tests run: 6, Failures: 0, Errors: 0, Skipped: 0, Time elapsed: 0.004 s - in org.jenkinsci.remoting.util.VersionNumberTest
[INFO] Running org.jenkinsci.remoting.util.ByteBufferQueueTest
[INFO] Tests run: 23, Failures: 0, Errors: 0, Skipped: 0, Time elapsed: 0.014 s - in org.jenkinsci.remoting.util.ByteBufferQueueTest
[INFO] Running org.jenkinsci.remoting.nio.FifoBufferTest
[INFO] Tests run: 5, Failures: 0, Errors: 0, Skipped: 0, Time elapsed: 0.001 s - in org.jenkinsci.remoting.nio.FifoBufferTest
[INFO] 
[INFO] Results:
[INFO] 
[WARNING] Tests run: 563, Failures: 0, Errors: 0, Skipped: 1
[INFO] 
[INFO] ------------------------------------------------------------------------
[INFO] BUILD SUCCESS
[INFO] ------------------------------------------------------------------------
[INFO] Total time:  02:48 min
[INFO] Finished at: 2024-05-02T17:12:35+01:00
[INFO] ------------------------------------------------------------------------
[INFO] Scanning for projects...
[WARNING] 
[WARNING] Some problems were encountered while building the effective model for org.jenkins-ci.main:remoting:jar:4.7-SNAPSHOT
[WARNING] 'build.plugins.plugin.version' for org.apache.maven.plugins:maven-jarsigner-plugin is missing. @ org.jenkins-ci.main:remoting:${revision}${changelist}, /home/alex/Repositories/remoting/pom.xml, line 302, column 15
[WARNING] 
[WARNING] It is highly recommended to fix these problems because they threaten the stability of your build.
[WARNING] 
[WARNING] For this reason, future Maven versions might no longer support building such malformed projects.
[WARNING] 
[INFO] 
[INFO] --------------------< org.jenkins-ci.main:remoting >--------------------
[INFO] Building Jenkins remoting layer 4.7-SNAPSHOT
[INFO] --------------------------------[ jar ]---------------------------------
[INFO] 
[INFO] --- build-helper-maven-plugin:3.2.0:timestamp-property (timestamp-property) @ remoting ---
[INFO] 
[INFO] --- build-helper-maven-plugin:3.2.0:regex-property (user.name) @ remoting ---
[INFO] No match to regex '([$\\])' found in 'alex'. The initial value 'alex' is left as-is...
[INFO] 
[INFO] --- build-helper-maven-plugin:3.2.0:regex-property (version-property) @ remoting ---
[INFO] 
[INFO] --- maven-enforcer-plugin:3.0.0-M3:display-info (display-info) @ remoting ---
[INFO] Maven Version: 3.6.3
[INFO] JDK Version: 1.8.0_402 normalized as: 1.8.0-402
[INFO] OS Info: Arch: amd64 Family: unix Name: linux Version: 6.5.0-28-generic
[INFO] 
[INFO] --- maven-enforcer-plugin:3.0.0-M3:enforce (display-info) @ remoting ---
[INFO] Adding ignore: module-info
[INFO] 
[INFO] --- build-helper-maven-plugin:3.2.0:add-source (add-source) @ remoting ---
[INFO] Source directory: /home/alex/Repositories/remoting/target/generated-sources/localizer added.
[INFO] 
[INFO] --- maven-resources-plugin:3.2.0:resources (default-resources) @ remoting ---
[INFO] Using 'UTF-8' encoding to copy filtered resources.
[INFO] Using 'UTF-8' encoding to copy filtered properties files.
[INFO] Copying 2 resources
[INFO] Copying 1 resource
[INFO] Copying 1 resource
[INFO] The encoding used to copy filtered properties files have not been set. This means that the same encoding will be used to copy filtered properties files as when copying other filtered resources. This might not be what you want! Run your build with --debug to see which files might be affected. Read more at https://maven.apache.org/plugins/maven-resources-plugin/examples/filtering-properties-files.html
[INFO] 
[INFO] --- flatten-maven-plugin:1.2.5:flatten (flatten) @ remoting ---
[INFO] Generating flattened POM of project org.jenkins-ci.main:remoting:jar:4.7-SNAPSHOT...
[INFO] 
[INFO] --- maven-compiler-plugin:3.8.1:compile (default-compile) @ remoting ---
[INFO] Changes detected - recompiling the module!
[INFO] Compiling 185 source files to /home/alex/Repositories/remoting/target/classes
[INFO] /home/alex/Repositories/remoting/src/main/java/hudson/remoting/jnlp/MainDialog.java: Some input files use or override a deprecated API.
[INFO] /home/alex/Repositories/remoting/src/main/java/hudson/remoting/jnlp/MainDialog.java: Recompile with -Xlint:deprecation for details.
[INFO] /home/alex/Repositories/remoting/src/main/java/hudson/remoting/Request.java: Some input files use unchecked or unsafe operations.
[INFO] /home/alex/Repositories/remoting/src/main/java/hudson/remoting/Request.java: Recompile with -Xlint:unchecked for details.
[INFO] 
[INFO] --- maven-resources-plugin:3.2.0:testResources (default-testResources) @ remoting ---
[INFO] Using 'UTF-8' encoding to copy filtered resources.
[INFO] Using 'UTF-8' encoding to copy filtered properties files.
[INFO] Copying 6 resources
[INFO] 
[INFO] --- maven-compiler-plugin:3.8.1:testCompile (default-testCompile) @ remoting ---
[INFO] Changes detected - recompiling the module!
[INFO] Compiling 110 source files to /home/alex/Repositories/remoting/target/test-classes
[INFO] /home/alex/Repositories/remoting/src/test/java/org/jenkinsci/remoting/protocol/impl/AckFilterLayerTest.java: Some input files use or override a deprecated API.
[INFO] /home/alex/Repositories/remoting/src/test/java/org/jenkinsci/remoting/protocol/impl/AckFilterLayerTest.java: Recompile with -Xlint:deprecation for details.
[INFO] /home/alex/Repositories/remoting/src/test/java/org/jenkinsci/remoting/protocol/ProtocolStackTest.java: Some input files use unchecked or unsafe operations.
[INFO] /home/alex/Repositories/remoting/src/test/java/org/jenkinsci/remoting/protocol/ProtocolStackTest.java: Recompile with -Xlint:unchecked for details.
[INFO] 
[INFO] --- animal-sniffer-maven-plugin:1.19:check (check) @ remoting ---
[INFO] Resolved signature org.codehaus.mojo.signature:java18 version as 1.0 from dependencyManagement
[INFO] Checking unresolved references to org.codehaus.mojo.signature:java18:1.0
[INFO] 
[INFO] --- maven-dependency-plugin:3.1.2:copy (resgen) @ remoting ---
[INFO] Configured Artifact: org.jenkins-ci:remoting-test-client:1.0:jar
[INFO] Configured Artifact: org.jenkins-ci:remoting-test-client:tests:1.0:jar
[INFO] org.jenkins-ci:remoting-test-client:1.0:jar already exists in /home/alex/Repositories/remoting/target/test-classes
[INFO] org.jenkins-ci:remoting-test-client:tests:1.0:jar already exists in /home/alex/Repositories/remoting/target/test-classes
[INFO] 
[INFO] --- maven-surefire-plugin:3.0.0-M5:test (default-test) @ remoting ---
[INFO] 
[INFO] -------------------------------------------------------
[INFO]  T E S T S
[INFO] -------------------------------------------------------
[INFO] Running hudson.remoting.PipeTest
[INFO] Tests run: 36, Failures: 0, Errors: 0, Skipped: 0, Time elapsed: 36.81 s - in hudson.remoting.PipeTest
[INFO] Running hudson.remoting.FileSystemJarCacheTest
[INFO] Tests run: 6, Failures: 0, Errors: 0, Skipped: 0, Time elapsed: 0.228 s - in hudson.remoting.FileSystemJarCacheTest
[INFO] Running hudson.remoting.SingleLaneExecutorServiceTest
[INFO] Tests run: 2, Failures: 0, Errors: 0, Skipped: 0, Time elapsed: 3.871 s - in hudson.remoting.SingleLaneExecutorServiceTest
[INFO] Running hudson.remoting.ClassFilterTest
[INFO] Tests run: 6, Failures: 0, Errors: 0, Skipped: 0, Time elapsed: 1.253 s - in hudson.remoting.ClassFilterTest
[INFO] Running hudson.remoting.RemoteInputStreamTest
[INFO] Tests run: 24, Failures: 0, Errors: 0, Skipped: 0, Time elapsed: 11.605 s - in hudson.remoting.RemoteInputStreamTest
[INFO] Running hudson.remoting.PrefetchingTest
[INFO] Tests run: 7, Failures: 0, Errors: 0, Skipped: 0, Time elapsed: 0.375 s - in hudson.remoting.PrefetchingTest
[INFO] Running hudson.remoting.FlightRecorderInputStreamTest
[INFO] Tests run: 2, Failures: 0, Errors: 0, Skipped: 0, Time elapsed: 0.053 s - in hudson.remoting.FlightRecorderInputStreamTest
[INFO] Running hudson.remoting.NonSerializableExceptionTest
[INFO] Tests run: 1, Failures: 0, Errors: 0, Skipped: 0, Time elapsed: 0.013 s - in hudson.remoting.NonSerializableExceptionTest
[INFO] Running hudson.remoting.LauncherTest
[INFO] Tests run: 5, Failures: 0, Errors: 0, Skipped: 0, Time elapsed: 0.049 s - in hudson.remoting.LauncherTest
[INFO] Running hudson.remoting.DiagnosedStreamCorruptionExceptionTest
[INFO] Tests run: 2, Failures: 0, Errors: 0, Skipped: 0, Time elapsed: 1.004 s - in hudson.remoting.DiagnosedStreamCorruptionExceptionTest
[INFO] Running hudson.remoting.ChecksumTest
[INFO] Tests run: 1, Failures: 0, Errors: 0, Skipped: 0, Time elapsed: 0.005 s - in hudson.remoting.ChecksumTest
[INFO] Running hudson.remoting.ChannelFilterTest
[INFO] Tests run: 2, Failures: 0, Errors: 0, Skipped: 0, Time elapsed: 0.026 s - in hudson.remoting.ChannelFilterTest
[INFO] Running hudson.remoting.NoProxyEvaluatorTest
[INFO] Tests run: 30, Failures: 0, Errors: 0, Skipped: 0, Time elapsed: 0.014 s - in hudson.remoting.NoProxyEvaluatorTest
[INFO] Running hudson.remoting.ExportTableTest
[INFO] Tests run: 1, Failures: 0, Errors: 0, Skipped: 0, Time elapsed: 0.003 s - in hudson.remoting.ExportTableTest
[INFO] Running hudson.remoting.PrefetchTest
[WARNING] Tests run: 1, Failures: 0, Errors: 0, Skipped: 1, Time elapsed: 0.001 s - in hudson.remoting.PrefetchTest
[INFO] Running hudson.remoting.DefaultClassFilterTest
[INFO] Tests run: 4, Failures: 0, Errors: 0, Skipped: 0, Time elapsed: 10.52 s - in hudson.remoting.DefaultClassFilterTest
[INFO] Running hudson.remoting.SimpleTest
[INFO] Tests run: 36, Failures: 0, Errors: 0, Skipped: 0, Time elapsed: 15.018 s - in hudson.remoting.SimpleTest
[INFO] Running hudson.remoting.ClassRemotingTest
[INFO] Tests run: 30, Failures: 0, Errors: 0, Skipped: 0, Time elapsed: 22.279 s - in hudson.remoting.ClassRemotingTest
[INFO] Running hudson.remoting.PipeWriterTest
[INFO] Tests run: 6, Failures: 0, Errors: 0, Skipped: 0, Time elapsed: 18.046 s - in hudson.remoting.PipeWriterTest
[INFO] Running hudson.remoting.HexDumpTest
[INFO] Tests run: 2, Failures: 0, Errors: 0, Skipped: 0, Time elapsed: 0 s - in hudson.remoting.HexDumpTest
[INFO] Running hudson.remoting.ChannelTest
[INFO] Tests run: 11, Failures: 0, Errors: 0, Skipped: 0, Time elapsed: 69.469 s - in hudson.remoting.ChannelTest
[INFO] Running hudson.remoting.DeadRemoteOutputStreamTest
[INFO] Tests run: 1, Failures: 0, Errors: 0, Skipped: 0, Time elapsed: 1.138 s - in hudson.remoting.DeadRemoteOutputStreamTest
[INFO] Running hudson.remoting.BinarySafeStreamTest
[INFO] Tests run: 5, Failures: 0, Errors: 0, Skipped: 0, Time elapsed: 0.417 s - in hudson.remoting.BinarySafeStreamTest
[INFO] Running hudson.remoting.EngineTest
[INFO] Tests run: 5, Failures: 0, Errors: 0, Skipped: 0, Time elapsed: 0.036 s - in hudson.remoting.EngineTest
[INFO] Running hudson.remoting.UtilTest
[INFO] Tests run: 1, Failures: 0, Errors: 0, Skipped: 0, Time elapsed: 0.001 s - in hudson.remoting.UtilTest
[INFO] Running hudson.remoting.ChunkedInputStreamTest
[INFO] Tests run: 2, Failures: 0, Errors: 0, Skipped: 0, Time elapsed: 1.134 s - in hudson.remoting.ChunkedInputStreamTest
[INFO] Running hudson.remoting.URLDeserializatinHelperTest
[INFO] Tests run: 1, Failures: 0, Errors: 0, Skipped: 0, Time elapsed: 0.18 s - in hudson.remoting.URLDeserializatinHelperTest
[INFO] Running hudson.remoting.DummyClassLoaderTest
[INFO] Tests run: 1, Failures: 0, Errors: 0, Skipped: 0, Time elapsed: 0.006 s - in hudson.remoting.DummyClassLoaderTest
[INFO] Running hudson.remoting.ProxyWriterTest
[INFO] Tests run: 18, Failures: 0, Errors: 0, Skipped: 0, Time elapsed: 13.006 s - in hudson.remoting.ProxyWriterTest
[INFO] Running hudson.remoting.RemoteInvocationHandlerTest
[INFO] Tests run: 4, Failures: 0, Errors: 0, Skipped: 0, Time elapsed: 0.031 s - in hudson.remoting.RemoteInvocationHandlerTest
[INFO] Running org.jenkinsci.remoting.engine.WorkDirManagerTest
[INFO] Tests run: 18, Failures: 0, Errors: 0, Skipped: 0, Time elapsed: 0.027 s - in org.jenkinsci.remoting.engine.WorkDirManagerTest
[INFO] Running org.jenkinsci.remoting.engine.JnlpProtocolHandlerTest
[INFO] Tests run: 7, Failures: 0, Errors: 0, Skipped: 0, Time elapsed: 2.443 s - in org.jenkinsci.remoting.engine.JnlpProtocolHandlerTest
[INFO] Running org.jenkinsci.remoting.engine.HostPortTest
[INFO] Tests run: 19, Failures: 0, Errors: 0, Skipped: 0, Time elapsed: 0.003 s - in org.jenkinsci.remoting.engine.HostPortTest
[INFO] Running org.jenkinsci.remoting.org.apache.commons.net.util.SubnetUtilsTest
[INFO] Tests run: 11, Failures: 0, Errors: 0, Skipped: 0, Time elapsed: 0.001 s - in org.jenkinsci.remoting.org.apache.commons.net.util.SubnetUtilsTest
[INFO] Running org.jenkinsci.remoting.org.apache.commons.validator.routines.InetAddressValidatorTest
[INFO] Tests run: 6, Failures: 0, Errors: 0, Skipped: 0, Time elapsed: 0.004 s - in org.jenkinsci.remoting.org.apache.commons.validator.routines.InetAddressValidatorTest
[INFO] Running org.jenkinsci.remoting.org.apache.commons.validator.routines.RegexValidatorTest
[INFO] Tests run: 7, Failures: 0, Errors: 0, Skipped: 0, Time elapsed: 0.001 s - in org.jenkinsci.remoting.org.apache.commons.validator.routines.RegexValidatorTest
[INFO] Running org.jenkinsci.remoting.protocol.IOHubTest
[INFO] Tests run: 6, Failures: 0, Errors: 0, Skipped: 0, Time elapsed: 0.241 s - in org.jenkinsci.remoting.protocol.IOHubTest
[INFO] Running org.jenkinsci.remoting.protocol.ProtocolStackTest
[INFO] Tests run: 3, Failures: 0, Errors: 0, Skipped: 0, Time elapsed: 0.019 s - in org.jenkinsci.remoting.protocol.ProtocolStackTest
[INFO] Running org.jenkinsci.remoting.protocol.cert.PublicKeyMatchingX509ExtendedTrustManagerTest
[INFO] Tests run: 31, Failures: 0, Errors: 0, Skipped: 0, Time elapsed: 0.241 s - in org.jenkinsci.remoting.protocol.cert.PublicKeyMatchingX509ExtendedTrustManagerTest
[INFO] Running org.jenkinsci.remoting.protocol.cert.BlindTrustX509ExtendedTrustManagerTest
[INFO] Tests run: 25, Failures: 0, Errors: 0, Skipped: 0, Time elapsed: 0.081 s - in org.jenkinsci.remoting.protocol.cert.BlindTrustX509ExtendedTrustManagerTest
[INFO] Running org.jenkinsci.remoting.protocol.cert.ValidityCheckingX509ExtendedTrustManagerTest
[INFO] Tests run: 31, Failures: 0, Errors: 0, Skipped: 0, Time elapsed: 0.14 s - in org.jenkinsci.remoting.protocol.cert.ValidityCheckingX509ExtendedTrustManagerTest
[INFO] Running org.jenkinsci.remoting.protocol.impl.ConnectionHeadersTest
[INFO] Tests run: 28, Failures: 0, Errors: 0, Skipped: 0, Time elapsed: 0.003 s - in org.jenkinsci.remoting.protocol.impl.ConnectionHeadersTest
[INFO] Running org.jenkinsci.remoting.protocol.impl.SSLEngineFilterLayerTest
[INFO] Tests run: 21, Failures: 0, Errors: 0, Skipped: 0, Time elapsed: 6.445 s - in org.jenkinsci.remoting.protocol.impl.SSLEngineFilterLayerTest
[INFO] Running org.jenkinsci.remoting.protocol.impl.NetworkLayerTest
[INFO] Tests run: 1, Failures: 0, Errors: 0, Skipped: 0, Time elapsed: 0.01 s - in org.jenkinsci.remoting.protocol.impl.NetworkLayerTest
[INFO] Running org.jenkinsci.remoting.protocol.impl.ConnectionHeadersFilterLayerTest
[INFO] Tests run: 9, Failures: 0, Errors: 0, Skipped: 0, Time elapsed: 0.117 s - in org.jenkinsci.remoting.protocol.impl.ConnectionHeadersFilterLayerTest
[INFO] Running org.jenkinsci.remoting.protocol.impl.AckFilterLayerTest
[INFO] Tests run: 4, Failures: 0, Errors: 0, Skipped: 0, Time elapsed: 0.495 s - in org.jenkinsci.remoting.protocol.impl.AckFilterLayerTest
[INFO] Running org.jenkinsci.remoting.protocol.ProtocolStackImplTest
[INFO] Tests run: 23, Failures: 0, Errors: 0, Skipped: 0, Time elapsed: 7.259 s - in org.jenkinsci.remoting.protocol.ProtocolStackImplTest
[INFO] Running org.jenkinsci.remoting.util.SettableFutureTest
[INFO] Tests run: 9, Failures: 0, Errors: 0, Skipped: 0, Time elapsed: 0.007 s - in org.jenkinsci.remoting.util.SettableFutureTest
[INFO] Running org.jenkinsci.remoting.util.ByteBufferQueueOutputStreamTest
[INFO] Tests run: 3, Failures: 0, Errors: 0, Skipped: 0, Time elapsed: 0.001 s - in org.jenkinsci.remoting.util.ByteBufferQueueOutputStreamTest
[INFO] Running org.jenkinsci.remoting.util.FastByteBufferQueueInputStreamTest
[INFO] Tests run: 7, Failures: 0, Errors: 0, Skipped: 0, Time elapsed: 0.001 s - in org.jenkinsci.remoting.util.FastByteBufferQueueInputStreamTest
[INFO] Running org.jenkinsci.remoting.util.ByteBufferQueueInputStreamTest
[INFO] Tests run: 7, Failures: 0, Errors: 0, Skipped: 0, Time elapsed: 0 s - in org.jenkinsci.remoting.util.ByteBufferQueueInputStreamTest
[INFO] Running org.jenkinsci.remoting.util.VersionNumberTest
[INFO] Tests run: 6, Failures: 0, Errors: 0, Skipped: 0, Time elapsed: 0.004 s - in org.jenkinsci.remoting.util.VersionNumberTest
[INFO] Running org.jenkinsci.remoting.util.ByteBufferQueueTest
[INFO] Tests run: 23, Failures: 0, Errors: 0, Skipped: 0, Time elapsed: 0.011 s - in org.jenkinsci.remoting.util.ByteBufferQueueTest
[INFO] Running org.jenkinsci.remoting.nio.FifoBufferTest
[INFO] Tests run: 5, Failures: 0, Errors: 0, Skipped: 0, Time elapsed: 0 s - in org.jenkinsci.remoting.nio.FifoBufferTest
[INFO] 
[INFO] Results:
[INFO] 
[WARNING] Tests run: 563, Failures: 0, Errors: 0, Skipped: 1
[INFO] 
[INFO] ------------------------------------------------------------------------
[INFO] BUILD SUCCESS
[INFO] ------------------------------------------------------------------------
[INFO] Total time:  03:54 min
[INFO] Finished at: 2024-05-02T17:16:34+01:00
[INFO] ------------------------------------------------------------------------
[INFO] Scanning for projects...
[WARNING] 
[WARNING] Some problems were encountered while building the effective model for org.jenkins-ci.main:remoting:jar:4.7-SNAPSHOT
[WARNING] 'build.plugins.plugin.version' for org.apache.maven.plugins:maven-jarsigner-plugin is missing. @ org.jenkins-ci.main:remoting:${revision}${changelist}, /home/alex/Repositories/remoting/pom.xml, line 302, column 15
[WARNING] 
[WARNING] It is highly recommended to fix these problems because they threaten the stability of your build.
[WARNING] 
[WARNING] For this reason, future Maven versions might no longer support building such malformed projects.
[WARNING] 
[INFO] 
[INFO] --------------------< org.jenkins-ci.main:remoting >--------------------
[INFO] Building Jenkins remoting layer 4.7-SNAPSHOT
[INFO] --------------------------------[ jar ]---------------------------------
[INFO] 
[INFO] --- build-helper-maven-plugin:3.2.0:timestamp-property (timestamp-property) @ remoting ---
[INFO] 
[INFO] --- build-helper-maven-plugin:3.2.0:regex-property (user.name) @ remoting ---
[INFO] No match to regex '([$\\])' found in 'alex'. The initial value 'alex' is left as-is...
[INFO] 
[INFO] --- build-helper-maven-plugin:3.2.0:regex-property (version-property) @ remoting ---
[INFO] 
[INFO] --- maven-enforcer-plugin:3.0.0-M3:display-info (display-info) @ remoting ---
[INFO] Maven Version: 3.6.3
[INFO] JDK Version: 1.8.0_402 normalized as: 1.8.0-402
[INFO] OS Info: Arch: amd64 Family: unix Name: linux Version: 6.5.0-28-generic
[INFO] 
[INFO] --- maven-enforcer-plugin:3.0.0-M3:enforce (display-info) @ remoting ---
[INFO] Adding ignore: module-info
[INFO] 
[INFO] --- build-helper-maven-plugin:3.2.0:add-source (add-source) @ remoting ---
[INFO] Source directory: /home/alex/Repositories/remoting/target/generated-sources/localizer added.
[INFO] 
[INFO] --- maven-resources-plugin:3.2.0:resources (default-resources) @ remoting ---
[INFO] Using 'UTF-8' encoding to copy filtered resources.
[INFO] Using 'UTF-8' encoding to copy filtered properties files.
[INFO] Copying 2 resources
[INFO] Copying 1 resource
[INFO] Copying 1 resource
[INFO] The encoding used to copy filtered properties files have not been set. This means that the same encoding will be used to copy filtered properties files as when copying other filtered resources. This might not be what you want! Run your build with --debug to see which files might be affected. Read more at https://maven.apache.org/plugins/maven-resources-plugin/examples/filtering-properties-files.html
[INFO] 
[INFO] --- flatten-maven-plugin:1.2.5:flatten (flatten) @ remoting ---
[INFO] Generating flattened POM of project org.jenkins-ci.main:remoting:jar:4.7-SNAPSHOT...
[INFO] 
[INFO] --- maven-compiler-plugin:3.8.1:compile (default-compile) @ remoting ---
[INFO] Changes detected - recompiling the module!
[INFO] Compiling 185 source files to /home/alex/Repositories/remoting/target/classes
[INFO] /home/alex/Repositories/remoting/src/main/java/hudson/remoting/jnlp/MainDialog.java: Some input files use or override a deprecated API.
[INFO] /home/alex/Repositories/remoting/src/main/java/hudson/remoting/jnlp/MainDialog.java: Recompile with -Xlint:deprecation for details.
[INFO] /home/alex/Repositories/remoting/src/main/java/hudson/remoting/Request.java: Some input files use unchecked or unsafe operations.
[INFO] /home/alex/Repositories/remoting/src/main/java/hudson/remoting/Request.java: Recompile with -Xlint:unchecked for details.
[INFO] 
[INFO] --- maven-resources-plugin:3.2.0:testResources (default-testResources) @ remoting ---
[INFO] Using 'UTF-8' encoding to copy filtered resources.
[INFO] Using 'UTF-8' encoding to copy filtered properties files.
[INFO] Copying 6 resources
[INFO] 
[INFO] --- maven-compiler-plugin:3.8.1:testCompile (default-testCompile) @ remoting ---
[INFO] Changes detected - recompiling the module!
[INFO] Compiling 110 source files to /home/alex/Repositories/remoting/target/test-classes
[INFO] /home/alex/Repositories/remoting/src/test/java/org/jenkinsci/remoting/protocol/impl/AckFilterLayerTest.java: Some input files use or override a deprecated API.
[INFO] /home/alex/Repositories/remoting/src/test/java/org/jenkinsci/remoting/protocol/impl/AckFilterLayerTest.java: Recompile with -Xlint:deprecation for details.
[INFO] /home/alex/Repositories/remoting/src/test/java/org/jenkinsci/remoting/protocol/ProtocolStackTest.java: Some input files use unchecked or unsafe operations.
[INFO] /home/alex/Repositories/remoting/src/test/java/org/jenkinsci/remoting/protocol/ProtocolStackTest.java: Recompile with -Xlint:unchecked for details.
[INFO] 
[INFO] --- animal-sniffer-maven-plugin:1.19:check (check) @ remoting ---
[INFO] Resolved signature org.codehaus.mojo.signature:java18 version as 1.0 from dependencyManagement
[INFO] Checking unresolved references to org.codehaus.mojo.signature:java18:1.0
[INFO] 
[INFO] --- maven-dependency-plugin:3.1.2:copy (resgen) @ remoting ---
[INFO] Configured Artifact: org.jenkins-ci:remoting-test-client:1.0:jar
[INFO] Configured Artifact: org.jenkins-ci:remoting-test-client:tests:1.0:jar
[INFO] org.jenkins-ci:remoting-test-client:1.0:jar already exists in /home/alex/Repositories/remoting/target/test-classes
[INFO] org.jenkins-ci:remoting-test-client:tests:1.0:jar already exists in /home/alex/Repositories/remoting/target/test-classes
[INFO] 
[INFO] --- maven-surefire-plugin:3.0.0-M5:test (default-test) @ remoting ---
[INFO] 
[INFO] -------------------------------------------------------
[INFO]  T E S T S
[INFO] -------------------------------------------------------
[INFO] Running hudson.remoting.PipeTest
[INFO] Tests run: 36, Failures: 0, Errors: 0, Skipped: 0, Time elapsed: 34.32 s - in hudson.remoting.PipeTest
[INFO] Running hudson.remoting.FileSystemJarCacheTest
[INFO] Tests run: 6, Failures: 0, Errors: 0, Skipped: 0, Time elapsed: 0.188 s - in hudson.remoting.FileSystemJarCacheTest
[INFO] Running hudson.remoting.SingleLaneExecutorServiceTest
[INFO] Tests run: 2, Failures: 0, Errors: 0, Skipped: 0, Time elapsed: 3.892 s - in hudson.remoting.SingleLaneExecutorServiceTest
[INFO] Running hudson.remoting.ClassFilterTest
[INFO] Tests run: 6, Failures: 0, Errors: 0, Skipped: 0, Time elapsed: 1.182 s - in hudson.remoting.ClassFilterTest
[INFO] Running hudson.remoting.RemoteInputStreamTest
[INFO] Tests run: 24, Failures: 0, Errors: 0, Skipped: 0, Time elapsed: 10.394 s - in hudson.remoting.RemoteInputStreamTest
[INFO] Running hudson.remoting.PrefetchingTest
[INFO] Tests run: 7, Failures: 0, Errors: 0, Skipped: 0, Time elapsed: 0.321 s - in hudson.remoting.PrefetchingTest
[INFO] Running hudson.remoting.FlightRecorderInputStreamTest
[INFO] Tests run: 2, Failures: 0, Errors: 0, Skipped: 0, Time elapsed: 0.031 s - in hudson.remoting.FlightRecorderInputStreamTest
[INFO] Running hudson.remoting.NonSerializableExceptionTest
[INFO] Tests run: 1, Failures: 0, Errors: 0, Skipped: 0, Time elapsed: 0.008 s - in hudson.remoting.NonSerializableExceptionTest
[INFO] Running hudson.remoting.LauncherTest
[INFO] Tests run: 5, Failures: 0, Errors: 0, Skipped: 0, Time elapsed: 0.038 s - in hudson.remoting.LauncherTest
[INFO] Running hudson.remoting.DiagnosedStreamCorruptionExceptionTest
[INFO] Tests run: 2, Failures: 0, Errors: 0, Skipped: 0, Time elapsed: 1.003 s - in hudson.remoting.DiagnosedStreamCorruptionExceptionTest
[INFO] Running hudson.remoting.ChecksumTest
[INFO] Tests run: 1, Failures: 0, Errors: 0, Skipped: 0, Time elapsed: 0.004 s - in hudson.remoting.ChecksumTest
[INFO] Running hudson.remoting.ChannelFilterTest
[INFO] Tests run: 2, Failures: 0, Errors: 0, Skipped: 0, Time elapsed: 0.024 s - in hudson.remoting.ChannelFilterTest
[INFO] Running hudson.remoting.NoProxyEvaluatorTest
[INFO] Tests run: 30, Failures: 0, Errors: 0, Skipped: 0, Time elapsed: 0.014 s - in hudson.remoting.NoProxyEvaluatorTest
[INFO] Running hudson.remoting.ExportTableTest
[INFO] Tests run: 1, Failures: 0, Errors: 0, Skipped: 0, Time elapsed: 0.004 s - in hudson.remoting.ExportTableTest
[INFO] Running hudson.remoting.PrefetchTest
[WARNING] Tests run: 1, Failures: 0, Errors: 0, Skipped: 1, Time elapsed: 0.001 s - in hudson.remoting.PrefetchTest
[INFO] Running hudson.remoting.DefaultClassFilterTest
[INFO] Tests run: 4, Failures: 0, Errors: 0, Skipped: 0, Time elapsed: 8.893 s - in hudson.remoting.DefaultClassFilterTest
[INFO] Running hudson.remoting.SimpleTest
[INFO] Tests run: 36, Failures: 0, Errors: 0, Skipped: 0, Time elapsed: 14.049 s - in hudson.remoting.SimpleTest
[INFO] Running hudson.remoting.ClassRemotingTest
[INFO] Tests run: 30, Failures: 0, Errors: 0, Skipped: 0, Time elapsed: 21.771 s - in hudson.remoting.ClassRemotingTest
[INFO] Running hudson.remoting.PipeWriterTest
[INFO] Tests run: 6, Failures: 0, Errors: 0, Skipped: 0, Time elapsed: 18.045 s - in hudson.remoting.PipeWriterTest
[INFO] Running hudson.remoting.HexDumpTest
[INFO] Tests run: 2, Failures: 0, Errors: 0, Skipped: 0, Time elapsed: 0.001 s - in hudson.remoting.HexDumpTest
[INFO] Running hudson.remoting.ChannelTest
[INFO] Tests run: 11, Failures: 0, Errors: 0, Skipped: 0, Time elapsed: 35.652 s - in hudson.remoting.ChannelTest
[INFO] Running hudson.remoting.DeadRemoteOutputStreamTest
[INFO] Tests run: 1, Failures: 0, Errors: 0, Skipped: 0, Time elapsed: 1.567 s - in hudson.remoting.DeadRemoteOutputStreamTest
[INFO] Running hudson.remoting.BinarySafeStreamTest
[INFO] Tests run: 5, Failures: 0, Errors: 0, Skipped: 0, Time elapsed: 0.454 s - in hudson.remoting.BinarySafeStreamTest
[INFO] Running hudson.remoting.EngineTest
[INFO] Tests run: 5, Failures: 0, Errors: 0, Skipped: 0, Time elapsed: 0.267 s - in hudson.remoting.EngineTest
[INFO] Running hudson.remoting.UtilTest
[INFO] Tests run: 1, Failures: 0, Errors: 0, Skipped: 0, Time elapsed: 0.001 s - in hudson.remoting.UtilTest
[INFO] Running hudson.remoting.ChunkedInputStreamTest
[INFO] Tests run: 2, Failures: 0, Errors: 0, Skipped: 0, Time elapsed: 1.928 s - in hudson.remoting.ChunkedInputStreamTest
[INFO] Running hudson.remoting.URLDeserializatinHelperTest
[INFO] Tests run: 1, Failures: 0, Errors: 0, Skipped: 0, Time elapsed: 0.877 s - in hudson.remoting.URLDeserializatinHelperTest
[INFO] Running hudson.remoting.DummyClassLoaderTest
[INFO] Tests run: 1, Failures: 0, Errors: 0, Skipped: 0, Time elapsed: 0.007 s - in hudson.remoting.DummyClassLoaderTest
[INFO] Running hudson.remoting.ProxyWriterTest
[INFO] Tests run: 18, Failures: 0, Errors: 0, Skipped: 0, Time elapsed: 38.048 s - in hudson.remoting.ProxyWriterTest
[INFO] Running hudson.remoting.RemoteInvocationHandlerTest
[INFO] Tests run: 4, Failures: 0, Errors: 0, Skipped: 0, Time elapsed: 0.026 s - in hudson.remoting.RemoteInvocationHandlerTest
[INFO] Running org.jenkinsci.remoting.engine.WorkDirManagerTest
[INFO] Tests run: 18, Failures: 0, Errors: 0, Skipped: 0, Time elapsed: 0.03 s - in org.jenkinsci.remoting.engine.WorkDirManagerTest
[INFO] Running org.jenkinsci.remoting.engine.JnlpProtocolHandlerTest
[INFO] Tests run: 7, Failures: 0, Errors: 0, Skipped: 0, Time elapsed: 2.59 s - in org.jenkinsci.remoting.engine.JnlpProtocolHandlerTest
[INFO] Running org.jenkinsci.remoting.engine.HostPortTest
[INFO] Tests run: 19, Failures: 0, Errors: 0, Skipped: 0, Time elapsed: 0.003 s - in org.jenkinsci.remoting.engine.HostPortTest
[INFO] Running org.jenkinsci.remoting.org.apache.commons.net.util.SubnetUtilsTest
[INFO] Tests run: 11, Failures: 0, Errors: 0, Skipped: 0, Time elapsed: 0.002 s - in org.jenkinsci.remoting.org.apache.commons.net.util.SubnetUtilsTest
[INFO] Running org.jenkinsci.remoting.org.apache.commons.validator.routines.InetAddressValidatorTest
[INFO] Tests run: 6, Failures: 0, Errors: 0, Skipped: 0, Time elapsed: 0.004 s - in org.jenkinsci.remoting.org.apache.commons.validator.routines.InetAddressValidatorTest
[INFO] Running org.jenkinsci.remoting.org.apache.commons.validator.routines.RegexValidatorTest
[INFO] Tests run: 7, Failures: 0, Errors: 0, Skipped: 0, Time elapsed: 0.003 s - in org.jenkinsci.remoting.org.apache.commons.validator.routines.RegexValidatorTest
[INFO] Running org.jenkinsci.remoting.protocol.IOHubTest
[INFO] Tests run: 6, Failures: 0, Errors: 0, Skipped: 0, Time elapsed: 0.25 s - in org.jenkinsci.remoting.protocol.IOHubTest
[INFO] Running org.jenkinsci.remoting.protocol.ProtocolStackTest
[INFO] Tests run: 3, Failures: 0, Errors: 0, Skipped: 0, Time elapsed: 0.023 s - in org.jenkinsci.remoting.protocol.ProtocolStackTest
[INFO] Running org.jenkinsci.remoting.protocol.cert.PublicKeyMatchingX509ExtendedTrustManagerTest
[INFO] Tests run: 31, Failures: 0, Errors: 0, Skipped: 0, Time elapsed: 0.167 s - in org.jenkinsci.remoting.protocol.cert.PublicKeyMatchingX509ExtendedTrustManagerTest
[INFO] Running org.jenkinsci.remoting.protocol.cert.BlindTrustX509ExtendedTrustManagerTest
[INFO] Tests run: 25, Failures: 0, Errors: 0, Skipped: 0, Time elapsed: 0.239 s - in org.jenkinsci.remoting.protocol.cert.BlindTrustX509ExtendedTrustManagerTest
[INFO] Running org.jenkinsci.remoting.protocol.cert.ValidityCheckingX509ExtendedTrustManagerTest
[INFO] Tests run: 31, Failures: 0, Errors: 0, Skipped: 0, Time elapsed: 0.12 s - in org.jenkinsci.remoting.protocol.cert.ValidityCheckingX509ExtendedTrustManagerTest
[INFO] Running org.jenkinsci.remoting.protocol.impl.ConnectionHeadersTest
[INFO] Tests run: 28, Failures: 0, Errors: 0, Skipped: 0, Time elapsed: 0.002 s - in org.jenkinsci.remoting.protocol.impl.ConnectionHeadersTest
[INFO] Running org.jenkinsci.remoting.protocol.impl.SSLEngineFilterLayerTest
[INFO] Tests run: 21, Failures: 0, Errors: 0, Skipped: 0, Time elapsed: 14.937 s - in org.jenkinsci.remoting.protocol.impl.SSLEngineFilterLayerTest
[INFO] Running org.jenkinsci.remoting.protocol.impl.NetworkLayerTest
[INFO] Tests run: 1, Failures: 0, Errors: 0, Skipped: 0, Time elapsed: 0.005 s - in org.jenkinsci.remoting.protocol.impl.NetworkLayerTest
[INFO] Running org.jenkinsci.remoting.protocol.impl.ConnectionHeadersFilterLayerTest
[INFO] Tests run: 9, Failures: 0, Errors: 0, Skipped: 0, Time elapsed: 0.101 s - in org.jenkinsci.remoting.protocol.impl.ConnectionHeadersFilterLayerTest
[INFO] Running org.jenkinsci.remoting.protocol.impl.AckFilterLayerTest
[INFO] Tests run: 4, Failures: 0, Errors: 0, Skipped: 0, Time elapsed: 0.456 s - in org.jenkinsci.remoting.protocol.impl.AckFilterLayerTest
[INFO] Running org.jenkinsci.remoting.protocol.ProtocolStackImplTest
[ERROR] Tests run: 24, Failures: 0, Errors: 1, Skipped: 0, Time elapsed: 75.528 s <<< FAILURE! - in org.jenkinsci.remoting.protocol.ProtocolStackImplTest
[ERROR] org.jenkinsci.remoting.protocol.ProtocolStackImplTest.socketChannelFullProtocolBIO  Time elapsed: 60.46 s  <<< ERROR!
org.junit.runners.model.TestTimedOutException: test timed out after 60 seconds
	at java.lang.Object.wait(Native Method)
	at java.lang.Object.wait(Object.java:502)
	at org.jenkinsci.remoting.util.SettableFuture.get(SettableFuture.java:217)
	at org.jenkinsci.remoting.protocol.ProtocolStackImplTest.socketChannelFullProtocolBIO(ProtocolStackImplTest.java:511)
	at sun.reflect.NativeMethodAccessorImpl.invoke0(Native Method)
	at sun.reflect.NativeMethodAccessorImpl.invoke(NativeMethodAccessorImpl.java:62)
	at sun.reflect.DelegatingMethodAccessorImpl.invoke(DelegatingMethodAccessorImpl.java:43)
	at java.lang.reflect.Method.invoke(Method.java:498)
	at org.junit.runners.model.FrameworkMethod$1.runReflectiveCall(FrameworkMethod.java:59)
	at org.junit.internal.runners.model.ReflectiveCallable.run(ReflectiveCallable.java:12)
	at org.junit.runners.model.FrameworkMethod.invokeExplosively(FrameworkMethod.java:56)
	at org.junit.internal.runners.statements.InvokeMethod.evaluate(InvokeMethod.java:17)
	at org.junit.internal.runners.statements.FailOnTimeout$CallableStatement.call(FailOnTimeout.java:288)
	at org.junit.internal.runners.statements.FailOnTimeout$CallableStatement.call(FailOnTimeout.java:282)
	at java.util.concurrent.FutureTask.run(FutureTask.java:266)
	at java.lang.Thread.run(Thread.java:750)

[INFO] Running org.jenkinsci.remoting.util.SettableFutureTest
[INFO] Tests run: 9, Failures: 0, Errors: 0, Skipped: 0, Time elapsed: 0.001 s - in org.jenkinsci.remoting.util.SettableFutureTest
[INFO] Running org.jenkinsci.remoting.util.ByteBufferQueueOutputStreamTest
[INFO] Tests run: 3, Failures: 0, Errors: 0, Skipped: 0, Time elapsed: 0.001 s - in org.jenkinsci.remoting.util.ByteBufferQueueOutputStreamTest
[INFO] Running org.jenkinsci.remoting.util.FastByteBufferQueueInputStreamTest
[INFO] Tests run: 7, Failures: 0, Errors: 0, Skipped: 0, Time elapsed: 0 s - in org.jenkinsci.remoting.util.FastByteBufferQueueInputStreamTest
[INFO] Running org.jenkinsci.remoting.util.ByteBufferQueueInputStreamTest
[INFO] Tests run: 7, Failures: 0, Errors: 0, Skipped: 0, Time elapsed: 0 s - in org.jenkinsci.remoting.util.ByteBufferQueueInputStreamTest
[INFO] Running org.jenkinsci.remoting.util.VersionNumberTest
[INFO] Tests run: 6, Failures: 0, Errors: 0, Skipped: 0, Time elapsed: 0.031 s - in org.jenkinsci.remoting.util.VersionNumberTest
[INFO] Running org.jenkinsci.remoting.util.ByteBufferQueueTest
[INFO] Tests run: 23, Failures: 0, Errors: 0, Skipped: 0, Time elapsed: 0.019 s - in org.jenkinsci.remoting.util.ByteBufferQueueTest
[INFO] Running org.jenkinsci.remoting.nio.FifoBufferTest
[INFO] Tests run: 5, Failures: 0, Errors: 0, Skipped: 0, Time elapsed: 0.002 s - in org.jenkinsci.remoting.nio.FifoBufferTest
[INFO] 
[INFO] Results:
[INFO] 
[WARNING] Flakes: 
[WARNING] org.jenkinsci.remoting.protocol.ProtocolStackImplTest.socketChannelFullProtocolBIO
[ERROR]   Run 1: ProtocolStackImplTest.socketChannelFullProtocolBIO:511->Object.wait:502->Object.wait:-2 » TestTimedOut
[INFO]   Run 2: PASS
[INFO] 
[INFO] 
[WARNING] Tests run: 563, Failures: 0, Errors: 0, Skipped: 1, Flakes: 1
[INFO] 
[INFO] ------------------------------------------------------------------------
[INFO] BUILD SUCCESS
[INFO] ------------------------------------------------------------------------
[INFO] Total time:  04:57 min
[INFO] Finished at: 2024-05-02T17:21:36+01:00
[INFO] ------------------------------------------------------------------------
[INFO] Scanning for projects...
[WARNING] 
[WARNING] Some problems were encountered while building the effective model for org.jenkins-ci.main:remoting:jar:4.7-SNAPSHOT
[WARNING] 'build.plugins.plugin.version' for org.apache.maven.plugins:maven-jarsigner-plugin is missing. @ org.jenkins-ci.main:remoting:${revision}${changelist}, /home/alex/Repositories/remoting/pom.xml, line 302, column 15
[WARNING] 
[WARNING] It is highly recommended to fix these problems because they threaten the stability of your build.
[WARNING] 
[WARNING] For this reason, future Maven versions might no longer support building such malformed projects.
[WARNING] 
[INFO] 
[INFO] --------------------< org.jenkins-ci.main:remoting >--------------------
[INFO] Building Jenkins remoting layer 4.7-SNAPSHOT
[INFO] --------------------------------[ jar ]---------------------------------
[INFO] 
[INFO] --- build-helper-maven-plugin:3.2.0:timestamp-property (timestamp-property) @ remoting ---
[INFO] 
[INFO] --- build-helper-maven-plugin:3.2.0:regex-property (user.name) @ remoting ---
[INFO] No match to regex '([$\\])' found in 'alex'. The initial value 'alex' is left as-is...
[INFO] 
[INFO] --- build-helper-maven-plugin:3.2.0:regex-property (version-property) @ remoting ---
[INFO] 
[INFO] --- maven-enforcer-plugin:3.0.0-M3:display-info (display-info) @ remoting ---
[INFO] Maven Version: 3.6.3
[INFO] JDK Version: 1.8.0_402 normalized as: 1.8.0-402
[INFO] OS Info: Arch: amd64 Family: unix Name: linux Version: 6.5.0-28-generic
[INFO] 
[INFO] --- maven-enforcer-plugin:3.0.0-M3:enforce (display-info) @ remoting ---
[INFO] Adding ignore: module-info
[INFO] 
[INFO] --- build-helper-maven-plugin:3.2.0:add-source (add-source) @ remoting ---
[INFO] Source directory: /home/alex/Repositories/remoting/target/generated-sources/localizer added.
[INFO] 
[INFO] --- maven-resources-plugin:3.2.0:resources (default-resources) @ remoting ---
[INFO] Using 'UTF-8' encoding to copy filtered resources.
[INFO] Using 'UTF-8' encoding to copy filtered properties files.
[INFO] Copying 2 resources
[INFO] Copying 1 resource
[INFO] Copying 1 resource
[INFO] The encoding used to copy filtered properties files have not been set. This means that the same encoding will be used to copy filtered properties files as when copying other filtered resources. This might not be what you want! Run your build with --debug to see which files might be affected. Read more at https://maven.apache.org/plugins/maven-resources-plugin/examples/filtering-properties-files.html
[INFO] 
[INFO] --- flatten-maven-plugin:1.2.5:flatten (flatten) @ remoting ---
[INFO] Generating flattened POM of project org.jenkins-ci.main:remoting:jar:4.7-SNAPSHOT...
[INFO] 
[INFO] --- maven-compiler-plugin:3.8.1:compile (default-compile) @ remoting ---
[INFO] Changes detected - recompiling the module!
[INFO] Compiling 185 source files to /home/alex/Repositories/remoting/target/classes
[INFO] /home/alex/Repositories/remoting/src/main/java/hudson/remoting/jnlp/MainDialog.java: Some input files use or override a deprecated API.
[INFO] /home/alex/Repositories/remoting/src/main/java/hudson/remoting/jnlp/MainDialog.java: Recompile with -Xlint:deprecation for details.
[INFO] /home/alex/Repositories/remoting/src/main/java/hudson/remoting/Request.java: Some input files use unchecked or unsafe operations.
[INFO] /home/alex/Repositories/remoting/src/main/java/hudson/remoting/Request.java: Recompile with -Xlint:unchecked for details.
[INFO] 
[INFO] --- maven-resources-plugin:3.2.0:testResources (default-testResources) @ remoting ---
[INFO] Using 'UTF-8' encoding to copy filtered resources.
[INFO] Using 'UTF-8' encoding to copy filtered properties files.
[INFO] Copying 6 resources
[INFO] 
[INFO] --- maven-compiler-plugin:3.8.1:testCompile (default-testCompile) @ remoting ---
[INFO] Changes detected - recompiling the module!
[INFO] Compiling 110 source files to /home/alex/Repositories/remoting/target/test-classes
[INFO] /home/alex/Repositories/remoting/src/test/java/org/jenkinsci/remoting/protocol/impl/AckFilterLayerTest.java: Some input files use or override a deprecated API.
[INFO] /home/alex/Repositories/remoting/src/test/java/org/jenkinsci/remoting/protocol/impl/AckFilterLayerTest.java: Recompile with -Xlint:deprecation for details.
[INFO] /home/alex/Repositories/remoting/src/test/java/org/jenkinsci/remoting/protocol/ProtocolStackTest.java: Some input files use unchecked or unsafe operations.
[INFO] /home/alex/Repositories/remoting/src/test/java/org/jenkinsci/remoting/protocol/ProtocolStackTest.java: Recompile with -Xlint:unchecked for details.
[INFO] 
[INFO] --- animal-sniffer-maven-plugin:1.19:check (check) @ remoting ---
[INFO] Resolved signature org.codehaus.mojo.signature:java18 version as 1.0 from dependencyManagement
[INFO] Checking unresolved references to org.codehaus.mojo.signature:java18:1.0
[INFO] 
[INFO] --- maven-dependency-plugin:3.1.2:copy (resgen) @ remoting ---
[INFO] Configured Artifact: org.jenkins-ci:remoting-test-client:1.0:jar
[INFO] Configured Artifact: org.jenkins-ci:remoting-test-client:tests:1.0:jar
[INFO] org.jenkins-ci:remoting-test-client:1.0:jar already exists in /home/alex/Repositories/remoting/target/test-classes
[INFO] org.jenkins-ci:remoting-test-client:tests:1.0:jar already exists in /home/alex/Repositories/remoting/target/test-classes
[INFO] 
[INFO] --- maven-surefire-plugin:3.0.0-M5:test (default-test) @ remoting ---
[INFO] 
[INFO] -------------------------------------------------------
[INFO]  T E S T S
[INFO] -------------------------------------------------------
[INFO] Running hudson.remoting.PipeTest
[INFO] Tests run: 36, Failures: 0, Errors: 0, Skipped: 0, Time elapsed: 34.272 s - in hudson.remoting.PipeTest
[INFO] Running hudson.remoting.FileSystemJarCacheTest
[INFO] Tests run: 6, Failures: 0, Errors: 0, Skipped: 0, Time elapsed: 0.199 s - in hudson.remoting.FileSystemJarCacheTest
[INFO] Running hudson.remoting.SingleLaneExecutorServiceTest
[INFO] Tests run: 2, Failures: 0, Errors: 0, Skipped: 0, Time elapsed: 3.775 s - in hudson.remoting.SingleLaneExecutorServiceTest
[INFO] Running hudson.remoting.ClassFilterTest
[INFO] Tests run: 6, Failures: 0, Errors: 0, Skipped: 0, Time elapsed: 1.204 s - in hudson.remoting.ClassFilterTest
[INFO] Running hudson.remoting.RemoteInputStreamTest
[INFO] Tests run: 24, Failures: 0, Errors: 0, Skipped: 0, Time elapsed: 10.409 s - in hudson.remoting.RemoteInputStreamTest
[INFO] Running hudson.remoting.PrefetchingTest
[INFO] Tests run: 7, Failures: 0, Errors: 0, Skipped: 0, Time elapsed: 0.304 s - in hudson.remoting.PrefetchingTest
[INFO] Running hudson.remoting.FlightRecorderInputStreamTest
[INFO] Tests run: 2, Failures: 0, Errors: 0, Skipped: 0, Time elapsed: 0.04 s - in hudson.remoting.FlightRecorderInputStreamTest
[INFO] Running hudson.remoting.NonSerializableExceptionTest
[INFO] Tests run: 1, Failures: 0, Errors: 0, Skipped: 0, Time elapsed: 0.008 s - in hudson.remoting.NonSerializableExceptionTest
[INFO] Running hudson.remoting.LauncherTest
[INFO] Tests run: 5, Failures: 0, Errors: 0, Skipped: 0, Time elapsed: 0.045 s - in hudson.remoting.LauncherTest
[INFO] Running hudson.remoting.DiagnosedStreamCorruptionExceptionTest
[INFO] Tests run: 2, Failures: 0, Errors: 0, Skipped: 0, Time elapsed: 1.004 s - in hudson.remoting.DiagnosedStreamCorruptionExceptionTest
[INFO] Running hudson.remoting.ChecksumTest
[INFO] Tests run: 1, Failures: 0, Errors: 0, Skipped: 0, Time elapsed: 0.007 s - in hudson.remoting.ChecksumTest
[INFO] Running hudson.remoting.ChannelFilterTest
[INFO] Tests run: 2, Failures: 0, Errors: 0, Skipped: 0, Time elapsed: 0.029 s - in hudson.remoting.ChannelFilterTest
[INFO] Running hudson.remoting.NoProxyEvaluatorTest
[INFO] Tests run: 30, Failures: 0, Errors: 0, Skipped: 0, Time elapsed: 0.011 s - in hudson.remoting.NoProxyEvaluatorTest
[INFO] Running hudson.remoting.ExportTableTest
[INFO] Tests run: 1, Failures: 0, Errors: 0, Skipped: 0, Time elapsed: 0.005 s - in hudson.remoting.ExportTableTest
[INFO] Running hudson.remoting.PrefetchTest
[WARNING] Tests run: 1, Failures: 0, Errors: 0, Skipped: 1, Time elapsed: 0.003 s - in hudson.remoting.PrefetchTest
[INFO] Running hudson.remoting.DefaultClassFilterTest
[INFO] Tests run: 4, Failures: 0, Errors: 0, Skipped: 0, Time elapsed: 9.136 s - in hudson.remoting.DefaultClassFilterTest
[INFO] Running hudson.remoting.SimpleTest
[INFO] Tests run: 36, Failures: 0, Errors: 0, Skipped: 0, Time elapsed: 14.34 s - in hudson.remoting.SimpleTest
[INFO] Running hudson.remoting.ClassRemotingTest
[INFO] Tests run: 30, Failures: 0, Errors: 0, Skipped: 0, Time elapsed: 21.636 s - in hudson.remoting.ClassRemotingTest
[INFO] Running hudson.remoting.PipeWriterTest
[INFO] Tests run: 6, Failures: 0, Errors: 0, Skipped: 0, Time elapsed: 18.042 s - in hudson.remoting.PipeWriterTest
[INFO] Running hudson.remoting.HexDumpTest
[INFO] Tests run: 2, Failures: 0, Errors: 0, Skipped: 0, Time elapsed: 0 s - in hudson.remoting.HexDumpTest
[INFO] Running hudson.remoting.ChannelTest
[INFO] Tests run: 11, Failures: 0, Errors: 0, Skipped: 0, Time elapsed: 8.129 s - in hudson.remoting.ChannelTest
[INFO] Running hudson.remoting.DeadRemoteOutputStreamTest
[INFO] Tests run: 1, Failures: 0, Errors: 0, Skipped: 0, Time elapsed: 1.042 s - in hudson.remoting.DeadRemoteOutputStreamTest
[INFO] Running hudson.remoting.BinarySafeStreamTest
[INFO] Tests run: 5, Failures: 0, Errors: 0, Skipped: 0, Time elapsed: 0.314 s - in hudson.remoting.BinarySafeStreamTest
[INFO] Running hudson.remoting.EngineTest
[INFO] Tests run: 5, Failures: 0, Errors: 0, Skipped: 0, Time elapsed: 0.023 s - in hudson.remoting.EngineTest
[INFO] Running hudson.remoting.UtilTest
[INFO] Tests run: 1, Failures: 0, Errors: 0, Skipped: 0, Time elapsed: 0.001 s - in hudson.remoting.UtilTest
[INFO] Running hudson.remoting.ChunkedInputStreamTest
[INFO] Tests run: 2, Failures: 0, Errors: 0, Skipped: 0, Time elapsed: 0.988 s - in hudson.remoting.ChunkedInputStreamTest
[INFO] Running hudson.remoting.URLDeserializatinHelperTest
[INFO] Tests run: 1, Failures: 0, Errors: 0, Skipped: 0, Time elapsed: 0.104 s - in hudson.remoting.URLDeserializatinHelperTest
[INFO] Running hudson.remoting.DummyClassLoaderTest
[INFO] Tests run: 1, Failures: 0, Errors: 0, Skipped: 0, Time elapsed: 0.003 s - in hudson.remoting.DummyClassLoaderTest
[INFO] Running hudson.remoting.ProxyWriterTest
[INFO] Tests run: 18, Failures: 0, Errors: 0, Skipped: 0, Time elapsed: 12.418 s - in hudson.remoting.ProxyWriterTest
[INFO] Running hudson.remoting.RemoteInvocationHandlerTest
[INFO] Tests run: 4, Failures: 0, Errors: 0, Skipped: 0, Time elapsed: 0.028 s - in hudson.remoting.RemoteInvocationHandlerTest
[INFO] Running org.jenkinsci.remoting.engine.WorkDirManagerTest
[INFO] Tests run: 18, Failures: 0, Errors: 0, Skipped: 0, Time elapsed: 0.025 s - in org.jenkinsci.remoting.engine.WorkDirManagerTest
[INFO] Running org.jenkinsci.remoting.engine.JnlpProtocolHandlerTest
[INFO] Tests run: 7, Failures: 0, Errors: 0, Skipped: 0, Time elapsed: 2.459 s - in org.jenkinsci.remoting.engine.JnlpProtocolHandlerTest
[INFO] Running org.jenkinsci.remoting.engine.HostPortTest
[INFO] Tests run: 19, Failures: 0, Errors: 0, Skipped: 0, Time elapsed: 0.002 s - in org.jenkinsci.remoting.engine.HostPortTest
[INFO] Running org.jenkinsci.remoting.org.apache.commons.net.util.SubnetUtilsTest
[INFO] Tests run: 11, Failures: 0, Errors: 0, Skipped: 0, Time elapsed: 0.001 s - in org.jenkinsci.remoting.org.apache.commons.net.util.SubnetUtilsTest
[INFO] Running org.jenkinsci.remoting.org.apache.commons.validator.routines.InetAddressValidatorTest
[INFO] Tests run: 6, Failures: 0, Errors: 0, Skipped: 0, Time elapsed: 0.003 s - in org.jenkinsci.remoting.org.apache.commons.validator.routines.InetAddressValidatorTest
[INFO] Running org.jenkinsci.remoting.org.apache.commons.validator.routines.RegexValidatorTest
[INFO] Tests run: 7, Failures: 0, Errors: 0, Skipped: 0, Time elapsed: 0.001 s - in org.jenkinsci.remoting.org.apache.commons.validator.routines.RegexValidatorTest
[INFO] Running org.jenkinsci.remoting.protocol.IOHubTest
[INFO] Tests run: 6, Failures: 0, Errors: 0, Skipped: 0, Time elapsed: 0.237 s - in org.jenkinsci.remoting.protocol.IOHubTest
[INFO] Running org.jenkinsci.remoting.protocol.ProtocolStackTest
[INFO] Tests run: 3, Failures: 0, Errors: 0, Skipped: 0, Time elapsed: 0.022 s - in org.jenkinsci.remoting.protocol.ProtocolStackTest
[INFO] Running org.jenkinsci.remoting.protocol.cert.PublicKeyMatchingX509ExtendedTrustManagerTest
[INFO] Tests run: 31, Failures: 0, Errors: 0, Skipped: 0, Time elapsed: 0.121 s - in org.jenkinsci.remoting.protocol.cert.PublicKeyMatchingX509ExtendedTrustManagerTest
[INFO] Running org.jenkinsci.remoting.protocol.cert.BlindTrustX509ExtendedTrustManagerTest
[INFO] Tests run: 25, Failures: 0, Errors: 0, Skipped: 0, Time elapsed: 0.103 s - in org.jenkinsci.remoting.protocol.cert.BlindTrustX509ExtendedTrustManagerTest
[INFO] Running org.jenkinsci.remoting.protocol.cert.ValidityCheckingX509ExtendedTrustManagerTest
[INFO] Tests run: 31, Failures: 0, Errors: 0, Skipped: 0, Time elapsed: 0.121 s - in org.jenkinsci.remoting.protocol.cert.ValidityCheckingX509ExtendedTrustManagerTest
[INFO] Running org.jenkinsci.remoting.protocol.impl.ConnectionHeadersTest
[INFO] Tests run: 28, Failures: 0, Errors: 0, Skipped: 0, Time elapsed: 0.002 s - in org.jenkinsci.remoting.protocol.impl.ConnectionHeadersTest
[INFO] Running org.jenkinsci.remoting.protocol.impl.SSLEngineFilterLayerTest
[INFO] Tests run: 21, Failures: 0, Errors: 0, Skipped: 0, Time elapsed: 6.761 s - in org.jenkinsci.remoting.protocol.impl.SSLEngineFilterLayerTest
[INFO] Running org.jenkinsci.remoting.protocol.impl.NetworkLayerTest
[INFO] Tests run: 1, Failures: 0, Errors: 0, Skipped: 0, Time elapsed: 0.005 s - in org.jenkinsci.remoting.protocol.impl.NetworkLayerTest
[INFO] Running org.jenkinsci.remoting.protocol.impl.ConnectionHeadersFilterLayerTest
[INFO] Tests run: 9, Failures: 0, Errors: 0, Skipped: 0, Time elapsed: 0.086 s - in org.jenkinsci.remoting.protocol.impl.ConnectionHeadersFilterLayerTest
[INFO] Running org.jenkinsci.remoting.protocol.impl.AckFilterLayerTest
[INFO] Tests run: 4, Failures: 0, Errors: 0, Skipped: 0, Time elapsed: 0.428 s - in org.jenkinsci.remoting.protocol.impl.AckFilterLayerTest
[INFO] Running org.jenkinsci.remoting.protocol.ProtocolStackImplTest
[INFO] Tests run: 23, Failures: 0, Errors: 0, Skipped: 0, Time elapsed: 7.288 s - in org.jenkinsci.remoting.protocol.ProtocolStackImplTest
[INFO] Running org.jenkinsci.remoting.util.SettableFutureTest
[INFO] Tests run: 9, Failures: 0, Errors: 0, Skipped: 0, Time elapsed: 0.007 s - in org.jenkinsci.remoting.util.SettableFutureTest
[INFO] Running org.jenkinsci.remoting.util.ByteBufferQueueOutputStreamTest
[INFO] Tests run: 3, Failures: 0, Errors: 0, Skipped: 0, Time elapsed: 0 s - in org.jenkinsci.remoting.util.ByteBufferQueueOutputStreamTest
[INFO] Running org.jenkinsci.remoting.util.FastByteBufferQueueInputStreamTest
[INFO] Tests run: 7, Failures: 0, Errors: 0, Skipped: 0, Time elapsed: 0 s - in org.jenkinsci.remoting.util.FastByteBufferQueueInputStreamTest
[INFO] Running org.jenkinsci.remoting.util.ByteBufferQueueInputStreamTest
[INFO] Tests run: 7, Failures: 0, Errors: 0, Skipped: 0, Time elapsed: 0 s - in org.jenkinsci.remoting.util.ByteBufferQueueInputStreamTest
[INFO] Running org.jenkinsci.remoting.util.VersionNumberTest
[INFO] Tests run: 6, Failures: 0, Errors: 0, Skipped: 0, Time elapsed: 0.004 s - in org.jenkinsci.remoting.util.VersionNumberTest
[INFO] Running org.jenkinsci.remoting.util.ByteBufferQueueTest
[INFO] Tests run: 23, Failures: 0, Errors: 0, Skipped: 0, Time elapsed: 0.017 s - in org.jenkinsci.remoting.util.ByteBufferQueueTest
[INFO] Running org.jenkinsci.remoting.nio.FifoBufferTest
[INFO] Tests run: 5, Failures: 0, Errors: 0, Skipped: 0, Time elapsed: 0.001 s - in org.jenkinsci.remoting.nio.FifoBufferTest
[INFO] 
[INFO] Results:
[INFO] 
[WARNING] Tests run: 563, Failures: 0, Errors: 0, Skipped: 1
[INFO] 
[INFO] ------------------------------------------------------------------------
[INFO] BUILD SUCCESS
[INFO] ------------------------------------------------------------------------
[INFO] Total time:  02:44 min
[INFO] Finished at: 2024-05-02T17:24:26+01:00
[INFO] ------------------------------------------------------------------------
[INFO] Scanning for projects...
[WARNING] 
[WARNING] Some problems were encountered while building the effective model for org.jenkins-ci.main:remoting:jar:4.7-SNAPSHOT
[WARNING] 'build.plugins.plugin.version' for org.apache.maven.plugins:maven-jarsigner-plugin is missing. @ org.jenkins-ci.main:remoting:${revision}${changelist}, /home/alex/Repositories/remoting/pom.xml, line 302, column 15
[WARNING] 
[WARNING] It is highly recommended to fix these problems because they threaten the stability of your build.
[WARNING] 
[WARNING] For this reason, future Maven versions might no longer support building such malformed projects.
[WARNING] 
[INFO] 
[INFO] --------------------< org.jenkins-ci.main:remoting >--------------------
[INFO] Building Jenkins remoting layer 4.7-SNAPSHOT
[INFO] --------------------------------[ jar ]---------------------------------
[INFO] 
[INFO] --- build-helper-maven-plugin:3.2.0:timestamp-property (timestamp-property) @ remoting ---
[INFO] 
[INFO] --- build-helper-maven-plugin:3.2.0:regex-property (user.name) @ remoting ---
[INFO] No match to regex '([$\\])' found in 'alex'. The initial value 'alex' is left as-is...
[INFO] 
[INFO] --- build-helper-maven-plugin:3.2.0:regex-property (version-property) @ remoting ---
[INFO] 
[INFO] --- maven-enforcer-plugin:3.0.0-M3:display-info (display-info) @ remoting ---
[INFO] Maven Version: 3.6.3
[INFO] JDK Version: 1.8.0_402 normalized as: 1.8.0-402
[INFO] OS Info: Arch: amd64 Family: unix Name: linux Version: 6.5.0-28-generic
[INFO] 
[INFO] --- maven-enforcer-plugin:3.0.0-M3:enforce (display-info) @ remoting ---
[INFO] Adding ignore: module-info
[INFO] 
[INFO] --- build-helper-maven-plugin:3.2.0:add-source (add-source) @ remoting ---
[INFO] Source directory: /home/alex/Repositories/remoting/target/generated-sources/localizer added.
[INFO] 
[INFO] --- maven-resources-plugin:3.2.0:resources (default-resources) @ remoting ---
[INFO] Using 'UTF-8' encoding to copy filtered resources.
[INFO] Using 'UTF-8' encoding to copy filtered properties files.
[INFO] Copying 2 resources
[INFO] Copying 1 resource
[INFO] Copying 1 resource
[INFO] The encoding used to copy filtered properties files have not been set. This means that the same encoding will be used to copy filtered properties files as when copying other filtered resources. This might not be what you want! Run your build with --debug to see which files might be affected. Read more at https://maven.apache.org/plugins/maven-resources-plugin/examples/filtering-properties-files.html
[INFO] 
[INFO] --- flatten-maven-plugin:1.2.5:flatten (flatten) @ remoting ---
[INFO] Generating flattened POM of project org.jenkins-ci.main:remoting:jar:4.7-SNAPSHOT...
[INFO] 
[INFO] --- maven-compiler-plugin:3.8.1:compile (default-compile) @ remoting ---
[INFO] Changes detected - recompiling the module!
[INFO] Compiling 185 source files to /home/alex/Repositories/remoting/target/classes
[INFO] /home/alex/Repositories/remoting/src/main/java/hudson/remoting/jnlp/MainDialog.java: Some input files use or override a deprecated API.
[INFO] /home/alex/Repositories/remoting/src/main/java/hudson/remoting/jnlp/MainDialog.java: Recompile with -Xlint:deprecation for details.
[INFO] /home/alex/Repositories/remoting/src/main/java/hudson/remoting/Request.java: Some input files use unchecked or unsafe operations.
[INFO] /home/alex/Repositories/remoting/src/main/java/hudson/remoting/Request.java: Recompile with -Xlint:unchecked for details.
[INFO] 
[INFO] --- maven-resources-plugin:3.2.0:testResources (default-testResources) @ remoting ---
[INFO] Using 'UTF-8' encoding to copy filtered resources.
[INFO] Using 'UTF-8' encoding to copy filtered properties files.
[INFO] Copying 6 resources
[INFO] 
[INFO] --- maven-compiler-plugin:3.8.1:testCompile (default-testCompile) @ remoting ---
[INFO] Changes detected - recompiling the module!
[INFO] Compiling 110 source files to /home/alex/Repositories/remoting/target/test-classes
[INFO] /home/alex/Repositories/remoting/src/test/java/org/jenkinsci/remoting/protocol/impl/AckFilterLayerTest.java: Some input files use or override a deprecated API.
[INFO] /home/alex/Repositories/remoting/src/test/java/org/jenkinsci/remoting/protocol/impl/AckFilterLayerTest.java: Recompile with -Xlint:deprecation for details.
[INFO] /home/alex/Repositories/remoting/src/test/java/org/jenkinsci/remoting/protocol/ProtocolStackTest.java: Some input files use unchecked or unsafe operations.
[INFO] /home/alex/Repositories/remoting/src/test/java/org/jenkinsci/remoting/protocol/ProtocolStackTest.java: Recompile with -Xlint:unchecked for details.
[INFO] 
[INFO] --- animal-sniffer-maven-plugin:1.19:check (check) @ remoting ---
[INFO] Resolved signature org.codehaus.mojo.signature:java18 version as 1.0 from dependencyManagement
[INFO] Checking unresolved references to org.codehaus.mojo.signature:java18:1.0
[INFO] 
[INFO] --- maven-dependency-plugin:3.1.2:copy (resgen) @ remoting ---
[INFO] Configured Artifact: org.jenkins-ci:remoting-test-client:1.0:jar
[INFO] Configured Artifact: org.jenkins-ci:remoting-test-client:tests:1.0:jar
[INFO] org.jenkins-ci:remoting-test-client:1.0:jar already exists in /home/alex/Repositories/remoting/target/test-classes
[INFO] org.jenkins-ci:remoting-test-client:tests:1.0:jar already exists in /home/alex/Repositories/remoting/target/test-classes
[INFO] 
[INFO] --- maven-surefire-plugin:3.0.0-M5:test (default-test) @ remoting ---
[INFO] 
[INFO] -------------------------------------------------------
[INFO]  T E S T S
[INFO] -------------------------------------------------------
[INFO] Running hudson.remoting.PipeTest
[INFO] Tests run: 36, Failures: 0, Errors: 0, Skipped: 0, Time elapsed: 33.972 s - in hudson.remoting.PipeTest
[INFO] Running hudson.remoting.FileSystemJarCacheTest
[INFO] Tests run: 6, Failures: 0, Errors: 0, Skipped: 0, Time elapsed: 0.206 s - in hudson.remoting.FileSystemJarCacheTest
[INFO] Running hudson.remoting.SingleLaneExecutorServiceTest
[INFO] Tests run: 2, Failures: 0, Errors: 0, Skipped: 0, Time elapsed: 3.795 s - in hudson.remoting.SingleLaneExecutorServiceTest
[INFO] Running hudson.remoting.ClassFilterTest
[INFO] Tests run: 6, Failures: 0, Errors: 0, Skipped: 0, Time elapsed: 1.198 s - in hudson.remoting.ClassFilterTest
[INFO] Running hudson.remoting.RemoteInputStreamTest
[INFO] Tests run: 24, Failures: 0, Errors: 0, Skipped: 0, Time elapsed: 10.193 s - in hudson.remoting.RemoteInputStreamTest
[INFO] Running hudson.remoting.PrefetchingTest
[INFO] Tests run: 7, Failures: 0, Errors: 0, Skipped: 0, Time elapsed: 0.305 s - in hudson.remoting.PrefetchingTest
[INFO] Running hudson.remoting.FlightRecorderInputStreamTest
[INFO] Tests run: 2, Failures: 0, Errors: 0, Skipped: 0, Time elapsed: 0.038 s - in hudson.remoting.FlightRecorderInputStreamTest
[INFO] Running hudson.remoting.NonSerializableExceptionTest
[INFO] Tests run: 1, Failures: 0, Errors: 0, Skipped: 0, Time elapsed: 0.007 s - in hudson.remoting.NonSerializableExceptionTest
[INFO] Running hudson.remoting.LauncherTest
[INFO] Tests run: 5, Failures: 0, Errors: 0, Skipped: 0, Time elapsed: 0.035 s - in hudson.remoting.LauncherTest
[INFO] Running hudson.remoting.DiagnosedStreamCorruptionExceptionTest
[INFO] Tests run: 2, Failures: 0, Errors: 0, Skipped: 0, Time elapsed: 1.004 s - in hudson.remoting.DiagnosedStreamCorruptionExceptionTest
[INFO] Running hudson.remoting.ChecksumTest
[INFO] Tests run: 1, Failures: 0, Errors: 0, Skipped: 0, Time elapsed: 0.005 s - in hudson.remoting.ChecksumTest
[INFO] Running hudson.remoting.ChannelFilterTest
[INFO] Tests run: 2, Failures: 0, Errors: 0, Skipped: 0, Time elapsed: 0.022 s - in hudson.remoting.ChannelFilterTest
[INFO] Running hudson.remoting.NoProxyEvaluatorTest
[INFO] Tests run: 30, Failures: 0, Errors: 0, Skipped: 0, Time elapsed: 0.012 s - in hudson.remoting.NoProxyEvaluatorTest
[INFO] Running hudson.remoting.ExportTableTest
[INFO] Tests run: 1, Failures: 0, Errors: 0, Skipped: 0, Time elapsed: 0.004 s - in hudson.remoting.ExportTableTest
[INFO] Running hudson.remoting.PrefetchTest
[WARNING] Tests run: 1, Failures: 0, Errors: 0, Skipped: 1, Time elapsed: 0.002 s - in hudson.remoting.PrefetchTest
[INFO] Running hudson.remoting.DefaultClassFilterTest
[INFO] Tests run: 4, Failures: 0, Errors: 0, Skipped: 0, Time elapsed: 8.986 s - in hudson.remoting.DefaultClassFilterTest
[INFO] Running hudson.remoting.SimpleTest
[INFO] Tests run: 36, Failures: 0, Errors: 0, Skipped: 0, Time elapsed: 14.025 s - in hudson.remoting.SimpleTest
[INFO] Running hudson.remoting.ClassRemotingTest
[INFO] Tests run: 30, Failures: 0, Errors: 0, Skipped: 0, Time elapsed: 21.629 s - in hudson.remoting.ClassRemotingTest
[INFO] Running hudson.remoting.PipeWriterTest
[INFO] Tests run: 6, Failures: 0, Errors: 0, Skipped: 0, Time elapsed: 18.045 s - in hudson.remoting.PipeWriterTest
[INFO] Running hudson.remoting.HexDumpTest
[INFO] Tests run: 2, Failures: 0, Errors: 0, Skipped: 0, Time elapsed: 0.001 s - in hudson.remoting.HexDumpTest
[INFO] Running hudson.remoting.ChannelTest
[INFO] Tests run: 11, Failures: 0, Errors: 0, Skipped: 0, Time elapsed: 8.866 s - in hudson.remoting.ChannelTest
[INFO] Running hudson.remoting.DeadRemoteOutputStreamTest
[INFO] Tests run: 1, Failures: 0, Errors: 0, Skipped: 0, Time elapsed: 1.049 s - in hudson.remoting.DeadRemoteOutputStreamTest
[INFO] Running hudson.remoting.BinarySafeStreamTest
[INFO] Tests run: 5, Failures: 0, Errors: 0, Skipped: 0, Time elapsed: 0.345 s - in hudson.remoting.BinarySafeStreamTest
[INFO] Running hudson.remoting.EngineTest
[INFO] Tests run: 5, Failures: 0, Errors: 0, Skipped: 0, Time elapsed: 0.016 s - in hudson.remoting.EngineTest
[INFO] Running hudson.remoting.UtilTest
[INFO] Tests run: 1, Failures: 0, Errors: 0, Skipped: 0, Time elapsed: 0 s - in hudson.remoting.UtilTest
[INFO] Running hudson.remoting.ChunkedInputStreamTest
[INFO] Tests run: 2, Failures: 0, Errors: 0, Skipped: 0, Time elapsed: 0.933 s - in hudson.remoting.ChunkedInputStreamTest
[INFO] Running hudson.remoting.URLDeserializatinHelperTest
[INFO] Tests run: 1, Failures: 0, Errors: 0, Skipped: 0, Time elapsed: 0.102 s - in hudson.remoting.URLDeserializatinHelperTest
[INFO] Running hudson.remoting.DummyClassLoaderTest
[INFO] Tests run: 1, Failures: 0, Errors: 0, Skipped: 0, Time elapsed: 0.003 s - in hudson.remoting.DummyClassLoaderTest
[INFO] Running hudson.remoting.ProxyWriterTest
[INFO] Tests run: 18, Failures: 0, Errors: 0, Skipped: 0, Time elapsed: 10.803 s - in hudson.remoting.ProxyWriterTest
[INFO] Running hudson.remoting.RemoteInvocationHandlerTest
[INFO] Tests run: 4, Failures: 0, Errors: 0, Skipped: 0, Time elapsed: 0.028 s - in hudson.remoting.RemoteInvocationHandlerTest
[INFO] Running org.jenkinsci.remoting.engine.WorkDirManagerTest
[INFO] Tests run: 18, Failures: 0, Errors: 0, Skipped: 0, Time elapsed: 0.021 s - in org.jenkinsci.remoting.engine.WorkDirManagerTest
[INFO] Running org.jenkinsci.remoting.engine.JnlpProtocolHandlerTest
[INFO] Tests run: 7, Failures: 0, Errors: 0, Skipped: 0, Time elapsed: 2.316 s - in org.jenkinsci.remoting.engine.JnlpProtocolHandlerTest
[INFO] Running org.jenkinsci.remoting.engine.HostPortTest
[INFO] Tests run: 19, Failures: 0, Errors: 0, Skipped: 0, Time elapsed: 0.002 s - in org.jenkinsci.remoting.engine.HostPortTest
[INFO] Running org.jenkinsci.remoting.org.apache.commons.net.util.SubnetUtilsTest
[INFO] Tests run: 11, Failures: 0, Errors: 0, Skipped: 0, Time elapsed: 0.001 s - in org.jenkinsci.remoting.org.apache.commons.net.util.SubnetUtilsTest
[INFO] Running org.jenkinsci.remoting.org.apache.commons.validator.routines.InetAddressValidatorTest
[INFO] Tests run: 6, Failures: 0, Errors: 0, Skipped: 0, Time elapsed: 0.003 s - in org.jenkinsci.remoting.org.apache.commons.validator.routines.InetAddressValidatorTest
[INFO] Running org.jenkinsci.remoting.org.apache.commons.validator.routines.RegexValidatorTest
[INFO] Tests run: 7, Failures: 0, Errors: 0, Skipped: 0, Time elapsed: 0.001 s - in org.jenkinsci.remoting.org.apache.commons.validator.routines.RegexValidatorTest
[INFO] Running org.jenkinsci.remoting.protocol.IOHubTest
[INFO] Tests run: 6, Failures: 0, Errors: 0, Skipped: 0, Time elapsed: 0.239 s - in org.jenkinsci.remoting.protocol.IOHubTest
[INFO] Running org.jenkinsci.remoting.protocol.ProtocolStackTest
[INFO] Tests run: 3, Failures: 0, Errors: 0, Skipped: 0, Time elapsed: 0.013 s - in org.jenkinsci.remoting.protocol.ProtocolStackTest
[INFO] Running org.jenkinsci.remoting.protocol.cert.PublicKeyMatchingX509ExtendedTrustManagerTest
[INFO] Tests run: 31, Failures: 0, Errors: 0, Skipped: 0, Time elapsed: 0.311 s - in org.jenkinsci.remoting.protocol.cert.PublicKeyMatchingX509ExtendedTrustManagerTest
[INFO] Running org.jenkinsci.remoting.protocol.cert.BlindTrustX509ExtendedTrustManagerTest
[INFO] Tests run: 25, Failures: 0, Errors: 0, Skipped: 0, Time elapsed: 0.19 s - in org.jenkinsci.remoting.protocol.cert.BlindTrustX509ExtendedTrustManagerTest
[INFO] Running org.jenkinsci.remoting.protocol.cert.ValidityCheckingX509ExtendedTrustManagerTest
[INFO] Tests run: 31, Failures: 0, Errors: 0, Skipped: 0, Time elapsed: 0.077 s - in org.jenkinsci.remoting.protocol.cert.ValidityCheckingX509ExtendedTrustManagerTest
[INFO] Running org.jenkinsci.remoting.protocol.impl.ConnectionHeadersTest
[INFO] Tests run: 28, Failures: 0, Errors: 0, Skipped: 0, Time elapsed: 0.003 s - in org.jenkinsci.remoting.protocol.impl.ConnectionHeadersTest
[INFO] Running org.jenkinsci.remoting.protocol.impl.SSLEngineFilterLayerTest
[INFO] Tests run: 21, Failures: 0, Errors: 0, Skipped: 0, Time elapsed: 6.299 s - in org.jenkinsci.remoting.protocol.impl.SSLEngineFilterLayerTest
[INFO] Running org.jenkinsci.remoting.protocol.impl.NetworkLayerTest
[INFO] Tests run: 1, Failures: 0, Errors: 0, Skipped: 0, Time elapsed: 0.014 s - in org.jenkinsci.remoting.protocol.impl.NetworkLayerTest
[INFO] Running org.jenkinsci.remoting.protocol.impl.ConnectionHeadersFilterLayerTest
[INFO] Tests run: 9, Failures: 0, Errors: 0, Skipped: 0, Time elapsed: 0.087 s - in org.jenkinsci.remoting.protocol.impl.ConnectionHeadersFilterLayerTest
[INFO] Running org.jenkinsci.remoting.protocol.impl.AckFilterLayerTest
[INFO] Tests run: 4, Failures: 0, Errors: 0, Skipped: 0, Time elapsed: 0.355 s - in org.jenkinsci.remoting.protocol.impl.AckFilterLayerTest
[INFO] Running org.jenkinsci.remoting.protocol.ProtocolStackImplTest
[INFO] Tests run: 23, Failures: 0, Errors: 0, Skipped: 0, Time elapsed: 6.774 s - in org.jenkinsci.remoting.protocol.ProtocolStackImplTest
[INFO] Running org.jenkinsci.remoting.util.SettableFutureTest
[INFO] Tests run: 9, Failures: 0, Errors: 0, Skipped: 0, Time elapsed: 0.007 s - in org.jenkinsci.remoting.util.SettableFutureTest
[INFO] Running org.jenkinsci.remoting.util.ByteBufferQueueOutputStreamTest
[INFO] Tests run: 3, Failures: 0, Errors: 0, Skipped: 0, Time elapsed: 0 s - in org.jenkinsci.remoting.util.ByteBufferQueueOutputStreamTest
[INFO] Running org.jenkinsci.remoting.util.FastByteBufferQueueInputStreamTest
[INFO] Tests run: 7, Failures: 0, Errors: 0, Skipped: 0, Time elapsed: 0.001 s - in org.jenkinsci.remoting.util.FastByteBufferQueueInputStreamTest
[INFO] Running org.jenkinsci.remoting.util.ByteBufferQueueInputStreamTest
[INFO] Tests run: 7, Failures: 0, Errors: 0, Skipped: 0, Time elapsed: 0.001 s - in org.jenkinsci.remoting.util.ByteBufferQueueInputStreamTest
[INFO] Running org.jenkinsci.remoting.util.VersionNumberTest
[INFO] Tests run: 6, Failures: 0, Errors: 0, Skipped: 0, Time elapsed: 0.005 s - in org.jenkinsci.remoting.util.VersionNumberTest
[INFO] Running org.jenkinsci.remoting.util.ByteBufferQueueTest
[INFO] Tests run: 23, Failures: 0, Errors: 0, Skipped: 0, Time elapsed: 0.021 s - in org.jenkinsci.remoting.util.ByteBufferQueueTest
[INFO] Running org.jenkinsci.remoting.nio.FifoBufferTest
[INFO] Tests run: 5, Failures: 0, Errors: 0, Skipped: 0, Time elapsed: 0 s - in org.jenkinsci.remoting.nio.FifoBufferTest
[INFO] 
[INFO] Results:
[INFO] 
[WARNING] Tests run: 563, Failures: 0, Errors: 0, Skipped: 1
[INFO] 
[INFO] ------------------------------------------------------------------------
[INFO] BUILD SUCCESS
[INFO] ------------------------------------------------------------------------
[INFO] Total time:  02:40 min
[INFO] Finished at: 2024-05-02T17:27:10+01:00
[INFO] ------------------------------------------------------------------------
[INFO] Scanning for projects...
[WARNING] 
[WARNING] Some problems were encountered while building the effective model for org.jenkins-ci.main:remoting:jar:4.7-SNAPSHOT
[WARNING] 'build.plugins.plugin.version' for org.apache.maven.plugins:maven-jarsigner-plugin is missing. @ org.jenkins-ci.main:remoting:${revision}${changelist}, /home/alex/Repositories/remoting/pom.xml, line 302, column 15
[WARNING] 
[WARNING] It is highly recommended to fix these problems because they threaten the stability of your build.
[WARNING] 
[WARNING] For this reason, future Maven versions might no longer support building such malformed projects.
[WARNING] 
[INFO] 
[INFO] --------------------< org.jenkins-ci.main:remoting >--------------------
[INFO] Building Jenkins remoting layer 4.7-SNAPSHOT
[INFO] --------------------------------[ jar ]---------------------------------
[INFO] 
[INFO] --- build-helper-maven-plugin:3.2.0:timestamp-property (timestamp-property) @ remoting ---
[INFO] 
[INFO] --- build-helper-maven-plugin:3.2.0:regex-property (user.name) @ remoting ---
[INFO] No match to regex '([$\\])' found in 'alex'. The initial value 'alex' is left as-is...
[INFO] 
[INFO] --- build-helper-maven-plugin:3.2.0:regex-property (version-property) @ remoting ---
[INFO] 
[INFO] --- maven-enforcer-plugin:3.0.0-M3:display-info (display-info) @ remoting ---
[INFO] Maven Version: 3.6.3
[INFO] JDK Version: 1.8.0_402 normalized as: 1.8.0-402
[INFO] OS Info: Arch: amd64 Family: unix Name: linux Version: 6.5.0-28-generic
[INFO] 
[INFO] --- maven-enforcer-plugin:3.0.0-M3:enforce (display-info) @ remoting ---
[INFO] Adding ignore: module-info
[INFO] 
[INFO] --- build-helper-maven-plugin:3.2.0:add-source (add-source) @ remoting ---
[INFO] Source directory: /home/alex/Repositories/remoting/target/generated-sources/localizer added.
[INFO] 
[INFO] --- maven-resources-plugin:3.2.0:resources (default-resources) @ remoting ---
[INFO] Using 'UTF-8' encoding to copy filtered resources.
[INFO] Using 'UTF-8' encoding to copy filtered properties files.
[INFO] Copying 2 resources
[INFO] Copying 1 resource
[INFO] Copying 1 resource
[INFO] The encoding used to copy filtered properties files have not been set. This means that the same encoding will be used to copy filtered properties files as when copying other filtered resources. This might not be what you want! Run your build with --debug to see which files might be affected. Read more at https://maven.apache.org/plugins/maven-resources-plugin/examples/filtering-properties-files.html
[INFO] 
[INFO] --- flatten-maven-plugin:1.2.5:flatten (flatten) @ remoting ---
[INFO] Generating flattened POM of project org.jenkins-ci.main:remoting:jar:4.7-SNAPSHOT...
[INFO] 
[INFO] --- maven-compiler-plugin:3.8.1:compile (default-compile) @ remoting ---
[INFO] Changes detected - recompiling the module!
[INFO] Compiling 185 source files to /home/alex/Repositories/remoting/target/classes
[INFO] /home/alex/Repositories/remoting/src/main/java/hudson/remoting/jnlp/MainDialog.java: Some input files use or override a deprecated API.
[INFO] /home/alex/Repositories/remoting/src/main/java/hudson/remoting/jnlp/MainDialog.java: Recompile with -Xlint:deprecation for details.
[INFO] /home/alex/Repositories/remoting/src/main/java/hudson/remoting/Request.java: Some input files use unchecked or unsafe operations.
[INFO] /home/alex/Repositories/remoting/src/main/java/hudson/remoting/Request.java: Recompile with -Xlint:unchecked for details.
[INFO] 
[INFO] --- maven-resources-plugin:3.2.0:testResources (default-testResources) @ remoting ---
[INFO] Using 'UTF-8' encoding to copy filtered resources.
[INFO] Using 'UTF-8' encoding to copy filtered properties files.
[INFO] Copying 6 resources
[INFO] 
[INFO] --- maven-compiler-plugin:3.8.1:testCompile (default-testCompile) @ remoting ---
[INFO] Changes detected - recompiling the module!
[INFO] Compiling 110 source files to /home/alex/Repositories/remoting/target/test-classes
[INFO] /home/alex/Repositories/remoting/src/test/java/org/jenkinsci/remoting/protocol/impl/AckFilterLayerTest.java: Some input files use or override a deprecated API.
[INFO] /home/alex/Repositories/remoting/src/test/java/org/jenkinsci/remoting/protocol/impl/AckFilterLayerTest.java: Recompile with -Xlint:deprecation for details.
[INFO] /home/alex/Repositories/remoting/src/test/java/org/jenkinsci/remoting/protocol/ProtocolStackTest.java: Some input files use unchecked or unsafe operations.
[INFO] /home/alex/Repositories/remoting/src/test/java/org/jenkinsci/remoting/protocol/ProtocolStackTest.java: Recompile with -Xlint:unchecked for details.
[INFO] 
[INFO] --- animal-sniffer-maven-plugin:1.19:check (check) @ remoting ---
[INFO] Resolved signature org.codehaus.mojo.signature:java18 version as 1.0 from dependencyManagement
[INFO] Checking unresolved references to org.codehaus.mojo.signature:java18:1.0
[INFO] 
[INFO] --- maven-dependency-plugin:3.1.2:copy (resgen) @ remoting ---
[INFO] Configured Artifact: org.jenkins-ci:remoting-test-client:1.0:jar
[INFO] Configured Artifact: org.jenkins-ci:remoting-test-client:tests:1.0:jar
[INFO] org.jenkins-ci:remoting-test-client:1.0:jar already exists in /home/alex/Repositories/remoting/target/test-classes
[INFO] org.jenkins-ci:remoting-test-client:tests:1.0:jar already exists in /home/alex/Repositories/remoting/target/test-classes
[INFO] 
[INFO] --- maven-surefire-plugin:3.0.0-M5:test (default-test) @ remoting ---
[INFO] 
[INFO] -------------------------------------------------------
[INFO]  T E S T S
[INFO] -------------------------------------------------------
[INFO] Running hudson.remoting.PipeTest
[INFO] Tests run: 36, Failures: 0, Errors: 0, Skipped: 0, Time elapsed: 35.122 s - in hudson.remoting.PipeTest
[INFO] Running hudson.remoting.FileSystemJarCacheTest
[INFO] Tests run: 6, Failures: 0, Errors: 0, Skipped: 0, Time elapsed: 0.19 s - in hudson.remoting.FileSystemJarCacheTest
[INFO] Running hudson.remoting.SingleLaneExecutorServiceTest
[INFO] Tests run: 2, Failures: 0, Errors: 0, Skipped: 0, Time elapsed: 3.838 s - in hudson.remoting.SingleLaneExecutorServiceTest
[INFO] Running hudson.remoting.ClassFilterTest
[INFO] Tests run: 6, Failures: 0, Errors: 0, Skipped: 0, Time elapsed: 1.176 s - in hudson.remoting.ClassFilterTest
[INFO] Running hudson.remoting.RemoteInputStreamTest
[INFO] Tests run: 24, Failures: 0, Errors: 0, Skipped: 0, Time elapsed: 10.556 s - in hudson.remoting.RemoteInputStreamTest
[INFO] Running hudson.remoting.PrefetchingTest
[INFO] Tests run: 7, Failures: 0, Errors: 0, Skipped: 0, Time elapsed: 0.276 s - in hudson.remoting.PrefetchingTest
[INFO] Running hudson.remoting.FlightRecorderInputStreamTest
[INFO] Tests run: 2, Failures: 0, Errors: 0, Skipped: 0, Time elapsed: 0.037 s - in hudson.remoting.FlightRecorderInputStreamTest
[INFO] Running hudson.remoting.NonSerializableExceptionTest
[INFO] Tests run: 1, Failures: 0, Errors: 0, Skipped: 0, Time elapsed: 0.007 s - in hudson.remoting.NonSerializableExceptionTest
[INFO] Running hudson.remoting.LauncherTest
[INFO] Tests run: 5, Failures: 0, Errors: 0, Skipped: 0, Time elapsed: 0.037 s - in hudson.remoting.LauncherTest
[INFO] Running hudson.remoting.DiagnosedStreamCorruptionExceptionTest
[INFO] Tests run: 2, Failures: 0, Errors: 0, Skipped: 0, Time elapsed: 1.003 s - in hudson.remoting.DiagnosedStreamCorruptionExceptionTest
[INFO] Running hudson.remoting.ChecksumTest
[INFO] Tests run: 1, Failures: 0, Errors: 0, Skipped: 0, Time elapsed: 0.003 s - in hudson.remoting.ChecksumTest
[INFO] Running hudson.remoting.ChannelFilterTest
[INFO] Tests run: 2, Failures: 0, Errors: 0, Skipped: 0, Time elapsed: 0.026 s - in hudson.remoting.ChannelFilterTest
[INFO] Running hudson.remoting.NoProxyEvaluatorTest
[INFO] Tests run: 30, Failures: 0, Errors: 0, Skipped: 0, Time elapsed: 0.013 s - in hudson.remoting.NoProxyEvaluatorTest
[INFO] Running hudson.remoting.ExportTableTest
[INFO] Tests run: 1, Failures: 0, Errors: 0, Skipped: 0, Time elapsed: 0.004 s - in hudson.remoting.ExportTableTest
[INFO] Running hudson.remoting.PrefetchTest
[WARNING] Tests run: 1, Failures: 0, Errors: 0, Skipped: 1, Time elapsed: 0.002 s - in hudson.remoting.PrefetchTest
[INFO] Running hudson.remoting.DefaultClassFilterTest
[INFO] Tests run: 4, Failures: 0, Errors: 0, Skipped: 0, Time elapsed: 8.972 s - in hudson.remoting.DefaultClassFilterTest
[INFO] Running hudson.remoting.SimpleTest
[INFO] Tests run: 36, Failures: 0, Errors: 0, Skipped: 0, Time elapsed: 14.92 s - in hudson.remoting.SimpleTest
[INFO] Running hudson.remoting.ClassRemotingTest
[INFO] Tests run: 30, Failures: 0, Errors: 0, Skipped: 0, Time elapsed: 22.671 s - in hudson.remoting.ClassRemotingTest
[INFO] Running hudson.remoting.PipeWriterTest
[INFO] Tests run: 6, Failures: 0, Errors: 0, Skipped: 0, Time elapsed: 18.049 s - in hudson.remoting.PipeWriterTest
[INFO] Running hudson.remoting.HexDumpTest
[INFO] Tests run: 2, Failures: 0, Errors: 0, Skipped: 0, Time elapsed: 0.001 s - in hudson.remoting.HexDumpTest
[INFO] Running hudson.remoting.ChannelTest
[INFO] Tests run: 11, Failures: 0, Errors: 0, Skipped: 0, Time elapsed: 8.676 s - in hudson.remoting.ChannelTest
[INFO] Running hudson.remoting.DeadRemoteOutputStreamTest
[INFO] Tests run: 1, Failures: 0, Errors: 0, Skipped: 0, Time elapsed: 1.047 s - in hudson.remoting.DeadRemoteOutputStreamTest
[INFO] Running hudson.remoting.BinarySafeStreamTest
[INFO] Tests run: 5, Failures: 0, Errors: 0, Skipped: 0, Time elapsed: 0.314 s - in hudson.remoting.BinarySafeStreamTest
[INFO] Running hudson.remoting.EngineTest
[INFO] Tests run: 5, Failures: 0, Errors: 0, Skipped: 0, Time elapsed: 0.014 s - in hudson.remoting.EngineTest
[INFO] Running hudson.remoting.UtilTest
[INFO] Tests run: 1, Failures: 0, Errors: 0, Skipped: 0, Time elapsed: 0 s - in hudson.remoting.UtilTest
[INFO] Running hudson.remoting.ChunkedInputStreamTest
[INFO] Tests run: 2, Failures: 0, Errors: 0, Skipped: 0, Time elapsed: 1.014 s - in hudson.remoting.ChunkedInputStreamTest
[INFO] Running hudson.remoting.URLDeserializatinHelperTest
[INFO] Tests run: 1, Failures: 0, Errors: 0, Skipped: 0, Time elapsed: 0.106 s - in hudson.remoting.URLDeserializatinHelperTest
[INFO] Running hudson.remoting.DummyClassLoaderTest
[INFO] Tests run: 1, Failures: 0, Errors: 0, Skipped: 0, Time elapsed: 0.002 s - in hudson.remoting.DummyClassLoaderTest
[INFO] Running hudson.remoting.ProxyWriterTest
[INFO] Tests run: 18, Failures: 0, Errors: 0, Skipped: 0, Time elapsed: 11.574 s - in hudson.remoting.ProxyWriterTest
[INFO] Running hudson.remoting.RemoteInvocationHandlerTest
[INFO] Tests run: 4, Failures: 0, Errors: 0, Skipped: 0, Time elapsed: 0.036 s - in hudson.remoting.RemoteInvocationHandlerTest
[INFO] Running org.jenkinsci.remoting.engine.WorkDirManagerTest
[INFO] Tests run: 18, Failures: 0, Errors: 0, Skipped: 0, Time elapsed: 0.031 s - in org.jenkinsci.remoting.engine.WorkDirManagerTest
[INFO] Running org.jenkinsci.remoting.engine.JnlpProtocolHandlerTest
[INFO] Tests run: 7, Failures: 0, Errors: 0, Skipped: 0, Time elapsed: 2.517 s - in org.jenkinsci.remoting.engine.JnlpProtocolHandlerTest
[INFO] Running org.jenkinsci.remoting.engine.HostPortTest
[INFO] Tests run: 19, Failures: 0, Errors: 0, Skipped: 0, Time elapsed: 0.002 s - in org.jenkinsci.remoting.engine.HostPortTest
[INFO] Running org.jenkinsci.remoting.org.apache.commons.net.util.SubnetUtilsTest
[INFO] Tests run: 11, Failures: 0, Errors: 0, Skipped: 0, Time elapsed: 0.001 s - in org.jenkinsci.remoting.org.apache.commons.net.util.SubnetUtilsTest
[INFO] Running org.jenkinsci.remoting.org.apache.commons.validator.routines.InetAddressValidatorTest
[INFO] Tests run: 6, Failures: 0, Errors: 0, Skipped: 0, Time elapsed: 0.005 s - in org.jenkinsci.remoting.org.apache.commons.validator.routines.InetAddressValidatorTest
[INFO] Running org.jenkinsci.remoting.org.apache.commons.validator.routines.RegexValidatorTest
[INFO] Tests run: 7, Failures: 0, Errors: 0, Skipped: 0, Time elapsed: 0.001 s - in org.jenkinsci.remoting.org.apache.commons.validator.routines.RegexValidatorTest
[INFO] Running org.jenkinsci.remoting.protocol.IOHubTest
[INFO] Tests run: 6, Failures: 0, Errors: 0, Skipped: 0, Time elapsed: 0.237 s - in org.jenkinsci.remoting.protocol.IOHubTest
[INFO] Running org.jenkinsci.remoting.protocol.ProtocolStackTest
[INFO] Tests run: 3, Failures: 0, Errors: 0, Skipped: 0, Time elapsed: 0.016 s - in org.jenkinsci.remoting.protocol.ProtocolStackTest
[INFO] Running org.jenkinsci.remoting.protocol.cert.PublicKeyMatchingX509ExtendedTrustManagerTest
[INFO] Tests run: 31, Failures: 0, Errors: 0, Skipped: 0, Time elapsed: 0.116 s - in org.jenkinsci.remoting.protocol.cert.PublicKeyMatchingX509ExtendedTrustManagerTest
[INFO] Running org.jenkinsci.remoting.protocol.cert.BlindTrustX509ExtendedTrustManagerTest
[INFO] Tests run: 25, Failures: 0, Errors: 0, Skipped: 0, Time elapsed: 0.167 s - in org.jenkinsci.remoting.protocol.cert.BlindTrustX509ExtendedTrustManagerTest
[INFO] Running org.jenkinsci.remoting.protocol.cert.ValidityCheckingX509ExtendedTrustManagerTest
[INFO] Tests run: 31, Failures: 0, Errors: 0, Skipped: 0, Time elapsed: 0.223 s - in org.jenkinsci.remoting.protocol.cert.ValidityCheckingX509ExtendedTrustManagerTest
[INFO] Running org.jenkinsci.remoting.protocol.impl.ConnectionHeadersTest
[INFO] Tests run: 28, Failures: 0, Errors: 0, Skipped: 0, Time elapsed: 0.002 s - in org.jenkinsci.remoting.protocol.impl.ConnectionHeadersTest
[INFO] Running org.jenkinsci.remoting.protocol.impl.SSLEngineFilterLayerTest
[INFO] Tests run: 21, Failures: 0, Errors: 0, Skipped: 0, Time elapsed: 6.928 s - in org.jenkinsci.remoting.protocol.impl.SSLEngineFilterLayerTest
[INFO] Running org.jenkinsci.remoting.protocol.impl.NetworkLayerTest
[INFO] Tests run: 1, Failures: 0, Errors: 0, Skipped: 0, Time elapsed: 0.006 s - in org.jenkinsci.remoting.protocol.impl.NetworkLayerTest
[INFO] Running org.jenkinsci.remoting.protocol.impl.ConnectionHeadersFilterLayerTest
[INFO] Tests run: 9, Failures: 0, Errors: 0, Skipped: 0, Time elapsed: 0.082 s - in org.jenkinsci.remoting.protocol.impl.ConnectionHeadersFilterLayerTest
[INFO] Running org.jenkinsci.remoting.protocol.impl.AckFilterLayerTest
[INFO] Tests run: 4, Failures: 0, Errors: 0, Skipped: 0, Time elapsed: 0.342 s - in org.jenkinsci.remoting.protocol.impl.AckFilterLayerTest
[INFO] Running org.jenkinsci.remoting.protocol.ProtocolStackImplTest
[INFO] Tests run: 23, Failures: 0, Errors: 0, Skipped: 0, Time elapsed: 7.583 s - in org.jenkinsci.remoting.protocol.ProtocolStackImplTest
[INFO] Running org.jenkinsci.remoting.util.SettableFutureTest
[INFO] Tests run: 9, Failures: 0, Errors: 0, Skipped: 0, Time elapsed: 0.007 s - in org.jenkinsci.remoting.util.SettableFutureTest
[INFO] Running org.jenkinsci.remoting.util.ByteBufferQueueOutputStreamTest
[INFO] Tests run: 3, Failures: 0, Errors: 0, Skipped: 0, Time elapsed: 0 s - in org.jenkinsci.remoting.util.ByteBufferQueueOutputStreamTest
[INFO] Running org.jenkinsci.remoting.util.FastByteBufferQueueInputStreamTest
[INFO] Tests run: 7, Failures: 0, Errors: 0, Skipped: 0, Time elapsed: 0 s - in org.jenkinsci.remoting.util.FastByteBufferQueueInputStreamTest
[INFO] Running org.jenkinsci.remoting.util.ByteBufferQueueInputStreamTest
[INFO] Tests run: 7, Failures: 0, Errors: 0, Skipped: 0, Time elapsed: 0.001 s - in org.jenkinsci.remoting.util.ByteBufferQueueInputStreamTest
[INFO] Running org.jenkinsci.remoting.util.VersionNumberTest
[INFO] Tests run: 6, Failures: 0, Errors: 0, Skipped: 0, Time elapsed: 0.004 s - in org.jenkinsci.remoting.util.VersionNumberTest
[INFO] Running org.jenkinsci.remoting.util.ByteBufferQueueTest
[INFO] Tests run: 23, Failures: 0, Errors: 0, Skipped: 0, Time elapsed: 0.015 s - in org.jenkinsci.remoting.util.ByteBufferQueueTest
[INFO] Running org.jenkinsci.remoting.nio.FifoBufferTest
[INFO] Tests run: 5, Failures: 0, Errors: 0, Skipped: 0, Time elapsed: 0.001 s - in org.jenkinsci.remoting.nio.FifoBufferTest
[INFO] 
[INFO] Results:
[INFO] 
[WARNING] Tests run: 563, Failures: 0, Errors: 0, Skipped: 1
[INFO] 
[INFO] ------------------------------------------------------------------------
[INFO] BUILD SUCCESS
[INFO] ------------------------------------------------------------------------
[INFO] Total time:  02:46 min
[INFO] Finished at: 2024-05-02T17:30:01+01:00
[INFO] ------------------------------------------------------------------------
[INFO] Scanning for projects...
[WARNING] 
[WARNING] Some problems were encountered while building the effective model for org.jenkins-ci.main:remoting:jar:4.7-SNAPSHOT
[WARNING] 'build.plugins.plugin.version' for org.apache.maven.plugins:maven-jarsigner-plugin is missing. @ org.jenkins-ci.main:remoting:${revision}${changelist}, /home/alex/Repositories/remoting/pom.xml, line 302, column 15
[WARNING] 
[WARNING] It is highly recommended to fix these problems because they threaten the stability of your build.
[WARNING] 
[WARNING] For this reason, future Maven versions might no longer support building such malformed projects.
[WARNING] 
[INFO] 
[INFO] --------------------< org.jenkins-ci.main:remoting >--------------------
[INFO] Building Jenkins remoting layer 4.7-SNAPSHOT
[INFO] --------------------------------[ jar ]---------------------------------
[INFO] 
[INFO] --- build-helper-maven-plugin:3.2.0:timestamp-property (timestamp-property) @ remoting ---
[INFO] 
[INFO] --- build-helper-maven-plugin:3.2.0:regex-property (user.name) @ remoting ---
[INFO] No match to regex '([$\\])' found in 'alex'. The initial value 'alex' is left as-is...
[INFO] 
[INFO] --- build-helper-maven-plugin:3.2.0:regex-property (version-property) @ remoting ---
[INFO] 
[INFO] --- maven-enforcer-plugin:3.0.0-M3:display-info (display-info) @ remoting ---
[INFO] Maven Version: 3.6.3
[INFO] JDK Version: 1.8.0_402 normalized as: 1.8.0-402
[INFO] OS Info: Arch: amd64 Family: unix Name: linux Version: 6.5.0-28-generic
[INFO] 
[INFO] --- maven-enforcer-plugin:3.0.0-M3:enforce (display-info) @ remoting ---
[INFO] Adding ignore: module-info
[INFO] 
[INFO] --- build-helper-maven-plugin:3.2.0:add-source (add-source) @ remoting ---
[INFO] Source directory: /home/alex/Repositories/remoting/target/generated-sources/localizer added.
[INFO] 
[INFO] --- maven-resources-plugin:3.2.0:resources (default-resources) @ remoting ---
[INFO] Using 'UTF-8' encoding to copy filtered resources.
[INFO] Using 'UTF-8' encoding to copy filtered properties files.
[INFO] Copying 2 resources
[INFO] Copying 1 resource
[INFO] Copying 1 resource
[INFO] The encoding used to copy filtered properties files have not been set. This means that the same encoding will be used to copy filtered properties files as when copying other filtered resources. This might not be what you want! Run your build with --debug to see which files might be affected. Read more at https://maven.apache.org/plugins/maven-resources-plugin/examples/filtering-properties-files.html
[INFO] 
[INFO] --- flatten-maven-plugin:1.2.5:flatten (flatten) @ remoting ---
[INFO] Generating flattened POM of project org.jenkins-ci.main:remoting:jar:4.7-SNAPSHOT...
[INFO] 
[INFO] --- maven-compiler-plugin:3.8.1:compile (default-compile) @ remoting ---
[INFO] Changes detected - recompiling the module!
[INFO] Compiling 185 source files to /home/alex/Repositories/remoting/target/classes
[INFO] /home/alex/Repositories/remoting/src/main/java/hudson/remoting/jnlp/MainDialog.java: Some input files use or override a deprecated API.
[INFO] /home/alex/Repositories/remoting/src/main/java/hudson/remoting/jnlp/MainDialog.java: Recompile with -Xlint:deprecation for details.
[INFO] /home/alex/Repositories/remoting/src/main/java/hudson/remoting/Request.java: Some input files use unchecked or unsafe operations.
[INFO] /home/alex/Repositories/remoting/src/main/java/hudson/remoting/Request.java: Recompile with -Xlint:unchecked for details.
[INFO] 
[INFO] --- maven-resources-plugin:3.2.0:testResources (default-testResources) @ remoting ---
[INFO] Using 'UTF-8' encoding to copy filtered resources.
[INFO] Using 'UTF-8' encoding to copy filtered properties files.
[INFO] Copying 6 resources
[INFO] 
[INFO] --- maven-compiler-plugin:3.8.1:testCompile (default-testCompile) @ remoting ---
[INFO] Changes detected - recompiling the module!
[INFO] Compiling 110 source files to /home/alex/Repositories/remoting/target/test-classes
[INFO] /home/alex/Repositories/remoting/src/test/java/org/jenkinsci/remoting/protocol/impl/AckFilterLayerTest.java: Some input files use or override a deprecated API.
[INFO] /home/alex/Repositories/remoting/src/test/java/org/jenkinsci/remoting/protocol/impl/AckFilterLayerTest.java: Recompile with -Xlint:deprecation for details.
[INFO] /home/alex/Repositories/remoting/src/test/java/org/jenkinsci/remoting/protocol/ProtocolStackTest.java: Some input files use unchecked or unsafe operations.
[INFO] /home/alex/Repositories/remoting/src/test/java/org/jenkinsci/remoting/protocol/ProtocolStackTest.java: Recompile with -Xlint:unchecked for details.
[INFO] 
[INFO] --- animal-sniffer-maven-plugin:1.19:check (check) @ remoting ---
[INFO] Resolved signature org.codehaus.mojo.signature:java18 version as 1.0 from dependencyManagement
[INFO] Checking unresolved references to org.codehaus.mojo.signature:java18:1.0
[INFO] 
[INFO] --- maven-dependency-plugin:3.1.2:copy (resgen) @ remoting ---
[INFO] Configured Artifact: org.jenkins-ci:remoting-test-client:1.0:jar
[INFO] Configured Artifact: org.jenkins-ci:remoting-test-client:tests:1.0:jar
[INFO] org.jenkins-ci:remoting-test-client:1.0:jar already exists in /home/alex/Repositories/remoting/target/test-classes
[INFO] org.jenkins-ci:remoting-test-client:tests:1.0:jar already exists in /home/alex/Repositories/remoting/target/test-classes
[INFO] 
[INFO] --- maven-surefire-plugin:3.0.0-M5:test (default-test) @ remoting ---
[INFO] 
[INFO] -------------------------------------------------------
[INFO]  T E S T S
[INFO] -------------------------------------------------------
[INFO] Running hudson.remoting.PipeTest
[INFO] Tests run: 36, Failures: 0, Errors: 0, Skipped: 0, Time elapsed: 35.082 s - in hudson.remoting.PipeTest
[INFO] Running hudson.remoting.FileSystemJarCacheTest
[INFO] Tests run: 6, Failures: 0, Errors: 0, Skipped: 0, Time elapsed: 0.199 s - in hudson.remoting.FileSystemJarCacheTest
[INFO] Running hudson.remoting.SingleLaneExecutorServiceTest
[INFO] Tests run: 2, Failures: 0, Errors: 0, Skipped: 0, Time elapsed: 3.754 s - in hudson.remoting.SingleLaneExecutorServiceTest
[INFO] Running hudson.remoting.ClassFilterTest
[INFO] Tests run: 6, Failures: 0, Errors: 0, Skipped: 0, Time elapsed: 1.204 s - in hudson.remoting.ClassFilterTest
[INFO] Running hudson.remoting.RemoteInputStreamTest
[INFO] Tests run: 24, Failures: 0, Errors: 0, Skipped: 0, Time elapsed: 10.993 s - in hudson.remoting.RemoteInputStreamTest
[INFO] Running hudson.remoting.PrefetchingTest
[INFO] Tests run: 7, Failures: 0, Errors: 0, Skipped: 0, Time elapsed: 0.316 s - in hudson.remoting.PrefetchingTest
[INFO] Running hudson.remoting.FlightRecorderInputStreamTest
[INFO] Tests run: 2, Failures: 0, Errors: 0, Skipped: 0, Time elapsed: 0.102 s - in hudson.remoting.FlightRecorderInputStreamTest
[INFO] Running hudson.remoting.NonSerializableExceptionTest
[INFO] Tests run: 1, Failures: 0, Errors: 0, Skipped: 0, Time elapsed: 0.011 s - in hudson.remoting.NonSerializableExceptionTest
[INFO] Running hudson.remoting.LauncherTest
[INFO] Tests run: 5, Failures: 0, Errors: 0, Skipped: 0, Time elapsed: 0.04 s - in hudson.remoting.LauncherTest
[INFO] Running hudson.remoting.DiagnosedStreamCorruptionExceptionTest
[INFO] Tests run: 2, Failures: 0, Errors: 0, Skipped: 0, Time elapsed: 1.003 s - in hudson.remoting.DiagnosedStreamCorruptionExceptionTest
[INFO] Running hudson.remoting.ChecksumTest
[INFO] Tests run: 1, Failures: 0, Errors: 0, Skipped: 0, Time elapsed: 0.005 s - in hudson.remoting.ChecksumTest
[INFO] Running hudson.remoting.ChannelFilterTest
[INFO] Tests run: 2, Failures: 0, Errors: 0, Skipped: 0, Time elapsed: 0.027 s - in hudson.remoting.ChannelFilterTest
[INFO] Running hudson.remoting.NoProxyEvaluatorTest
[INFO] Tests run: 30, Failures: 0, Errors: 0, Skipped: 0, Time elapsed: 0.013 s - in hudson.remoting.NoProxyEvaluatorTest
[INFO] Running hudson.remoting.ExportTableTest
[INFO] Tests run: 1, Failures: 0, Errors: 0, Skipped: 0, Time elapsed: 0.004 s - in hudson.remoting.ExportTableTest
[INFO] Running hudson.remoting.PrefetchTest
[WARNING] Tests run: 1, Failures: 0, Errors: 0, Skipped: 1, Time elapsed: 0.003 s - in hudson.remoting.PrefetchTest
[INFO] Running hudson.remoting.DefaultClassFilterTest
[INFO] Tests run: 4, Failures: 0, Errors: 0, Skipped: 0, Time elapsed: 9.289 s - in hudson.remoting.DefaultClassFilterTest
[INFO] Running hudson.remoting.SimpleTest
[INFO] Tests run: 36, Failures: 0, Errors: 0, Skipped: 0, Time elapsed: 16.806 s - in hudson.remoting.SimpleTest
[INFO] Running hudson.remoting.ClassRemotingTest
[INFO] Tests run: 30, Failures: 0, Errors: 0, Skipped: 0, Time elapsed: 23.651 s - in hudson.remoting.ClassRemotingTest
[INFO] Running hudson.remoting.PipeWriterTest
[INFO] Tests run: 6, Failures: 0, Errors: 0, Skipped: 0, Time elapsed: 18.062 s - in hudson.remoting.PipeWriterTest
[INFO] Running hudson.remoting.HexDumpTest
[INFO] Tests run: 2, Failures: 0, Errors: 0, Skipped: 0, Time elapsed: 0 s - in hudson.remoting.HexDumpTest
[INFO] Running hudson.remoting.ChannelTest
[INFO] Tests run: 11, Failures: 0, Errors: 0, Skipped: 0, Time elapsed: 8.301 s - in hudson.remoting.ChannelTest
[INFO] Running hudson.remoting.DeadRemoteOutputStreamTest
[INFO] Tests run: 1, Failures: 0, Errors: 0, Skipped: 0, Time elapsed: 1.043 s - in hudson.remoting.DeadRemoteOutputStreamTest
[INFO] Running hudson.remoting.BinarySafeStreamTest
[INFO] Tests run: 5, Failures: 0, Errors: 0, Skipped: 0, Time elapsed: 0.386 s - in hudson.remoting.BinarySafeStreamTest
[INFO] Running hudson.remoting.EngineTest
[INFO] Tests run: 5, Failures: 0, Errors: 0, Skipped: 0, Time elapsed: 0.018 s - in hudson.remoting.EngineTest
[INFO] Running hudson.remoting.UtilTest
[INFO] Tests run: 1, Failures: 0, Errors: 0, Skipped: 0, Time elapsed: 0.001 s - in hudson.remoting.UtilTest
[INFO] Running hudson.remoting.ChunkedInputStreamTest
[INFO] Tests run: 2, Failures: 0, Errors: 0, Skipped: 0, Time elapsed: 1.087 s - in hudson.remoting.ChunkedInputStreamTest
[INFO] Running hudson.remoting.URLDeserializatinHelperTest
[INFO] Tests run: 1, Failures: 0, Errors: 0, Skipped: 0, Time elapsed: 0.116 s - in hudson.remoting.URLDeserializatinHelperTest
[INFO] Running hudson.remoting.DummyClassLoaderTest
[INFO] Tests run: 1, Failures: 0, Errors: 0, Skipped: 0, Time elapsed: 0.002 s - in hudson.remoting.DummyClassLoaderTest
[INFO] Running hudson.remoting.ProxyWriterTest
[INFO] Tests run: 18, Failures: 0, Errors: 0, Skipped: 0, Time elapsed: 12.052 s - in hudson.remoting.ProxyWriterTest
[INFO] Running hudson.remoting.RemoteInvocationHandlerTest
[INFO] Tests run: 4, Failures: 0, Errors: 0, Skipped: 0, Time elapsed: 0.027 s - in hudson.remoting.RemoteInvocationHandlerTest
[INFO] Running org.jenkinsci.remoting.engine.WorkDirManagerTest
[INFO] Tests run: 18, Failures: 0, Errors: 0, Skipped: 0, Time elapsed: 0.022 s - in org.jenkinsci.remoting.engine.WorkDirManagerTest
[INFO] Running org.jenkinsci.remoting.engine.JnlpProtocolHandlerTest
[INFO] Tests run: 7, Failures: 0, Errors: 0, Skipped: 0, Time elapsed: 2.3 s - in org.jenkinsci.remoting.engine.JnlpProtocolHandlerTest
[INFO] Running org.jenkinsci.remoting.engine.HostPortTest
[INFO] Tests run: 19, Failures: 0, Errors: 0, Skipped: 0, Time elapsed: 0.002 s - in org.jenkinsci.remoting.engine.HostPortTest
[INFO] Running org.jenkinsci.remoting.org.apache.commons.net.util.SubnetUtilsTest
[INFO] Tests run: 11, Failures: 0, Errors: 0, Skipped: 0, Time elapsed: 0.002 s - in org.jenkinsci.remoting.org.apache.commons.net.util.SubnetUtilsTest
[INFO] Running org.jenkinsci.remoting.org.apache.commons.validator.routines.InetAddressValidatorTest
[INFO] Tests run: 6, Failures: 0, Errors: 0, Skipped: 0, Time elapsed: 0.002 s - in org.jenkinsci.remoting.org.apache.commons.validator.routines.InetAddressValidatorTest
[INFO] Running org.jenkinsci.remoting.org.apache.commons.validator.routines.RegexValidatorTest
[INFO] Tests run: 7, Failures: 0, Errors: 0, Skipped: 0, Time elapsed: 0.001 s - in org.jenkinsci.remoting.org.apache.commons.validator.routines.RegexValidatorTest
[INFO] Running org.jenkinsci.remoting.protocol.IOHubTest
[INFO] Tests run: 6, Failures: 0, Errors: 0, Skipped: 0, Time elapsed: 0.239 s - in org.jenkinsci.remoting.protocol.IOHubTest
[INFO] Running org.jenkinsci.remoting.protocol.ProtocolStackTest
[INFO] Tests run: 3, Failures: 0, Errors: 0, Skipped: 0, Time elapsed: 0.013 s - in org.jenkinsci.remoting.protocol.ProtocolStackTest
[INFO] Running org.jenkinsci.remoting.protocol.cert.PublicKeyMatchingX509ExtendedTrustManagerTest
[INFO] Tests run: 31, Failures: 0, Errors: 0, Skipped: 0, Time elapsed: 0.327 s - in org.jenkinsci.remoting.protocol.cert.PublicKeyMatchingX509ExtendedTrustManagerTest
[INFO] Running org.jenkinsci.remoting.protocol.cert.BlindTrustX509ExtendedTrustManagerTest
[INFO] Tests run: 25, Failures: 0, Errors: 0, Skipped: 0, Time elapsed: 0.114 s - in org.jenkinsci.remoting.protocol.cert.BlindTrustX509ExtendedTrustManagerTest
[INFO] Running org.jenkinsci.remoting.protocol.cert.ValidityCheckingX509ExtendedTrustManagerTest
[INFO] Tests run: 31, Failures: 0, Errors: 0, Skipped: 0, Time elapsed: 0.096 s - in org.jenkinsci.remoting.protocol.cert.ValidityCheckingX509ExtendedTrustManagerTest
[INFO] Running org.jenkinsci.remoting.protocol.impl.ConnectionHeadersTest
[INFO] Tests run: 28, Failures: 0, Errors: 0, Skipped: 0, Time elapsed: 0.003 s - in org.jenkinsci.remoting.protocol.impl.ConnectionHeadersTest
[INFO] Running org.jenkinsci.remoting.protocol.impl.SSLEngineFilterLayerTest
[INFO] Tests run: 21, Failures: 0, Errors: 0, Skipped: 0, Time elapsed: 5.999 s - in org.jenkinsci.remoting.protocol.impl.SSLEngineFilterLayerTest
[INFO] Running org.jenkinsci.remoting.protocol.impl.NetworkLayerTest
[INFO] Tests run: 1, Failures: 0, Errors: 0, Skipped: 0, Time elapsed: 0.006 s - in org.jenkinsci.remoting.protocol.impl.NetworkLayerTest
[INFO] Running org.jenkinsci.remoting.protocol.impl.ConnectionHeadersFilterLayerTest
[INFO] Tests run: 9, Failures: 0, Errors: 0, Skipped: 0, Time elapsed: 0.085 s - in org.jenkinsci.remoting.protocol.impl.ConnectionHeadersFilterLayerTest
[INFO] Running org.jenkinsci.remoting.protocol.impl.AckFilterLayerTest
[INFO] Tests run: 4, Failures: 0, Errors: 0, Skipped: 0, Time elapsed: 0.361 s - in org.jenkinsci.remoting.protocol.impl.AckFilterLayerTest
[INFO] Running org.jenkinsci.remoting.protocol.ProtocolStackImplTest
[INFO] Tests run: 23, Failures: 0, Errors: 0, Skipped: 0, Time elapsed: 7.506 s - in org.jenkinsci.remoting.protocol.ProtocolStackImplTest
[INFO] Running org.jenkinsci.remoting.util.SettableFutureTest
[INFO] Tests run: 9, Failures: 0, Errors: 0, Skipped: 0, Time elapsed: 0.007 s - in org.jenkinsci.remoting.util.SettableFutureTest
[INFO] Running org.jenkinsci.remoting.util.ByteBufferQueueOutputStreamTest
[INFO] Tests run: 3, Failures: 0, Errors: 0, Skipped: 0, Time elapsed: 0 s - in org.jenkinsci.remoting.util.ByteBufferQueueOutputStreamTest
[INFO] Running org.jenkinsci.remoting.util.FastByteBufferQueueInputStreamTest
[INFO] Tests run: 7, Failures: 0, Errors: 0, Skipped: 0, Time elapsed: 0.001 s - in org.jenkinsci.remoting.util.FastByteBufferQueueInputStreamTest
[INFO] Running org.jenkinsci.remoting.util.ByteBufferQueueInputStreamTest
[INFO] Tests run: 7, Failures: 0, Errors: 0, Skipped: 0, Time elapsed: 0 s - in org.jenkinsci.remoting.util.ByteBufferQueueInputStreamTest
[INFO] Running org.jenkinsci.remoting.util.VersionNumberTest
[INFO] Tests run: 6, Failures: 0, Errors: 0, Skipped: 0, Time elapsed: 0.005 s - in org.jenkinsci.remoting.util.VersionNumberTest
[INFO] Running org.jenkinsci.remoting.util.ByteBufferQueueTest
[INFO] Tests run: 23, Failures: 0, Errors: 0, Skipped: 0, Time elapsed: 0.017 s - in org.jenkinsci.remoting.util.ByteBufferQueueTest
[INFO] Running org.jenkinsci.remoting.nio.FifoBufferTest
[INFO] Tests run: 5, Failures: 0, Errors: 0, Skipped: 0, Time elapsed: 0.001 s - in org.jenkinsci.remoting.nio.FifoBufferTest
[INFO] 
[INFO] Results:
[INFO] 
[WARNING] Tests run: 563, Failures: 0, Errors: 0, Skipped: 1
[INFO] 
[INFO] ------------------------------------------------------------------------
[INFO] BUILD SUCCESS
[INFO] ------------------------------------------------------------------------
[INFO] Total time:  02:49 min
[INFO] Finished at: 2024-05-02T17:32:54+01:00
[INFO] ------------------------------------------------------------------------
[INFO] Scanning for projects...
[WARNING] 
[WARNING] Some problems were encountered while building the effective model for org.jenkins-ci.main:remoting:jar:4.7-SNAPSHOT
[WARNING] 'build.plugins.plugin.version' for org.apache.maven.plugins:maven-jarsigner-plugin is missing. @ org.jenkins-ci.main:remoting:${revision}${changelist}, /home/alex/Repositories/remoting/pom.xml, line 302, column 15
[WARNING] 
[WARNING] It is highly recommended to fix these problems because they threaten the stability of your build.
[WARNING] 
[WARNING] For this reason, future Maven versions might no longer support building such malformed projects.
[WARNING] 
[INFO] 
[INFO] --------------------< org.jenkins-ci.main:remoting >--------------------
[INFO] Building Jenkins remoting layer 4.7-SNAPSHOT
[INFO] --------------------------------[ jar ]---------------------------------
[INFO] 
[INFO] --- build-helper-maven-plugin:3.2.0:timestamp-property (timestamp-property) @ remoting ---
[INFO] 
[INFO] --- build-helper-maven-plugin:3.2.0:regex-property (user.name) @ remoting ---
[INFO] No match to regex '([$\\])' found in 'alex'. The initial value 'alex' is left as-is...
[INFO] 
[INFO] --- build-helper-maven-plugin:3.2.0:regex-property (version-property) @ remoting ---
[INFO] 
[INFO] --- maven-enforcer-plugin:3.0.0-M3:display-info (display-info) @ remoting ---
[INFO] Maven Version: 3.6.3
[INFO] JDK Version: 1.8.0_402 normalized as: 1.8.0-402
[INFO] OS Info: Arch: amd64 Family: unix Name: linux Version: 6.5.0-28-generic
[INFO] 
[INFO] --- maven-enforcer-plugin:3.0.0-M3:enforce (display-info) @ remoting ---
[INFO] Adding ignore: module-info
[INFO] 
[INFO] --- build-helper-maven-plugin:3.2.0:add-source (add-source) @ remoting ---
[INFO] Source directory: /home/alex/Repositories/remoting/target/generated-sources/localizer added.
[INFO] 
[INFO] --- maven-resources-plugin:3.2.0:resources (default-resources) @ remoting ---
[INFO] Using 'UTF-8' encoding to copy filtered resources.
[INFO] Using 'UTF-8' encoding to copy filtered properties files.
[INFO] Copying 2 resources
[INFO] Copying 1 resource
[INFO] Copying 1 resource
[INFO] The encoding used to copy filtered properties files have not been set. This means that the same encoding will be used to copy filtered properties files as when copying other filtered resources. This might not be what you want! Run your build with --debug to see which files might be affected. Read more at https://maven.apache.org/plugins/maven-resources-plugin/examples/filtering-properties-files.html
[INFO] 
[INFO] --- flatten-maven-plugin:1.2.5:flatten (flatten) @ remoting ---
[INFO] Generating flattened POM of project org.jenkins-ci.main:remoting:jar:4.7-SNAPSHOT...
[INFO] 
[INFO] --- maven-compiler-plugin:3.8.1:compile (default-compile) @ remoting ---
[INFO] Changes detected - recompiling the module!
[INFO] Compiling 185 source files to /home/alex/Repositories/remoting/target/classes
[INFO] /home/alex/Repositories/remoting/src/main/java/hudson/remoting/jnlp/MainDialog.java: Some input files use or override a deprecated API.
[INFO] /home/alex/Repositories/remoting/src/main/java/hudson/remoting/jnlp/MainDialog.java: Recompile with -Xlint:deprecation for details.
[INFO] /home/alex/Repositories/remoting/src/main/java/hudson/remoting/Request.java: Some input files use unchecked or unsafe operations.
[INFO] /home/alex/Repositories/remoting/src/main/java/hudson/remoting/Request.java: Recompile with -Xlint:unchecked for details.
[INFO] 
[INFO] --- maven-resources-plugin:3.2.0:testResources (default-testResources) @ remoting ---
[INFO] Using 'UTF-8' encoding to copy filtered resources.
[INFO] Using 'UTF-8' encoding to copy filtered properties files.
[INFO] Copying 6 resources
[INFO] 
[INFO] --- maven-compiler-plugin:3.8.1:testCompile (default-testCompile) @ remoting ---
[INFO] Changes detected - recompiling the module!
[INFO] Compiling 110 source files to /home/alex/Repositories/remoting/target/test-classes
[INFO] /home/alex/Repositories/remoting/src/test/java/org/jenkinsci/remoting/protocol/impl/AckFilterLayerTest.java: Some input files use or override a deprecated API.
[INFO] /home/alex/Repositories/remoting/src/test/java/org/jenkinsci/remoting/protocol/impl/AckFilterLayerTest.java: Recompile with -Xlint:deprecation for details.
[INFO] /home/alex/Repositories/remoting/src/test/java/org/jenkinsci/remoting/protocol/ProtocolStackTest.java: Some input files use unchecked or unsafe operations.
[INFO] /home/alex/Repositories/remoting/src/test/java/org/jenkinsci/remoting/protocol/ProtocolStackTest.java: Recompile with -Xlint:unchecked for details.
[INFO] 
[INFO] --- animal-sniffer-maven-plugin:1.19:check (check) @ remoting ---
[INFO] Resolved signature org.codehaus.mojo.signature:java18 version as 1.0 from dependencyManagement
[INFO] Checking unresolved references to org.codehaus.mojo.signature:java18:1.0
[INFO] 
[INFO] --- maven-dependency-plugin:3.1.2:copy (resgen) @ remoting ---
[INFO] Configured Artifact: org.jenkins-ci:remoting-test-client:1.0:jar
[INFO] Configured Artifact: org.jenkins-ci:remoting-test-client:tests:1.0:jar
[INFO] org.jenkins-ci:remoting-test-client:1.0:jar already exists in /home/alex/Repositories/remoting/target/test-classes
[INFO] org.jenkins-ci:remoting-test-client:tests:1.0:jar already exists in /home/alex/Repositories/remoting/target/test-classes
[INFO] 
[INFO] --- maven-surefire-plugin:3.0.0-M5:test (default-test) @ remoting ---
[INFO] 
[INFO] -------------------------------------------------------
[INFO]  T E S T S
[INFO] -------------------------------------------------------
[INFO] Running hudson.remoting.PipeTest
[INFO] Tests run: 36, Failures: 0, Errors: 0, Skipped: 0, Time elapsed: 33.081 s - in hudson.remoting.PipeTest
[INFO] Running hudson.remoting.FileSystemJarCacheTest
[INFO] Tests run: 6, Failures: 0, Errors: 0, Skipped: 0, Time elapsed: 0.173 s - in hudson.remoting.FileSystemJarCacheTest
[INFO] Running hudson.remoting.SingleLaneExecutorServiceTest
[INFO] Tests run: 2, Failures: 0, Errors: 0, Skipped: 0, Time elapsed: 3.766 s - in hudson.remoting.SingleLaneExecutorServiceTest
[INFO] Running hudson.remoting.ClassFilterTest
[INFO] Tests run: 6, Failures: 0, Errors: 0, Skipped: 0, Time elapsed: 1.178 s - in hudson.remoting.ClassFilterTest
[INFO] Running hudson.remoting.RemoteInputStreamTest
[INFO] Tests run: 24, Failures: 0, Errors: 0, Skipped: 0, Time elapsed: 9.953 s - in hudson.remoting.RemoteInputStreamTest
[INFO] Running hudson.remoting.PrefetchingTest
[INFO] Tests run: 7, Failures: 0, Errors: 0, Skipped: 0, Time elapsed: 0.267 s - in hudson.remoting.PrefetchingTest
[INFO] Running hudson.remoting.FlightRecorderInputStreamTest
[INFO] Tests run: 2, Failures: 0, Errors: 0, Skipped: 0, Time elapsed: 0.033 s - in hudson.remoting.FlightRecorderInputStreamTest
[INFO] Running hudson.remoting.NonSerializableExceptionTest
[INFO] Tests run: 1, Failures: 0, Errors: 0, Skipped: 0, Time elapsed: 0.007 s - in hudson.remoting.NonSerializableExceptionTest
[INFO] Running hudson.remoting.LauncherTest
[INFO] Tests run: 5, Failures: 0, Errors: 0, Skipped: 0, Time elapsed: 0.03 s - in hudson.remoting.LauncherTest
[INFO] Running hudson.remoting.DiagnosedStreamCorruptionExceptionTest
[INFO] Tests run: 2, Failures: 0, Errors: 0, Skipped: 0, Time elapsed: 1.004 s - in hudson.remoting.DiagnosedStreamCorruptionExceptionTest
[INFO] Running hudson.remoting.ChecksumTest
[INFO] Tests run: 1, Failures: 0, Errors: 0, Skipped: 0, Time elapsed: 0.004 s - in hudson.remoting.ChecksumTest
[INFO] Running hudson.remoting.ChannelFilterTest
[INFO] Tests run: 2, Failures: 0, Errors: 0, Skipped: 0, Time elapsed: 0.024 s - in hudson.remoting.ChannelFilterTest
[INFO] Running hudson.remoting.NoProxyEvaluatorTest
[INFO] Tests run: 30, Failures: 0, Errors: 0, Skipped: 0, Time elapsed: 0.014 s - in hudson.remoting.NoProxyEvaluatorTest
[INFO] Running hudson.remoting.ExportTableTest
[INFO] Tests run: 1, Failures: 0, Errors: 0, Skipped: 0, Time elapsed: 0.004 s - in hudson.remoting.ExportTableTest
[INFO] Running hudson.remoting.PrefetchTest
[WARNING] Tests run: 1, Failures: 0, Errors: 0, Skipped: 1, Time elapsed: 0.004 s - in hudson.remoting.PrefetchTest
[INFO] Running hudson.remoting.DefaultClassFilterTest
[INFO] Tests run: 4, Failures: 0, Errors: 0, Skipped: 0, Time elapsed: 8.445 s - in hudson.remoting.DefaultClassFilterTest
[INFO] Running hudson.remoting.SimpleTest
[INFO] Tests run: 36, Failures: 0, Errors: 0, Skipped: 0, Time elapsed: 13.403 s - in hudson.remoting.SimpleTest
[INFO] Running hudson.remoting.ClassRemotingTest
[INFO] Tests run: 30, Failures: 0, Errors: 0, Skipped: 0, Time elapsed: 20.852 s - in hudson.remoting.ClassRemotingTest
[INFO] Running hudson.remoting.PipeWriterTest
[INFO] Tests run: 6, Failures: 0, Errors: 0, Skipped: 0, Time elapsed: 18.042 s - in hudson.remoting.PipeWriterTest
[INFO] Running hudson.remoting.HexDumpTest
[INFO] Tests run: 2, Failures: 0, Errors: 0, Skipped: 0, Time elapsed: 0 s - in hudson.remoting.HexDumpTest
[INFO] Running hudson.remoting.ChannelTest
[INFO] Tests run: 11, Failures: 0, Errors: 0, Skipped: 0, Time elapsed: 7.58 s - in hudson.remoting.ChannelTest
[INFO] Running hudson.remoting.DeadRemoteOutputStreamTest
[INFO] Tests run: 1, Failures: 0, Errors: 0, Skipped: 0, Time elapsed: 1.037 s - in hudson.remoting.DeadRemoteOutputStreamTest
[INFO] Running hudson.remoting.BinarySafeStreamTest
[INFO] Tests run: 5, Failures: 0, Errors: 0, Skipped: 0, Time elapsed: 0.328 s - in hudson.remoting.BinarySafeStreamTest
[INFO] Running hudson.remoting.EngineTest
[INFO] Tests run: 5, Failures: 0, Errors: 0, Skipped: 0, Time elapsed: 0.021 s - in hudson.remoting.EngineTest
[INFO] Running hudson.remoting.UtilTest
[INFO] Tests run: 1, Failures: 0, Errors: 0, Skipped: 0, Time elapsed: 0.001 s - in hudson.remoting.UtilTest
[INFO] Running hudson.remoting.ChunkedInputStreamTest
[INFO] Tests run: 2, Failures: 0, Errors: 0, Skipped: 0, Time elapsed: 0.963 s - in hudson.remoting.ChunkedInputStreamTest
[INFO] Running hudson.remoting.URLDeserializatinHelperTest
[INFO] Tests run: 1, Failures: 0, Errors: 0, Skipped: 0, Time elapsed: 0.092 s - in hudson.remoting.URLDeserializatinHelperTest
[INFO] Running hudson.remoting.DummyClassLoaderTest
[INFO] Tests run: 1, Failures: 0, Errors: 0, Skipped: 0, Time elapsed: 0.002 s - in hudson.remoting.DummyClassLoaderTest
[INFO] Running hudson.remoting.ProxyWriterTest
[INFO] Tests run: 18, Failures: 0, Errors: 0, Skipped: 0, Time elapsed: 10.431 s - in hudson.remoting.ProxyWriterTest
[INFO] Running hudson.remoting.RemoteInvocationHandlerTest
[INFO] Tests run: 4, Failures: 0, Errors: 0, Skipped: 0, Time elapsed: 0.025 s - in hudson.remoting.RemoteInvocationHandlerTest
[INFO] Running org.jenkinsci.remoting.engine.WorkDirManagerTest
[INFO] Tests run: 18, Failures: 0, Errors: 0, Skipped: 0, Time elapsed: 0.018 s - in org.jenkinsci.remoting.engine.WorkDirManagerTest
[INFO] Running org.jenkinsci.remoting.engine.JnlpProtocolHandlerTest
[INFO] Tests run: 7, Failures: 0, Errors: 0, Skipped: 0, Time elapsed: 2.074 s - in org.jenkinsci.remoting.engine.JnlpProtocolHandlerTest
[INFO] Running org.jenkinsci.remoting.engine.HostPortTest
[INFO] Tests run: 19, Failures: 0, Errors: 0, Skipped: 0, Time elapsed: 0.002 s - in org.jenkinsci.remoting.engine.HostPortTest
[INFO] Running org.jenkinsci.remoting.org.apache.commons.net.util.SubnetUtilsTest
[INFO] Tests run: 11, Failures: 0, Errors: 0, Skipped: 0, Time elapsed: 0.002 s - in org.jenkinsci.remoting.org.apache.commons.net.util.SubnetUtilsTest
[INFO] Running org.jenkinsci.remoting.org.apache.commons.validator.routines.InetAddressValidatorTest
[INFO] Tests run: 6, Failures: 0, Errors: 0, Skipped: 0, Time elapsed: 0.004 s - in org.jenkinsci.remoting.org.apache.commons.validator.routines.InetAddressValidatorTest
[INFO] Running org.jenkinsci.remoting.org.apache.commons.validator.routines.RegexValidatorTest
[INFO] Tests run: 7, Failures: 0, Errors: 0, Skipped: 0, Time elapsed: 0.001 s - in org.jenkinsci.remoting.org.apache.commons.validator.routines.RegexValidatorTest
[INFO] Running org.jenkinsci.remoting.protocol.IOHubTest
[INFO] Tests run: 6, Failures: 0, Errors: 0, Skipped: 0, Time elapsed: 0.234 s - in org.jenkinsci.remoting.protocol.IOHubTest
[INFO] Running org.jenkinsci.remoting.protocol.ProtocolStackTest
[INFO] Tests run: 3, Failures: 0, Errors: 0, Skipped: 0, Time elapsed: 0.012 s - in org.jenkinsci.remoting.protocol.ProtocolStackTest
[INFO] Running org.jenkinsci.remoting.protocol.cert.PublicKeyMatchingX509ExtendedTrustManagerTest
[INFO] Tests run: 31, Failures: 0, Errors: 0, Skipped: 0, Time elapsed: 0.204 s - in org.jenkinsci.remoting.protocol.cert.PublicKeyMatchingX509ExtendedTrustManagerTest
[INFO] Running org.jenkinsci.remoting.protocol.cert.BlindTrustX509ExtendedTrustManagerTest
[INFO] Tests run: 25, Failures: 0, Errors: 0, Skipped: 0, Time elapsed: 0.046 s - in org.jenkinsci.remoting.protocol.cert.BlindTrustX509ExtendedTrustManagerTest
[INFO] Running org.jenkinsci.remoting.protocol.cert.ValidityCheckingX509ExtendedTrustManagerTest
[INFO] Tests run: 31, Failures: 0, Errors: 0, Skipped: 0, Time elapsed: 0.137 s - in org.jenkinsci.remoting.protocol.cert.ValidityCheckingX509ExtendedTrustManagerTest
[INFO] Running org.jenkinsci.remoting.protocol.impl.ConnectionHeadersTest
[INFO] Tests run: 28, Failures: 0, Errors: 0, Skipped: 0, Time elapsed: 0.002 s - in org.jenkinsci.remoting.protocol.impl.ConnectionHeadersTest
[INFO] Running org.jenkinsci.remoting.protocol.impl.SSLEngineFilterLayerTest
[INFO] Tests run: 21, Failures: 0, Errors: 0, Skipped: 0, Time elapsed: 6.057 s - in org.jenkinsci.remoting.protocol.impl.SSLEngineFilterLayerTest
[INFO] Running org.jenkinsci.remoting.protocol.impl.NetworkLayerTest
[INFO] Tests run: 1, Failures: 0, Errors: 0, Skipped: 0, Time elapsed: 0.003 s - in org.jenkinsci.remoting.protocol.impl.NetworkLayerTest
[INFO] Running org.jenkinsci.remoting.protocol.impl.ConnectionHeadersFilterLayerTest
[INFO] Tests run: 9, Failures: 0, Errors: 0, Skipped: 0, Time elapsed: 0.078 s - in org.jenkinsci.remoting.protocol.impl.ConnectionHeadersFilterLayerTest
[INFO] Running org.jenkinsci.remoting.protocol.impl.AckFilterLayerTest
[INFO] Tests run: 4, Failures: 0, Errors: 0, Skipped: 0, Time elapsed: 0.311 s - in org.jenkinsci.remoting.protocol.impl.AckFilterLayerTest
[INFO] Running org.jenkinsci.remoting.protocol.ProtocolStackImplTest
[INFO] Tests run: 23, Failures: 0, Errors: 0, Skipped: 0, Time elapsed: 6.984 s - in org.jenkinsci.remoting.protocol.ProtocolStackImplTest
[INFO] Running org.jenkinsci.remoting.util.SettableFutureTest
[INFO] Tests run: 9, Failures: 0, Errors: 0, Skipped: 0, Time elapsed: 0.006 s - in org.jenkinsci.remoting.util.SettableFutureTest
[INFO] Running org.jenkinsci.remoting.util.ByteBufferQueueOutputStreamTest
[INFO] Tests run: 3, Failures: 0, Errors: 0, Skipped: 0, Time elapsed: 0.001 s - in org.jenkinsci.remoting.util.ByteBufferQueueOutputStreamTest
[INFO] Running org.jenkinsci.remoting.util.FastByteBufferQueueInputStreamTest
[INFO] Tests run: 7, Failures: 0, Errors: 0, Skipped: 0, Time elapsed: 0 s - in org.jenkinsci.remoting.util.FastByteBufferQueueInputStreamTest
[INFO] Running org.jenkinsci.remoting.util.ByteBufferQueueInputStreamTest
[INFO] Tests run: 7, Failures: 0, Errors: 0, Skipped: 0, Time elapsed: 0 s - in org.jenkinsci.remoting.util.ByteBufferQueueInputStreamTest
[INFO] Running org.jenkinsci.remoting.util.VersionNumberTest
[INFO] Tests run: 6, Failures: 0, Errors: 0, Skipped: 0, Time elapsed: 0.003 s - in org.jenkinsci.remoting.util.VersionNumberTest
[INFO] Running org.jenkinsci.remoting.util.ByteBufferQueueTest
[INFO] Tests run: 23, Failures: 0, Errors: 0, Skipped: 0, Time elapsed: 0.016 s - in org.jenkinsci.remoting.util.ByteBufferQueueTest
[INFO] Running org.jenkinsci.remoting.nio.FifoBufferTest
[INFO] Tests run: 5, Failures: 0, Errors: 0, Skipped: 0, Time elapsed: 0 s - in org.jenkinsci.remoting.nio.FifoBufferTest
[INFO] 
[INFO] Results:
[INFO] 
[WARNING] Tests run: 563, Failures: 0, Errors: 0, Skipped: 1
[INFO] 
[INFO] ------------------------------------------------------------------------
[INFO] BUILD SUCCESS
[INFO] ------------------------------------------------------------------------
[INFO] Total time:  02:35 min
[INFO] Finished at: 2024-05-02T17:35:33+01:00
[INFO] ------------------------------------------------------------------------
