[INFO] Scanning for projects...
[INFO] 
[INFO] --------------------------< com.alibaba:wasp >--------------------------
[INFO] Building wasp 0.11
[INFO] --------------------------------[ jar ]---------------------------------
[INFO] Downloading from central: https://repo.maven.apache.org/maven2/org/apache/maven/plugins/maven-source-plugin/maven-metadata.xml
[INFO] Downloaded from central: https://repo.maven.apache.org/maven2/org/apache/maven/plugins/maven-source-plugin/maven-metadata.xml (967 B at 2.1 kB/s)
[INFO] Downloading from central: https://repo.maven.apache.org/maven2/org/apache/maven/plugins/maven-source-plugin/3.3.1/maven-source-plugin-3.3.1.pom
[INFO] Downloaded from central: https://repo.maven.apache.org/maven2/org/apache/maven/plugins/maven-source-plugin/3.3.1/maven-source-plugin-3.3.1.pom (6.7 kB at 259 kB/s)
[INFO] Downloading from central: https://repo.maven.apache.org/maven2/org/apache/maven/plugins/maven-plugins/41/maven-plugins-41.pom
[INFO] Downloaded from central: https://repo.maven.apache.org/maven2/org/apache/maven/plugins/maven-plugins/41/maven-plugins-41.pom (7.4 kB at 306 kB/s)
[INFO] Downloading from central: https://repo.maven.apache.org/maven2/org/apache/maven/maven-parent/41/maven-parent-41.pom
[INFO] Downloaded from central: https://repo.maven.apache.org/maven2/org/apache/maven/maven-parent/41/maven-parent-41.pom (50 kB at 1.6 MB/s)
[INFO] Downloading from central: https://repo.maven.apache.org/maven2/org/apache/apache/31/apache-31.pom
[INFO] Downloaded from central: https://repo.maven.apache.org/maven2/org/apache/apache/31/apache-31.pom (24 kB at 1.1 MB/s)
[INFO] Downloading from central: https://repo.maven.apache.org/maven2/org/apache/maven/plugins/maven-source-plugin/3.3.1/maven-source-plugin-3.3.1.jar
[INFO] Downloaded from central: https://repo.maven.apache.org/maven2/org/apache/maven/plugins/maven-source-plugin/3.3.1/maven-source-plugin-3.3.1.jar (32 kB at 1.4 MB/s)
[INFO] Downloading from central: https://repo.maven.apache.org/maven2/org/apache/maven/plugins/maven-antrun-plugin/1.6/maven-antrun-plugin-1.6.pom
[INFO] Downloaded from central: https://repo.maven.apache.org/maven2/org/apache/maven/plugins/maven-antrun-plugin/1.6/maven-antrun-plugin-1.6.pom (4.1 kB at 196 kB/s)
[INFO] Downloading from central: https://repo.maven.apache.org/maven2/org/apache/maven/plugins/maven-plugins/18/maven-plugins-18.pom
[INFO] Downloaded from central: https://repo.maven.apache.org/maven2/org/apache/maven/plugins/maven-plugins/18/maven-plugins-18.pom (13 kB at 619 kB/s)
[INFO] Downloading from central: https://repo.maven.apache.org/maven2/org/apache/maven/plugins/maven-antrun-plugin/1.6/maven-antrun-plugin-1.6.jar
[INFO] Downloaded from central: https://repo.maven.apache.org/maven2/org/apache/maven/plugins/maven-antrun-plugin/1.6/maven-antrun-plugin-1.6.jar (30 kB at 1.3 MB/s)
[INFO] Downloading from central: https://repo.maven.apache.org/maven2/org/codehaus/mojo/build-helper-maven-plugin/1.5/build-helper-maven-plugin-1.5.pom
[INFO] Downloaded from central: https://repo.maven.apache.org/maven2/org/codehaus/mojo/build-helper-maven-plugin/1.5/build-helper-maven-plugin-1.5.pom (4.1 kB at 35 kB/s)
[INFO] Downloading from central: https://repo.maven.apache.org/maven2/org/codehaus/mojo/mojo-parent/23/mojo-parent-23.pom
[INFO] Downloaded from central: https://repo.maven.apache.org/maven2/org/codehaus/mojo/mojo-parent/23/mojo-parent-23.pom (23 kB at 647 kB/s)
[INFO] Downloading from central: https://repo.maven.apache.org/maven2/org/codehaus/mojo/build-helper-maven-plugin/1.5/build-helper-maven-plugin-1.5.jar
[INFO] Downloaded from central: https://repo.maven.apache.org/maven2/org/codehaus/mojo/build-helper-maven-plugin/1.5/build-helper-maven-plugin-1.5.jar (24 kB at 1.1 MB/s)
[INFO] Downloading from central: https://repo.maven.apache.org/maven2/org/apache/maven/plugins/maven-compiler-plugin/2.5.1/maven-compiler-plugin-2.5.1.pom
[INFO] Downloaded from central: https://repo.maven.apache.org/maven2/org/apache/maven/plugins/maven-compiler-plugin/2.5.1/maven-compiler-plugin-2.5.1.pom (7.9 kB at 377 kB/s)
[INFO] Downloading from central: https://repo.maven.apache.org/maven2/org/apache/maven/plugins/maven-compiler-plugin/2.5.1/maven-compiler-plugin-2.5.1.jar
[INFO] Downloaded from central: https://repo.maven.apache.org/maven2/org/apache/maven/plugins/maven-compiler-plugin/2.5.1/maven-compiler-plugin-2.5.1.jar (33 kB at 1.2 MB/s)
[INFO] Downloading from central: https://repo.maven.apache.org/maven2/org/apache/maven/plugins/maven-surefire-plugin/2.13/maven-surefire-plugin-2.13.pom
[INFO] Downloaded from central: https://repo.maven.apache.org/maven2/org/apache/maven/plugins/maven-surefire-plugin/2.13/maven-surefire-plugin-2.13.pom (5.5 kB at 195 kB/s)
[INFO] Downloading from central: https://repo.maven.apache.org/maven2/org/apache/maven/surefire/surefire/2.13/surefire-2.13.pom
[INFO] Downloaded from central: https://repo.maven.apache.org/maven2/org/apache/maven/surefire/surefire/2.13/surefire-2.13.pom (17 kB at 743 kB/s)
[INFO] Downloading from central: https://repo.maven.apache.org/maven2/org/apache/maven/plugins/maven-surefire-plugin/2.13/maven-surefire-plugin-2.13.jar
[INFO] Downloaded from central: https://repo.maven.apache.org/maven2/org/apache/maven/plugins/maven-surefire-plugin/2.13/maven-surefire-plugin-2.13.jar (32 kB at 256 kB/s)
[INFO] Downloading from central: https://repo.maven.apache.org/maven2/org/apache/maven/plugins/maven-dependency-plugin/2.8/maven-dependency-plugin-2.8.pom
[INFO] Downloaded from central: https://repo.maven.apache.org/maven2/org/apache/maven/plugins/maven-dependency-plugin/2.8/maven-dependency-plugin-2.8.pom (11 kB at 521 kB/s)
[INFO] Downloading from central: https://repo.maven.apache.org/maven2/org/apache/maven/plugins/maven-plugins/24/maven-plugins-24.pom
[INFO] Downloaded from central: https://repo.maven.apache.org/maven2/org/apache/maven/plugins/maven-plugins/24/maven-plugins-24.pom (11 kB at 515 kB/s)
[INFO] Downloading from central: https://repo.maven.apache.org/maven2/org/apache/maven/plugins/maven-dependency-plugin/2.8/maven-dependency-plugin-2.8.jar
[INFO] Downloaded from central: https://repo.maven.apache.org/maven2/org/apache/maven/plugins/maven-dependency-plugin/2.8/maven-dependency-plugin-2.8.jar (153 kB at 4.6 MB/s)
[INFO] Downloading from central: https://repo.maven.apache.org/maven2/io/netty/netty/3.5.0.Final/netty-3.5.0.Final.pom
[INFO] Downloaded from central: https://repo.maven.apache.org/maven2/io/netty/netty/3.5.0.Final/netty-3.5.0.Final.pom (26 kB at 1.1 MB/s)
[INFO] Downloading from central: https://repo.maven.apache.org/maven2/org/codehaus/jettison/jettison/1.3.1/jettison-1.3.1.pom
[INFO] Downloaded from central: https://repo.maven.apache.org/maven2/org/codehaus/jettison/jettison/1.3.1/jettison-1.3.1.pom (4.2 kB at 34 kB/s)
[INFO] Downloading from central: https://repo.maven.apache.org/maven2/org/codehaus/codehaus-parent/3/codehaus-parent-3.pom
[INFO] Downloaded from central: https://repo.maven.apache.org/maven2/org/codehaus/codehaus-parent/3/codehaus-parent-3.pom (4.1 kB at 196 kB/s)
[INFO] Downloading from central: https://repo.maven.apache.org/maven2/stax/stax-api/1.0.1/stax-api-1.0.1.pom
[INFO] Downloaded from central: https://repo.maven.apache.org/maven2/stax/stax-api/1.0.1/stax-api-1.0.1.pom (1.5 kB at 76 kB/s)
[INFO] Downloading from central: https://repo.maven.apache.org/maven2/com/yammer/metrics/metrics-core/2.1.2/metrics-core-2.1.2.pom
[INFO] Downloaded from central: https://repo.maven.apache.org/maven2/com/yammer/metrics/metrics-core/2.1.2/metrics-core-2.1.2.pom (1.3 kB at 5.9 kB/s)
[INFO] Downloading from central: https://repo.maven.apache.org/maven2/com/yammer/metrics/metrics-parent/2.1.2/metrics-parent-2.1.2.pom
[INFO] Downloaded from central: https://repo.maven.apache.org/maven2/com/yammer/metrics/metrics-parent/2.1.2/metrics-parent-2.1.2.pom (10 kB at 457 kB/s)
[INFO] Downloading from central: https://repo.maven.apache.org/maven2/org/slf4j/slf4j-api/1.6.4/slf4j-api-1.6.4.pom
[INFO] Downloaded from central: https://repo.maven.apache.org/maven2/org/slf4j/slf4j-api/1.6.4/slf4j-api-1.6.4.pom (2.7 kB at 134 kB/s)
[INFO] Downloading from central: https://repo.maven.apache.org/maven2/org/slf4j/slf4j-parent/1.6.4/slf4j-parent-1.6.4.pom
[INFO] Downloaded from central: https://repo.maven.apache.org/maven2/org/slf4j/slf4j-parent/1.6.4/slf4j-parent-1.6.4.pom (12 kB at 610 kB/s)
[INFO] Downloading from central: https://repo.maven.apache.org/maven2/com/google/guava/guava/12.0.1/guava-12.0.1.pom
[INFO] Downloaded from central: https://repo.maven.apache.org/maven2/com/google/guava/guava/12.0.1/guava-12.0.1.pom (5.3 kB at 266 kB/s)
[INFO] Downloading from central: https://repo.maven.apache.org/maven2/com/google/guava/guava-parent/12.0.1/guava-parent-12.0.1.pom
[INFO] Downloaded from central: https://repo.maven.apache.org/maven2/com/google/guava/guava-parent/12.0.1/guava-parent-12.0.1.pom (2.5 kB at 125 kB/s)
[INFO] Downloading from central: https://repo.maven.apache.org/maven2/com/github/stephenc/high-scale-lib/high-scale-lib/1.1.1/high-scale-lib-1.1.1.pom
[INFO] Downloaded from central: https://repo.maven.apache.org/maven2/com/github/stephenc/high-scale-lib/high-scale-lib/1.1.1/high-scale-lib-1.1.1.pom (933 B at 44 kB/s)
[INFO] Downloading from central: https://repo.maven.apache.org/maven2/com/github/stephenc/high-scale-lib/high-scale-lib-parent/1.1.1/high-scale-lib-parent-1.1.1.pom
[INFO] Downloaded from central: https://repo.maven.apache.org/maven2/com/github/stephenc/high-scale-lib/high-scale-lib-parent/1.1.1/high-scale-lib-parent-1.1.1.pom (4.4 kB at 210 kB/s)
[INFO] Downloading from central: https://repo.maven.apache.org/maven2/commons-codec/commons-codec/1.7/commons-codec-1.7.pom
[INFO] Downloaded from central: https://repo.maven.apache.org/maven2/commons-codec/commons-codec/1.7/commons-codec-1.7.pom (10 kB at 544 kB/s)
[INFO] Downloading from central: https://repo.maven.apache.org/maven2/org/apache/commons/commons-parent/26/commons-parent-26.pom
[INFO] Downloaded from central: https://repo.maven.apache.org/maven2/org/apache/commons/commons-parent/26/commons-parent-26.pom (48 kB at 2.1 MB/s)
[INFO] Downloading from central: https://repo.maven.apache.org/maven2/commons-io/commons-io/2.4/commons-io-2.4.pom
[INFO] Downloaded from central: https://repo.maven.apache.org/maven2/commons-io/commons-io/2.4/commons-io-2.4.pom (10 kB at 508 kB/s)
[INFO] Downloading from central: https://repo.maven.apache.org/maven2/org/apache/commons/commons-parent/25/commons-parent-25.pom
[INFO] Downloaded from central: https://repo.maven.apache.org/maven2/org/apache/commons/commons-parent/25/commons-parent-25.pom (48 kB at 2.3 MB/s)
[INFO] Downloading from central: https://repo.maven.apache.org/maven2/commons-lang/commons-lang/2.6/commons-lang-2.6.pom
[INFO] Downloaded from central: https://repo.maven.apache.org/maven2/commons-lang/commons-lang/2.6/commons-lang-2.6.pom (17 kB at 875 kB/s)
[INFO] Downloading from central: https://repo.maven.apache.org/maven2/org/apache/commons/commons-parent/17/commons-parent-17.pom
[INFO] Downloaded from central: https://repo.maven.apache.org/maven2/org/apache/commons/commons-parent/17/commons-parent-17.pom (31 kB at 1.5 MB/s)
[INFO] Downloading from central: https://repo.maven.apache.org/maven2/org/apache/commons/commons-math/2.1/commons-math-2.1.pom
[INFO] Downloaded from central: https://repo.maven.apache.org/maven2/org/apache/commons/commons-math/2.1/commons-math-2.1.pom (10 kB at 492 kB/s)
[INFO] Downloading from central: https://repo.maven.apache.org/maven2/org/apache/commons/commons-parent/14/commons-parent-14.pom
[INFO] Downloaded from central: https://repo.maven.apache.org/maven2/org/apache/commons/commons-parent/14/commons-parent-14.pom (31 kB at 1.5 MB/s)
[INFO] Downloading from central: https://repo.maven.apache.org/maven2/log4j/log4j/1.2.17/log4j-1.2.17.pom
[INFO] Downloaded from central: https://repo.maven.apache.org/maven2/log4j/log4j/1.2.17/log4j-1.2.17.pom (22 kB at 1.1 MB/s)
[INFO] Downloading from central: https://repo.maven.apache.org/maven2/org/apache/zookeeper/zookeeper/3.4.5/zookeeper-3.4.5.pom
[INFO] Downloaded from central: https://repo.maven.apache.org/maven2/org/apache/zookeeper/zookeeper/3.4.5/zookeeper-3.4.5.pom (3.0 kB at 150 kB/s)
[INFO] Downloading from central: https://repo.maven.apache.org/maven2/org/slf4j/slf4j-api/1.6.1/slf4j-api-1.6.1.pom
[INFO] Downloaded from central: https://repo.maven.apache.org/maven2/org/slf4j/slf4j-api/1.6.1/slf4j-api-1.6.1.pom (3.0 kB at 158 kB/s)
[INFO] Downloading from central: https://repo.maven.apache.org/maven2/org/slf4j/slf4j-parent/1.6.1/slf4j-parent-1.6.1.pom
[INFO] Downloaded from central: https://repo.maven.apache.org/maven2/org/slf4j/slf4j-parent/1.6.1/slf4j-parent-1.6.1.pom (9.3 kB at 466 kB/s)
[INFO] Downloading from central: https://repo.maven.apache.org/maven2/org/slf4j/slf4j-log4j12/1.6.1/slf4j-log4j12-1.6.1.pom
[INFO] Downloaded from central: https://repo.maven.apache.org/maven2/org/slf4j/slf4j-log4j12/1.6.1/slf4j-log4j12-1.6.1.pom (1.7 kB at 83 kB/s)
[INFO] Downloading from central: https://repo.maven.apache.org/maven2/log4j/log4j/1.2.16/log4j-1.2.16.pom
[INFO] Downloaded from central: https://repo.maven.apache.org/maven2/log4j/log4j/1.2.16/log4j-1.2.16.pom (20 kB at 1.0 MB/s)
[INFO] Downloading from central: https://repo.maven.apache.org/maven2/log4j/log4j/1.2.15/log4j-1.2.15.pom
[INFO] Downloaded from central: https://repo.maven.apache.org/maven2/log4j/log4j/1.2.15/log4j-1.2.15.pom (18 kB at 889 kB/s)
[INFO] Downloading from central: https://repo.maven.apache.org/maven2/javax/mail/mail/1.4/mail-1.4.pom
[INFO] Downloaded from central: https://repo.maven.apache.org/maven2/javax/mail/mail/1.4/mail-1.4.pom (993 B at 50 kB/s)
[INFO] Downloading from central: https://repo.maven.apache.org/maven2/javax/activation/activation/1.1/activation-1.1.pom
[INFO] Downloaded from central: https://repo.maven.apache.org/maven2/javax/activation/activation/1.1/activation-1.1.pom (1.1 kB at 48 kB/s)
[INFO] Downloading from central: https://repo.maven.apache.org/maven2/javax/jms/jms/1.1/jms-1.1.pom
[INFO] Downloaded from central: https://repo.maven.apache.org/maven2/javax/jms/jms/1.1/jms-1.1.pom (677 B at 25 kB/s)
[INFO] Downloading from central: https://repo.maven.apache.org/maven2/com/sun/jdmk/jmxtools/1.2.1/jmxtools-1.2.1.pom
[INFO] Downloaded from central: https://repo.maven.apache.org/maven2/com/sun/jdmk/jmxtools/1.2.1/jmxtools-1.2.1.pom (409 B at 15 kB/s)
[INFO] Downloading from central: https://repo.maven.apache.org/maven2/com/sun/jmx/jmxri/1.2.1/jmxri-1.2.1.pom
[INFO] Downloaded from central: https://repo.maven.apache.org/maven2/com/sun/jmx/jmxri/1.2.1/jmxri-1.2.1.pom (155 B at 5.7 kB/s)
[INFO] Downloading from central: https://repo.maven.apache.org/maven2/org/apache/thrift/libthrift/0.8.0/libthrift-0.8.0.pom
[INFO] Downloaded from central: https://repo.maven.apache.org/maven2/org/apache/thrift/libthrift/0.8.0/libthrift-0.8.0.pom (3.3 kB at 127 kB/s)
[INFO] Downloading from central: https://repo.maven.apache.org/maven2/org/slf4j/slf4j-api/1.5.8/slf4j-api-1.5.8.pom
[INFO] Downloaded from central: https://repo.maven.apache.org/maven2/org/slf4j/slf4j-api/1.5.8/slf4j-api-1.5.8.pom (3.0 kB at 115 kB/s)
[INFO] Downloading from central: https://repo.maven.apache.org/maven2/org/slf4j/slf4j-parent/1.5.8/slf4j-parent-1.5.8.pom
[INFO] Downloaded from central: https://repo.maven.apache.org/maven2/org/slf4j/slf4j-parent/1.5.8/slf4j-parent-1.5.8.pom (8.1 kB at 324 kB/s)
[INFO] Downloading from central: https://repo.maven.apache.org/maven2/commons-lang/commons-lang/2.5/commons-lang-2.5.pom
[INFO] Downloaded from central: https://repo.maven.apache.org/maven2/commons-lang/commons-lang/2.5/commons-lang-2.5.pom (17 kB at 659 kB/s)
[INFO] Downloading from central: https://repo.maven.apache.org/maven2/org/apache/commons/commons-parent/12/commons-parent-12.pom
[INFO] Downloaded from central: https://repo.maven.apache.org/maven2/org/apache/commons/commons-parent/12/commons-parent-12.pom (27 kB at 928 kB/s)
[INFO] Downloading from central: https://repo.maven.apache.org/maven2/org/apache/httpcomponents/httpclient/4.1.2/httpclient-4.1.2.pom
[INFO] Downloaded from central: https://repo.maven.apache.org/maven2/org/apache/httpcomponents/httpclient/4.1.2/httpclient-4.1.2.pom (6.0 kB at 230 kB/s)
[INFO] Downloading from central: https://repo.maven.apache.org/maven2/org/apache/httpcomponents/httpcomponents-client/4.1.2/httpcomponents-client-4.1.2.pom
[INFO] Downloaded from central: https://repo.maven.apache.org/maven2/org/apache/httpcomponents/httpcomponents-client/4.1.2/httpcomponents-client-4.1.2.pom (11 kB at 438 kB/s)
[INFO] Downloading from central: https://repo.maven.apache.org/maven2/org/apache/httpcomponents/project/4.1.1/project-4.1.1.pom
[INFO] Downloaded from central: https://repo.maven.apache.org/maven2/org/apache/httpcomponents/project/4.1.1/project-4.1.1.pom (17 kB at 599 kB/s)
[INFO] Downloading from central: https://repo.maven.apache.org/maven2/org/apache/httpcomponents/httpcore/4.1.2/httpcore-4.1.2.pom
[INFO] Downloaded from central: https://repo.maven.apache.org/maven2/org/apache/httpcomponents/httpcore/4.1.2/httpcore-4.1.2.pom (7.4 kB at 284 kB/s)
[INFO] Downloading from central: https://repo.maven.apache.org/maven2/org/apache/httpcomponents/httpcomponents-core/4.1.2/httpcomponents-core-4.1.2.pom
[INFO] Downloaded from central: https://repo.maven.apache.org/maven2/org/apache/httpcomponents/httpcomponents-core/4.1.2/httpcomponents-core-4.1.2.pom (9.8 kB at 350 kB/s)
[INFO] Downloading from central: https://repo.maven.apache.org/maven2/commons-codec/commons-codec/1.4/commons-codec-1.4.pom
[INFO] Downloaded from central: https://repo.maven.apache.org/maven2/commons-codec/commons-codec/1.4/commons-codec-1.4.pom (10 kB at 375 kB/s)
[INFO] Downloading from central: https://repo.maven.apache.org/maven2/org/apache/httpcomponents/httpcore/4.1.3/httpcore-4.1.3.pom
[INFO] Downloaded from central: https://repo.maven.apache.org/maven2/org/apache/httpcomponents/httpcore/4.1.3/httpcore-4.1.3.pom (7.4 kB at 274 kB/s)
[INFO] Downloading from central: https://repo.maven.apache.org/maven2/org/apache/httpcomponents/httpcomponents-core/4.1.3/httpcomponents-core-4.1.3.pom
[INFO] Downloaded from central: https://repo.maven.apache.org/maven2/org/apache/httpcomponents/httpcomponents-core/4.1.3/httpcomponents-core-4.1.3.pom (9.8 kB at 350 kB/s)
[INFO] Downloading from central: https://repo.maven.apache.org/maven2/org/jruby/jruby-complete/1.6.8/jruby-complete-1.6.8.pom
[INFO] Downloaded from central: https://repo.maven.apache.org/maven2/org/jruby/jruby-complete/1.6.8/jruby-complete-1.6.8.pom (2.7 kB at 101 kB/s)
[INFO] Downloading from central: https://repo.maven.apache.org/maven2/org/jruby/jruby-common/1.6.8/jruby-common-1.6.8.pom
[INFO] Downloaded from central: https://repo.maven.apache.org/maven2/org/jruby/jruby-common/1.6.8/jruby-common-1.6.8.pom (4.3 kB at 158 kB/s)
[INFO] Downloading from central: https://repo.maven.apache.org/maven2/org/jruby/shared/1.6.8/shared-1.6.8.pom
[INFO] Downloaded from central: https://repo.maven.apache.org/maven2/org/jruby/shared/1.6.8/shared-1.6.8.pom (6.5 kB at 251 kB/s)
[INFO] Downloading from central: https://repo.maven.apache.org/maven2/org/mortbay/jetty/jetty/6.1.26/jetty-6.1.26.pom
[INFO] Downloaded from central: https://repo.maven.apache.org/maven2/org/mortbay/jetty/jetty/6.1.26/jetty-6.1.26.pom (6.3 kB at 232 kB/s)
[INFO] Downloading from central: https://repo.maven.apache.org/maven2/org/mortbay/jetty/project/6.1.26/project-6.1.26.pom
[INFO] Downloaded from central: https://repo.maven.apache.org/maven2/org/mortbay/jetty/project/6.1.26/project-6.1.26.pom (9.2 kB at 354 kB/s)
[INFO] Downloading from central: https://repo.maven.apache.org/maven2/org/mortbay/jetty/jetty-parent/10/jetty-parent-10.pom
[INFO] Downloaded from central: https://repo.maven.apache.org/maven2/org/mortbay/jetty/jetty-parent/10/jetty-parent-10.pom (3.3 kB at 132 kB/s)
[INFO] Downloading from central: https://repo.maven.apache.org/maven2/org/eclipse/jetty/jetty-parent/14/jetty-parent-14.pom
[INFO] Downloaded from central: https://repo.maven.apache.org/maven2/org/eclipse/jetty/jetty-parent/14/jetty-parent-14.pom (16 kB at 611 kB/s)
[INFO] Downloading from central: https://repo.maven.apache.org/maven2/org/mortbay/jetty/jetty-util/6.1.26/jetty-util-6.1.26.pom
[INFO] Downloaded from central: https://repo.maven.apache.org/maven2/org/mortbay/jetty/jetty-util/6.1.26/jetty-util-6.1.26.pom (3.9 kB at 162 kB/s)
[INFO] Downloading from central: https://repo.maven.apache.org/maven2/org/mortbay/jetty/jsp-2.1/6.1.14/jsp-2.1-6.1.14.pom
[INFO] Downloaded from central: https://repo.maven.apache.org/maven2/org/mortbay/jetty/jsp-2.1/6.1.14/jsp-2.1-6.1.14.pom (6.2 kB at 240 kB/s)
[INFO] Downloading from central: https://repo.maven.apache.org/maven2/org/mortbay/jetty/project/6.1.14/project-6.1.14.pom
[INFO] Downloaded from central: https://repo.maven.apache.org/maven2/org/mortbay/jetty/project/6.1.14/project-6.1.14.pom (8.8 kB at 325 kB/s)
[INFO] Downloading from central: https://repo.maven.apache.org/maven2/org/mortbay/jetty/jetty-parent/7/jetty-parent-7.pom
[INFO] Downloaded from central: https://repo.maven.apache.org/maven2/org/mortbay/jetty/jetty-parent/7/jetty-parent-7.pom (13 kB at 532 kB/s)
[INFO] Downloading from central: https://repo.maven.apache.org/maven2/org/eclipse/jdt/core/3.1.1/core-3.1.1.pom
[INFO] Downloaded from central: https://repo.maven.apache.org/maven2/org/eclipse/jdt/core/3.1.1/core-3.1.1.pom (677 B at 27 kB/s)
[INFO] Downloading from central: https://repo.maven.apache.org/maven2/org/mortbay/jetty/jsp-api-2.1/6.1.14/jsp-api-2.1-6.1.14.pom
[INFO] Downloaded from central: https://repo.maven.apache.org/maven2/org/mortbay/jetty/jsp-api-2.1/6.1.14/jsp-api-2.1-6.1.14.pom (4.3 kB at 147 kB/s)
[INFO] Downloading from central: https://repo.maven.apache.org/maven2/org/mortbay/jetty/servlet-api-2.5/6.1.14/servlet-api-2.5-6.1.14.pom
[INFO] Downloaded from central: https://repo.maven.apache.org/maven2/org/mortbay/jetty/servlet-api-2.5/6.1.14/servlet-api-2.5-6.1.14.pom (3.4 kB at 109 kB/s)
[INFO] Downloading from central: https://repo.maven.apache.org/maven2/org/codehaus/jackson/jackson-core-asl/1.8.8/jackson-core-asl-1.8.8.pom
[INFO] Downloaded from central: https://repo.maven.apache.org/maven2/org/codehaus/jackson/jackson-core-asl/1.8.8/jackson-core-asl-1.8.8.pom (1.0 kB at 39 kB/s)
[INFO] Downloading from central: https://repo.maven.apache.org/maven2/org/codehaus/jackson/jackson-jaxrs/1.8.8/jackson-jaxrs-1.8.8.pom
[INFO] Downloaded from central: https://repo.maven.apache.org/maven2/org/codehaus/jackson/jackson-jaxrs/1.8.8/jackson-jaxrs-1.8.8.pom (1.6 kB at 68 kB/s)
[INFO] Downloading from central: https://repo.maven.apache.org/maven2/org/codehaus/jackson/jackson-mapper-asl/1.8.8/jackson-mapper-asl-1.8.8.pom
[INFO] Downloaded from central: https://repo.maven.apache.org/maven2/org/codehaus/jackson/jackson-mapper-asl/1.8.8/jackson-mapper-asl-1.8.8.pom (1.2 kB at 50 kB/s)
[INFO] Downloading from central: https://repo.maven.apache.org/maven2/org/codehaus/jackson/jackson-xc/1.8.8/jackson-xc-1.8.8.pom
[INFO] Downloaded from central: https://repo.maven.apache.org/maven2/org/codehaus/jackson/jackson-xc/1.8.8/jackson-xc-1.8.8.pom (1.6 kB at 66 kB/s)
[INFO] Downloading from central: https://repo.maven.apache.org/maven2/org/slf4j/slf4j-api/1.4.3/slf4j-api-1.4.3.pom
[INFO] Downloaded from central: https://repo.maven.apache.org/maven2/org/slf4j/slf4j-api/1.4.3/slf4j-api-1.4.3.pom (2.7 kB at 118 kB/s)
[INFO] Downloading from central: https://repo.maven.apache.org/maven2/org/slf4j/slf4j-parent/1.4.3/slf4j-parent-1.4.3.pom
[INFO] Downloaded from central: https://repo.maven.apache.org/maven2/org/slf4j/slf4j-parent/1.4.3/slf4j-parent-1.4.3.pom (7.3 kB at 280 kB/s)
[INFO] Downloading from central: https://repo.maven.apache.org/maven2/org/slf4j/slf4j-log4j12/1.4.3/slf4j-log4j12-1.4.3.pom
[INFO] Downloaded from central: https://repo.maven.apache.org/maven2/org/slf4j/slf4j-log4j12/1.4.3/slf4j-log4j12-1.4.3.pom (1.7 kB at 62 kB/s)
[INFO] Downloading from central: https://repo.maven.apache.org/maven2/log4j/log4j/1.2.13/log4j-1.2.13.pom
[INFO] Downloaded from central: https://repo.maven.apache.org/maven2/log4j/log4j/1.2.13/log4j-1.2.13.pom (389 B at 16 kB/s)
[INFO] Downloading from central: https://repo.maven.apache.org/maven2/tomcat/jasper-compiler/5.5.23/jasper-compiler-5.5.23.pom
[INFO] Downloaded from central: https://repo.maven.apache.org/maven2/tomcat/jasper-compiler/5.5.23/jasper-compiler-5.5.23.pom (919 B at 38 kB/s)
[INFO] Downloading from central: https://repo.maven.apache.org/maven2/tomcat/tomcat-parent/5.5.23/tomcat-parent-5.5.23.pom
[INFO] Downloaded from central: https://repo.maven.apache.org/maven2/tomcat/tomcat-parent/5.5.23/tomcat-parent-5.5.23.pom (898 B at 43 kB/s)
[INFO] Downloading from central: https://repo.maven.apache.org/maven2/tomcat/jasper-runtime/5.5.23/jasper-runtime-5.5.23.pom
[INFO] Downloaded from central: https://repo.maven.apache.org/maven2/tomcat/jasper-runtime/5.5.23/jasper-runtime-5.5.23.pom (934 B at 41 kB/s)
[INFO] Downloading from central: https://repo.maven.apache.org/maven2/commons-el/commons-el/1.0/commons-el-1.0.pom
[INFO] Downloaded from central: https://repo.maven.apache.org/maven2/commons-el/commons-el/1.0/commons-el-1.0.pom (4.1 kB at 215 kB/s)
[INFO] Downloading from central: https://repo.maven.apache.org/maven2/org/jamon/jamon-runtime/2.3.1/jamon-runtime-2.3.1.pom
[INFO] Downloaded from central: https://repo.maven.apache.org/maven2/org/jamon/jamon-runtime/2.3.1/jamon-runtime-2.3.1.pom (1.8 kB at 96 kB/s)
[INFO] Downloading from central: https://repo.maven.apache.org/maven2/org/jamon/jamon-project/1.0.2/jamon-project-1.0.2.pom
[INFO] Downloaded from central: https://repo.maven.apache.org/maven2/org/jamon/jamon-project/1.0.2/jamon-project-1.0.2.pom (9.2 kB at 482 kB/s)
[INFO] Downloading from central: https://repo.maven.apache.org/maven2/com/sun/jersey/jersey-core/1.8/jersey-core-1.8.pom
[INFO] Downloaded from central: https://repo.maven.apache.org/maven2/com/sun/jersey/jersey-core/1.8/jersey-core-1.8.pom (10 kB at 479 kB/s)
[INFO] Downloading from central: https://repo.maven.apache.org/maven2/com/sun/jersey/jersey-project/1.8/jersey-project-1.8.pom
[INFO] Downloaded from central: https://repo.maven.apache.org/maven2/com/sun/jersey/jersey-project/1.8/jersey-project-1.8.pom (17 kB at 850 kB/s)
[INFO] Downloading from central: https://repo.maven.apache.org/maven2/com/sun/jersey/jersey-json/1.8/jersey-json-1.8.pom
[INFO] Downloaded from central: https://repo.maven.apache.org/maven2/com/sun/jersey/jersey-json/1.8/jersey-json-1.8.pom (11 kB at 500 kB/s)
[INFO] Downloading from central: https://repo.maven.apache.org/maven2/org/codehaus/jettison/jettison/1.1/jettison-1.1.pom
[INFO] Downloaded from central: https://repo.maven.apache.org/maven2/org/codehaus/jettison/jettison/1.1/jettison-1.1.pom (3.4 kB at 187 kB/s)
[INFO] Downloading from central: https://repo.maven.apache.org/maven2/com/sun/xml/bind/jaxb-impl/2.2.3-1/jaxb-impl-2.2.3-1.pom
[INFO] Downloaded from central: https://repo.maven.apache.org/maven2/com/sun/xml/bind/jaxb-impl/2.2.3-1/jaxb-impl-2.2.3-1.pom (5.3 kB at 263 kB/s)
[INFO] Downloading from central: https://repo.maven.apache.org/maven2/javax/xml/bind/jaxb-api/2.2.2/jaxb-api-2.2.2.pom
[INFO] Downloaded from central: https://repo.maven.apache.org/maven2/javax/xml/bind/jaxb-api/2.2.2/jaxb-api-2.2.2.pom (5.6 kB at 293 kB/s)
[INFO] Downloading from central: https://repo.maven.apache.org/maven2/javax/xml/stream/stax-api/1.0-2/stax-api-1.0-2.pom
[INFO] Downloaded from central: https://repo.maven.apache.org/maven2/javax/xml/stream/stax-api/1.0-2/stax-api-1.0-2.pom (962 B at 51 kB/s)
[INFO] Downloading from central: https://repo.maven.apache.org/maven2/org/codehaus/jackson/jackson-core-asl/1.7.1/jackson-core-asl-1.7.1.pom
[INFO] Downloaded from central: https://repo.maven.apache.org/maven2/org/codehaus/jackson/jackson-core-asl/1.7.1/jackson-core-asl-1.7.1.pom (1.0 kB at 53 kB/s)
[INFO] Downloading from central: https://repo.maven.apache.org/maven2/org/codehaus/jackson/jackson-mapper-asl/1.7.1/jackson-mapper-asl-1.7.1.pom
[INFO] Downloaded from central: https://repo.maven.apache.org/maven2/org/codehaus/jackson/jackson-mapper-asl/1.7.1/jackson-mapper-asl-1.7.1.pom (1.2 kB at 65 kB/s)
[INFO] Downloading from central: https://repo.maven.apache.org/maven2/org/codehaus/jackson/jackson-jaxrs/1.7.1/jackson-jaxrs-1.7.1.pom
[INFO] Downloaded from central: https://repo.maven.apache.org/maven2/org/codehaus/jackson/jackson-jaxrs/1.7.1/jackson-jaxrs-1.7.1.pom (1.6 kB at 86 kB/s)
[INFO] Downloading from central: https://repo.maven.apache.org/maven2/org/codehaus/jackson/jackson-xc/1.7.1/jackson-xc-1.7.1.pom
[INFO] Downloaded from central: https://repo.maven.apache.org/maven2/org/codehaus/jackson/jackson-xc/1.7.1/jackson-xc-1.7.1.pom (1.6 kB at 86 kB/s)
[INFO] Downloading from central: https://repo.maven.apache.org/maven2/com/sun/jersey/jersey-server/1.8/jersey-server-1.8.pom
[INFO] Downloaded from central: https://repo.maven.apache.org/maven2/com/sun/jersey/jersey-server/1.8/jersey-server-1.8.pom (11 kB at 604 kB/s)
[INFO] Downloading from central: https://repo.maven.apache.org/maven2/asm/asm/3.1/asm-3.1.pom
[INFO] Downloaded from central: https://repo.maven.apache.org/maven2/asm/asm/3.1/asm-3.1.pom (278 B at 15 kB/s)
[INFO] Downloading from central: https://repo.maven.apache.org/maven2/asm/asm-parent/3.1/asm-parent-3.1.pom
[INFO] Downloaded from central: https://repo.maven.apache.org/maven2/asm/asm-parent/3.1/asm-parent-3.1.pom (4.2 kB at 231 kB/s)
[INFO] Downloading from central: https://repo.maven.apache.org/maven2/javax/xml/bind/jaxb-api/2.1/jaxb-api-2.1.pom
[INFO] Downloaded from central: https://repo.maven.apache.org/maven2/javax/xml/bind/jaxb-api/2.1/jaxb-api-2.1.pom (486 B at 24 kB/s)
[INFO] Downloading from central: https://repo.maven.apache.org/maven2/junit/junit/4.10/junit-4.10.pom
[INFO] Downloaded from central: https://repo.maven.apache.org/maven2/junit/junit/4.10/junit-4.10.pom (2.3 kB at 117 kB/s)
[INFO] Downloading from central: https://repo.maven.apache.org/maven2/org/hamcrest/hamcrest-core/1.1/hamcrest-core-1.1.pom
[INFO] Downloaded from central: https://repo.maven.apache.org/maven2/org/hamcrest/hamcrest-core/1.1/hamcrest-core-1.1.pom (481 B at 24 kB/s)
[INFO] Downloading from central: https://repo.maven.apache.org/maven2/org/hamcrest/hamcrest-parent/1.1/hamcrest-parent-1.1.pom
[INFO] Downloaded from central: https://repo.maven.apache.org/maven2/org/hamcrest/hamcrest-parent/1.1/hamcrest-parent-1.1.pom (5.9 kB at 280 kB/s)
[INFO] Downloading from central: https://repo.maven.apache.org/maven2/org/mockito/mockito-all/1.9.0/mockito-all-1.9.0.pom
[INFO] Downloaded from central: https://repo.maven.apache.org/maven2/org/mockito/mockito-all/1.9.0/mockito-all-1.9.0.pom (1.0 kB at 40 kB/s)
[INFO] Downloading from central: https://repo.maven.apache.org/maven2/org/apache/hadoop/hadoop-core/1.0.4/hadoop-core-1.0.4.pom
[INFO] Downloaded from central: https://repo.maven.apache.org/maven2/org/apache/hadoop/hadoop-core/1.0.4/hadoop-core-1.0.4.pom (4.4 kB at 33 kB/s)
[INFO] Downloading from central: https://repo.maven.apache.org/maven2/xmlenc/xmlenc/0.52/xmlenc-0.52.pom
[INFO] Downloaded from central: https://repo.maven.apache.org/maven2/xmlenc/xmlenc/0.52/xmlenc-0.52.pom (623 B at 26 kB/s)
[INFO] Downloading from central: https://repo.maven.apache.org/maven2/commons-httpclient/commons-httpclient/3.0.1/commons-httpclient-3.0.1.pom
[INFO] Downloaded from central: https://repo.maven.apache.org/maven2/commons-httpclient/commons-httpclient/3.0.1/commons-httpclient-3.0.1.pom (8.1 kB at 312 kB/s)
[INFO] Downloading from central: https://repo.maven.apache.org/maven2/commons-configuration/commons-configuration/1.6/commons-configuration-1.6.pom
[INFO] Downloaded from central: https://repo.maven.apache.org/maven2/commons-configuration/commons-configuration/1.6/commons-configuration-1.6.pom (13 kB at 605 kB/s)
[INFO] Downloading from central: https://repo.maven.apache.org/maven2/commons-beanutils/commons-beanutils-core/1.8.0/commons-beanutils-core-1.8.0.pom
[INFO] Downloaded from central: https://repo.maven.apache.org/maven2/commons-beanutils/commons-beanutils-core/1.8.0/commons-beanutils-core-1.8.0.pom (1.6 kB at 82 kB/s)
[INFO] Downloading from central: https://repo.maven.apache.org/maven2/commons-net/commons-net/1.4.1/commons-net-1.4.1.pom
[INFO] Downloaded from central: https://repo.maven.apache.org/maven2/commons-net/commons-net/1.4.1/commons-net-1.4.1.pom (4.8 kB at 242 kB/s)
[INFO] Downloading from central: https://repo.maven.apache.org/maven2/org/mortbay/jetty/servlet-api/2.5-20081211/servlet-api-2.5-20081211.pom
[INFO] Downloaded from central: https://repo.maven.apache.org/maven2/org/mortbay/jetty/servlet-api/2.5-20081211/servlet-api-2.5-20081211.pom (2.7 kB at 157 kB/s)
[INFO] Downloading from central: https://repo.maven.apache.org/maven2/tomcat/jasper-runtime/5.5.12/jasper-runtime-5.5.12.pom
[INFO] Downloaded from central: https://repo.maven.apache.org/maven2/tomcat/jasper-runtime/5.5.12/jasper-runtime-5.5.12.pom (155 B at 7.0 kB/s)
[INFO] Downloading from central: https://repo.maven.apache.org/maven2/tomcat/jasper-compiler/5.5.12/jasper-compiler-5.5.12.pom
[INFO] Downloaded from central: https://repo.maven.apache.org/maven2/tomcat/jasper-compiler/5.5.12/jasper-compiler-5.5.12.pom (156 B at 6.5 kB/s)
[INFO] Downloading from central: https://repo.maven.apache.org/maven2/ant/ant/1.6.5/ant-1.6.5.pom
[INFO] Downloaded from central: https://repo.maven.apache.org/maven2/ant/ant/1.6.5/ant-1.6.5.pom (861 B at 34 kB/s)
[INFO] Downloading from central: https://repo.maven.apache.org/maven2/net/java/dev/jets3t/jets3t/0.7.1/jets3t-0.7.1.pom
[INFO] Downloaded from central: https://repo.maven.apache.org/maven2/net/java/dev/jets3t/jets3t/0.7.1/jets3t-0.7.1.pom (1.5 kB at 63 kB/s)
[INFO] Downloading from central: https://repo.maven.apache.org/maven2/net/sf/kosmosfs/kfs/0.3/kfs-0.3.pom
[INFO] Downloaded from central: https://repo.maven.apache.org/maven2/net/sf/kosmosfs/kfs/0.3/kfs-0.3.pom (685 B at 3.0 kB/s)
[INFO] Downloading from central: https://repo.maven.apache.org/maven2/hsqldb/hsqldb/1.8.0.10/hsqldb-1.8.0.10.pom
[INFO] Downloaded from central: https://repo.maven.apache.org/maven2/hsqldb/hsqldb/1.8.0.10/hsqldb-1.8.0.10.pom (600 B at 24 kB/s)
[INFO] Downloading from central: https://repo.maven.apache.org/maven2/org/codehaus/jackson/jackson-mapper-asl/1.0.1/jackson-mapper-asl-1.0.1.pom
[INFO] Downloaded from central: https://repo.maven.apache.org/maven2/org/codehaus/jackson/jackson-mapper-asl/1.0.1/jackson-mapper-asl-1.0.1.pom (1.2 kB at 59 kB/s)
[INFO] Downloading from central: https://repo.maven.apache.org/maven2/org/codehaus/jackson/jackson-core-asl/1.0.1/jackson-core-asl-1.0.1.pom
[INFO] Downloaded from central: https://repo.maven.apache.org/maven2/org/codehaus/jackson/jackson-core-asl/1.0.1/jackson-core-asl-1.0.1.pom (1.0 kB at 8.0 kB/s)
[INFO] Downloading from central: https://repo.maven.apache.org/maven2/org/apache/hadoop/hadoop-test/1.0.4/hadoop-test-1.0.4.pom
[INFO] Downloaded from central: https://repo.maven.apache.org/maven2/org/apache/hadoop/hadoop-test/1.0.4/hadoop-test-1.0.4.pom (2.0 kB at 16 kB/s)
[INFO] Downloading from central: https://repo.maven.apache.org/maven2/org/apache/ftpserver/ftplet-api/1.0.0/ftplet-api-1.0.0.pom
[INFO] Downloaded from central: https://repo.maven.apache.org/maven2/org/apache/ftpserver/ftplet-api/1.0.0/ftplet-api-1.0.0.pom (2.8 kB at 109 kB/s)
[INFO] Downloading from central: https://repo.maven.apache.org/maven2/org/apache/ftpserver/ftpserver-parent/1.0.0/ftpserver-parent-1.0.0.pom
[INFO] Downloaded from central: https://repo.maven.apache.org/maven2/org/apache/ftpserver/ftpserver-parent/1.0.0/ftpserver-parent-1.0.0.pom (14 kB at 105 kB/s)
[INFO] Downloading from central: https://repo.maven.apache.org/maven2/org/apache/mina/mina-core/2.0.0-M5/mina-core-2.0.0-M5.pom
[INFO] Downloaded from central: https://repo.maven.apache.org/maven2/org/apache/mina/mina-core/2.0.0-M5/mina-core-2.0.0-M5.pom (1.7 kB at 64 kB/s)
[INFO] Downloading from central: https://repo.maven.apache.org/maven2/org/apache/mina/mina-parent/2.0.0-M5/mina-parent-2.0.0-M5.pom
[INFO] Downloaded from central: https://repo.maven.apache.org/maven2/org/apache/mina/mina-parent/2.0.0-M5/mina-parent-2.0.0-M5.pom (10 kB at 46 kB/s)
[INFO] Downloading from central: https://repo.maven.apache.org/maven2/org/apache/mina/build/2.0.0-M5/build-2.0.0-M5.pom
[INFO] Downloaded from central: https://repo.maven.apache.org/maven2/org/apache/mina/build/2.0.0-M5/build-2.0.0-M5.pom (8.0 kB at 310 kB/s)
[INFO] Downloading from central: https://repo.maven.apache.org/maven2/org/slf4j/slf4j-api/1.5.2/slf4j-api-1.5.2.pom
[INFO] Downloaded from central: https://repo.maven.apache.org/maven2/org/slf4j/slf4j-api/1.5.2/slf4j-api-1.5.2.pom (3.0 kB at 130 kB/s)
[INFO] Downloading from central: https://repo.maven.apache.org/maven2/org/slf4j/slf4j-parent/1.5.2/slf4j-parent-1.5.2.pom
[INFO] Downloaded from central: https://repo.maven.apache.org/maven2/org/slf4j/slf4j-parent/1.5.2/slf4j-parent-1.5.2.pom (7.6 kB at 378 kB/s)
[INFO] Downloading from central: https://repo.maven.apache.org/maven2/org/apache/ftpserver/ftpserver-core/1.0.0/ftpserver-core-1.0.0.pom
[INFO] Downloaded from central: https://repo.maven.apache.org/maven2/org/apache/ftpserver/ftpserver-core/1.0.0/ftpserver-core-1.0.0.pom (5.8 kB at 50 kB/s)
[INFO] Downloading from central: https://repo.maven.apache.org/maven2/org/apache/mina/mina-core/2.0.0-M4/mina-core-2.0.0-M4.pom
[INFO] Downloaded from central: https://repo.maven.apache.org/maven2/org/apache/mina/mina-core/2.0.0-M4/mina-core-2.0.0-M4.pom (1.7 kB at 15 kB/s)
[INFO] Downloading from central: https://repo.maven.apache.org/maven2/org/apache/mina/build/2.0.0-M4/build-2.0.0-M4.pom
[INFO] Downloaded from central: https://repo.maven.apache.org/maven2/org/apache/mina/build/2.0.0-M4/build-2.0.0-M4.pom (16 kB at 815 kB/s)
[INFO] Downloading from central: https://repo.maven.apache.org/maven2/org/apache/ftpserver/ftpserver-deprecated/1.0.0-M2/ftpserver-deprecated-1.0.0-M2.pom
[INFO] Downloaded from central: https://repo.maven.apache.org/maven2/org/apache/ftpserver/ftpserver-deprecated/1.0.0-M2/ftpserver-deprecated-1.0.0-M2.pom (3.2 kB at 170 kB/s)
[INFO] Downloading from central: https://repo.maven.apache.org/maven2/org/apache/ftpserver/ftpserver-parent/1.0.0-M2/ftpserver-parent-1.0.0-M2.pom
[INFO] Downloaded from central: https://repo.maven.apache.org/maven2/org/apache/ftpserver/ftpserver-parent/1.0.0-M2/ftpserver-parent-1.0.0-M2.pom (14 kB at 113 kB/s)
[INFO] Downloading from central: https://repo.maven.apache.org/maven2/org/apache/ftpserver/ftplet-api/1.0.0-M2/ftplet-api-1.0.0-M2.pom
[INFO] Downloaded from central: https://repo.maven.apache.org/maven2/org/apache/ftpserver/ftplet-api/1.0.0-M2/ftplet-api-1.0.0-M2.pom (2.1 kB at 9.5 kB/s)
[INFO] Downloading from central: https://repo.maven.apache.org/maven2/org/apache/ftpserver/ftpserver-core/1.0.0-M2/ftpserver-core-1.0.0-M2.pom
[INFO] Downloaded from central: https://repo.maven.apache.org/maven2/org/apache/ftpserver/ftpserver-core/1.0.0-M2/ftpserver-core-1.0.0-M2.pom (4.1 kB at 152 kB/s)
[INFO] Downloading from central: https://repo.maven.apache.org/maven2/org/apache/mina/mina-core/2.0.0-M2/mina-core-2.0.0-M2.pom
[INFO] Downloaded from central: https://repo.maven.apache.org/maven2/org/apache/mina/mina-core/2.0.0-M2/mina-core-2.0.0-M2.pom (1.7 kB at 14 kB/s)
[INFO] Downloading from central: https://repo.maven.apache.org/maven2/org/apache/mina/build/2.0.0-M2/build-2.0.0-M2.pom
[INFO] Downloaded from central: https://repo.maven.apache.org/maven2/org/apache/mina/build/2.0.0-M2/build-2.0.0-M2.pom (16 kB at 397 kB/s)
[INFO] Downloading from central: https://repo.maven.apache.org/maven2/org/apache/hbase/hbase/0.94.7/hbase-0.94.7.pom
[INFO] Downloaded from central: https://repo.maven.apache.org/maven2/org/apache/hbase/hbase/0.94.7/hbase-0.94.7.pom (91 kB at 1.3 MB/s)
[INFO] Downloading from central: https://repo.maven.apache.org/maven2/org/apache/apache/8/apache-8.pom
[INFO] Downloaded from central: https://repo.maven.apache.org/maven2/org/apache/apache/8/apache-8.pom (14 kB at 669 kB/s)
[INFO] Downloading from central: https://repo.maven.apache.org/maven2/com/google/guava/guava/11.0.2/guava-11.0.2.pom
[INFO] Downloaded from central: https://repo.maven.apache.org/maven2/com/google/guava/guava/11.0.2/guava-11.0.2.pom (5.5 kB at 304 kB/s)
[INFO] Downloading from central: https://repo.maven.apache.org/maven2/com/google/guava/guava-parent/11.0.2/guava-parent-11.0.2.pom
[INFO] Downloaded from central: https://repo.maven.apache.org/maven2/com/google/guava/guava-parent/11.0.2/guava-parent-11.0.2.pom (2.0 kB at 103 kB/s)
[INFO] Downloading from central: https://repo.maven.apache.org/maven2/commons-io/commons-io/2.1/commons-io-2.1.pom
[INFO] Downloaded from central: https://repo.maven.apache.org/maven2/commons-io/commons-io/2.1/commons-io-2.1.pom (11 kB at 560 kB/s)
[INFO] Downloading from central: https://repo.maven.apache.org/maven2/org/apache/avro/avro/1.5.3/avro-1.5.3.pom
[INFO] Downloaded from central: https://repo.maven.apache.org/maven2/org/apache/avro/avro/1.5.3/avro-1.5.3.pom (3.4 kB at 181 kB/s)
[INFO] Downloading from central: https://repo.maven.apache.org/maven2/org/apache/avro/avro-parent/1.5.3/avro-parent-1.5.3.pom
[INFO] Downloaded from central: https://repo.maven.apache.org/maven2/org/apache/avro/avro-parent/1.5.3/avro-parent-1.5.3.pom (15 kB at 64 kB/s)
[INFO] Downloading from central: https://repo.maven.apache.org/maven2/org/codehaus/jackson/jackson-mapper-asl/1.7.3/jackson-mapper-asl-1.7.3.pom
[INFO] Downloaded from central: https://repo.maven.apache.org/maven2/org/codehaus/jackson/jackson-mapper-asl/1.7.3/jackson-mapper-asl-1.7.3.pom (1.2 kB at 46 kB/s)
[INFO] Downloading from central: https://repo.maven.apache.org/maven2/org/codehaus/jackson/jackson-core-asl/1.7.3/jackson-core-asl-1.7.3.pom
[INFO] Downloaded from central: https://repo.maven.apache.org/maven2/org/codehaus/jackson/jackson-core-asl/1.7.3/jackson-core-asl-1.7.3.pom (1.0 kB at 39 kB/s)
[INFO] Downloading from central: https://repo.maven.apache.org/maven2/org/xerial/snappy/snappy-java/1.0.3.2/snappy-java-1.0.3.2.pom
[INFO] Downloaded from central: https://repo.maven.apache.org/maven2/org/xerial/snappy/snappy-java/1.0.3.2/snappy-java-1.0.3.2.pom (8.1 kB at 298 kB/s)
[INFO] Downloading from central: https://repo.maven.apache.org/maven2/org/apache/avro/avro-ipc/1.5.3/avro-ipc-1.5.3.pom
[INFO] Downloaded from central: https://repo.maven.apache.org/maven2/org/apache/avro/avro-ipc/1.5.3/avro-ipc-1.5.3.pom (3.4 kB at 132 kB/s)
[INFO] Downloading from central: https://repo.maven.apache.org/maven2/com/thoughtworks/paranamer/paranamer/2.3/paranamer-2.3.pom
[INFO] Downloaded from central: https://repo.maven.apache.org/maven2/com/thoughtworks/paranamer/paranamer/2.3/paranamer-2.3.pom (1.6 kB at 61 kB/s)
[INFO] Downloading from central: https://repo.maven.apache.org/maven2/com/thoughtworks/paranamer/paranamer-parent/2.3/paranamer-parent-2.3.pom
[INFO] Downloaded from central: https://repo.maven.apache.org/maven2/com/thoughtworks/paranamer/paranamer-parent/2.3/paranamer-parent-2.3.pom (11 kB at 433 kB/s)
[INFO] Downloading from central: https://repo.maven.apache.org/maven2/org/codehaus/codehaus-parent/1/codehaus-parent-1.pom
[INFO] Downloaded from central: https://repo.maven.apache.org/maven2/org/codehaus/codehaus-parent/1/codehaus-parent-1.pom (3.4 kB at 138 kB/s)
[INFO] Downloading from central: https://repo.maven.apache.org/maven2/org/jboss/netty/netty/3.2.4.Final/netty-3.2.4.Final.pom
[INFO] Downloaded from central: https://repo.maven.apache.org/maven2/org/jboss/netty/netty/3.2.4.Final/netty-3.2.4.Final.pom (25 kB at 517 kB/s)
[INFO] Downloading from central: https://repo.maven.apache.org/maven2/org/jboss/jboss-parent/5/jboss-parent-5.pom
[INFO] Downloaded from central: https://repo.maven.apache.org/maven2/org/jboss/jboss-parent/5/jboss-parent-5.pom (19 kB at 723 kB/s)
[INFO] Downloading from central: https://repo.maven.apache.org/maven2/org/jboss/netty/netty/3.2.2.Final/netty-3.2.2.Final.pom
[INFO] Downloaded from central: https://repo.maven.apache.org/maven2/org/jboss/netty/netty/3.2.2.Final/netty-3.2.2.Final.pom (24 kB at 109 kB/s)
[INFO] Downloading from central: https://repo.maven.apache.org/maven2/org/jruby/jruby-complete/1.6.5/jruby-complete-1.6.5.pom
[INFO] Downloaded from central: https://repo.maven.apache.org/maven2/org/jruby/jruby-complete/1.6.5/jruby-complete-1.6.5.pom (2.7 kB at 109 kB/s)
[INFO] Downloading from central: https://repo.maven.apache.org/maven2/org/jruby/jruby-common/1.6.5/jruby-common-1.6.5.pom
[INFO] Downloaded from central: https://repo.maven.apache.org/maven2/org/jruby/jruby-common/1.6.5/jruby-common-1.6.5.pom (4.3 kB at 171 kB/s)
[INFO] Downloading from central: https://repo.maven.apache.org/maven2/org/jruby/shared/1.6.5/shared-1.6.5.pom
[INFO] Downloaded from central: https://repo.maven.apache.org/maven2/org/jruby/shared/1.6.5/shared-1.6.5.pom (6.5 kB at 261 kB/s)
[INFO] Downloading from central: https://repo.maven.apache.org/maven2/com/google/protobuf/protobuf-java/2.4.0a/protobuf-java-2.4.0a.pom
[INFO] Downloaded from central: https://repo.maven.apache.org/maven2/com/google/protobuf/protobuf-java/2.4.0a/protobuf-java-2.4.0a.pom (7.3 kB at 281 kB/s)
[INFO] Downloading from central: https://repo.maven.apache.org/maven2/com/google/protobuf/protobuf-java/2.4.1/protobuf-java-2.4.1.pom
[INFO] Downloaded from central: https://repo.maven.apache.org/maven2/com/google/protobuf/protobuf-java/2.4.1/protobuf-java-2.4.1.pom (7.3 kB at 292 kB/s)
[INFO] Downloading from central: https://repo.maven.apache.org/maven2/com/googlecode/protobuf-java-format/protobuf-java-format/1.2/protobuf-java-format-1.2.pom
[INFO] Downloaded from central: https://repo.maven.apache.org/maven2/com/googlecode/protobuf-java-format/protobuf-java-format/1.2/protobuf-java-format-1.2.pom (5.7 kB at 226 kB/s)
[INFO] Downloading from central: https://repo.maven.apache.org/maven2/com/googlecode/protobuf-rpc-pro/protobuf-rpc-pro-demo/2.0.1/protobuf-rpc-pro-demo-2.0.1.pom
[INFO] Downloaded from central: https://repo.maven.apache.org/maven2/com/googlecode/protobuf-rpc-pro/protobuf-rpc-pro-demo/2.0.1/protobuf-rpc-pro-demo-2.0.1.pom (3.7 kB at 29 kB/s)
[INFO] Downloading from central: https://repo.maven.apache.org/maven2/io/netty/netty/3.5.3.Final/netty-3.5.3.Final.pom
[INFO] Downloaded from central: https://repo.maven.apache.org/maven2/io/netty/netty/3.5.3.Final/netty-3.5.3.Final.pom (26 kB at 210 kB/s)
[INFO] Downloading from central: https://repo.maven.apache.org/maven2/com/googlecode/protobuf-rpc-pro/protobuf-rpc-pro-duplex/2.0.1/protobuf-rpc-pro-duplex-2.0.1.pom
[INFO] Downloaded from central: https://repo.maven.apache.org/maven2/com/googlecode/protobuf-rpc-pro/protobuf-rpc-pro-duplex/2.0.1/protobuf-rpc-pro-duplex-2.0.1.pom (3.4 kB at 127 kB/s)
[INFO] Downloading from central: https://repo.maven.apache.org/maven2/org/springframework/spring-core/3.0.5.RELEASE/spring-core-3.0.5.RELEASE.pom
[INFO] Downloaded from central: https://repo.maven.apache.org/maven2/org/springframework/spring-core/3.0.5.RELEASE/spring-core-3.0.5.RELEASE.pom (2.2 kB at 84 kB/s)
[INFO] Downloading from central: https://repo.maven.apache.org/maven2/org/springframework/spring-parent/3.0.5.RELEASE/spring-parent-3.0.5.RELEASE.pom
[INFO] Downloaded from central: https://repo.maven.apache.org/maven2/org/springframework/spring-parent/3.0.5.RELEASE/spring-parent-3.0.5.RELEASE.pom (8.4 kB at 350 kB/s)
[INFO] Downloading from central: https://repo.maven.apache.org/maven2/org/springframework/spring-asm/3.0.5.RELEASE/spring-asm-3.0.5.RELEASE.pom
[INFO] Downloaded from central: https://repo.maven.apache.org/maven2/org/springframework/spring-asm/3.0.5.RELEASE/spring-asm-3.0.5.RELEASE.pom (2.0 kB at 18 kB/s)
[INFO] Downloading from central: https://repo.maven.apache.org/maven2/org/springframework/spring-context/3.0.5.RELEASE/spring-context-3.0.5.RELEASE.pom
[INFO] Downloaded from central: https://repo.maven.apache.org/maven2/org/springframework/spring-context/3.0.5.RELEASE/spring-context-3.0.5.RELEASE.pom (7.0 kB at 368 kB/s)
[INFO] Downloading from central: https://repo.maven.apache.org/maven2/org/springframework/spring-aop/3.0.5.RELEASE/spring-aop-3.0.5.RELEASE.pom
[INFO] Downloaded from central: https://repo.maven.apache.org/maven2/org/springframework/spring-aop/3.0.5.RELEASE/spring-aop-3.0.5.RELEASE.pom (2.6 kB at 135 kB/s)
[INFO] Downloading from central: https://repo.maven.apache.org/maven2/org/springframework/spring-beans/3.0.5.RELEASE/spring-beans-3.0.5.RELEASE.pom
[INFO] Downloaded from central: https://repo.maven.apache.org/maven2/org/springframework/spring-beans/3.0.5.RELEASE/spring-beans-3.0.5.RELEASE.pom (2.2 kB at 116 kB/s)
[INFO] Downloading from central: https://repo.maven.apache.org/maven2/org/springframework/spring-expression/3.0.5.RELEASE/spring-expression-3.0.5.RELEASE.pom
[INFO] Downloaded from central: https://repo.maven.apache.org/maven2/org/springframework/spring-expression/3.0.5.RELEASE/spring-expression-3.0.5.RELEASE.pom (1.6 kB at 71 kB/s)
[INFO] Downloading from central: https://repo.maven.apache.org/maven2/com/googlecode/protobuf-rpc-pro/protobuf-streamer-pro/1.2.3/protobuf-streamer-pro-1.2.3.pom
[INFO] Downloaded from central: https://repo.maven.apache.org/maven2/com/googlecode/protobuf-rpc-pro/protobuf-streamer-pro/1.2.3/protobuf-streamer-pro-1.2.3.pom (3.4 kB at 149 kB/s)
[INFO] Downloading from central: https://repo.maven.apache.org/maven2/io/netty/netty/3.4.6.Final/netty-3.4.6.Final.pom
[INFO] Downloaded from central: https://repo.maven.apache.org/maven2/io/netty/netty/3.4.6.Final/netty-3.4.6.Final.pom (25 kB at 114 kB/s)
[INFO] Downloading from central: https://repo.maven.apache.org/maven2/org/cloudera/htrace/htrace/1.49/htrace-1.49.pom
[INFO] Downloaded from central: https://repo.maven.apache.org/maven2/org/cloudera/htrace/htrace/1.49/htrace-1.49.pom (6.1 kB at 227 kB/s)
[INFO] Downloading from central: https://repo.maven.apache.org/maven2/org/mortbay/jetty/jetty-util/6.1.19/jetty-util-6.1.19.pom
[INFO] Downloaded from central: https://repo.maven.apache.org/maven2/org/mortbay/jetty/jetty-util/6.1.19/jetty-util-6.1.19.pom (3.9 kB at 29 kB/s)
[INFO] Downloading from central: https://repo.maven.apache.org/maven2/org/mortbay/jetty/project/6.1.19/project-6.1.19.pom
[INFO] Downloaded from central: https://repo.maven.apache.org/maven2/org/mortbay/jetty/project/6.1.19/project-6.1.19.pom (9.1 kB at 364 kB/s)
[INFO] Downloading from central: https://repo.maven.apache.org/maven2/org/mortbay/jetty/jetty-parent/8/jetty-parent-8.pom
[INFO] Downloaded from central: https://repo.maven.apache.org/maven2/org/mortbay/jetty/jetty-parent/8/jetty-parent-8.pom (2.8 kB at 104 kB/s)
[INFO] Downloading from central: https://repo.maven.apache.org/maven2/org/eclipse/jetty/jetty-parent/9/jetty-parent-9.pom
[INFO] Downloaded from central: https://repo.maven.apache.org/maven2/org/eclipse/jetty/jetty-parent/9/jetty-parent-9.pom (15 kB at 583 kB/s)
[INFO] Downloading from central: https://repo.maven.apache.org/maven2/com/google/guava/guava/13.0/guava-13.0.pom
[INFO] Downloaded from central: https://repo.maven.apache.org/maven2/com/google/guava/guava/13.0/guava-13.0.pom (5.3 kB at 267 kB/s)
[INFO] Downloading from central: https://repo.maven.apache.org/maven2/com/google/guava/guava-parent/13.0/guava-parent-13.0.pom
[INFO] Downloaded from central: https://repo.maven.apache.org/maven2/com/google/guava/guava-parent/13.0/guava-parent-13.0.pom (2.6 kB at 116 kB/s)
[INFO] Downloading from central: https://repo.maven.apache.org/maven2/com/alibaba/druid/0.2.9/druid-0.2.9.pom
[INFO] Downloaded from central: https://repo.maven.apache.org/maven2/com/alibaba/druid/0.2.9/druid-0.2.9.pom (14 kB at 63 kB/s)
[INFO] Downloading from central: https://repo.maven.apache.org/maven2/io/netty/netty/3.5.0.Final/netty-3.5.0.Final.jar
[INFO] Downloading from central: https://repo.maven.apache.org/maven2/com/yammer/metrics/metrics-core/2.1.2/metrics-core-2.1.2.jar
[INFO] Downloading from central: https://repo.maven.apache.org/maven2/org/codehaus/jettison/jettison/1.3.1/jettison-1.3.1.jar
[INFO] Downloading from central: https://repo.maven.apache.org/maven2/com/google/guava/guava/12.0.1/guava-12.0.1.jar
[INFO] Downloading from central: https://repo.maven.apache.org/maven2/com/google/code/findbugs/jsr305/1.3.9/jsr305-1.3.9.jar
[INFO] Downloaded from central: https://repo.maven.apache.org/maven2/com/google/code/findbugs/jsr305/1.3.9/jsr305-1.3.9.jar (33 kB at 718 kB/s)
[INFO] Downloading from central: https://repo.maven.apache.org/maven2/commons-cli/commons-cli/1.2/commons-cli-1.2.jar
[INFO] Downloaded from central: https://repo.maven.apache.org/maven2/org/codehaus/jettison/jettison/1.3.1/jettison-1.3.1.jar (76 kB at 1.4 MB/s)
[INFO] Downloading from central: https://repo.maven.apache.org/maven2/com/github/stephenc/high-scale-lib/high-scale-lib/1.1.1/high-scale-lib-1.1.1.jar
[INFO] Downloaded from central: https://repo.maven.apache.org/maven2/commons-cli/commons-cli/1.2/commons-cli-1.2.jar (41 kB at 521 kB/s)
[INFO] Downloading from central: https://repo.maven.apache.org/maven2/commons-codec/commons-codec/1.7/commons-codec-1.7.jar
[INFO] Downloaded from central: https://repo.maven.apache.org/maven2/io/netty/netty/3.5.0.Final/netty-3.5.0.Final.jar (1.1 MB at 12 MB/s)
[INFO] Downloaded from central: https://repo.maven.apache.org/maven2/com/github/stephenc/high-scale-lib/high-scale-lib/1.1.1/high-scale-lib-1.1.1.jar (96 kB at 1.0 MB/s)
[INFO] Downloading from central: https://repo.maven.apache.org/maven2/commons-io/commons-io/2.4/commons-io-2.4.jar
[INFO] Downloading from central: https://repo.maven.apache.org/maven2/commons-lang/commons-lang/2.6/commons-lang-2.6.jar
[INFO] Downloaded from central: https://repo.maven.apache.org/maven2/commons-io/commons-io/2.4/commons-io-2.4.jar (185 kB at 1.6 MB/s)
[INFO] Downloading from central: https://repo.maven.apache.org/maven2/commons-logging/commons-logging/1.1.1/commons-logging-1.1.1.jar
[INFO] Downloaded from central: https://repo.maven.apache.org/maven2/commons-codec/commons-codec/1.7/commons-codec-1.7.jar (260 kB at 2.2 MB/s)
[INFO] Downloading from central: https://repo.maven.apache.org/maven2/org/apache/commons/commons-math/2.1/commons-math-2.1.jar
[INFO] Downloaded from central: https://repo.maven.apache.org/maven2/com/google/guava/guava/12.0.1/guava-12.0.1.jar (1.8 MB at 14 MB/s)
[INFO] Downloading from central: https://repo.maven.apache.org/maven2/log4j/log4j/1.2.17/log4j-1.2.17.jar
[INFO] Downloaded from central: https://repo.maven.apache.org/maven2/com/yammer/metrics/metrics-core/2.1.2/metrics-core-2.1.2.jar (82 kB at 620 kB/s)
[INFO] Downloaded from central: https://repo.maven.apache.org/maven2/commons-lang/commons-lang/2.6/commons-lang-2.6.jar (284 kB at 2.2 MB/s)
[INFO] Downloading from central: https://repo.maven.apache.org/maven2/org/apache/zookeeper/zookeeper/3.4.5/zookeeper-3.4.5.jar
[INFO] Downloading from central: https://repo.maven.apache.org/maven2/org/apache/thrift/libthrift/0.8.0/libthrift-0.8.0.jar
[INFO] Downloaded from central: https://repo.maven.apache.org/maven2/commons-logging/commons-logging/1.1.1/commons-logging-1.1.1.jar (61 kB at 353 kB/s)
[INFO] Downloading from central: https://repo.maven.apache.org/maven2/org/apache/httpcomponents/httpclient/4.1.2/httpclient-4.1.2.jar
[INFO] Downloaded from central: https://repo.maven.apache.org/maven2/log4j/log4j/1.2.17/log4j-1.2.17.jar (490 kB at 2.2 MB/s)
[INFO] Downloading from central: https://repo.maven.apache.org/maven2/org/apache/httpcomponents/httpcore/4.1.3/httpcore-4.1.3.jar
[INFO] Downloaded from central: https://repo.maven.apache.org/maven2/org/apache/commons/commons-math/2.1/commons-math-2.1.jar (832 kB at 3.5 MB/s)
[INFO] Downloading from central: https://repo.maven.apache.org/maven2/org/jruby/jruby-complete/1.6.8/jruby-complete-1.6.8.jar
[INFO] Downloaded from central: https://repo.maven.apache.org/maven2/org/apache/httpcomponents/httpclient/4.1.2/httpclient-4.1.2.jar (352 kB at 1.5 MB/s)
[INFO] Downloading from central: https://repo.maven.apache.org/maven2/org/mortbay/jetty/jetty/6.1.26/jetty-6.1.26.jar
[INFO] Downloaded from central: https://repo.maven.apache.org/maven2/org/apache/zookeeper/zookeeper/3.4.5/zookeeper-3.4.5.jar (780 kB at 3.2 MB/s)
[INFO] Downloading from central: https://repo.maven.apache.org/maven2/org/mortbay/jetty/jetty-util/6.1.26/jetty-util-6.1.26.jar
[INFO] Downloaded from central: https://repo.maven.apache.org/maven2/org/apache/httpcomponents/httpcore/4.1.3/httpcore-4.1.3.jar (181 kB at 740 kB/s)
[INFO] Downloading from central: https://repo.maven.apache.org/maven2/org/mortbay/jetty/jsp-2.1/6.1.14/jsp-2.1-6.1.14.jar
[INFO] Downloaded from central: https://repo.maven.apache.org/maven2/org/mortbay/jetty/jetty/6.1.26/jetty-6.1.26.jar (540 kB at 2.0 MB/s)
[INFO] Downloading from central: https://repo.maven.apache.org/maven2/org/eclipse/jdt/core/3.1.1/core-3.1.1.jar
[INFO] Downloaded from central: https://repo.maven.apache.org/maven2/org/mortbay/jetty/jetty-util/6.1.26/jetty-util-6.1.26.jar (177 kB at 628 kB/s)
[INFO] Downloading from central: https://repo.maven.apache.org/maven2/org/mortbay/jetty/jsp-api-2.1/6.1.14/jsp-api-2.1-6.1.14.jar
[INFO] Downloaded from central: https://repo.maven.apache.org/maven2/org/mortbay/jetty/jsp-2.1/6.1.14/jsp-2.1-6.1.14.jar (1.0 MB at 3.5 MB/s)
[INFO] Downloading from central: https://repo.maven.apache.org/maven2/org/mortbay/jetty/servlet-api-2.5/6.1.14/servlet-api-2.5-6.1.14.jar
[INFO] Downloaded from central: https://repo.maven.apache.org/maven2/org/mortbay/jetty/jsp-api-2.1/6.1.14/jsp-api-2.1-6.1.14.jar (135 kB at 437 kB/s)
[INFO] Downloading from central: https://repo.maven.apache.org/maven2/org/codehaus/jackson/jackson-core-asl/1.8.8/jackson-core-asl-1.8.8.jar
[INFO] Downloaded from central: https://repo.maven.apache.org/maven2/org/mortbay/jetty/servlet-api-2.5/6.1.14/servlet-api-2.5-6.1.14.jar (132 kB at 423 kB/s)
[INFO] Downloading from central: https://repo.maven.apache.org/maven2/org/codehaus/jackson/jackson-jaxrs/1.8.8/jackson-jaxrs-1.8.8.jar
[INFO] Downloaded from central: https://repo.maven.apache.org/maven2/org/apache/thrift/libthrift/0.8.0/libthrift-0.8.0.jar (337 kB at 1.0 MB/s)
[INFO] Downloading from central: https://repo.maven.apache.org/maven2/org/codehaus/jackson/jackson-xc/1.8.8/jackson-xc-1.8.8.jar
[INFO] Downloaded from central: https://repo.maven.apache.org/maven2/org/codehaus/jackson/jackson-jaxrs/1.8.8/jackson-jaxrs-1.8.8.jar (18 kB at 54 kB/s)
[INFO] Downloading from central: https://repo.maven.apache.org/maven2/org/slf4j/slf4j-api/1.4.3/slf4j-api-1.4.3.jar
[INFO] Downloaded from central: https://repo.maven.apache.org/maven2/org/codehaus/jackson/jackson-core-asl/1.8.8/jackson-core-asl-1.8.8.jar (228 kB at 658 kB/s)
[INFO] Downloading from central: https://repo.maven.apache.org/maven2/org/slf4j/slf4j-log4j12/1.4.3/slf4j-log4j12-1.4.3.jar
[INFO] Downloaded from central: https://repo.maven.apache.org/maven2/org/codehaus/jackson/jackson-xc/1.8.8/jackson-xc-1.8.8.jar (32 kB at 93 kB/s)
[INFO] Downloading from central: https://repo.maven.apache.org/maven2/tomcat/jasper-compiler/5.5.23/jasper-compiler-5.5.23.jar
[INFO] Downloaded from central: https://repo.maven.apache.org/maven2/org/slf4j/slf4j-api/1.4.3/slf4j-api-1.4.3.jar (15 kB at 43 kB/s)
[INFO] Downloading from central: https://repo.maven.apache.org/maven2/tomcat/jasper-runtime/5.5.23/jasper-runtime-5.5.23.jar
[INFO] Downloaded from central: https://repo.maven.apache.org/maven2/org/slf4j/slf4j-log4j12/1.4.3/slf4j-log4j12-1.4.3.jar (8.6 kB at 24 kB/s)
[INFO] Downloading from central: https://repo.maven.apache.org/maven2/commons-el/commons-el/1.0/commons-el-1.0.jar
[INFO] Downloaded from central: https://repo.maven.apache.org/maven2/tomcat/jasper-runtime/5.5.23/jasper-runtime-5.5.23.jar (77 kB at 205 kB/s)
[INFO] Downloading from central: https://repo.maven.apache.org/maven2/org/jamon/jamon-runtime/2.3.1/jamon-runtime-2.3.1.jar
[INFO] Downloaded from central: https://repo.maven.apache.org/maven2/commons-el/commons-el/1.0/commons-el-1.0.jar (112 kB at 290 kB/s)
[INFO] Downloading from central: https://repo.maven.apache.org/maven2/com/sun/jersey/jersey-core/1.8/jersey-core-1.8.jar
[INFO] Downloaded from central: https://repo.maven.apache.org/maven2/tomcat/jasper-compiler/5.5.23/jasper-compiler-5.5.23.jar (408 kB at 1.0 MB/s)
[INFO] Downloaded from central: https://repo.maven.apache.org/maven2/org/jamon/jamon-runtime/2.3.1/jamon-runtime-2.3.1.jar (21 kB at 52 kB/s)
[INFO] Downloading from central: https://repo.maven.apache.org/maven2/com/sun/xml/bind/jaxb-impl/2.2.3-1/jaxb-impl-2.2.3-1.jar
[INFO] Downloading from central: https://repo.maven.apache.org/maven2/com/sun/jersey/jersey-json/1.8/jersey-json-1.8.jar
[INFO] Downloaded from central: https://repo.maven.apache.org/maven2/com/sun/jersey/jersey-json/1.8/jersey-json-1.8.jar (148 kB at 341 kB/s)
[INFO] Downloading from central: https://repo.maven.apache.org/maven2/com/sun/jersey/jersey-server/1.8/jersey-server-1.8.jar
[INFO] Downloaded from central: https://repo.maven.apache.org/maven2/com/sun/jersey/jersey-core/1.8/jersey-core-1.8.jar (458 kB at 1.0 MB/s)
[INFO] Downloading from central: https://repo.maven.apache.org/maven2/asm/asm/3.1/asm-3.1.jar
[INFO] Downloaded from central: https://repo.maven.apache.org/maven2/asm/asm/3.1/asm-3.1.jar (43 kB at 93 kB/s)
[INFO] Downloading from central: https://repo.maven.apache.org/maven2/javax/xml/bind/jaxb-api/2.1/jaxb-api-2.1.jar
[INFO] Downloaded from central: https://repo.maven.apache.org/maven2/org/eclipse/jdt/core/3.1.1/core-3.1.1.jar (3.6 MB at 7.5 MB/s)
[INFO] Downloading from central: https://repo.maven.apache.org/maven2/javax/activation/activation/1.1/activation-1.1.jar
[INFO] Downloaded from central: https://repo.maven.apache.org/maven2/com/sun/xml/bind/jaxb-impl/2.2.3-1/jaxb-impl-2.2.3-1.jar (890 kB at 1.8 MB/s)
[INFO] Downloading from central: https://repo.maven.apache.org/maven2/stax/stax-api/1.0.1/stax-api-1.0.1.jar
[INFO] Downloaded from central: https://repo.maven.apache.org/maven2/javax/xml/bind/jaxb-api/2.1/jaxb-api-2.1.jar (90 kB at 182 kB/s)
[INFO] Downloading from central: https://repo.maven.apache.org/maven2/junit/junit/4.10/junit-4.10.jar
[INFO] Downloaded from central: https://repo.maven.apache.org/maven2/javax/activation/activation/1.1/activation-1.1.jar (63 kB at 126 kB/s)
[INFO] Downloading from central: https://repo.maven.apache.org/maven2/org/hamcrest/hamcrest-core/1.1/hamcrest-core-1.1.jar
[INFO] Downloaded from central: https://repo.maven.apache.org/maven2/stax/stax-api/1.0.1/stax-api-1.0.1.jar (27 kB at 51 kB/s)
[INFO] Downloading from central: https://repo.maven.apache.org/maven2/org/mockito/mockito-all/1.9.0/mockito-all-1.9.0.jar
[INFO] Downloaded from central: https://repo.maven.apache.org/maven2/org/hamcrest/hamcrest-core/1.1/hamcrest-core-1.1.jar (77 kB at 146 kB/s)
[INFO] Downloading from central: https://repo.maven.apache.org/maven2/org/apache/hadoop/hadoop-core/1.0.4/hadoop-core-1.0.4.jar
[INFO] Downloaded from central: https://repo.maven.apache.org/maven2/junit/junit/4.10/junit-4.10.jar (253 kB at 479 kB/s)
[INFO] Downloading from central: https://repo.maven.apache.org/maven2/xmlenc/xmlenc/0.52/xmlenc-0.52.jar
[INFO] Downloaded from central: https://repo.maven.apache.org/maven2/xmlenc/xmlenc/0.52/xmlenc-0.52.jar (15 kB at 27 kB/s)
[INFO] Downloading from central: https://repo.maven.apache.org/maven2/commons-httpclient/commons-httpclient/3.0.1/commons-httpclient-3.0.1.jar
[INFO] Downloaded from central: https://repo.maven.apache.org/maven2/com/sun/jersey/jersey-server/1.8/jersey-server-1.8.jar (694 kB at 1.2 MB/s)
[INFO] Downloading from central: https://repo.maven.apache.org/maven2/commons-configuration/commons-configuration/1.6/commons-configuration-1.6.jar
[INFO] Downloaded from central: https://repo.maven.apache.org/maven2/org/mockito/mockito-all/1.9.0/mockito-all-1.9.0.jar (1.5 MB at 2.6 MB/s)
[INFO] Downloading from central: https://repo.maven.apache.org/maven2/commons-beanutils/commons-beanutils-core/1.8.0/commons-beanutils-core-1.8.0.jar
[INFO] Downloaded from central: https://repo.maven.apache.org/maven2/commons-httpclient/commons-httpclient/3.0.1/commons-httpclient-3.0.1.jar (280 kB at 479 kB/s)
[INFO] Downloading from central: https://repo.maven.apache.org/maven2/commons-net/commons-net/1.4.1/commons-net-1.4.1.jar
[INFO] Downloaded from central: https://repo.maven.apache.org/maven2/commons-beanutils/commons-beanutils-core/1.8.0/commons-beanutils-core-1.8.0.jar (206 kB at 342 kB/s)
[INFO] Downloading from central: https://repo.maven.apache.org/maven2/net/java/dev/jets3t/jets3t/0.7.1/jets3t-0.7.1.jar
[INFO] Downloaded from central: https://repo.maven.apache.org/maven2/commons-configuration/commons-configuration/1.6/commons-configuration-1.6.jar (299 kB at 491 kB/s)
[INFO] Downloaded from central: https://repo.maven.apache.org/maven2/commons-net/commons-net/1.4.1/commons-net-1.4.1.jar (181 kB at 297 kB/s)
[INFO] Downloading from central: https://repo.maven.apache.org/maven2/net/sf/kosmosfs/kfs/0.3/kfs-0.3.jar
[INFO] Downloading from central: https://repo.maven.apache.org/maven2/hsqldb/hsqldb/1.8.0.10/hsqldb-1.8.0.10.jar
[INFO] Downloaded from central: https://repo.maven.apache.org/maven2/net/java/dev/jets3t/jets3t/0.7.1/jets3t-0.7.1.jar (378 kB at 599 kB/s)
[INFO] Downloading from central: https://repo.maven.apache.org/maven2/org/apache/hadoop/hadoop-test/1.0.4/hadoop-test-1.0.4.jar
[INFO] Downloaded from central: https://repo.maven.apache.org/maven2/hsqldb/hsqldb/1.8.0.10/hsqldb-1.8.0.10.jar (707 kB at 1.1 MB/s)
[INFO] Downloading from central: https://repo.maven.apache.org/maven2/org/apache/ftpserver/ftplet-api/1.0.0/ftplet-api-1.0.0.jar
[INFO] Downloaded from central: https://repo.maven.apache.org/maven2/net/sf/kosmosfs/kfs/0.3/kfs-0.3.jar (12 kB at 16 kB/s)
[INFO] Downloading from central: https://repo.maven.apache.org/maven2/org/apache/mina/mina-core/2.0.0-M5/mina-core-2.0.0-M5.jar
[INFO] Downloaded from central: https://repo.maven.apache.org/maven2/org/apache/hadoop/hadoop-test/1.0.4/hadoop-test-1.0.4.jar (2.7 MB at 3.3 MB/s)
[INFO] Downloading from central: https://repo.maven.apache.org/maven2/org/apache/ftpserver/ftpserver-core/1.0.0/ftpserver-core-1.0.0.jar
[INFO] Downloaded from central: https://repo.maven.apache.org/maven2/org/apache/ftpserver/ftpserver-core/1.0.0/ftpserver-core-1.0.0.jar (271 kB at 329 kB/s)
[INFO] Downloading from central: https://repo.maven.apache.org/maven2/org/apache/ftpserver/ftpserver-deprecated/1.0.0-M2/ftpserver-deprecated-1.0.0-M2.jar
[INFO] Downloaded from central: https://repo.maven.apache.org/maven2/org/apache/ftpserver/ftpserver-deprecated/1.0.0-M2/ftpserver-deprecated-1.0.0-M2.jar (32 kB at 38 kB/s)
[INFO] Downloading from central: https://repo.maven.apache.org/maven2/org/apache/hbase/hbase/0.94.7/hbase-0.94.7.jar
[INFO] Downloaded from central: https://repo.maven.apache.org/maven2/org/apache/ftpserver/ftplet-api/1.0.0/ftplet-api-1.0.0.jar (23 kB at 27 kB/s)
[INFO] Downloading from central: https://repo.maven.apache.org/maven2/org/apache/avro/avro/1.5.3/avro-1.5.3.jar
[INFO] Downloaded from central: https://repo.maven.apache.org/maven2/org/apache/mina/mina-core/2.0.0-M5/mina-core-2.0.0-M5.jar (638 kB at 726 kB/s)
[INFO] Downloading from central: https://repo.maven.apache.org/maven2/org/xerial/snappy/snappy-java/1.0.3.2/snappy-java-1.0.3.2.jar
[INFO] Downloaded from central: https://repo.maven.apache.org/maven2/org/apache/avro/avro/1.5.3/avro-1.5.3.jar (263 kB at 297 kB/s)
[INFO] Downloading from central: https://repo.maven.apache.org/maven2/org/apache/avro/avro-ipc/1.5.3/avro-ipc-1.5.3.jar
[INFO] Downloaded from central: https://repo.maven.apache.org/maven2/org/apache/avro/avro-ipc/1.5.3/avro-ipc-1.5.3.jar (168 kB at 165 kB/s)
[INFO] Downloading from central: https://repo.maven.apache.org/maven2/org/jboss/netty/netty/3.2.4.Final/netty-3.2.4.Final.jar
[INFO] Downloaded from central: https://repo.maven.apache.org/maven2/org/xerial/snappy/snappy-java/1.0.3.2/snappy-java-1.0.3.2.jar (996 kB at 973 kB/s)
[INFO] Downloading from central: https://repo.maven.apache.org/maven2/org/apache/hbase/hbase/0.94.7/hbase-0.94.7-tests.jar
[INFO] Downloaded from central: https://repo.maven.apache.org/maven2/org/apache/hadoop/hadoop-core/1.0.4/hadoop-core-1.0.4.jar (3.9 MB at 3.7 MB/s)
[INFO] Downloading from central: https://repo.maven.apache.org/maven2/com/google/protobuf/protobuf-java/2.4.1/protobuf-java-2.4.1.jar
[INFO] Downloaded from central: https://repo.maven.apache.org/maven2/com/google/protobuf/protobuf-java/2.4.1/protobuf-java-2.4.1.jar (450 kB at 410 kB/s)
[INFO] Downloading from central: https://repo.maven.apache.org/maven2/com/googlecode/protobuf-java-format/protobuf-java-format/1.2/protobuf-java-format-1.2.jar
[INFO] Downloaded from central: https://repo.maven.apache.org/maven2/com/googlecode/protobuf-java-format/protobuf-java-format/1.2/protobuf-java-format-1.2.jar (78 kB at 69 kB/s)
[INFO] Downloading from central: https://repo.maven.apache.org/maven2/com/googlecode/protobuf-rpc-pro/protobuf-rpc-pro-demo/2.0.1/protobuf-rpc-pro-demo-2.0.1.jar
[INFO] Downloaded from central: https://repo.maven.apache.org/maven2/org/jruby/jruby-complete/1.6.8/jruby-complete-1.6.8.jar (14 MB at 12 MB/s)
[INFO] Downloading from central: https://repo.maven.apache.org/maven2/org/springframework/spring-core/3.0.5.RELEASE/spring-core-3.0.5.RELEASE.jar
[INFO] Downloaded from central: https://repo.maven.apache.org/maven2/org/springframework/spring-core/3.0.5.RELEASE/spring-core-3.0.5.RELEASE.jar (382 kB at 330 kB/s)
[INFO] Downloading from central: https://repo.maven.apache.org/maven2/org/springframework/spring-asm/3.0.5.RELEASE/spring-asm-3.0.5.RELEASE.jar
[INFO] Downloaded from central: https://repo.maven.apache.org/maven2/org/springframework/spring-asm/3.0.5.RELEASE/spring-asm-3.0.5.RELEASE.jar (53 kB at 45 kB/s)
[INFO] Downloading from central: https://repo.maven.apache.org/maven2/org/springframework/spring-context/3.0.5.RELEASE/spring-context-3.0.5.RELEASE.jar
[INFO] Downloaded from central: https://repo.maven.apache.org/maven2/org/apache/hbase/hbase/0.94.7/hbase-0.94.7-tests.jar (2.5 MB at 2.0 MB/s)
[INFO] Downloading from central: https://repo.maven.apache.org/maven2/org/springframework/spring-aop/3.0.5.RELEASE/spring-aop-3.0.5.RELEASE.jar
[INFO] Downloaded from central: https://repo.maven.apache.org/maven2/org/jboss/netty/netty/3.2.4.Final/netty-3.2.4.Final.jar (790 kB at 618 kB/s)
[INFO] Downloading from central: https://repo.maven.apache.org/maven2/org/springframework/spring-beans/3.0.5.RELEASE/spring-beans-3.0.5.RELEASE.jar
[INFO] Downloaded from central: https://repo.maven.apache.org/maven2/org/springframework/spring-context/3.0.5.RELEASE/spring-context-3.0.5.RELEASE.jar (669 kB at 509 kB/s)
[INFO] Downloading from central: https://repo.maven.apache.org/maven2/org/springframework/spring-expression/3.0.5.RELEASE/spring-expression-3.0.5.RELEASE.jar
[INFO] Downloaded from central: https://repo.maven.apache.org/maven2/com/googlecode/protobuf-rpc-pro/protobuf-rpc-pro-demo/2.0.1/protobuf-rpc-pro-demo-2.0.1.jar (123 kB at 93 kB/s)
[INFO] Downloading from central: https://repo.maven.apache.org/maven2/com/googlecode/protobuf-rpc-pro/protobuf-rpc-pro-duplex/2.0.1/protobuf-rpc-pro-duplex-2.0.1.jar
[INFO] Downloaded from central: https://repo.maven.apache.org/maven2/org/apache/hbase/hbase/0.94.7/hbase-0.94.7.jar (5.1 MB at 3.9 MB/s)
[INFO] Downloading from central: https://repo.maven.apache.org/maven2/com/googlecode/protobuf-rpc-pro/protobuf-streamer-pro/1.2.3/protobuf-streamer-pro-1.2.3.jar
[INFO] Downloaded from central: https://repo.maven.apache.org/maven2/org/springframework/spring-aop/3.0.5.RELEASE/spring-aop-3.0.5.RELEASE.jar (321 kB at 232 kB/s)
[INFO] Downloading from central: https://repo.maven.apache.org/maven2/org/codehaus/jackson/jackson-mapper-asl/1.8.8/jackson-mapper-asl-1.8.8.jar
[INFO] Downloaded from central: https://repo.maven.apache.org/maven2/org/springframework/spring-beans/3.0.5.RELEASE/spring-beans-3.0.5.RELEASE.jar (555 kB at 388 kB/s)
[INFO] Downloading from central: https://repo.maven.apache.org/maven2/org/cloudera/htrace/htrace/1.49/htrace-1.49.jar
[INFO] Downloaded from central: https://repo.maven.apache.org/maven2/org/springframework/spring-expression/3.0.5.RELEASE/spring-expression-3.0.5.RELEASE.jar (170 kB at 118 kB/s)
[INFO] Downloading from central: https://repo.maven.apache.org/maven2/com/alibaba/druid/0.2.9/druid-0.2.9.jar
[INFO] Downloaded from central: https://repo.maven.apache.org/maven2/com/googlecode/protobuf-rpc-pro/protobuf-streamer-pro/1.2.3/protobuf-streamer-pro-1.2.3.jar (140 kB at 97 kB/s)
[INFO] Downloaded from central: https://repo.maven.apache.org/maven2/com/googlecode/protobuf-rpc-pro/protobuf-rpc-pro-duplex/2.0.1/protobuf-rpc-pro-duplex-2.0.1.jar (190 kB at 132 kB/s)
[INFO] Downloaded from central: https://repo.maven.apache.org/maven2/org/codehaus/jackson/jackson-mapper-asl/1.8.8/jackson-mapper-asl-1.8.8.jar (669 kB at 462 kB/s)
[INFO] Downloaded from central: https://repo.maven.apache.org/maven2/com/alibaba/druid/0.2.9/druid-0.2.9.jar (1.5 MB at 985 kB/s)
[INFO] Downloaded from central: https://repo.maven.apache.org/maven2/org/cloudera/htrace/htrace/1.49/htrace-1.49.jar (29 kB at 18 kB/s)
[INFO] 
[INFO] --- maven-clean-plugin:2.5:clean (default-clean) @ wasp ---
[INFO] 
[INFO] --- maven-antrun-plugin:1.6:run (generate) @ wasp ---
[INFO] Downloading from central: https://repo.maven.apache.org/maven2/org/apache/maven/maven-plugin-api/2.0.11/maven-plugin-api-2.0.11.pom
[INFO] Downloaded from central: https://repo.maven.apache.org/maven2/org/apache/maven/maven-plugin-api/2.0.11/maven-plugin-api-2.0.11.pom (1.5 kB at 77 kB/s)
[INFO] Downloading from central: https://repo.maven.apache.org/maven2/org/apache/maven/maven/2.0.11/maven-2.0.11.pom
[INFO] Downloaded from central: https://repo.maven.apache.org/maven2/org/apache/maven/maven/2.0.11/maven-2.0.11.pom (22 kB at 1.2 MB/s)
[INFO] Downloading from central: https://repo.maven.apache.org/maven2/org/apache/maven/maven-parent/12/maven-parent-12.pom
[INFO] Downloaded from central: https://repo.maven.apache.org/maven2/org/apache/maven/maven-parent/12/maven-parent-12.pom (22 kB at 1.1 MB/s)
[INFO] Downloading from central: https://repo.maven.apache.org/maven2/org/apache/maven/maven-project/2.0.11/maven-project-2.0.11.pom
[INFO] Downloaded from central: https://repo.maven.apache.org/maven2/org/apache/maven/maven-project/2.0.11/maven-project-2.0.11.pom (2.8 kB at 154 kB/s)
[INFO] Downloading from central: https://repo.maven.apache.org/maven2/org/apache/maven/maven-settings/2.0.11/maven-settings-2.0.11.pom
[INFO] Downloaded from central: https://repo.maven.apache.org/maven2/org/apache/maven/maven-settings/2.0.11/maven-settings-2.0.11.pom (2.2 kB at 115 kB/s)
[INFO] Downloading from central: https://repo.maven.apache.org/maven2/org/apache/maven/maven-model/2.0.11/maven-model-2.0.11.pom
[INFO] Downloaded from central: https://repo.maven.apache.org/maven2/org/apache/maven/maven-model/2.0.11/maven-model-2.0.11.pom (3.2 kB at 180 kB/s)
[INFO] Downloading from central: https://repo.maven.apache.org/maven2/org/codehaus/plexus/plexus-utils/1.5.6/plexus-utils-1.5.6.pom
[INFO] Downloaded from central: https://repo.maven.apache.org/maven2/org/codehaus/plexus/plexus-utils/1.5.6/plexus-utils-1.5.6.pom (5.3 kB at 295 kB/s)
[INFO] Downloading from central: https://repo.maven.apache.org/maven2/org/codehaus/plexus/plexus/1.0.12/plexus-1.0.12.pom
[INFO] Downloaded from central: https://repo.maven.apache.org/maven2/org/codehaus/plexus/plexus/1.0.12/plexus-1.0.12.pom (9.8 kB at 544 kB/s)
[INFO] Downloading from central: https://repo.maven.apache.org/maven2/org/codehaus/plexus/plexus-interpolation/1.1/plexus-interpolation-1.1.pom
[INFO] Downloaded from central: https://repo.maven.apache.org/maven2/org/codehaus/plexus/plexus-interpolation/1.1/plexus-interpolation-1.1.pom (1.4 kB at 72 kB/s)
[INFO] Downloading from central: https://repo.maven.apache.org/maven2/org/apache/maven/maven-profile/2.0.11/maven-profile-2.0.11.pom
[INFO] Downloaded from central: https://repo.maven.apache.org/maven2/org/apache/maven/maven-profile/2.0.11/maven-profile-2.0.11.pom (2.0 kB at 102 kB/s)
[INFO] Downloading from central: https://repo.maven.apache.org/maven2/org/apache/maven/maven-artifact-manager/2.0.11/maven-artifact-manager-2.0.11.pom
[INFO] Downloaded from central: https://repo.maven.apache.org/maven2/org/apache/maven/maven-artifact-manager/2.0.11/maven-artifact-manager-2.0.11.pom (2.6 kB at 132 kB/s)
[INFO] Downloading from central: https://repo.maven.apache.org/maven2/org/apache/maven/maven-repository-metadata/2.0.11/maven-repository-metadata-2.0.11.pom
[INFO] Downloaded from central: https://repo.maven.apache.org/maven2/org/apache/maven/maven-repository-metadata/2.0.11/maven-repository-metadata-2.0.11.pom (2.3 kB at 103 kB/s)
[INFO] Downloading from central: https://repo.maven.apache.org/maven2/org/apache/maven/maven-artifact/2.0.11/maven-artifact-2.0.11.pom
[INFO] Downloaded from central: https://repo.maven.apache.org/maven2/org/apache/maven/maven-artifact/2.0.11/maven-artifact-2.0.11.pom (1.6 kB at 66 kB/s)
[INFO] Downloading from central: https://repo.maven.apache.org/maven2/org/apache/maven/maven-plugin-registry/2.0.11/maven-plugin-registry-2.0.11.pom
[INFO] Downloaded from central: https://repo.maven.apache.org/maven2/org/apache/maven/maven-plugin-registry/2.0.11/maven-plugin-registry-2.0.11.pom (1.9 kB at 80 kB/s)
[INFO] Downloading from central: https://repo.maven.apache.org/maven2/org/apache/ant/ant-nodeps/1.8.1/ant-nodeps-1.8.1.pom
[INFO] Downloaded from central: https://repo.maven.apache.org/maven2/org/apache/ant/ant-nodeps/1.8.1/ant-nodeps-1.8.1.pom (4.8 kB at 201 kB/s)
[INFO] Downloading from central: https://repo.maven.apache.org/maven2/org/apache/ant/ant-parent/1.8.1/ant-parent-1.8.1.pom
[INFO] Downloaded from central: https://repo.maven.apache.org/maven2/org/apache/ant/ant-parent/1.8.1/ant-parent-1.8.1.pom (4.3 kB at 186 kB/s)
[INFO] Downloading from central: https://repo.maven.apache.org/maven2/org/apache/ant/ant/1.8.1/ant-1.8.1.pom
[INFO] Downloaded from central: https://repo.maven.apache.org/maven2/org/apache/ant/ant/1.8.1/ant-1.8.1.pom (8.8 kB at 367 kB/s)
[INFO] Downloading from central: https://repo.maven.apache.org/maven2/org/apache/ant/ant-launcher/1.8.1/ant-launcher-1.8.1.pom
[INFO] Downloaded from central: https://repo.maven.apache.org/maven2/org/apache/ant/ant-launcher/1.8.1/ant-launcher-1.8.1.pom (2.4 kB at 95 kB/s)
[INFO] Downloading from central: https://repo.maven.apache.org/maven2/org/apache/maven/maven-plugin-api/2.0.11/maven-plugin-api-2.0.11.jar
[INFO] Downloading from central: https://repo.maven.apache.org/maven2/org/apache/maven/maven-project/2.0.11/maven-project-2.0.11.jar
[INFO] Downloading from central: https://repo.maven.apache.org/maven2/org/apache/maven/maven-settings/2.0.11/maven-settings-2.0.11.jar
[INFO] Downloading from central: https://repo.maven.apache.org/maven2/org/apache/maven/maven-model/2.0.11/maven-model-2.0.11.jar
[INFO] Downloading from central: https://repo.maven.apache.org/maven2/org/apache/maven/maven-profile/2.0.11/maven-profile-2.0.11.jar
[INFO] Downloaded from central: https://repo.maven.apache.org/maven2/org/apache/maven/maven-plugin-api/2.0.11/maven-plugin-api-2.0.11.jar (13 kB at 503 kB/s)
[INFO] Downloading from central: https://repo.maven.apache.org/maven2/org/apache/maven/maven-artifact-manager/2.0.11/maven-artifact-manager-2.0.11.jar
[INFO] Downloaded from central: https://repo.maven.apache.org/maven2/org/apache/maven/maven-profile/2.0.11/maven-profile-2.0.11.jar (37 kB at 1.2 MB/s)
[INFO] Downloading from central: https://repo.maven.apache.org/maven2/org/apache/maven/maven-repository-metadata/2.0.11/maven-repository-metadata-2.0.11.jar
[INFO] Downloaded from central: https://repo.maven.apache.org/maven2/org/apache/maven/maven-settings/2.0.11/maven-settings-2.0.11.jar (51 kB at 1.4 MB/s)
[INFO] Downloading from central: https://repo.maven.apache.org/maven2/org/apache/maven/maven-plugin-registry/2.0.11/maven-plugin-registry-2.0.11.jar
[INFO] Downloaded from central: https://repo.maven.apache.org/maven2/org/apache/maven/maven-model/2.0.11/maven-model-2.0.11.jar (97 kB at 2.7 MB/s)
[INFO] Downloading from central: https://repo.maven.apache.org/maven2/org/codehaus/plexus/plexus-interpolation/1.1/plexus-interpolation-1.1.jar
[INFO] Downloaded from central: https://repo.maven.apache.org/maven2/org/apache/maven/maven-project/2.0.11/maven-project-2.0.11.jar (123 kB at 2.7 MB/s)
[INFO] Downloading from central: https://repo.maven.apache.org/maven2/org/apache/maven/maven-artifact/2.0.11/maven-artifact-2.0.11.jar
[INFO] Downloaded from central: https://repo.maven.apache.org/maven2/org/apache/maven/maven-repository-metadata/2.0.11/maven-repository-metadata-2.0.11.jar (26 kB at 461 kB/s)
[INFO] Downloaded from central: https://repo.maven.apache.org/maven2/org/apache/maven/maven-artifact-manager/2.0.11/maven-artifact-manager-2.0.11.jar (58 kB at 1.0 MB/s)
[INFO] Downloading from central: https://repo.maven.apache.org/maven2/org/apache/ant/ant-nodeps/1.8.1/ant-nodeps-1.8.1.jar
[INFO] Downloaded from central: https://repo.maven.apache.org/maven2/org/codehaus/plexus/plexus-interpolation/1.1/plexus-interpolation-1.1.jar (35 kB at 563 kB/s)
[INFO] Downloading from central: https://repo.maven.apache.org/maven2/org/apache/ant/ant-launcher/1.8.1/ant-launcher-1.8.1.jar
[INFO] Downloaded from central: https://repo.maven.apache.org/maven2/org/apache/maven/maven-plugin-registry/2.0.11/maven-plugin-registry-2.0.11.jar (31 kB at 486 kB/s)
[INFO] Downloading from central: https://repo.maven.apache.org/maven2/org/apache/ant/ant/1.8.1/ant-1.8.1.jar
[INFO] Downloaded from central: https://repo.maven.apache.org/maven2/org/apache/maven/maven-artifact/2.0.11/maven-artifact-2.0.11.jar (90 kB at 1.2 MB/s)
[INFO] Downloaded from central: https://repo.maven.apache.org/maven2/org/apache/ant/ant-launcher/1.8.1/ant-launcher-1.8.1.jar (12 kB at 131 kB/s)
[INFO] Downloaded from central: https://repo.maven.apache.org/maven2/org/apache/ant/ant-nodeps/1.8.1/ant-nodeps-1.8.1.jar (409 kB at 3.4 MB/s)
[INFO] Downloaded from central: https://repo.maven.apache.org/maven2/org/apache/ant/ant/1.8.1/ant-1.8.1.jar (1.5 MB at 11 MB/s)
[INFO] Executing tasks

main:
[INFO] Logging to org.slf4j.impl.MavenSimpleLogger(org.mortbay.log) via org.mortbay.log.Slf4jLog
    [mkdir] Created dir: /home/idflakies/alibaba/wasp/target/wasp-webapps/master/WEB-INF
    [mkdir] Created dir: /home/idflakies/alibaba/wasp/target/wasp-webapps/fserver/WEB-INF
[INFO] Executed tasks
[INFO] 
[INFO] --- build-helper-maven-plugin:1.5:add-source (add-source) @ wasp ---
[INFO] Downloading from central: https://repo.maven.apache.org/maven2/org/apache/maven/maven-model/2.0.2/maven-model-2.0.2.pom
[INFO] Downloaded from central: https://repo.maven.apache.org/maven2/org/apache/maven/maven-model/2.0.2/maven-model-2.0.2.pom (2.5 kB at 105 kB/s)
[INFO] Downloading from central: https://repo.maven.apache.org/maven2/org/apache/maven/maven/2.0.2/maven-2.0.2.pom
[INFO] Downloaded from central: https://repo.maven.apache.org/maven2/org/apache/maven/maven/2.0.2/maven-2.0.2.pom (13 kB at 599 kB/s)
[INFO] Downloading from central: https://repo.maven.apache.org/maven2/org/codehaus/plexus/plexus-utils/1.1/plexus-utils-1.1.pom
[INFO] Downloaded from central: https://repo.maven.apache.org/maven2/org/codehaus/plexus/plexus-utils/1.1/plexus-utils-1.1.pom (767 B at 38 kB/s)
[INFO] Downloading from central: https://repo.maven.apache.org/maven2/org/apache/maven/maven-project/2.0.2/maven-project-2.0.2.pom
[INFO] Downloaded from central: https://repo.maven.apache.org/maven2/org/apache/maven/maven-project/2.0.2/maven-project-2.0.2.pom (1.7 kB at 14 kB/s)
[INFO] Downloading from central: https://repo.maven.apache.org/maven2/org/apache/maven/maven-profile/2.0.2/maven-profile-2.0.2.pom
[INFO] Downloaded from central: https://repo.maven.apache.org/maven2/org/apache/maven/maven-profile/2.0.2/maven-profile-2.0.2.pom (1.5 kB at 81 kB/s)
[INFO] Downloading from central: https://repo.maven.apache.org/maven2/junit/junit/3.8.2/junit-3.8.2.pom
[INFO] Downloaded from central: https://repo.maven.apache.org/maven2/junit/junit/3.8.2/junit-3.8.2.pom (747 B at 44 kB/s)
[INFO] Downloading from central: https://repo.maven.apache.org/maven2/org/apache/maven/maven-artifact-manager/2.0.2/maven-artifact-manager-2.0.2.pom
[INFO] Downloaded from central: https://repo.maven.apache.org/maven2/org/apache/maven/maven-artifact-manager/2.0.2/maven-artifact-manager-2.0.2.pom (1.4 kB at 82 kB/s)
[INFO] Downloading from central: https://repo.maven.apache.org/maven2/org/apache/maven/maven-repository-metadata/2.0.2/maven-repository-metadata-2.0.2.pom
[INFO] Downloaded from central: https://repo.maven.apache.org/maven2/org/apache/maven/maven-repository-metadata/2.0.2/maven-repository-metadata-2.0.2.pom (1.3 kB at 73 kB/s)
[INFO] Downloading from central: https://repo.maven.apache.org/maven2/org/apache/maven/maven-artifact/2.0.2/maven-artifact-2.0.2.pom
[INFO] Downloaded from central: https://repo.maven.apache.org/maven2/org/apache/maven/maven-artifact/2.0.2/maven-artifact-2.0.2.pom (765 B at 45 kB/s)
[INFO] Downloading from central: https://repo.maven.apache.org/maven2/org/apache/maven/maven-core/2.0.2/maven-core-2.0.2.pom
[INFO] Downloaded from central: https://repo.maven.apache.org/maven2/org/apache/maven/maven-core/2.0.2/maven-core-2.0.2.pom (5.2 kB at 274 kB/s)
[INFO] Downloading from central: https://repo.maven.apache.org/maven2/org/apache/maven/maven-settings/2.0.2/maven-settings-2.0.2.pom
[INFO] Downloaded from central: https://repo.maven.apache.org/maven2/org/apache/maven/maven-settings/2.0.2/maven-settings-2.0.2.pom (1.4 kB at 76 kB/s)
[INFO] Downloading from central: https://repo.maven.apache.org/maven2/org/apache/maven/maven-plugin-parameter-documenter/2.0.2/maven-plugin-parameter-documenter-2.0.2.pom
[INFO] Downloaded from central: https://repo.maven.apache.org/maven2/org/apache/maven/maven-plugin-parameter-documenter/2.0.2/maven-plugin-parameter-documenter-2.0.2.pom (1.6 kB at 89 kB/s)
[INFO] Downloading from central: https://repo.maven.apache.org/maven2/org/apache/maven/reporting/maven-reporting-api/2.0.2/maven-reporting-api-2.0.2.pom
[INFO] Downloaded from central: https://repo.maven.apache.org/maven2/org/apache/maven/reporting/maven-reporting-api/2.0.2/maven-reporting-api-2.0.2.pom (902 B at 45 kB/s)
[INFO] Downloading from central: https://repo.maven.apache.org/maven2/org/apache/maven/reporting/maven-reporting/2.0.2/maven-reporting-2.0.2.pom
[INFO] Downloaded from central: https://repo.maven.apache.org/maven2/org/apache/maven/reporting/maven-reporting/2.0.2/maven-reporting-2.0.2.pom (738 B at 39 kB/s)
[INFO] Downloading from central: https://repo.maven.apache.org/maven2/org/apache/maven/maven-error-diagnostics/2.0.2/maven-error-diagnostics-2.0.2.pom
[INFO] Downloaded from central: https://repo.maven.apache.org/maven2/org/apache/maven/maven-error-diagnostics/2.0.2/maven-error-diagnostics-2.0.2.pom (854 B at 47 kB/s)
[INFO] Downloading from central: https://repo.maven.apache.org/maven2/org/apache/maven/maven-plugin-registry/2.0.2/maven-plugin-registry-2.0.2.pom
[INFO] Downloaded from central: https://repo.maven.apache.org/maven2/org/apache/maven/maven-plugin-registry/2.0.2/maven-plugin-registry-2.0.2.pom (1.4 kB at 80 kB/s)
[INFO] Downloading from central: https://repo.maven.apache.org/maven2/org/apache/maven/maven-plugin-descriptor/2.0.2/maven-plugin-descriptor-2.0.2.pom
[INFO] Downloaded from central: https://repo.maven.apache.org/maven2/org/apache/maven/maven-plugin-descriptor/2.0.2/maven-plugin-descriptor-2.0.2.pom (1.5 kB at 13 kB/s)
[INFO] Downloading from central: https://repo.maven.apache.org/maven2/org/apache/maven/maven-monitor/2.0.2/maven-monitor-2.0.2.pom
[INFO] Downloaded from central: https://repo.maven.apache.org/maven2/org/apache/maven/maven-monitor/2.0.2/maven-monitor-2.0.2.pom (442 B at 19 kB/s)
[INFO] Downloading from central: https://repo.maven.apache.org/maven2/org/apache/maven/maven-plugin-api/2.0.2/maven-plugin-api-2.0.2.pom
[INFO] Downloaded from central: https://repo.maven.apache.org/maven2/org/apache/maven/maven-plugin-api/2.0.2/maven-plugin-api-2.0.2.pom (643 B at 29 kB/s)
[INFO] Downloading from central: https://repo.maven.apache.org/maven2/org/apache/maven/maven-model/2.0.2/maven-model-2.0.2.jar
[INFO] Downloading from central: https://repo.maven.apache.org/maven2/org/apache/maven/maven-profile/2.0.2/maven-profile-2.0.2.jar
[INFO] Downloading from central: https://repo.maven.apache.org/maven2/org/apache/maven/maven-project/2.0.2/maven-project-2.0.2.jar
[INFO] Downloading from central: https://repo.maven.apache.org/maven2/org/codehaus/plexus/plexus-container-default/1.0-alpha-9/plexus-container-default-1.0-alpha-9.jar
[INFO] Downloading from central: https://repo.maven.apache.org/maven2/org/apache/maven/maven-artifact-manager/2.0.2/maven-artifact-manager-2.0.2.jar
[INFO] Downloaded from central: https://repo.maven.apache.org/maven2/org/apache/maven/maven-model/2.0.2/maven-model-2.0.2.jar (80 kB at 3.5 MB/s)
[INFO] Downloading from central: https://repo.maven.apache.org/maven2/org/apache/maven/maven-core/2.0.2/maven-core-2.0.2.jar
[INFO] Downloaded from central: https://repo.maven.apache.org/maven2/org/apache/maven/maven-artifact-manager/2.0.2/maven-artifact-manager-2.0.2.jar (49 kB at 2.2 MB/s)
[INFO] Downloading from central: https://repo.maven.apache.org/maven2/org/apache/maven/maven-settings/2.0.2/maven-settings-2.0.2.jar
[INFO] Downloaded from central: https://repo.maven.apache.org/maven2/org/apache/maven/maven-project/2.0.2/maven-project-2.0.2.jar (107 kB at 4.3 MB/s)
[INFO] Downloading from central: https://repo.maven.apache.org/maven2/org/apache/maven/maven-plugin-parameter-documenter/2.0.2/maven-plugin-parameter-documenter-2.0.2.jar
[INFO] Downloaded from central: https://repo.maven.apache.org/maven2/org/codehaus/plexus/plexus-container-default/1.0-alpha-9/plexus-container-default-1.0-alpha-9.jar (195 kB at 7.0 MB/s)
[INFO] Downloading from central: https://repo.maven.apache.org/maven2/org/apache/maven/reporting/maven-reporting-api/2.0.2/maven-reporting-api-2.0.2.jar
[INFO] Downloaded from central: https://repo.maven.apache.org/maven2/org/apache/maven/maven-settings/2.0.2/maven-settings-2.0.2.jar (44 kB at 1.0 MB/s)
[INFO] Downloading from central: https://repo.maven.apache.org/maven2/org/apache/maven/maven-repository-metadata/2.0.2/maven-repository-metadata-2.0.2.jar
[INFO] Downloaded from central: https://repo.maven.apache.org/maven2/org/apache/maven/reporting/maven-reporting-api/2.0.2/maven-reporting-api-2.0.2.jar (5.0 kB at 106 kB/s)
[INFO] Downloading from central: https://repo.maven.apache.org/maven2/org/apache/maven/maven-error-diagnostics/2.0.2/maven-error-diagnostics-2.0.2.jar
[INFO] Downloaded from central: https://repo.maven.apache.org/maven2/org/apache/maven/maven-repository-metadata/2.0.2/maven-repository-metadata-2.0.2.jar (20 kB at 334 kB/s)
[INFO] Downloading from central: https://repo.maven.apache.org/maven2/org/apache/maven/maven-plugin-registry/2.0.2/maven-plugin-registry-2.0.2.jar
[INFO] Downloaded from central: https://repo.maven.apache.org/maven2/org/apache/maven/maven-error-diagnostics/2.0.2/maven-error-diagnostics-2.0.2.jar (8.6 kB at 132 kB/s)
[INFO] Downloading from central: https://repo.maven.apache.org/maven2/org/apache/maven/maven-plugin-descriptor/2.0.2/maven-plugin-descriptor-2.0.2.jar
[INFO] Downloaded from central: https://repo.maven.apache.org/maven2/org/apache/maven/maven-plugin-registry/2.0.2/maven-plugin-registry-2.0.2.jar (24 kB at 315 kB/s)
[INFO] Downloading from central: https://repo.maven.apache.org/maven2/org/apache/maven/maven-monitor/2.0.2/maven-monitor-2.0.2.jar
[INFO] Downloaded from central: https://repo.maven.apache.org/maven2/org/apache/maven/maven-plugin-descriptor/2.0.2/maven-plugin-descriptor-2.0.2.jar (32 kB at 385 kB/s)
[INFO] Downloading from central: https://repo.maven.apache.org/maven2/org/apache/maven/maven-plugin-api/2.0.2/maven-plugin-api-2.0.2.jar
[INFO] Downloaded from central: https://repo.maven.apache.org/maven2/org/apache/maven/maven-monitor/2.0.2/maven-monitor-2.0.2.jar (5.7 kB at 61 kB/s)
[INFO] Downloading from central: https://repo.maven.apache.org/maven2/org/apache/maven/maven-artifact/2.0.2/maven-artifact-2.0.2.jar
[INFO] Downloaded from central: https://repo.maven.apache.org/maven2/org/apache/maven/maven-plugin-api/2.0.2/maven-plugin-api-2.0.2.jar (8.3 kB at 83 kB/s)
[INFO] Downloading from central: https://repo.maven.apache.org/maven2/org/codehaus/plexus/plexus-utils/1.5.8/plexus-utils-1.5.8.jar
[INFO] Downloaded from central: https://repo.maven.apache.org/maven2/org/apache/maven/maven-artifact/2.0.2/maven-artifact-2.0.2.jar (78 kB at 695 kB/s)
[INFO] Downloaded from central: https://repo.maven.apache.org/maven2/org/apache/maven/maven-profile/2.0.2/maven-profile-2.0.2.jar (30 kB at 256 kB/s)
[INFO] Downloaded from central: https://repo.maven.apache.org/maven2/org/codehaus/plexus/plexus-utils/1.5.8/plexus-utils-1.5.8.jar (268 kB at 2.1 MB/s)
[INFO] Downloaded from central: https://repo.maven.apache.org/maven2/org/apache/maven/maven-core/2.0.2/maven-core-2.0.2.jar (136 kB at 963 kB/s)
[INFO] Downloaded from central: https://repo.maven.apache.org/maven2/org/apache/maven/maven-plugin-parameter-documenter/2.0.2/maven-plugin-parameter-documenter-2.0.2.jar (16 kB at 113 kB/s)
[INFO] Source directory: /home/idflakies/alibaba/wasp/target/generated-sources/java added.
[INFO] 
[INFO] --- maven-resources-plugin:2.6:resources (default-resources) @ wasp ---
[INFO] Using 'UTF-8' encoding to copy filtered resources.
[INFO] Copying 2 resources
[INFO] Copying 18 resources
[INFO] 
[INFO] --- maven-compiler-plugin:2.5.1:compile (default-compile) @ wasp ---
[INFO] Downloading from central: https://repo.maven.apache.org/maven2/org/codehaus/plexus/plexus-utils/1.5.1/plexus-utils-1.5.1.pom
[INFO] Downloaded from central: https://repo.maven.apache.org/maven2/org/codehaus/plexus/plexus-utils/1.5.1/plexus-utils-1.5.1.pom (2.3 kB at 121 kB/s)
[INFO] Downloading from central: https://repo.maven.apache.org/maven2/org/apache/maven/maven-toolchain/1.0/maven-toolchain-1.0.pom
[INFO] Downloaded from central: https://repo.maven.apache.org/maven2/org/apache/maven/maven-toolchain/1.0/maven-toolchain-1.0.pom (3.4 kB at 171 kB/s)
[INFO] Downloading from central: https://repo.maven.apache.org/maven2/org/codehaus/plexus/plexus-compiler-api/1.9.1/plexus-compiler-api-1.9.1.pom
[INFO] Downloaded from central: https://repo.maven.apache.org/maven2/org/codehaus/plexus/plexus-compiler-api/1.9.1/plexus-compiler-api-1.9.1.pom (867 B at 36 kB/s)
[INFO] Downloading from central: https://repo.maven.apache.org/maven2/org/codehaus/plexus/plexus-compiler/1.9.1/plexus-compiler-1.9.1.pom
[INFO] Downloaded from central: https://repo.maven.apache.org/maven2/org/codehaus/plexus/plexus-compiler/1.9.1/plexus-compiler-1.9.1.pom (3.8 kB at 167 kB/s)
[INFO] Downloading from central: https://repo.maven.apache.org/maven2/org/codehaus/plexus/plexus-compiler-manager/1.9.1/plexus-compiler-manager-1.9.1.pom
[INFO] Downloaded from central: https://repo.maven.apache.org/maven2/org/codehaus/plexus/plexus-compiler-manager/1.9.1/plexus-compiler-manager-1.9.1.pom (692 B at 29 kB/s)
[INFO] Downloading from central: https://repo.maven.apache.org/maven2/org/codehaus/plexus/plexus-compiler-javac/1.9.1/plexus-compiler-javac-1.9.1.pom
[INFO] Downloaded from central: https://repo.maven.apache.org/maven2/org/codehaus/plexus/plexus-compiler-javac/1.9.1/plexus-compiler-javac-1.9.1.pom (688 B at 29 kB/s)
[INFO] Downloading from central: https://repo.maven.apache.org/maven2/org/codehaus/plexus/plexus-compilers/1.9.1/plexus-compilers-1.9.1.pom
[INFO] Downloaded from central: https://repo.maven.apache.org/maven2/org/codehaus/plexus/plexus-compilers/1.9.1/plexus-compilers-1.9.1.pom (1.2 kB at 54 kB/s)
[INFO] Downloading from central: https://repo.maven.apache.org/maven2/org/apache/maven/maven-toolchain/1.0/maven-toolchain-1.0.jar
[INFO] Downloading from central: https://repo.maven.apache.org/maven2/org/codehaus/plexus/plexus-compiler-api/1.9.1/plexus-compiler-api-1.9.1.jar
[INFO] Downloading from central: https://repo.maven.apache.org/maven2/org/codehaus/plexus/plexus-compiler-manager/1.9.1/plexus-compiler-manager-1.9.1.jar
[INFO] Downloading from central: https://repo.maven.apache.org/maven2/org/codehaus/plexus/plexus-compiler-javac/1.9.1/plexus-compiler-javac-1.9.1.jar
[INFO] Downloaded from central: https://repo.maven.apache.org/maven2/org/codehaus/plexus/plexus-compiler-javac/1.9.1/plexus-compiler-javac-1.9.1.jar (14 kB at 530 kB/s)
[INFO] Downloaded from central: https://repo.maven.apache.org/maven2/org/codehaus/plexus/plexus-compiler-api/1.9.1/plexus-compiler-api-1.9.1.jar (21 kB at 738 kB/s)
[INFO] Downloaded from central: https://repo.maven.apache.org/maven2/org/codehaus/plexus/plexus-compiler-manager/1.9.1/plexus-compiler-manager-1.9.1.jar (4.6 kB at 163 kB/s)
[INFO] Downloaded from central: https://repo.maven.apache.org/maven2/org/apache/maven/maven-toolchain/1.0/maven-toolchain-1.0.jar (33 kB at 866 kB/s)
[INFO] Compiling 513 source files to /home/idflakies/alibaba/wasp/target/classes
[INFO] 
[INFO] --- maven-resources-plugin:2.6:testResources (default-testResources) @ wasp ---
[INFO] Using 'UTF-8' encoding to copy filtered resources.
[INFO] skip non existing resourceDirectory /home/idflakies/alibaba/wasp/src/test/resources
[INFO] 
[INFO] --- maven-compiler-plugin:2.5.1:testCompile (default-testCompile) @ wasp ---
[INFO] Compiling 83 source files to /home/idflakies/alibaba/wasp/target/test-classes
[INFO] 
[INFO] --- maven-surefire-plugin:2.13:test (default-test) @ wasp ---
[INFO] Downloading from central: https://repo.maven.apache.org/maven2/org/apache/maven/surefire/maven-surefire-common/2.13/maven-surefire-common-2.13.pom
[INFO] Downloaded from central: https://repo.maven.apache.org/maven2/org/apache/maven/surefire/maven-surefire-common/2.13/maven-surefire-common-2.13.pom (5.6 kB at 256 kB/s)
[INFO] Downloading from central: https://repo.maven.apache.org/maven2/org/apache/maven/plugin-tools/maven-plugin-annotations/3.2/maven-plugin-annotations-3.2.pom
[INFO] Downloaded from central: https://repo.maven.apache.org/maven2/org/apache/maven/plugin-tools/maven-plugin-annotations/3.2/maven-plugin-annotations-3.2.pom (1.6 kB at 85 kB/s)
[INFO] Downloading from central: https://repo.maven.apache.org/maven2/org/apache/maven/plugin-tools/maven-plugin-tools/3.2/maven-plugin-tools-3.2.pom
[INFO] Downloaded from central: https://repo.maven.apache.org/maven2/org/apache/maven/plugin-tools/maven-plugin-tools/3.2/maven-plugin-tools-3.2.pom (17 kB at 870 kB/s)
[INFO] Downloading from central: https://repo.maven.apache.org/maven2/org/apache/maven/surefire/surefire-api/2.13/surefire-api-2.13.pom
[INFO] Downloaded from central: https://repo.maven.apache.org/maven2/org/apache/maven/surefire/surefire-api/2.13/surefire-api-2.13.pom (2.8 kB at 156 kB/s)
[INFO] Downloading from central: https://repo.maven.apache.org/maven2/org/apache/maven/surefire/surefire-booter/2.13/surefire-booter-2.13.pom
[INFO] Downloaded from central: https://repo.maven.apache.org/maven2/org/apache/maven/surefire/surefire-booter/2.13/surefire-booter-2.13.pom (3.0 kB at 159 kB/s)
[INFO] Downloading from central: https://repo.maven.apache.org/maven2/org/apache/maven/surefire/maven-surefire-common/2.13/maven-surefire-common-2.13.jar
[INFO] Downloading from central: https://repo.maven.apache.org/maven2/org/apache/maven/surefire/surefire-booter/2.13/surefire-booter-2.13.jar
[INFO] Downloading from central: https://repo.maven.apache.org/maven2/org/apache/maven/plugin-tools/maven-plugin-annotations/3.2/maven-plugin-annotations-3.2.jar
[INFO] Downloading from central: https://repo.maven.apache.org/maven2/org/codehaus/plexus/plexus-utils/1.5.1/plexus-utils-1.5.1.jar
[INFO] Downloading from central: https://repo.maven.apache.org/maven2/org/apache/maven/surefire/surefire-api/2.13/surefire-api-2.13.jar
[INFO] Downloaded from central: https://repo.maven.apache.org/maven2/org/apache/maven/plugin-tools/maven-plugin-annotations/3.2/maven-plugin-annotations-3.2.jar (15 kB at 718 kB/s)
[INFO] Downloaded from central: https://repo.maven.apache.org/maven2/org/apache/maven/surefire/surefire-booter/2.13/surefire-booter-2.13.jar (35 kB at 1.6 MB/s)
[INFO] Downloaded from central: https://repo.maven.apache.org/maven2/org/apache/maven/surefire/surefire-api/2.13/surefire-api-2.13.jar (155 kB at 5.8 MB/s)
[INFO] Downloaded from central: https://repo.maven.apache.org/maven2/org/apache/maven/surefire/maven-surefire-common/2.13/maven-surefire-common-2.13.jar (226 kB at 7.3 MB/s)
[INFO] Downloaded from central: https://repo.maven.apache.org/maven2/org/codehaus/plexus/plexus-utils/1.5.1/plexus-utils-1.5.1.jar (211 kB at 5.7 MB/s)
[INFO] Tests are skipped.
[INFO] 
[INFO] --- maven-jar-plugin:2.4:test-jar (default) @ wasp ---
[INFO] Building jar: /home/idflakies/alibaba/wasp/target/wasp-0.11-tests.jar
[INFO] 
[INFO] --- maven-jar-plugin:2.4:jar (default-jar) @ wasp ---
[INFO] Building jar: /home/idflakies/alibaba/wasp/target/wasp-0.11.jar
[INFO] 
[INFO] --- maven-dependency-plugin:2.8:copy-dependencies (copy-dependencies) @ wasp ---
[INFO] Downloading from central: https://repo.maven.apache.org/maven2/org/apache/maven/doxia/doxia-sink-api/1.0-alpha-10/doxia-sink-api-1.0-alpha-10.pom
[INFO] Downloaded from central: https://repo.maven.apache.org/maven2/org/apache/maven/doxia/doxia-sink-api/1.0-alpha-10/doxia-sink-api-1.0-alpha-10.pom (1.3 kB at 71 kB/s)
[INFO] Downloading from central: https://repo.maven.apache.org/maven2/org/apache/maven/doxia/doxia/1.0-alpha-10/doxia-1.0-alpha-10.pom
[INFO] Downloaded from central: https://repo.maven.apache.org/maven2/org/apache/maven/doxia/doxia/1.0-alpha-10/doxia-1.0-alpha-10.pom (9.2 kB at 482 kB/s)
[INFO] Downloading from central: https://repo.maven.apache.org/maven2/org/apache/maven/maven-parent/6/maven-parent-6.pom
[INFO] Downloaded from central: https://repo.maven.apache.org/maven2/org/apache/maven/maven-parent/6/maven-parent-6.pom (20 kB at 1.1 MB/s)
[INFO] Downloading from central: https://repo.maven.apache.org/maven2/org/apache/maven/reporting/maven-reporting-impl/2.0.5/maven-reporting-impl-2.0.5.pom
[INFO] Downloaded from central: https://repo.maven.apache.org/maven2/org/apache/maven/reporting/maven-reporting-impl/2.0.5/maven-reporting-impl-2.0.5.pom (4.2 kB at 222 kB/s)
[INFO] Downloading from central: https://repo.maven.apache.org/maven2/org/apache/maven/doxia/doxia-core/1.0/doxia-core-1.0.pom
[INFO] Downloaded from central: https://repo.maven.apache.org/maven2/org/apache/maven/doxia/doxia-core/1.0/doxia-core-1.0.pom (2.4 kB at 126 kB/s)
[INFO] Downloading from central: https://repo.maven.apache.org/maven2/org/codehaus/plexus/plexus-utils/1.5.7/plexus-utils-1.5.7.pom
[INFO] Downloaded from central: https://repo.maven.apache.org/maven2/org/codehaus/plexus/plexus-utils/1.5.7/plexus-utils-1.5.7.pom (8.1 kB at 448 kB/s)
[INFO] Downloading from central: https://repo.maven.apache.org/maven2/org/apache/maven/doxia/doxia-site-renderer/1.0/doxia-site-renderer-1.0.pom
[INFO] Downloaded from central: https://repo.maven.apache.org/maven2/org/apache/maven/doxia/doxia-site-renderer/1.0/doxia-site-renderer-1.0.pom (4.4 kB at 233 kB/s)
[INFO] Downloading from central: https://repo.maven.apache.org/maven2/org/apache/maven/doxia/doxia-sitetools/1.0/doxia-sitetools-1.0.pom
[INFO] Downloaded from central: https://repo.maven.apache.org/maven2/org/apache/maven/doxia/doxia-sitetools/1.0/doxia-sitetools-1.0.pom (9.6 kB at 533 kB/s)
[INFO] Downloading from central: https://repo.maven.apache.org/maven2/org/codehaus/plexus/plexus-velocity/1.1.7/plexus-velocity-1.1.7.pom
[INFO] Downloaded from central: https://repo.maven.apache.org/maven2/org/codehaus/plexus/plexus-velocity/1.1.7/plexus-velocity-1.1.7.pom (2.0 kB at 103 kB/s)
[INFO] Downloading from central: https://repo.maven.apache.org/maven2/org/codehaus/plexus/plexus-container-default/1.0-alpha-20/plexus-container-default-1.0-alpha-20.pom
[INFO] Downloaded from central: https://repo.maven.apache.org/maven2/org/codehaus/plexus/plexus-container-default/1.0-alpha-20/plexus-container-default-1.0-alpha-20.pom (3.0 kB at 136 kB/s)
[INFO] Downloading from central: https://repo.maven.apache.org/maven2/org/codehaus/plexus/plexus-containers/1.0-alpha-20/plexus-containers-1.0-alpha-20.pom
[INFO] Downloaded from central: https://repo.maven.apache.org/maven2/org/codehaus/plexus/plexus-containers/1.0-alpha-20/plexus-containers-1.0-alpha-20.pom (1.9 kB at 90 kB/s)
[INFO] Downloading from central: https://repo.maven.apache.org/maven2/org/codehaus/plexus/plexus-utils/1.3/plexus-utils-1.3.pom
[INFO] Downloaded from central: https://repo.maven.apache.org/maven2/org/codehaus/plexus/plexus-utils/1.3/plexus-utils-1.3.pom (1.0 kB at 47 kB/s)
[INFO] Downloading from central: https://repo.maven.apache.org/maven2/org/codehaus/plexus/plexus-classworlds/1.2-alpha-7/plexus-classworlds-1.2-alpha-7.pom
[INFO] Downloaded from central: https://repo.maven.apache.org/maven2/org/codehaus/plexus/plexus-classworlds/1.2-alpha-7/plexus-classworlds-1.2-alpha-7.pom (2.4 kB at 113 kB/s)
[INFO] Downloading from central: https://repo.maven.apache.org/maven2/org/apache/velocity/velocity/1.5/velocity-1.5.pom
[INFO] Downloaded from central: https://repo.maven.apache.org/maven2/org/apache/velocity/velocity/1.5/velocity-1.5.pom (7.8 kB at 370 kB/s)
[INFO] Downloading from central: https://repo.maven.apache.org/maven2/org/apache/maven/doxia/doxia-decoration-model/1.0/doxia-decoration-model-1.0.pom
[INFO] Downloaded from central: https://repo.maven.apache.org/maven2/org/apache/maven/doxia/doxia-decoration-model/1.0/doxia-decoration-model-1.0.pom (3.2 kB at 137 kB/s)
[INFO] Downloading from central: https://repo.maven.apache.org/maven2/org/apache/maven/doxia/doxia-module-apt/1.0/doxia-module-apt-1.0.pom
[INFO] Downloaded from central: https://repo.maven.apache.org/maven2/org/apache/maven/doxia/doxia-module-apt/1.0/doxia-module-apt-1.0.pom (2.3 kB at 107 kB/s)
[INFO] Downloading from central: https://repo.maven.apache.org/maven2/org/apache/maven/doxia/doxia-modules/1.0/doxia-modules-1.0.pom
[INFO] Downloaded from central: https://repo.maven.apache.org/maven2/org/apache/maven/doxia/doxia-modules/1.0/doxia-modules-1.0.pom (2.4 kB at 120 kB/s)
[INFO] Downloading from central: https://repo.maven.apache.org/maven2/org/apache/maven/doxia/doxia-module-fml/1.0/doxia-module-fml-1.0.pom
[INFO] Downloaded from central: https://repo.maven.apache.org/maven2/org/apache/maven/doxia/doxia-module-fml/1.0/doxia-module-fml-1.0.pom (2.7 kB at 135 kB/s)
[INFO] Downloading from central: https://repo.maven.apache.org/maven2/org/apache/maven/doxia/doxia-module-xdoc/1.0/doxia-module-xdoc-1.0.pom
[INFO] Downloaded from central: https://repo.maven.apache.org/maven2/org/apache/maven/doxia/doxia-module-xdoc/1.0/doxia-module-xdoc-1.0.pom (2.2 kB at 112 kB/s)
[INFO] Downloading from central: https://repo.maven.apache.org/maven2/org/apache/maven/doxia/doxia-module-xhtml/1.0/doxia-module-xhtml-1.0.pom
[INFO] Downloaded from central: https://repo.maven.apache.org/maven2/org/apache/maven/doxia/doxia-module-xhtml/1.0/doxia-module-xhtml-1.0.pom (1.6 kB at 73 kB/s)
[INFO] Downloading from central: https://repo.maven.apache.org/maven2/org/apache/maven/shared/maven-doxia-tools/1.0.2/maven-doxia-tools-1.0.2.pom
[INFO] Downloaded from central: https://repo.maven.apache.org/maven2/org/apache/maven/shared/maven-doxia-tools/1.0.2/maven-doxia-tools-1.0.2.pom (5.9 kB at 267 kB/s)
[INFO] Downloading from central: https://repo.maven.apache.org/maven2/org/apache/maven/shared/maven-shared-components/11/maven-shared-components-11.pom
[INFO] Downloaded from central: https://repo.maven.apache.org/maven2/org/apache/maven/shared/maven-shared-components/11/maven-shared-components-11.pom (8.3 kB at 439 kB/s)
[INFO] Downloading from central: https://repo.maven.apache.org/maven2/commons-io/commons-io/1.4/commons-io-1.4.pom
[INFO] Downloaded from central: https://repo.maven.apache.org/maven2/commons-io/commons-io/1.4/commons-io-1.4.pom (13 kB at 731 kB/s)
[INFO] Downloading from central: https://repo.maven.apache.org/maven2/org/apache/commons/commons-parent/7/commons-parent-7.pom
[INFO] Downloaded from central: https://repo.maven.apache.org/maven2/org/apache/commons/commons-parent/7/commons-parent-7.pom (17 kB at 1.0 MB/s)
[INFO] Downloading from central: https://repo.maven.apache.org/maven2/commons-validator/commons-validator/1.2.0/commons-validator-1.2.0.pom
[INFO] Downloaded from central: https://repo.maven.apache.org/maven2/commons-validator/commons-validator/1.2.0/commons-validator-1.2.0.pom (9.1 kB at 505 kB/s)
[INFO] Downloading from central: https://repo.maven.apache.org/maven2/xml-apis/xml-apis/2.0.2/xml-apis-2.0.2.pom
[INFO] Downloaded from central: https://repo.maven.apache.org/maven2/xml-apis/xml-apis/2.0.2/xml-apis-2.0.2.pom (346 B at 18 kB/s)
[INFO] Downloading from central: https://repo.maven.apache.org/maven2/org/codehaus/plexus/plexus-archiver/2.3/plexus-archiver-2.3.pom
[INFO] Downloaded from central: https://repo.maven.apache.org/maven2/org/codehaus/plexus/plexus-archiver/2.3/plexus-archiver-2.3.pom (3.4 kB at 187 kB/s)
[INFO] Downloading from central: https://repo.maven.apache.org/maven2/org/codehaus/plexus/plexus-utils/3.0.10/plexus-utils-3.0.10.pom
[INFO] Downloaded from central: https://repo.maven.apache.org/maven2/org/codehaus/plexus/plexus-utils/3.0.10/plexus-utils-3.0.10.pom (3.1 kB at 165 kB/s)
[INFO] Downloading from central: https://repo.maven.apache.org/maven2/org/codehaus/plexus/plexus-io/2.0.6/plexus-io-2.0.6.pom
[INFO] Downloaded from central: https://repo.maven.apache.org/maven2/org/codehaus/plexus/plexus-io/2.0.6/plexus-io-2.0.6.pom (2.2 kB at 116 kB/s)
[INFO] Downloading from central: https://repo.maven.apache.org/maven2/org/codehaus/plexus/plexus-utils/3.0.9/plexus-utils-3.0.9.pom
[INFO] Downloaded from central: https://repo.maven.apache.org/maven2/org/codehaus/plexus/plexus-utils/3.0.9/plexus-utils-3.0.9.pom (3.1 kB at 165 kB/s)
[INFO] Downloading from central: https://repo.maven.apache.org/maven2/org/apache/maven/shared/file-management/1.2.1/file-management-1.2.1.pom
[INFO] Downloaded from central: https://repo.maven.apache.org/maven2/org/apache/maven/shared/file-management/1.2.1/file-management-1.2.1.pom (3.9 kB at 216 kB/s)
[INFO] Downloading from central: https://repo.maven.apache.org/maven2/org/apache/maven/shared/maven-shared-components/10/maven-shared-components-10.pom
[INFO] Downloaded from central: https://repo.maven.apache.org/maven2/org/apache/maven/shared/maven-shared-components/10/maven-shared-components-10.pom (8.4 kB at 444 kB/s)
[INFO] Downloading from central: https://repo.maven.apache.org/maven2/org/apache/maven/maven-parent/9/maven-parent-9.pom
[INFO] Downloaded from central: https://repo.maven.apache.org/maven2/org/apache/maven/maven-parent/9/maven-parent-9.pom (33 kB at 1.7 MB/s)
[INFO] Downloading from central: https://repo.maven.apache.org/maven2/org/apache/maven/shared/maven-shared-io/1.1/maven-shared-io-1.1.pom
[INFO] Downloaded from central: https://repo.maven.apache.org/maven2/org/apache/maven/shared/maven-shared-io/1.1/maven-shared-io-1.1.pom (4.1 kB at 226 kB/s)
[INFO] Downloading from central: https://repo.maven.apache.org/maven2/org/apache/maven/shared/maven-shared-components/8/maven-shared-components-8.pom
[INFO] Downloaded from central: https://repo.maven.apache.org/maven2/org/apache/maven/shared/maven-shared-components/8/maven-shared-components-8.pom (2.7 kB at 149 kB/s)
[INFO] Downloading from central: https://repo.maven.apache.org/maven2/org/apache/maven/maven-parent/7/maven-parent-7.pom
[INFO] Downloaded from central: https://repo.maven.apache.org/maven2/org/apache/maven/maven-parent/7/maven-parent-7.pom (21 kB at 1.2 MB/s)
[INFO] Downloading from central: https://repo.maven.apache.org/maven2/org/apache/maven/wagon/wagon-provider-api/1.0-alpha-6/wagon-provider-api-1.0-alpha-6.pom
[INFO] Downloaded from central: https://repo.maven.apache.org/maven2/org/apache/maven/wagon/wagon-provider-api/1.0-alpha-6/wagon-provider-api-1.0-alpha-6.pom (588 B at 35 kB/s)
[INFO] Downloading from central: https://repo.maven.apache.org/maven2/org/apache/maven/wagon/wagon/1.0-alpha-6/wagon-1.0-alpha-6.pom
[INFO] Downloaded from central: https://repo.maven.apache.org/maven2/org/apache/maven/wagon/wagon/1.0-alpha-6/wagon-1.0-alpha-6.pom (6.4 kB at 377 kB/s)
[INFO] Downloading from central: https://repo.maven.apache.org/maven2/org/codehaus/plexus/plexus-utils/1.4.6/plexus-utils-1.4.6.pom
[INFO] Downloaded from central: https://repo.maven.apache.org/maven2/org/codehaus/plexus/plexus-utils/1.4.6/plexus-utils-1.4.6.pom (2.3 kB at 133 kB/s)
[INFO] Downloading from central: https://repo.maven.apache.org/maven2/org/apache/maven/shared/maven-dependency-analyzer/1.4/maven-dependency-analyzer-1.4.pom
[INFO] Downloaded from central: https://repo.maven.apache.org/maven2/org/apache/maven/shared/maven-dependency-analyzer/1.4/maven-dependency-analyzer-1.4.pom (5.2 kB at 286 kB/s)
[INFO] Downloading from central: https://repo.maven.apache.org/maven2/asm/asm/3.3.1/asm-3.3.1.pom
[INFO] Downloaded from central: https://repo.maven.apache.org/maven2/asm/asm/3.3.1/asm-3.3.1.pom (266 B at 16 kB/s)
[INFO] Downloading from central: https://repo.maven.apache.org/maven2/asm/asm-parent/3.3.1/asm-parent-3.3.1.pom
[INFO] Downloaded from central: https://repo.maven.apache.org/maven2/asm/asm-parent/3.3.1/asm-parent-3.3.1.pom (4.3 kB at 255 kB/s)
[INFO] Downloading from central: https://repo.maven.apache.org/maven2/org/apache/maven/maven-project/2.0.5/maven-project-2.0.5.pom
[INFO] Downloaded from central: https://repo.maven.apache.org/maven2/org/apache/maven/maven-project/2.0.5/maven-project-2.0.5.pom (1.8 kB at 102 kB/s)
[INFO] Downloading from central: https://repo.maven.apache.org/maven2/org/apache/maven/maven/2.0.5/maven-2.0.5.pom
[INFO] Downloaded from central: https://repo.maven.apache.org/maven2/org/apache/maven/maven/2.0.5/maven-2.0.5.pom (5.7 kB at 300 kB/s)
[INFO] Downloading from central: https://repo.maven.apache.org/maven2/org/apache/maven/maven-settings/2.0.5/maven-settings-2.0.5.pom
[INFO] Downloaded from central: https://repo.maven.apache.org/maven2/org/apache/maven/maven-settings/2.0.5/maven-settings-2.0.5.pom (1.7 kB at 99 kB/s)
[INFO] Downloading from central: https://repo.maven.apache.org/maven2/org/apache/maven/maven-model/2.0.5/maven-model-2.0.5.pom
[INFO] Downloaded from central: https://repo.maven.apache.org/maven2/org/apache/maven/maven-model/2.0.5/maven-model-2.0.5.pom (2.7 kB at 143 kB/s)
[INFO] Downloading from central: https://repo.maven.apache.org/maven2/org/apache/maven/maven-profile/2.0.5/maven-profile-2.0.5.pom
[INFO] Downloaded from central: https://repo.maven.apache.org/maven2/org/apache/maven/maven-profile/2.0.5/maven-profile-2.0.5.pom (1.7 kB at 87 kB/s)
[INFO] Downloading from central: https://repo.maven.apache.org/maven2/org/apache/maven/maven-artifact-manager/2.0.5/maven-artifact-manager-2.0.5.pom
[INFO] Downloaded from central: https://repo.maven.apache.org/maven2/org/apache/maven/maven-artifact-manager/2.0.5/maven-artifact-manager-2.0.5.pom (1.8 kB at 97 kB/s)
[INFO] Downloading from central: https://repo.maven.apache.org/maven2/org/apache/maven/maven-repository-metadata/2.0.5/maven-repository-metadata-2.0.5.pom
[INFO] Downloaded from central: https://repo.maven.apache.org/maven2/org/apache/maven/maven-repository-metadata/2.0.5/maven-repository-metadata-2.0.5.pom (1.5 kB at 83 kB/s)
[INFO] Downloading from central: https://repo.maven.apache.org/maven2/org/apache/maven/maven-artifact/2.0.5/maven-artifact-2.0.5.pom
[INFO] Downloaded from central: https://repo.maven.apache.org/maven2/org/apache/maven/maven-artifact/2.0.5/maven-artifact-2.0.5.pom (727 B at 40 kB/s)
[INFO] Downloading from central: https://repo.maven.apache.org/maven2/org/apache/maven/shared/maven-dependency-tree/2.1/maven-dependency-tree-2.1.pom
[INFO] Downloaded from central: https://repo.maven.apache.org/maven2/org/apache/maven/shared/maven-dependency-tree/2.1/maven-dependency-tree-2.1.pom (6.8 kB at 377 kB/s)
[INFO] Downloading from central: https://repo.maven.apache.org/maven2/org/apache/maven/maven-project/2.2.0/maven-project-2.2.0.pom
[INFO] Downloaded from central: https://repo.maven.apache.org/maven2/org/apache/maven/maven-project/2.2.0/maven-project-2.2.0.pom (2.8 kB at 154 kB/s)
[INFO] Downloading from central: https://repo.maven.apache.org/maven2/org/apache/maven/maven/2.2.0/maven-2.2.0.pom
[INFO] Downloaded from central: https://repo.maven.apache.org/maven2/org/apache/maven/maven/2.2.0/maven-2.2.0.pom (22 kB at 1.2 MB/s)
[INFO] Downloading from central: https://repo.maven.apache.org/maven2/org/apache/maven/maven-settings/2.2.0/maven-settings-2.2.0.pom
[INFO] Downloaded from central: https://repo.maven.apache.org/maven2/org/apache/maven/maven-settings/2.2.0/maven-settings-2.2.0.pom (2.2 kB at 121 kB/s)
[INFO] Downloading from central: https://repo.maven.apache.org/maven2/org/apache/maven/maven-model/2.2.0/maven-model-2.2.0.pom
[INFO] Downloaded from central: https://repo.maven.apache.org/maven2/org/apache/maven/maven-model/2.2.0/maven-model-2.2.0.pom (3.2 kB at 180 kB/s)
[INFO] Downloading from central: https://repo.maven.apache.org/maven2/org/apache/maven/maven-profile/2.2.0/maven-profile-2.2.0.pom
[INFO] Downloaded from central: https://repo.maven.apache.org/maven2/org/apache/maven/maven-profile/2.2.0/maven-profile-2.2.0.pom (2.2 kB at 114 kB/s)
[INFO] Downloading from central: https://repo.maven.apache.org/maven2/org/apache/maven/maven-artifact-manager/2.2.0/maven-artifact-manager-2.2.0.pom
[INFO] Downloaded from central: https://repo.maven.apache.org/maven2/org/apache/maven/maven-artifact-manager/2.2.0/maven-artifact-manager-2.2.0.pom (3.1 kB at 172 kB/s)
[INFO] Downloading from central: https://repo.maven.apache.org/maven2/org/apache/maven/maven-repository-metadata/2.2.0/maven-repository-metadata-2.2.0.pom
[INFO] Downloaded from central: https://repo.maven.apache.org/maven2/org/apache/maven/maven-repository-metadata/2.2.0/maven-repository-metadata-2.2.0.pom (1.9 kB at 98 kB/s)
[INFO] Downloading from central: https://repo.maven.apache.org/maven2/org/apache/maven/maven-artifact/2.2.0/maven-artifact-2.2.0.pom
[INFO] Downloaded from central: https://repo.maven.apache.org/maven2/org/apache/maven/maven-artifact/2.2.0/maven-artifact-2.2.0.pom (1.6 kB at 79 kB/s)
[INFO] Downloading from central: https://repo.maven.apache.org/maven2/org/apache/maven/maven-plugin-registry/2.2.0/maven-plugin-registry-2.2.0.pom
[INFO] Downloaded from central: https://repo.maven.apache.org/maven2/org/apache/maven/maven-plugin-registry/2.2.0/maven-plugin-registry-2.2.0.pom (1.9 kB at 102 kB/s)
[INFO] Downloading from central: https://repo.maven.apache.org/maven2/org/apache/maven/shared/maven-common-artifact-filters/1.4/maven-common-artifact-filters-1.4.pom
[INFO] Downloaded from central: https://repo.maven.apache.org/maven2/org/apache/maven/shared/maven-common-artifact-filters/1.4/maven-common-artifact-filters-1.4.pom (3.8 kB at 198 kB/s)
[INFO] Downloading from central: https://repo.maven.apache.org/maven2/org/apache/maven/maven-artifact/2.0.8/maven-artifact-2.0.8.pom
[INFO] Downloaded from central: https://repo.maven.apache.org/maven2/org/apache/maven/maven-artifact/2.0.8/maven-artifact-2.0.8.pom (1.6 kB at 85 kB/s)
[INFO] Downloading from central: https://repo.maven.apache.org/maven2/org/apache/maven/maven/2.0.8/maven-2.0.8.pom
[INFO] Downloaded from central: https://repo.maven.apache.org/maven2/org/apache/maven/maven/2.0.8/maven-2.0.8.pom (12 kB at 672 kB/s)
[INFO] Downloading from central: https://repo.maven.apache.org/maven2/org/apache/maven/maven-model/2.0.8/maven-model-2.0.8.pom
[INFO] Downloaded from central: https://repo.maven.apache.org/maven2/org/apache/maven/maven-model/2.0.8/maven-model-2.0.8.pom (3.1 kB at 174 kB/s)
[INFO] Downloading from central: https://repo.maven.apache.org/maven2/org/apache/maven/maven-project/2.0.8/maven-project-2.0.8.pom
[INFO] Downloaded from central: https://repo.maven.apache.org/maven2/org/apache/maven/maven-project/2.0.8/maven-project-2.0.8.pom (2.7 kB at 151 kB/s)
[INFO] Downloading from central: https://repo.maven.apache.org/maven2/org/apache/maven/maven-settings/2.0.8/maven-settings-2.0.8.pom
[INFO] Downloaded from central: https://repo.maven.apache.org/maven2/org/apache/maven/maven-settings/2.0.8/maven-settings-2.0.8.pom (2.1 kB at 114 kB/s)
[INFO] Downloading from central: https://repo.maven.apache.org/maven2/org/apache/maven/maven-profile/2.0.8/maven-profile-2.0.8.pom
[INFO] Downloaded from central: https://repo.maven.apache.org/maven2/org/apache/maven/maven-profile/2.0.8/maven-profile-2.0.8.pom (2.0 kB at 113 kB/s)
[INFO] Downloading from central: https://repo.maven.apache.org/maven2/org/apache/maven/maven-artifact-manager/2.0.8/maven-artifact-manager-2.0.8.pom
[INFO] Downloaded from central: https://repo.maven.apache.org/maven2/org/apache/maven/maven-artifact-manager/2.0.8/maven-artifact-manager-2.0.8.pom (2.7 kB at 159 kB/s)
[INFO] Downloading from central: https://repo.maven.apache.org/maven2/org/apache/maven/maven-repository-metadata/2.0.8/maven-repository-metadata-2.0.8.pom
[INFO] Downloaded from central: https://repo.maven.apache.org/maven2/org/apache/maven/maven-repository-metadata/2.0.8/maven-repository-metadata-2.0.8.pom (1.9 kB at 106 kB/s)
[INFO] Downloading from central: https://repo.maven.apache.org/maven2/org/apache/maven/maven-plugin-registry/2.0.8/maven-plugin-registry-2.0.8.pom
[INFO] Downloaded from central: https://repo.maven.apache.org/maven2/org/apache/maven/maven-plugin-registry/2.0.8/maven-plugin-registry-2.0.8.pom (2.0 kB at 111 kB/s)
[INFO] Downloading from central: https://repo.maven.apache.org/maven2/org/apache/maven/maven-plugin-api/2.0.8/maven-plugin-api-2.0.8.pom
[INFO] Downloaded from central: https://repo.maven.apache.org/maven2/org/apache/maven/maven-plugin-api/2.0.8/maven-plugin-api-2.0.8.pom (1.5 kB at 88 kB/s)
[INFO] Downloading from central: https://repo.maven.apache.org/maven2/org/codehaus/plexus/plexus-container-default/1.5.5/plexus-container-default-1.5.5.pom
[INFO] Downloaded from central: https://repo.maven.apache.org/maven2/org/codehaus/plexus/plexus-container-default/1.5.5/plexus-container-default-1.5.5.pom (2.8 kB at 153 kB/s)
[INFO] Downloading from central: https://repo.maven.apache.org/maven2/org/codehaus/plexus/plexus-classworlds/2.2.2/plexus-classworlds-2.2.2.pom
[INFO] Downloaded from central: https://repo.maven.apache.org/maven2/org/codehaus/plexus/plexus-classworlds/2.2.2/plexus-classworlds-2.2.2.pom (4.0 kB at 212 kB/s)
[INFO] Downloading from central: https://repo.maven.apache.org/maven2/org/apache/xbean/xbean-reflect/3.4/xbean-reflect-3.4.pom
[INFO] Downloaded from central: https://repo.maven.apache.org/maven2/org/apache/xbean/xbean-reflect/3.4/xbean-reflect-3.4.pom (2.8 kB at 148 kB/s)
[INFO] Downloading from central: https://repo.maven.apache.org/maven2/org/apache/xbean/xbean/3.4/xbean-3.4.pom
[INFO] Downloaded from central: https://repo.maven.apache.org/maven2/org/apache/xbean/xbean/3.4/xbean-3.4.pom (19 kB at 1.0 MB/s)
[INFO] Downloading from central: https://repo.maven.apache.org/maven2/commons-logging/commons-logging-api/1.1/commons-logging-api-1.1.pom
[INFO] Downloaded from central: https://repo.maven.apache.org/maven2/commons-logging/commons-logging-api/1.1/commons-logging-api-1.1.pom (5.3 kB at 297 kB/s)
[INFO] Downloading from central: https://repo.maven.apache.org/maven2/org/codehaus/plexus/plexus-utils/2.1/plexus-utils-2.1.pom
[INFO] Downloaded from central: https://repo.maven.apache.org/maven2/org/codehaus/plexus/plexus-utils/2.1/plexus-utils-2.1.pom (4.0 kB at 224 kB/s)
[INFO] Downloading from central: https://repo.maven.apache.org/maven2/org/apache/maven/shared/maven-invoker/2.0.11/maven-invoker-2.0.11.pom
[INFO] Downloaded from central: https://repo.maven.apache.org/maven2/org/apache/maven/shared/maven-invoker/2.0.11/maven-invoker-2.0.11.pom (5.1 kB at 267 kB/s)
[INFO] Downloading from central: https://repo.maven.apache.org/maven2/org/apache/maven/reporting/maven-reporting-impl/2.0.5/maven-reporting-impl-2.0.5.jar
[INFO] Downloading from central: https://repo.maven.apache.org/maven2/org/apache/maven/shared/maven-doxia-tools/1.0.2/maven-doxia-tools-1.0.2.jar
[INFO] Downloading from central: https://repo.maven.apache.org/maven2/org/apache/maven/doxia/doxia-core/1.0/doxia-core-1.0.jar
[INFO] Downloading from central: https://repo.maven.apache.org/maven2/commons-io/commons-io/1.4/commons-io-1.4.jar
[INFO] Downloading from central: https://repo.maven.apache.org/maven2/commons-validator/commons-validator/1.2.0/commons-validator-1.2.0.jar
[INFO] Downloaded from central: https://repo.maven.apache.org/maven2/org/apache/maven/reporting/maven-reporting-impl/2.0.5/maven-reporting-impl-2.0.5.jar (21 kB at 1.0 MB/s)
[INFO] Downloading from central: https://repo.maven.apache.org/maven2/commons-digester/commons-digester/1.6/commons-digester-1.6.jar
[INFO] Downloaded from central: https://repo.maven.apache.org/maven2/org/apache/maven/shared/maven-doxia-tools/1.0.2/maven-doxia-tools-1.0.2.jar (41 kB at 1.8 MB/s)
[INFO] Downloading from central: https://repo.maven.apache.org/maven2/commons-logging/commons-logging/1.0.4/commons-logging-1.0.4.jar
[INFO] Downloaded from central: https://repo.maven.apache.org/maven2/commons-io/commons-io/1.4/commons-io-1.4.jar (109 kB at 4.7 MB/s)
[INFO] Downloading from central: https://repo.maven.apache.org/maven2/xml-apis/xml-apis/1.0.b2/xml-apis-1.0.b2.jar
[INFO] Downloaded from central: https://repo.maven.apache.org/maven2/commons-validator/commons-validator/1.2.0/commons-validator-1.2.0.jar (91 kB at 3.5 MB/s)
[INFO] Downloading from central: https://repo.maven.apache.org/maven2/org/apache/maven/doxia/doxia-sink-api/1.0/doxia-sink-api-1.0.jar
[INFO] Downloaded from central: https://repo.maven.apache.org/maven2/org/apache/maven/doxia/doxia-core/1.0/doxia-core-1.0.jar (55 kB at 1.6 MB/s)
[INFO] Downloading from central: https://repo.maven.apache.org/maven2/org/apache/maven/doxia/doxia-site-renderer/1.0/doxia-site-renderer-1.0.jar
[INFO] Downloaded from central: https://repo.maven.apache.org/maven2/commons-logging/commons-logging/1.0.4/commons-logging-1.0.4.jar (38 kB at 884 kB/s)
[INFO] Downloaded from central: https://repo.maven.apache.org/maven2/org/apache/maven/doxia/doxia-sink-api/1.0/doxia-sink-api-1.0.jar (10 kB at 240 kB/s)
[INFO] Downloading from central: https://repo.maven.apache.org/maven2/org/apache/velocity/velocity/1.5/velocity-1.5.jar
[INFO] Downloading from central: https://repo.maven.apache.org/maven2/org/codehaus/plexus/plexus-velocity/1.1.7/plexus-velocity-1.1.7.jar
[INFO] Downloaded from central: https://repo.maven.apache.org/maven2/commons-digester/commons-digester/1.6/commons-digester-1.6.jar (168 kB at 3.7 MB/s)
[INFO] Downloading from central: https://repo.maven.apache.org/maven2/org/apache/maven/doxia/doxia-decoration-model/1.0/doxia-decoration-model-1.0.jar
[INFO] Downloaded from central: https://repo.maven.apache.org/maven2/xml-apis/xml-apis/1.0.b2/xml-apis-1.0.b2.jar (109 kB at 2.3 MB/s)
[INFO] Downloading from central: https://repo.maven.apache.org/maven2/org/apache/maven/doxia/doxia-module-apt/1.0/doxia-module-apt-1.0.jar
[INFO] Downloaded from central: https://repo.maven.apache.org/maven2/org/apache/maven/doxia/doxia-site-renderer/1.0/doxia-site-renderer-1.0.jar (47 kB at 861 kB/s)
[INFO] Downloading from central: https://repo.maven.apache.org/maven2/org/apache/maven/doxia/doxia-module-fml/1.0/doxia-module-fml-1.0.jar
[INFO] Downloaded from central: https://repo.maven.apache.org/maven2/org/codehaus/plexus/plexus-velocity/1.1.7/plexus-velocity-1.1.7.jar (7.7 kB at 124 kB/s)
[INFO] Downloading from central: https://repo.maven.apache.org/maven2/org/apache/maven/doxia/doxia-module-xdoc/1.0/doxia-module-xdoc-1.0.jar
[INFO] Downloaded from central: https://repo.maven.apache.org/maven2/org/apache/maven/doxia/doxia-decoration-model/1.0/doxia-decoration-model-1.0.jar (49 kB at 742 kB/s)
[INFO] Downloading from central: https://repo.maven.apache.org/maven2/org/apache/maven/doxia/doxia-module-xhtml/1.0/doxia-module-xhtml-1.0.jar
[INFO] Downloaded from central: https://repo.maven.apache.org/maven2/org/apache/maven/doxia/doxia-module-apt/1.0/doxia-module-apt-1.0.jar (47 kB at 703 kB/s)
[INFO] Downloading from central: https://repo.maven.apache.org/maven2/org/codehaus/plexus/plexus-archiver/2.3/plexus-archiver-2.3.jar
[INFO] Downloaded from central: https://repo.maven.apache.org/maven2/org/apache/velocity/velocity/1.5/velocity-1.5.jar (392 kB at 5.8 MB/s)
[INFO] Downloading from central: https://repo.maven.apache.org/maven2/org/codehaus/plexus/plexus-utils/3.0.9/plexus-utils-3.0.9.jar
[INFO] Downloaded from central: https://repo.maven.apache.org/maven2/org/apache/maven/doxia/doxia-module-fml/1.0/doxia-module-fml-1.0.jar (19 kB at 254 kB/s)
[INFO] Downloading from central: https://repo.maven.apache.org/maven2/org/apache/maven/shared/file-management/1.2.1/file-management-1.2.1.jar
[INFO] Downloaded from central: https://repo.maven.apache.org/maven2/org/apache/maven/doxia/doxia-module-xdoc/1.0/doxia-module-xdoc-1.0.jar (28 kB at 335 kB/s)
[INFO] Downloading from central: https://repo.maven.apache.org/maven2/org/apache/maven/shared/maven-shared-io/1.1/maven-shared-io-1.1.jar
[INFO] Downloaded from central: https://repo.maven.apache.org/maven2/org/apache/maven/doxia/doxia-module-xhtml/1.0/doxia-module-xhtml-1.0.jar (22 kB at 254 kB/s)
[INFO] Downloading from central: https://repo.maven.apache.org/maven2/org/apache/maven/wagon/wagon-provider-api/1.0-alpha-6/wagon-provider-api-1.0-alpha-6.jar
[INFO] Downloaded from central: https://repo.maven.apache.org/maven2/org/codehaus/plexus/plexus-utils/3.0.9/plexus-utils-3.0.9.jar (232 kB at 2.6 MB/s)
[INFO] Downloading from central: https://repo.maven.apache.org/maven2/org/codehaus/plexus/plexus-io/2.0.6/plexus-io-2.0.6.jar
[INFO] Downloaded from central: https://repo.maven.apache.org/maven2/org/apache/maven/shared/file-management/1.2.1/file-management-1.2.1.jar (38 kB at 396 kB/s)
[INFO] Downloaded from central: https://repo.maven.apache.org/maven2/org/codehaus/plexus/plexus-archiver/2.3/plexus-archiver-2.3.jar (186 kB at 2.0 MB/s)
[INFO] Downloading from central: https://repo.maven.apache.org/maven2/org/apache/maven/shared/maven-dependency-analyzer/1.4/maven-dependency-analyzer-1.4.jar
[INFO] Downloading from central: https://repo.maven.apache.org/maven2/asm/asm/3.3.1/asm-3.3.1.jar
[INFO] Downloaded from central: https://repo.maven.apache.org/maven2/org/apache/maven/shared/maven-shared-io/1.1/maven-shared-io-1.1.jar (39 kB at 383 kB/s)
[INFO] Downloading from central: https://repo.maven.apache.org/maven2/org/apache/maven/shared/maven-dependency-tree/2.1/maven-dependency-tree-2.1.jar
[INFO] Downloaded from central: https://repo.maven.apache.org/maven2/org/apache/maven/wagon/wagon-provider-api/1.0-alpha-6/wagon-provider-api-1.0-alpha-6.jar (43 kB at 407 kB/s)
[INFO] Downloading from central: https://repo.maven.apache.org/maven2/org/apache/maven/shared/maven-common-artifact-filters/1.4/maven-common-artifact-filters-1.4.jar
[INFO] Downloaded from central: https://repo.maven.apache.org/maven2/org/codehaus/plexus/plexus-io/2.0.6/plexus-io-2.0.6.jar (58 kB at 524 kB/s)
[INFO] Downloading from central: https://repo.maven.apache.org/maven2/org/apache/maven/shared/maven-invoker/2.0.11/maven-invoker-2.0.11.jar
[INFO] Downloaded from central: https://repo.maven.apache.org/maven2/org/apache/maven/shared/maven-dependency-analyzer/1.4/maven-dependency-analyzer-1.4.jar (27 kB at 239 kB/s)
[INFO] Downloaded from central: https://repo.maven.apache.org/maven2/asm/asm/3.3.1/asm-3.3.1.jar (44 kB at 379 kB/s)
[INFO] Downloaded from central: https://repo.maven.apache.org/maven2/org/apache/maven/shared/maven-dependency-tree/2.1/maven-dependency-tree-2.1.jar (60 kB at 495 kB/s)
[INFO] Downloaded from central: https://repo.maven.apache.org/maven2/org/apache/maven/shared/maven-common-artifact-filters/1.4/maven-common-artifact-filters-1.4.jar (32 kB at 251 kB/s)
[INFO] Downloaded from central: https://repo.maven.apache.org/maven2/org/apache/maven/shared/maven-invoker/2.0.11/maven-invoker-2.0.11.jar (29 kB at 226 kB/s)
[INFO] Copying netty-3.5.0.Final.jar to /home/idflakies/alibaba/wasp/lib/netty-3.5.0.Final.jar
[INFO] Copying protobuf-java-format-1.2.jar to /home/idflakies/alibaba/wasp/lib/protobuf-java-format-1.2.jar
[INFO] Copying httpcore-4.1.3.jar to /home/idflakies/alibaba/wasp/lib/httpcore-4.1.3.jar
[INFO] Copying commons-el-1.0.jar to /home/idflakies/alibaba/wasp/lib/commons-el-1.0.jar
[INFO] Copying hbase-0.94.7.jar to /home/idflakies/alibaba/wasp/lib/hbase-0.94.7.jar
[INFO] Copying jettison-1.3.1.jar to /home/idflakies/alibaba/wasp/lib/jettison-1.3.1.jar
[INFO] Copying log4j-1.2.17.jar to /home/idflakies/alibaba/wasp/lib/log4j-1.2.17.jar
[INFO] Copying commons-net-1.4.1.jar to /home/idflakies/alibaba/wasp/lib/commons-net-1.4.1.jar
[INFO] Copying aopalliance-1.0.jar to /home/idflakies/alibaba/wasp/lib/aopalliance-1.0.jar
[INFO] Copying jackson-mapper-asl-1.8.8.jar to /home/idflakies/alibaba/wasp/lib/jackson-mapper-asl-1.8.8.jar
[INFO] Copying jasper-compiler-5.5.23.jar to /home/idflakies/alibaba/wasp/lib/jasper-compiler-5.5.23.jar
[INFO] Copying hbase-0.94.7-tests.jar to /home/idflakies/alibaba/wasp/lib/hbase-0.94.7-tests.jar
[INFO] Copying core-3.1.1.jar to /home/idflakies/alibaba/wasp/lib/core-3.1.1.jar
[INFO] Copying ftplet-api-1.0.0.jar to /home/idflakies/alibaba/wasp/lib/ftplet-api-1.0.0.jar
[INFO] Copying jackson-jaxrs-1.8.8.jar to /home/idflakies/alibaba/wasp/lib/jackson-jaxrs-1.8.8.jar
[INFO] Copying avro-1.5.3.jar to /home/idflakies/alibaba/wasp/lib/avro-1.5.3.jar
[INFO] Copying ftpserver-core-1.0.0.jar to /home/idflakies/alibaba/wasp/lib/ftpserver-core-1.0.0.jar
[INFO] Copying ftpserver-deprecated-1.0.0-M2.jar to /home/idflakies/alibaba/wasp/lib/ftpserver-deprecated-1.0.0-M2.jar
[INFO] Copying jaxb-impl-2.2.3-1.jar to /home/idflakies/alibaba/wasp/lib/jaxb-impl-2.2.3-1.jar
[INFO] Copying high-scale-lib-1.1.1.jar to /home/idflakies/alibaba/wasp/lib/high-scale-lib-1.1.1.jar
[INFO] Copying hadoop-test-1.0.4.jar to /home/idflakies/alibaba/wasp/lib/hadoop-test-1.0.4.jar
[INFO] Copying jsp-2.1-6.1.14.jar to /home/idflakies/alibaba/wasp/lib/jsp-2.1-6.1.14.jar
[INFO] Copying mina-core-2.0.0-M5.jar to /home/idflakies/alibaba/wasp/lib/mina-core-2.0.0-M5.jar
[INFO] Copying jets3t-0.7.1.jar to /home/idflakies/alibaba/wasp/lib/jets3t-0.7.1.jar
[INFO] Copying jetty-util-6.1.26.jar to /home/idflakies/alibaba/wasp/lib/jetty-util-6.1.26.jar
[INFO] Copying jruby-complete-1.6.8.jar to /home/idflakies/alibaba/wasp/lib/jruby-complete-1.6.8.jar
[INFO] Copying spring-expression-3.0.5.RELEASE.jar to /home/idflakies/alibaba/wasp/lib/spring-expression-3.0.5.RELEASE.jar
[INFO] Copying spring-beans-3.0.5.RELEASE.jar to /home/idflakies/alibaba/wasp/lib/spring-beans-3.0.5.RELEASE.jar
[INFO] Copying commons-io-2.4.jar to /home/idflakies/alibaba/wasp/lib/commons-io-2.4.jar
[INFO] Copying commons-logging-1.1.1.jar to /home/idflakies/alibaba/wasp/lib/commons-logging-1.1.1.jar
[INFO] Copying slf4j-api-1.4.3.jar to /home/idflakies/alibaba/wasp/lib/slf4j-api-1.4.3.jar
[INFO] Copying metrics-core-2.1.2.jar to /home/idflakies/alibaba/wasp/lib/metrics-core-2.1.2.jar
[INFO] Copying slf4j-log4j12-1.4.3.jar to /home/idflakies/alibaba/wasp/lib/slf4j-log4j12-1.4.3.jar
[INFO] Copying hsqldb-1.8.0.10.jar to /home/idflakies/alibaba/wasp/lib/hsqldb-1.8.0.10.jar
[INFO] Copying spring-aop-3.0.5.RELEASE.jar to /home/idflakies/alibaba/wasp/lib/spring-aop-3.0.5.RELEASE.jar
[INFO] Copying xmlenc-0.52.jar to /home/idflakies/alibaba/wasp/lib/xmlenc-0.52.jar
[INFO] Copying zookeeper-3.4.5.jar to /home/idflakies/alibaba/wasp/lib/zookeeper-3.4.5.jar
[INFO] Copying mockito-all-1.9.0.jar to /home/idflakies/alibaba/wasp/lib/mockito-all-1.9.0.jar
[INFO] Copying protobuf-rpc-pro-duplex-2.0.1.jar to /home/idflakies/alibaba/wasp/lib/protobuf-rpc-pro-duplex-2.0.1.jar
[INFO] Copying jasper-runtime-5.5.23.jar to /home/idflakies/alibaba/wasp/lib/jasper-runtime-5.5.23.jar
[INFO] Copying httpclient-4.1.2.jar to /home/idflakies/alibaba/wasp/lib/httpclient-4.1.2.jar
[INFO] Copying junit-4.10.jar to /home/idflakies/alibaba/wasp/lib/junit-4.10.jar
[INFO] Copying jaxb-api-2.1.jar to /home/idflakies/alibaba/wasp/lib/jaxb-api-2.1.jar
[INFO] Copying protobuf-rpc-pro-demo-2.0.1.jar to /home/idflakies/alibaba/wasp/lib/protobuf-rpc-pro-demo-2.0.1.jar
[INFO] Copying htrace-1.49.jar to /home/idflakies/alibaba/wasp/lib/htrace-1.49.jar
[INFO] Copying snappy-java-1.0.3.2.jar to /home/idflakies/alibaba/wasp/lib/snappy-java-1.0.3.2.jar
[INFO] Copying jamon-runtime-2.3.1.jar to /home/idflakies/alibaba/wasp/lib/jamon-runtime-2.3.1.jar
[INFO] Copying libthrift-0.8.0.jar to /home/idflakies/alibaba/wasp/lib/libthrift-0.8.0.jar
[INFO] Copying commons-math-2.1.jar to /home/idflakies/alibaba/wasp/lib/commons-math-2.1.jar
[INFO] Copying jackson-xc-1.8.8.jar to /home/idflakies/alibaba/wasp/lib/jackson-xc-1.8.8.jar
[INFO] Copying jsr305-1.3.9.jar to /home/idflakies/alibaba/wasp/lib/jsr305-1.3.9.jar
[INFO] Copying commons-configuration-1.6.jar to /home/idflakies/alibaba/wasp/lib/commons-configuration-1.6.jar
[INFO] Copying commons-digester-1.8.jar to /home/idflakies/alibaba/wasp/lib/commons-digester-1.8.jar
[INFO] Copying avro-ipc-1.5.3.jar to /home/idflakies/alibaba/wasp/lib/avro-ipc-1.5.3.jar
[INFO] Copying protobuf-java-2.4.1.jar to /home/idflakies/alibaba/wasp/lib/protobuf-java-2.4.1.jar
[INFO] Copying jersey-core-1.8.jar to /home/idflakies/alibaba/wasp/lib/jersey-core-1.8.jar
[INFO] Copying commons-beanutils-1.7.0.jar to /home/idflakies/alibaba/wasp/lib/commons-beanutils-1.7.0.jar
[INFO] Copying druid-0.2.9.jar to /home/idflakies/alibaba/wasp/lib/druid-0.2.9.jar
[INFO] Copying commons-httpclient-3.0.1.jar to /home/idflakies/alibaba/wasp/lib/commons-httpclient-3.0.1.jar
[INFO] Copying kfs-0.3.jar to /home/idflakies/alibaba/wasp/lib/kfs-0.3.jar
[INFO] Copying commons-collections-3.2.1.jar to /home/idflakies/alibaba/wasp/lib/commons-collections-3.2.1.jar
[INFO] Copying netty-3.2.4.Final.jar to /home/idflakies/alibaba/wasp/lib/netty-3.2.4.Final.jar
[INFO] Copying commons-codec-1.7.jar to /home/idflakies/alibaba/wasp/lib/commons-codec-1.7.jar
[INFO] Copying spring-core-3.0.5.RELEASE.jar to /home/idflakies/alibaba/wasp/lib/spring-core-3.0.5.RELEASE.jar
[INFO] Copying commons-lang-2.6.jar to /home/idflakies/alibaba/wasp/lib/commons-lang-2.6.jar
[INFO] Copying protobuf-streamer-pro-1.2.3.jar to /home/idflakies/alibaba/wasp/lib/protobuf-streamer-pro-1.2.3.jar
[INFO] Copying activation-1.1.jar to /home/idflakies/alibaba/wasp/lib/activation-1.1.jar
[INFO] Copying hadoop-core-1.0.4.jar to /home/idflakies/alibaba/wasp/lib/hadoop-core-1.0.4.jar
[INFO] Copying asm-3.1.jar to /home/idflakies/alibaba/wasp/lib/asm-3.1.jar
[INFO] Copying commons-cli-1.2.jar to /home/idflakies/alibaba/wasp/lib/commons-cli-1.2.jar
[INFO] Copying commons-beanutils-core-1.8.0.jar to /home/idflakies/alibaba/wasp/lib/commons-beanutils-core-1.8.0.jar
[INFO] Copying jersey-server-1.8.jar to /home/idflakies/alibaba/wasp/lib/jersey-server-1.8.jar
[INFO] Copying jetty-6.1.26.jar to /home/idflakies/alibaba/wasp/lib/jetty-6.1.26.jar
[INFO] Copying servlet-api-2.5-6.1.14.jar to /home/idflakies/alibaba/wasp/lib/servlet-api-2.5-6.1.14.jar
[INFO] Copying spring-context-3.0.5.RELEASE.jar to /home/idflakies/alibaba/wasp/lib/spring-context-3.0.5.RELEASE.jar
[INFO] Copying jersey-json-1.8.jar to /home/idflakies/alibaba/wasp/lib/jersey-json-1.8.jar
[INFO] Copying oro-2.0.8.jar to /home/idflakies/alibaba/wasp/lib/oro-2.0.8.jar
[INFO] Copying jackson-core-asl-1.8.8.jar to /home/idflakies/alibaba/wasp/lib/jackson-core-asl-1.8.8.jar
[INFO] Copying guava-12.0.1.jar to /home/idflakies/alibaba/wasp/lib/guava-12.0.1.jar
[INFO] Copying velocity-1.7.jar to /home/idflakies/alibaba/wasp/lib/velocity-1.7.jar
[INFO] Copying spring-asm-3.0.5.RELEASE.jar to /home/idflakies/alibaba/wasp/lib/spring-asm-3.0.5.RELEASE.jar
[INFO] Copying jsp-api-2.1-6.1.14.jar to /home/idflakies/alibaba/wasp/lib/jsp-api-2.1-6.1.14.jar
[INFO] Copying hamcrest-core-1.1.jar to /home/idflakies/alibaba/wasp/lib/hamcrest-core-1.1.jar
[INFO] Copying stax-api-1.0.1.jar to /home/idflakies/alibaba/wasp/lib/stax-api-1.0.1.jar
[INFO] 
[INFO] --- maven-install-plugin:2.4:install (default-install) @ wasp ---
[INFO] Installing /home/idflakies/alibaba/wasp/target/wasp-0.11.jar to /home/idflakies/.m2/repository/com/alibaba/wasp/0.11/wasp-0.11.jar
[INFO] Installing /home/idflakies/alibaba/wasp/pom.xml to /home/idflakies/.m2/repository/com/alibaba/wasp/0.11/wasp-0.11.pom
[INFO] Installing /home/idflakies/alibaba/wasp/target/wasp-0.11-tests.jar to /home/idflakies/.m2/repository/com/alibaba/wasp/0.11/wasp-0.11-tests.jar
[INFO] ------------------------------------------------------------------------
[INFO] BUILD SUCCESS
[INFO] ------------------------------------------------------------------------
[INFO] Total time: 25.118 s
[INFO] Finished at: 2024-04-20T18:58:12Z
[INFO] ------------------------------------------------------------------------
[INFO] Scanning for projects...
[INFO] 
[INFO] --------------------------< com.alibaba:wasp >--------------------------
[INFO] Building wasp 0.11
[INFO] --------------------------------[ jar ]---------------------------------
[INFO] 
[INFO] --- maven-antrun-plugin:1.6:run (generate) @ wasp ---
[INFO] Executing tasks

main:
[INFO] Logging to org.slf4j.impl.MavenSimpleLogger(org.mortbay.log) via org.mortbay.log.Slf4jLog
[INFO] Executed tasks
[INFO] 
[INFO] --- build-helper-maven-plugin:1.5:add-source (add-source) @ wasp ---
[INFO] Source directory: /home/idflakies/alibaba/wasp/target/generated-sources/java added.
[INFO] 
[INFO] --- maven-resources-plugin:2.6:resources (default-resources) @ wasp ---
[INFO] Using 'UTF-8' encoding to copy filtered resources.
[INFO] Copying 2 resources
[INFO] Copying 18 resources
[INFO] 
[INFO] --- maven-compiler-plugin:2.5.1:compile (default-compile) @ wasp ---
[INFO] Compiling 1 source file to /home/idflakies/alibaba/wasp/target/classes
[INFO] 
[INFO] --- maven-resources-plugin:2.6:testResources (default-testResources) @ wasp ---
[INFO] Using 'UTF-8' encoding to copy filtered resources.
[INFO] skip non existing resourceDirectory /home/idflakies/alibaba/wasp/src/test/resources
[INFO] 
[INFO] --- maven-compiler-plugin:2.5.1:testCompile (default-testCompile) @ wasp ---
[INFO] Nothing to compile - all classes are up to date
[INFO] 
[INFO] --- maven-surefire-plugin:2.13:test (default-test) @ wasp ---
[INFO] Surefire report directory: /home/idflakies/alibaba/wasp/target/surefire-reports
[INFO] Downloading from central: https://repo.maven.apache.org/maven2/org/apache/maven/surefire/surefire-junit4/2.13/surefire-junit4-2.13.pom
[INFO] Downloaded from central: https://repo.maven.apache.org/maven2/org/apache/maven/surefire/surefire-junit4/2.13/surefire-junit4-2.13.pom (2.5 kB at 5.1 kB/s)
[INFO] Downloading from central: https://repo.maven.apache.org/maven2/org/apache/maven/surefire/surefire-providers/2.13/surefire-providers-2.13.pom
[INFO] Downloaded from central: https://repo.maven.apache.org/maven2/org/apache/maven/surefire/surefire-providers/2.13/surefire-providers-2.13.pom (2.4 kB at 18 kB/s)
[INFO] Downloading from central: https://repo.maven.apache.org/maven2/org/apache/maven/surefire/surefire-junit4/2.13/surefire-junit4-2.13.jar
[INFO] Downloaded from central: https://repo.maven.apache.org/maven2/org/apache/maven/surefire/surefire-junit4/2.13/surefire-junit4-2.13.jar (79 kB at 320 kB/s)

-------------------------------------------------------
 T E S T S
-------------------------------------------------------
Running com.alibaba.wasp.ipc.TestProtoBufRpc
Tests run: 1, Failures: 0, Errors: 0, Skipped: 0, Time elapsed: 0.379 sec
Running com.alibaba.wasp.jdbc.TestPreparedStatement
Tests run: 2, Failures: 0, Errors: 2, Skipped: 0, Time elapsed: 26.483 sec <<< FAILURE!
testInsertQuery(com.alibaba.wasp.jdbc.TestPreparedStatement)  Time elapsed: 0.014 sec  <<< ERROR!
com.alibaba.wasp.jdbc.JdbcSQLException: Invalid value "1" for parameter "parameterIndex" [90008-1]
	at com.alibaba.wasp.jdbc.JdbcException.getJdbcSQLException(JdbcException.java:111)
	at com.alibaba.wasp.jdbc.JdbcException.get(JdbcException.java:93)
	at com.alibaba.wasp.jdbc.JdbcException.getInvalidValueException(JdbcException.java:71)
	at com.alibaba.wasp.jdbc.JdbcPreparedStatement.setParameter(JdbcPreparedStatement.java:1286)
	at com.alibaba.wasp.jdbc.JdbcPreparedStatement.setInt(JdbcPreparedStatement.java:315)
	at com.alibaba.wasp.jdbc.TestPreparedStatement.testInsertQuery(TestPreparedStatement.java:94)

testArray(com.alibaba.wasp.jdbc.TestPreparedStatement)  Time elapsed: 0.001 sec  <<< ERROR!
com.alibaba.wasp.jdbc.JdbcSQLException: Invalid value "1" for parameter "parameterIndex" [90008-1]
	at com.alibaba.wasp.jdbc.JdbcException.getJdbcSQLException(JdbcException.java:111)
	at com.alibaba.wasp.jdbc.JdbcException.get(JdbcException.java:93)
	at com.alibaba.wasp.jdbc.JdbcException.getInvalidValueException(JdbcException.java:71)
	at com.alibaba.wasp.jdbc.JdbcPreparedStatement.setParameter(JdbcPreparedStatement.java:1286)
	at com.alibaba.wasp.jdbc.JdbcPreparedStatement.setObject(JdbcPreparedStatement.java:441)
	at com.alibaba.wasp.jdbc.TestPreparedStatement.testArray(TestPreparedStatement.java:393)

Running com.alibaba.wasp.jdbc.TestJdbcResultSet
Tests run: 2, Failures: 0, Errors: 2, Skipped: 0, Time elapsed: 27.968 sec <<< FAILURE!
com.alibaba.wasp.jdbc.TestJdbcResultSet  Time elapsed: 27.964 sec  <<< ERROR!
com.alibaba.wasp.plan.parser.UnsupportedException: Index keys contain all Primary Keys.
	at com.alibaba.wasp.ipc.NettyTransceiver.processResponse(NettyTransceiver.java:517)
	at com.alibaba.wasp.ipc.NettyTransceiver.call(NettyTransceiver.java:478)
	at com.alibaba.wasp.ipc.ProtobufRpcEngine$Invoker.invoke(ProtobufRpcEngine.java:160)
	at com.sun.proxy.$Proxy29.execute(Unknown Source)
	at com.alibaba.wasp.client.FClientCallable.call(FClientCallable.java:128)
	at com.alibaba.wasp.client.FClientCallable.call(FClientCallable.java:33)
	at com.alibaba.wasp.client.ServerCallable.withRetries(ServerCallable.java:153)
	at com.alibaba.wasp.client.FClient.execute(FClient.java:117)
	at com.alibaba.wasp.client.FClient.execute(FClient.java:101)
	at com.alibaba.wasp.client.FClient.execute(FClient.java:142)
	at com.alibaba.wasp.jdbc.TestJdbcResultSet.setUpBeforeClass(TestJdbcResultSet.java:86)

com.alibaba.wasp.jdbc.TestJdbcResultSet  Time elapsed: 27.968 sec  <<< ERROR!
java.lang.NullPointerException: null
	at com.alibaba.wasp.jdbc.TestJdbcResultSet.tearDownAfterClass(TestJdbcResultSet.java:100)

Running com.alibaba.wasp.jdbc.TestAtomicOperation
Tests run: 2, Failures: 0, Errors: 2, Skipped: 0, Time elapsed: 696.425 sec <<< FAILURE!
com.alibaba.wasp.jdbc.TestAtomicOperation  Time elapsed: 696.416 sec  <<< ERROR!
com.alibaba.wasp.EntityGroupOfflineException: Only 0 of 1 entityGroups are online; retries exhausted.
	at com.alibaba.wasp.client.WaspAdmin.createTable(WaspAdmin.java:453)
	at com.alibaba.wasp.client.WaspAdmin.createTable(WaspAdmin.java:353)
	at com.alibaba.wasp.WaspTestingUtility.createTable(WaspTestingUtility.java:423)
	at com.alibaba.wasp.WaspTestingUtility.createTable(WaspTestingUtility.java:410)
	at com.alibaba.wasp.jdbc.TestAtomicOperation.setUpBeforeClass(TestAtomicOperation.java:65)

com.alibaba.wasp.jdbc.TestAtomicOperation  Time elapsed: 696.424 sec  <<< ERROR!
java.lang.NullPointerException: null
	at com.alibaba.wasp.jdbc.TestAtomicOperation.tearDownAfterClass(TestAtomicOperation.java:86)

Running com.alibaba.wasp.jdbc.TestJdbcConnectionPool
Tests run: 2, Failures: 0, Errors: 0, Skipped: 0, Time elapsed: 58.078 sec
Running com.alibaba.wasp.jdbc.TestJdbcStatement
Tests run: 1, Failures: 0, Errors: 1, Skipped: 0, Time elapsed: 13.953 sec <<< FAILURE!
testStatement(com.alibaba.wasp.jdbc.TestJdbcStatement)  Time elapsed: 0.011 sec  <<< ERROR!
java.sql.SQLException: com.alibaba.wasp.jdbc.JdbcException: General error: "TEST is already exists!" [50000-1]
	at com.alibaba.wasp.ipc.NettyTransceiver.processResponse(NettyTransceiver.java:517)
	at com.alibaba.wasp.ipc.NettyTransceiver.call(NettyTransceiver.java:478)
	at com.alibaba.wasp.ipc.ProtobufRpcEngine$Invoker.invoke(ProtobufRpcEngine.java:160)
	at com.sun.proxy.$Proxy29.execute(Unknown Source)
	at com.alibaba.wasp.client.FClientCallable.call(FClientCallable.java:128)
	at com.alibaba.wasp.client.FClientCallable.call(FClientCallable.java:33)
	at com.alibaba.wasp.client.ServerCallable.withRetries(ServerCallable.java:153)
	at com.alibaba.wasp.client.FClient.execute(FClient.java:117)
	at com.alibaba.wasp.client.FClient.execute(FClient.java:109)
	at com.alibaba.wasp.client.FClient.execute(FClient.java:149)
	at com.alibaba.wasp.jdbc.result.ResultRemote.fetchRows(ResultRemote.java:256)
	at com.alibaba.wasp.jdbc.result.ResultRemote.<init>(ResultRemote.java:96)
	at com.alibaba.wasp.jdbc.result.ResultRemote.<init>(ResultRemote.java:102)
	at com.alibaba.wasp.jdbc.command.CommandRemote.executeUpdate(CommandRemote.java:161)
	at com.alibaba.wasp.jdbc.JdbcStatement.executeInternal(JdbcStatement.java:786)
	at com.alibaba.wasp.jdbc.JdbcStatement.execute(JdbcStatement.java:145)
	at com.alibaba.wasp.jdbc.TestJdbcStatement.testStatement(TestJdbcStatement.java:108)

Running com.alibaba.wasp.jdbc.TestJdbcResultFormatter
Tests run: 1, Failures: 0, Errors: 0, Skipped: 0, Time elapsed: 31.218 sec
Running com.alibaba.wasp.jdbc.TestDriver
Tests run: 1, Failures: 0, Errors: 0, Skipped: 0, Time elapsed: 0.001 sec
Running com.alibaba.wasp.executor.TestExecutorService
Tests run: 1, Failures: 0, Errors: 0, Skipped: 0, Time elapsed: 2.119 sec
Running com.alibaba.wasp.messagequeue.TestPublisher
Tests run: 1, Failures: 0, Errors: 1, Skipped: 0, Time elapsed: 20.341 sec <<< FAILURE!
testPublisher(com.alibaba.wasp.messagequeue.TestPublisher)  Time elapsed: 1.14 sec  <<< ERROR!
java.lang.RuntimeException: org.apache.hadoop.hbase.TableNotFoundException: WASP_MESSAGE_QUEUE
	at org.apache.hadoop.hbase.client.HConnectionManager$HConnectionImplementation.locateRegionInMeta(HConnectionManager.java:1035)
	at org.apache.hadoop.hbase.client.HConnectionManager$HConnectionImplementation.locateRegion(HConnectionManager.java:900)
	at org.apache.hadoop.hbase.client.HConnectionManager$HConnectionImplementation.locateRegion(HConnectionManager.java:857)
	at org.apache.hadoop.hbase.client.HTable.finishSetup(HTable.java:233)
	at org.apache.hadoop.hbase.client.HTable.<init>(HTable.java:173)
	at org.apache.hadoop.hbase.client.HTableFactory.createHTableInterface(HTableFactory.java:36)
	at org.apache.hadoop.hbase.client.HTablePool.createHTable(HTablePool.java:265)
	at org.apache.hadoop.hbase.client.HTablePool.findOrCreateTable(HTablePool.java:195)
	at org.apache.hadoop.hbase.client.HTablePool.getTable(HTablePool.java:174)
	at com.alibaba.wasp.storage.StorageActionManager.getTable(StorageActionManager.java:136)
	at com.alibaba.wasp.storage.StorageActionManager.put(StorageActionManager.java:152)
	at com.alibaba.wasp.messagequeue.MessageQueueClient.send(MessageQueueClient.java:75)
	at com.alibaba.wasp.messagequeue.Publisher.doAsynchronous(Publisher.java:48)
	at com.alibaba.wasp.messagequeue.TestPublisher.testPublisher(TestPublisher.java:94)

Running com.alibaba.wasp.messagequeue.TestSubscriber
Tests run: 1, Failures: 0, Errors: 1, Skipped: 0, Time elapsed: 20.496 sec <<< FAILURE!
testReceive(com.alibaba.wasp.messagequeue.TestSubscriber)  Time elapsed: 3.321 sec  <<< ERROR!
java.lang.RuntimeException: org.apache.hadoop.hbase.TableNotFoundException: WASP_MESSAGE_QUEUE
	at org.apache.hadoop.hbase.client.HConnectionManager$HConnectionImplementation.locateRegionInMeta(HConnectionManager.java:1035)
	at org.apache.hadoop.hbase.client.HConnectionManager$HConnectionImplementation.locateRegion(HConnectionManager.java:900)
	at org.apache.hadoop.hbase.client.HConnectionManager$HConnectionImplementation.locateRegion(HConnectionManager.java:857)
	at org.apache.hadoop.hbase.client.HTable.finishSetup(HTable.java:233)
	at org.apache.hadoop.hbase.client.HTable.<init>(HTable.java:173)
	at org.apache.hadoop.hbase.client.HTableFactory.createHTableInterface(HTableFactory.java:36)
	at org.apache.hadoop.hbase.client.HTablePool.createHTable(HTablePool.java:265)
	at org.apache.hadoop.hbase.client.HTablePool.findOrCreateTable(HTablePool.java:195)
	at org.apache.hadoop.hbase.client.HTablePool.getTable(HTablePool.java:174)
	at com.alibaba.wasp.storage.StorageActionManager.getTable(StorageActionManager.java:136)
	at com.alibaba.wasp.storage.StorageActionManager.put(StorageActionManager.java:152)
	at com.alibaba.wasp.messagequeue.MessageQueueClient.send(MessageQueueClient.java:75)
	at com.alibaba.wasp.messagequeue.Publisher.doAsynchronous(Publisher.java:48)
	at com.alibaba.wasp.messagequeue.TestSubscriber.publisher(TestSubscriber.java:108)
	at com.alibaba.wasp.messagequeue.TestSubscriber.testReceive(TestSubscriber.java:115)

Running com.alibaba.wasp.TestStartingCluster
Tests run: 1, Failures: 0, Errors: 0, Skipped: 0, Time elapsed: 38.694 sec
Running com.alibaba.wasp.metrics.TestBaseSourceImpl
Tests run: 5, Failures: 0, Errors: 0, Skipped: 0, Time elapsed: 0.004 sec
Running com.alibaba.wasp.master.balancer.TestDefaultLoadBalancer
Tests run: 1, Failures: 0, Errors: 0, Skipped: 0, Time elapsed: 0.273 sec
Running com.alibaba.wasp.master.TestActiveMasterManager
Tests run: 2, Failures: 0, Errors: 0, Skipped: 0, Time elapsed: 0.166 sec
Running com.alibaba.wasp.master.TestRestartCluster
Tests run: 2, Failures: 0, Errors: 0, Skipped: 0, Time elapsed: 50.499 sec
Running com.alibaba.wasp.master.TestMaster
Tests run: 1, Failures: 0, Errors: 0, Skipped: 0, Time elapsed: 19.981 sec
Running com.alibaba.wasp.master.TestWaspRPCException
Tests run: 1, Failures: 0, Errors: 0, Skipped: 0, Time elapsed: 0.053 sec
Running com.alibaba.wasp.master.TestAssignmentManagerOnCluster
Tests run: 3, Failures: 0, Errors: 0, Skipped: 0, Time elapsed: 46.561 sec
Running com.alibaba.wasp.master.TestOpenedEntityGroupHandler
Tests run: 2, Failures: 0, Errors: 0, Skipped: 0, Time elapsed: 22.855 sec
Running com.alibaba.wasp.master.TestDeadServer
Tests run: 1, Failures: 0, Errors: 0, Skipped: 0, Time elapsed: 0.001 sec
Running com.alibaba.wasp.master.TestAssignmentManager
Tests run: 1, Failures: 0, Errors: 0, Skipped: 0, Time elapsed: 0.107 sec
Running com.alibaba.wasp.master.TestMasterShutdown
Tests run: 1, Failures: 0, Errors: 0, Skipped: 0, Time elapsed: 21.239 sec
Running com.alibaba.wasp.meta.TestFMetaStore
Tests run: 13, Failures: 0, Errors: 0, Skipped: 0, Time elapsed: 126.24 sec
Running com.alibaba.wasp.meta.TestStorageCleanChore
Tests run: 1, Failures: 0, Errors: 0, Skipped: 0, Time elapsed: 36.044 sec
Running com.alibaba.wasp.meta.TestRowBuilder
Tests run: 4, Failures: 1, Errors: 1, Skipped: 0, Time elapsed: 0.005 sec <<< FAILURE!
testBuildStartKeyAndEndKey(com.alibaba.wasp.meta.TestRowBuilder)  Time elapsed: 0.004 sec  <<< FAILURE!
java.lang.AssertionError: null
	at org.junit.Assert.fail(Assert.java:92)
	at org.junit.Assert.assertTrue(Assert.java:43)
	at org.junit.Assert.assertTrue(Assert.java:54)
	at com.alibaba.wasp.meta.TestRowBuilder.testBuildStartKeyAndEndKey(TestRowBuilder.java:81)

testBuildIndexKeys(com.alibaba.wasp.meta.TestRowBuilder)  Time elapsed: 0.001 sec  <<< ERROR!
java.lang.IllegalArgumentException: offset (0) + length (8) exceed the capacity of the array: 4
	at org.apache.hadoop.hbase.util.Bytes.explainWrongLengthOrOffset(Bytes.java:516)
	at org.apache.hadoop.hbase.util.Bytes.toLong(Bytes.java:494)
	at org.apache.hadoop.hbase.util.Bytes.toLong(Bytes.java:467)
	at com.alibaba.wasp.meta.RowBuilder.parseValueIfNegative(RowBuilder.java:177)
	at com.alibaba.wasp.meta.RowBuilder.genRowkey(RowBuilder.java:249)
	at com.alibaba.wasp.meta.RowBuilder.buildIndexKey(RowBuilder.java:275)
	at com.alibaba.wasp.meta.TestRowBuilder.testBuildIndexKeys(TestRowBuilder.java:112)

Running com.alibaba.wasp.meta.TestTableSchemaCacheReader
Tests run: 1, Failures: 0, Errors: 0, Skipped: 0, Time elapsed: 0.013 sec
Running com.alibaba.wasp.meta.TestFTable
Tests run: 1, Failures: 0, Errors: 0, Skipped: 0, Time elapsed: 0 sec
Running com.alibaba.wasp.fserver.TestEntityGroupOnCluster
Tests run: 1, Failures: 0, Errors: 1, Skipped: 0, Time elapsed: 25.437 sec <<< FAILURE!
testInsert(com.alibaba.wasp.fserver.TestEntityGroupOnCluster)  Time elapsed: 1.611 sec  <<< ERROR!
java.lang.NullPointerException: null
	at org.apache.hadoop.hbase.util.Bytes.toInt(Bytes.java:662)
	at org.apache.hadoop.hbase.util.Bytes.toInt(Bytes.java:639)
	at com.alibaba.wasp.fserver.TestEntityGroupOnCluster.testInsert(TestEntityGroupOnCluster.java:267)

Running com.alibaba.wasp.fserver.TestSplitTransactionOnCluster
Tests run: 7, Failures: 0, Errors: 0, Skipped: 0, Time elapsed: 49.487 sec
Running com.alibaba.wasp.fserver.metrics.TestMetricsFServer
Tests run: 3, Failures: 0, Errors: 0, Skipped: 0, Time elapsed: 0.015 sec
Running com.alibaba.wasp.fserver.metrics.TestMetricsEntityGroup
Tests run: 1, Failures: 0, Errors: 0, Skipped: 0, Time elapsed: 0.009 sec
Running com.alibaba.wasp.fserver.metrics.TestMetricsEntityGroupSourceImpl
Tests run: 1, Failures: 0, Errors: 0, Skipped: 0, Time elapsed: 0 sec
Running com.alibaba.wasp.fserver.redo.TestRedoLog
Tests run: 2, Failures: 0, Errors: 0, Skipped: 0, Time elapsed: 27.45 sec
Running com.alibaba.wasp.fserver.redo.TestTransaction
Tests run: 1, Failures: 0, Errors: 0, Skipped: 0, Time elapsed: 0.001 sec
Running com.alibaba.wasp.fserver.TestEntityGroupAlone
Tests run: 3, Failures: 0, Errors: 0, Skipped: 0, Time elapsed: 0.036 sec
Running com.alibaba.wasp.fserver.TestEntityGroup
Tests run: 3, Failures: 0, Errors: 0, Skipped: 0, Time elapsed: 27.374 sec
Running com.alibaba.wasp.fserver.TestTwoPhaseCommit
Tests run: 1, Failures: 0, Errors: 1, Skipped: 0, Time elapsed: 872.32 sec <<< FAILURE!
testTwoPhaseCommit(com.alibaba.wasp.fserver.TestTwoPhaseCommit)  Time elapsed: 853.226 sec  <<< ERROR!
java.lang.RuntimeException: org.apache.hadoop.hbase.client.NoServerForRegionException: Unable to find region for WASP_MESSAGE_QUEUE,,99999999999999 after 10 tries.
	at org.apache.hadoop.hbase.client.HConnectionManager$HConnectionImplementation.locateRegionInMeta(HConnectionManager.java:991)
	at org.apache.hadoop.hbase.client.HConnectionManager$HConnectionImplementation.locateRegion(HConnectionManager.java:896)
	at org.apache.hadoop.hbase.client.HConnectionManager$HConnectionImplementation.locateRegionInMeta(HConnectionManager.java:998)
	at org.apache.hadoop.hbase.client.HConnectionManager$HConnectionImplementation.locateRegion(HConnectionManager.java:900)
	at org.apache.hadoop.hbase.client.HConnectionManager$HConnectionImplementation.locateRegion(HConnectionManager.java:857)
	at org.apache.hadoop.hbase.client.HTable.finishSetup(HTable.java:233)
	at org.apache.hadoop.hbase.client.HTable.<init>(HTable.java:173)
	at org.apache.hadoop.hbase.client.HTableFactory.createHTableInterface(HTableFactory.java:36)
	at org.apache.hadoop.hbase.client.HTablePool.createHTable(HTablePool.java:265)
	at org.apache.hadoop.hbase.client.HTablePool.findOrCreateTable(HTablePool.java:195)
	at org.apache.hadoop.hbase.client.HTablePool.getTable(HTablePool.java:174)
	at com.alibaba.wasp.storage.StorageActionManager.getTable(StorageActionManager.java:136)
	at com.alibaba.wasp.storage.StorageActionManager.put(StorageActionManager.java:152)
	at com.alibaba.wasp.messagequeue.MessageQueueClient.send(MessageQueueClient.java:75)
	at com.alibaba.wasp.messagequeue.Publisher.doAsynchronous(Publisher.java:48)
	at com.alibaba.wasp.fserver.TwoPhaseCommit.prepare(TwoPhaseCommit.java:110)
	at com.alibaba.wasp.fserver.TwoPhaseCommit.submit(TwoPhaseCommit.java:128)
	at com.alibaba.wasp.fserver.TestTwoPhaseCommit.testTwoPhaseCommit(TestTwoPhaseCommit.java:124)

Running com.alibaba.wasp.fserver.TestEntityGroupInfo
Tests run: 4, Failures: 0, Errors: 0, Skipped: 0, Time elapsed: 0.001 sec
Running com.alibaba.wasp.fserver.TestSplitTransaction
Tests run: 5, Failures: 0, Errors: 0, Skipped: 0, Time elapsed: 17.213 sec
Running com.alibaba.wasp.fserver.handler.TestOpenEntityGroupHandler
Tests run: 3, Failures: 0, Errors: 0, Skipped: 0, Time elapsed: 0.15 sec
Running com.alibaba.wasp.fserver.handler.TestCloseEntityGroupHandler
Tests run: 3, Failures: 0, Errors: 0, Skipped: 0, Time elapsed: 0.127 sec
Running com.alibaba.wasp.client.TestFromClientSide

Results :

Failed tests: 
  TestRowBuilder.testBuildStartKeyAndEndKey:81 null

Tests in error: 
  TestPreparedStatement.testInsertQuery:94 ? JdbcSQL Invalid value "1" for param...
  TestPreparedStatement.testArray:393 ? JdbcSQL Invalid value "1" for parameter ...
  TestJdbcResultSet.setUpBeforeClass:86 ? Unsupported Index keys contain all Pri...
  TestJdbcResultSet.tearDownAfterClass:100 NullPointer
  TestAtomicOperation.setUpBeforeClass:65 ? EntityGroupOffline Only 0 of 1 entit...
  TestAtomicOperation.tearDownAfterClass:86 NullPointer
  TestJdbcStatement.testStatement:108 ? SQL com.alibaba.wasp.jdbc.JdbcException:...
  TestPublisher.testPublisher:94 ? Runtime org.apache.hadoop.hbase.TableNotFound...
  TestSubscriber.testReceive:115->publisher:108 ? Runtime org.apache.hadoop.hbas...
  TestRowBuilder.testBuildIndexKeys:112 ? IllegalArgument offset (0) + length (8...
  TestEntityGroupOnCluster.testInsert:267 ? NullPointer
  TestTwoPhaseCommit.testTwoPhaseCommit:124 ? Runtime org.apache.hadoop.hbase.cl...

Tests run: 94, Failures: 1, Errors: 12, Skipped: 0

[INFO] ------------------------------------------------------------------------
[INFO] BUILD FAILURE
[INFO] ------------------------------------------------------------------------
[INFO] Total time: 38:21 min
[INFO] Finished at: 2024-04-20T19:36:34Z
[INFO] ------------------------------------------------------------------------
[ERROR] Failed to execute goal org.apache.maven.plugins:maven-surefire-plugin:2.13:test (default-test) on project wasp: Execution default-test of goal org.apache.maven.plugins:maven-surefire-plugin:2.13:test failed: The forked VM terminated without saying properly goodbye. VM crash or System.exit called ?
[ERROR] Command was/bin/sh -c cd /home/idflakies/alibaba/wasp && /usr/lib/jvm/java-8-openjdk-amd64/jre/bin/java -enableassertions -Xmx2048m -jar /home/idflakies/alibaba/wasp/target/surefire/surefirebooter4708462272885221595.jar /home/idflakies/alibaba/wasp/target/surefire/surefire2805820033539540084tmp /home/idflakies/alibaba/wasp/target/surefire/surefire_03488145913582937534tmp
[ERROR] -> [Help 1]
[ERROR] 
[ERROR] To see the full stack trace of the errors, re-run Maven with the -e switch.
[ERROR] Re-run Maven using the -X switch to enable full debug logging.
[ERROR] 
[ERROR] For more information about the errors and possible solutions, please read the following articles:
[ERROR] [Help 1] http://cwiki.apache.org/confluence/display/MAVEN/PluginExecutionException
[INFO] Build failures were ignored.
