[INFO] Scanning for projects...
[INFO] Downloading from central: https://repo.maven.apache.org/maven2/org/sonatype/plugins/nexus-staging-maven-plugin/1.6.8/nexus-staging-maven-plugin-1.6.8.pom
[INFO] Downloaded from central: https://repo.maven.apache.org/maven2/org/sonatype/plugins/nexus-staging-maven-plugin/1.6.8/nexus-staging-maven-plugin-1.6.8.pom (12 kB at 2.2 kB/s)
[INFO] Downloading from central: https://repo.maven.apache.org/maven2/org/sonatype/nexus/maven/nexus-staging/1.6.8/nexus-staging-1.6.8.pom
[INFO] Downloaded from central: https://repo.maven.apache.org/maven2/org/sonatype/nexus/maven/nexus-staging/1.6.8/nexus-staging-1.6.8.pom (2.8 kB at 115 kB/s)
[INFO] Downloading from central: https://repo.maven.apache.org/maven2/org/sonatype/nexus/maven/nexus-maven-plugins/1.6.8/nexus-maven-plugins-1.6.8.pom
[INFO] Downloaded from central: https://repo.maven.apache.org/maven2/org/sonatype/nexus/maven/nexus-maven-plugins/1.6.8/nexus-maven-plugins-1.6.8.pom (18 kB at 675 kB/s)
[INFO] Downloading from central: https://repo.maven.apache.org/maven2/org/sonatype/buildsupport/public-parent/6/public-parent-6.pom
[INFO] Downloaded from central: https://repo.maven.apache.org/maven2/org/sonatype/buildsupport/public-parent/6/public-parent-6.pom (760 B at 36 kB/s)
[INFO] Downloading from central: https://repo.maven.apache.org/maven2/org/sonatype/buildsupport/buildsupport/6/buildsupport-6.pom
[INFO] Downloaded from central: https://repo.maven.apache.org/maven2/org/sonatype/buildsupport/buildsupport/6/buildsupport-6.pom (23 kB at 919 kB/s)
[INFO] Downloading from central: https://repo.maven.apache.org/maven2/org/sonatype/nexus/maven/nexus-common/1.6.8/nexus-common-1.6.8.pom
[INFO] Downloaded from central: https://repo.maven.apache.org/maven2/org/sonatype/nexus/maven/nexus-common/1.6.8/nexus-common-1.6.8.pom (2.2 kB at 111 kB/s)
[INFO] Downloading from central: https://repo.maven.apache.org/maven2/com/google/guava/guava/14.0.1/guava-14.0.1.pom
[INFO] Downloaded from central: https://repo.maven.apache.org/maven2/com/google/guava/guava/14.0.1/guava-14.0.1.pom (5.4 kB at 256 kB/s)
[INFO] Downloading from central: https://repo.maven.apache.org/maven2/com/google/guava/guava-parent/14.0.1/guava-parent-14.0.1.pom
[INFO] Downloaded from central: https://repo.maven.apache.org/maven2/com/google/guava/guava-parent/14.0.1/guava-parent-14.0.1.pom (2.6 kB at 128 kB/s)
[INFO] Downloading from central: https://repo.maven.apache.org/maven2/org/sonatype/nexus/nexus-client-core/2.14.3-02/nexus-client-core-2.14.3-02.pom
[INFO] Downloaded from central: https://repo.maven.apache.org/maven2/org/sonatype/nexus/nexus-client-core/2.14.3-02/nexus-client-core-2.14.3-02.pom (4.9 kB at 234 kB/s)
[INFO] Downloading from central: https://repo.maven.apache.org/maven2/org/sonatype/nexus/nexus-components/2.14.3-02/nexus-components-2.14.3-02.pom
[INFO] Downloaded from central: https://repo.maven.apache.org/maven2/org/sonatype/nexus/nexus-components/2.14.3-02/nexus-components-2.14.3-02.pom (2.6 kB at 130 kB/s)
[INFO] Downloading from central: https://repo.maven.apache.org/maven2/org/sonatype/nexus/nexus-parent/2.14.3-02/nexus-parent-2.14.3-02.pom
[INFO] Downloaded from central: https://repo.maven.apache.org/maven2/org/sonatype/nexus/nexus-parent/2.14.3-02/nexus-parent-2.14.3-02.pom (38 kB at 1.7 MB/s)
[INFO] Downloading from central: https://repo.maven.apache.org/maven2/org/sonatype/buildsupport/public-parent/9/public-parent-9.pom
[INFO] Downloaded from central: https://repo.maven.apache.org/maven2/org/sonatype/buildsupport/public-parent/9/public-parent-9.pom (760 B at 38 kB/s)
[INFO] Downloading from central: https://repo.maven.apache.org/maven2/org/sonatype/buildsupport/buildsupport/9/buildsupport-9.pom
[INFO] Downloaded from central: https://repo.maven.apache.org/maven2/org/sonatype/buildsupport/buildsupport/9/buildsupport-9.pom (24 kB at 1.0 MB/s)
[INFO] Downloading from central: https://repo.maven.apache.org/maven2/org/sonatype/nexus/buildsupport/nexus-buildsupport-all/2.14.3-02/nexus-buildsupport-all-2.14.3-02.pom
[INFO] Downloaded from central: https://repo.maven.apache.org/maven2/org/sonatype/nexus/buildsupport/nexus-buildsupport-all/2.14.3-02/nexus-buildsupport-all-2.14.3-02.pom (6.5 kB at 294 kB/s)
[INFO] Downloading from central: https://repo.maven.apache.org/maven2/org/sonatype/nexus/buildsupport/nexus-buildsupport/2.14.3-02/nexus-buildsupport-2.14.3-02.pom
[INFO] Downloaded from central: https://repo.maven.apache.org/maven2/org/sonatype/nexus/buildsupport/nexus-buildsupport/2.14.3-02/nexus-buildsupport-2.14.3-02.pom (2.2 kB at 103 kB/s)
[INFO] Downloading from rso-public-grid: https://repository.sonatype.org/content/groups/sonatype-public-grid/org/sonatype/nexus/buildsupport/nexus-buildsupport-commons/2.14.3-02/nexus-buildsupport-commons-2.14.3-02.pom
[INFO] Downloaded from rso-public-grid: https://repository.sonatype.org/content/groups/sonatype-public-grid/org/sonatype/nexus/buildsupport/nexus-buildsupport-commons/2.14.3-02/nexus-buildsupport-commons-2.14.3-02.pom (3.1 kB at 4.7 kB/s)
[INFO] Downloading from rso-public-grid: https://repository.sonatype.org/content/groups/sonatype-public-grid/org/sonatype/nexus/buildsupport/nexus-buildsupport-db/2.14.3-02/nexus-buildsupport-db-2.14.3-02.pom
[INFO] Downloaded from rso-public-grid: https://repository.sonatype.org/content/groups/sonatype-public-grid/org/sonatype/nexus/buildsupport/nexus-buildsupport-db/2.14.3-02/nexus-buildsupport-db-2.14.3-02.pom (3.2 kB at 14 kB/s)
[INFO] Downloading from rso-public-grid: https://repository.sonatype.org/content/groups/sonatype-public-grid/org/sonatype/nexus/buildsupport/nexus-buildsupport-gwt/2.14.3-02/nexus-buildsupport-gwt-2.14.3-02.pom
[INFO] Downloaded from rso-public-grid: https://repository.sonatype.org/content/groups/sonatype-public-grid/org/sonatype/nexus/buildsupport/nexus-buildsupport-gwt/2.14.3-02/nexus-buildsupport-gwt-2.14.3-02.pom (2.2 kB at 9.4 kB/s)
[INFO] Downloading from rso-public-grid: https://repository.sonatype.org/content/groups/sonatype-public-grid/org/sonatype/nexus/buildsupport/nexus-buildsupport-httpclient/2.14.3-02/nexus-buildsupport-httpclient-2.14.3-02.pom
[INFO] Downloaded from rso-public-grid: https://repository.sonatype.org/content/groups/sonatype-public-grid/org/sonatype/nexus/buildsupport/nexus-buildsupport-httpclient/2.14.3-02/nexus-buildsupport-httpclient-2.14.3-02.pom (2.1 kB at 9.5 kB/s)
[INFO] Downloading from rso-public-grid: https://repository.sonatype.org/content/groups/sonatype-public-grid/org/sonatype/nexus/buildsupport/nexus-buildsupport-insight/2.14.3-02/nexus-buildsupport-insight-2.14.3-02.pom
[INFO] Downloaded from rso-public-grid: https://repository.sonatype.org/content/groups/sonatype-public-grid/org/sonatype/nexus/buildsupport/nexus-buildsupport-insight/2.14.3-02/nexus-buildsupport-insight-2.14.3-02.pom (4.4 kB at 20 kB/s)
[INFO] Downloading from rso-public-grid: https://repository.sonatype.org/content/groups/sonatype-public-grid/org/sonatype/nexus/buildsupport/nexus-buildsupport-maven/2.14.3-02/nexus-buildsupport-maven-2.14.3-02.pom
[INFO] Downloaded from rso-public-grid: https://repository.sonatype.org/content/groups/sonatype-public-grid/org/sonatype/nexus/buildsupport/nexus-buildsupport-maven/2.14.3-02/nexus-buildsupport-maven-2.14.3-02.pom (7.1 kB at 31 kB/s)
[INFO] Downloading from rso-public-grid: https://repository.sonatype.org/content/groups/sonatype-public-grid/org/sonatype/nexus/buildsupport/nexus-buildsupport-messaging/2.14.3-02/nexus-buildsupport-messaging-2.14.3-02.pom
[INFO] Downloaded from rso-public-grid: https://repository.sonatype.org/content/groups/sonatype-public-grid/org/sonatype/nexus/buildsupport/nexus-buildsupport-messaging/2.14.3-02/nexus-buildsupport-messaging-2.14.3-02.pom (5.0 kB at 22 kB/s)
[INFO] Downloading from rso-public-grid: https://repository.sonatype.org/content/groups/sonatype-public-grid/org/sonatype/nexus/buildsupport/nexus-buildsupport-shiro/2.14.3-02/nexus-buildsupport-shiro-2.14.3-02.pom
[INFO] Downloaded from rso-public-grid: https://repository.sonatype.org/content/groups/sonatype-public-grid/org/sonatype/nexus/buildsupport/nexus-buildsupport-shiro/2.14.3-02/nexus-buildsupport-shiro-2.14.3-02.pom (3.4 kB at 15 kB/s)
[INFO] Downloading from rso-public-grid: https://repository.sonatype.org/content/groups/sonatype-public-grid/org/sonatype/nexus/buildsupport/nexus-buildsupport-bouncycastle/2.14.3-02/nexus-buildsupport-bouncycastle-2.14.3-02.pom
[INFO] Downloaded from rso-public-grid: https://repository.sonatype.org/content/groups/sonatype-public-grid/org/sonatype/nexus/buildsupport/nexus-buildsupport-bouncycastle/2.14.3-02/nexus-buildsupport-bouncycastle-2.14.3-02.pom (2.1 kB at 9.2 kB/s)
[INFO] Downloading from rso-public-grid: https://repository.sonatype.org/content/groups/sonatype-public-grid/org/sonatype/nexus/buildsupport/nexus-buildsupport-jetty/2.14.3-02/nexus-buildsupport-jetty-2.14.3-02.pom
[INFO] Downloaded from rso-public-grid: https://repository.sonatype.org/content/groups/sonatype-public-grid/org/sonatype/nexus/buildsupport/nexus-buildsupport-jetty/2.14.3-02/nexus-buildsupport-jetty-2.14.3-02.pom (4.5 kB at 19 kB/s)
[INFO] Downloading from rso-public-grid: https://repository.sonatype.org/content/groups/sonatype-public-grid/org/sonatype/nexus/buildsupport/nexus-buildsupport-goodies/2.14.3-02/nexus-buildsupport-goodies-2.14.3-02.pom
[INFO] Downloaded from rso-public-grid: https://repository.sonatype.org/content/groups/sonatype-public-grid/org/sonatype/nexus/buildsupport/nexus-buildsupport-goodies/2.14.3-02/nexus-buildsupport-goodies-2.14.3-02.pom (3.6 kB at 16 kB/s)
[INFO] Downloading from rso-public-grid: https://repository.sonatype.org/content/groups/sonatype-public-grid/org/sonatype/nexus/buildsupport/nexus-buildsupport-groovy/2.14.3-02/nexus-buildsupport-groovy-2.14.3-02.pom
[INFO] Downloaded from rso-public-grid: https://repository.sonatype.org/content/groups/sonatype-public-grid/org/sonatype/nexus/buildsupport/nexus-buildsupport-groovy/2.14.3-02/nexus-buildsupport-groovy-2.14.3-02.pom (3.1 kB at 14 kB/s)
[INFO] Downloading from rso-public-grid: https://repository.sonatype.org/content/groups/sonatype-public-grid/org/sonatype/nexus/buildsupport/nexus-buildsupport-guice/2.14.3-02/nexus-buildsupport-guice-2.14.3-02.pom
[INFO] Downloaded from rso-public-grid: https://repository.sonatype.org/content/groups/sonatype-public-grid/org/sonatype/nexus/buildsupport/nexus-buildsupport-guice/2.14.3-02/nexus-buildsupport-guice-2.14.3-02.pom (3.7 kB at 16 kB/s)
[INFO] Downloading from rso-public-grid: https://repository.sonatype.org/content/groups/sonatype-public-grid/org/sonatype/nexus/buildsupport/nexus-buildsupport-logging/2.14.3-02/nexus-buildsupport-logging-2.14.3-02.pom
[INFO] Downloaded from rso-public-grid: https://repository.sonatype.org/content/groups/sonatype-public-grid/org/sonatype/nexus/buildsupport/nexus-buildsupport-logging/2.14.3-02/nexus-buildsupport-logging-2.14.3-02.pom (3.3 kB at 15 kB/s)
[INFO] Downloading from rso-public-grid: https://repository.sonatype.org/content/groups/sonatype-public-grid/org/sonatype/nexus/buildsupport/nexus-buildsupport-osgi/2.14.3-02/nexus-buildsupport-osgi-2.14.3-02.pom
[INFO] Downloaded from rso-public-grid: https://repository.sonatype.org/content/groups/sonatype-public-grid/org/sonatype/nexus/buildsupport/nexus-buildsupport-osgi/2.14.3-02/nexus-buildsupport-osgi-2.14.3-02.pom (2.0 kB at 9.2 kB/s)
[INFO] Downloading from rso-public-grid: https://repository.sonatype.org/content/groups/sonatype-public-grid/org/sonatype/nexus/buildsupport/nexus-buildsupport-other/2.14.3-02/nexus-buildsupport-other-2.14.3-02.pom
[INFO] Downloaded from rso-public-grid: https://repository.sonatype.org/content/groups/sonatype-public-grid/org/sonatype/nexus/buildsupport/nexus-buildsupport-other/2.14.3-02/nexus-buildsupport-other-2.14.3-02.pom (7.0 kB at 32 kB/s)
[INFO] Downloading from rso-public-grid: https://repository.sonatype.org/content/groups/sonatype-public-grid/org/sonatype/nexus/buildsupport/nexus-buildsupport-plexus/2.14.3-02/nexus-buildsupport-plexus-2.14.3-02.pom
[INFO] Downloaded from rso-public-grid: https://repository.sonatype.org/content/groups/sonatype-public-grid/org/sonatype/nexus/buildsupport/nexus-buildsupport-plexus/2.14.3-02/nexus-buildsupport-plexus-2.14.3-02.pom (4.5 kB at 20 kB/s)
[INFO] Downloading from rso-public-grid: https://repository.sonatype.org/content/groups/sonatype-public-grid/org/sonatype/nexus/buildsupport/nexus-buildsupport-rest/2.14.3-02/nexus-buildsupport-rest-2.14.3-02.pom
[INFO] Downloaded from rso-public-grid: https://repository.sonatype.org/content/groups/sonatype-public-grid/org/sonatype/nexus/buildsupport/nexus-buildsupport-rest/2.14.3-02/nexus-buildsupport-rest-2.14.3-02.pom (5.1 kB at 23 kB/s)
[INFO] Downloading from rso-public-grid: https://repository.sonatype.org/content/groups/sonatype-public-grid/org/sonatype/nexus/buildsupport/nexus-buildsupport-testing/2.14.3-02/nexus-buildsupport-testing-2.14.3-02.pom
[INFO] Downloaded from rso-public-grid: https://repository.sonatype.org/content/groups/sonatype-public-grid/org/sonatype/nexus/buildsupport/nexus-buildsupport-testing/2.14.3-02/nexus-buildsupport-testing-2.14.3-02.pom (5.0 kB at 23 kB/s)
[INFO] Downloading from rso-public-grid: https://repository.sonatype.org/content/groups/sonatype-public-grid/org/sonatype/nexus/buildsupport/nexus-buildsupport-metrics/2.14.3-02/nexus-buildsupport-metrics-2.14.3-02.pom
[INFO] Downloaded from rso-public-grid: https://repository.sonatype.org/content/groups/sonatype-public-grid/org/sonatype/nexus/buildsupport/nexus-buildsupport-metrics/2.14.3-02/nexus-buildsupport-metrics-2.14.3-02.pom (3.0 kB at 13 kB/s)
[INFO] Downloading from central: https://repo.maven.apache.org/maven2/org/sonatype/nexus/plugins/nexus-restlet1x-model/2.14.3-02/nexus-restlet1x-model-2.14.3-02.pom
[INFO] Downloaded from central: https://repo.maven.apache.org/maven2/org/sonatype/nexus/plugins/nexus-restlet1x-model/2.14.3-02/nexus-restlet1x-model-2.14.3-02.pom (3.5 kB at 141 kB/s)
[INFO] Downloading from central: https://repo.maven.apache.org/maven2/org/sonatype/nexus/plugins/nexus-plugins-restlet1x/2.14.3-02/nexus-plugins-restlet1x-2.14.3-02.pom
[INFO] Downloaded from central: https://repo.maven.apache.org/maven2/org/sonatype/nexus/plugins/nexus-plugins-restlet1x/2.14.3-02/nexus-plugins-restlet1x-2.14.3-02.pom (6.0 kB at 273 kB/s)
[INFO] Downloading from central: https://repo.maven.apache.org/maven2/org/sonatype/nexus/plugins/nexus-plugins/2.14.3-02/nexus-plugins-2.14.3-02.pom
[INFO] Downloaded from central: https://repo.maven.apache.org/maven2/org/sonatype/nexus/plugins/nexus-plugins/2.14.3-02/nexus-plugins-2.14.3-02.pom (32 kB at 1.5 MB/s)
[INFO] Downloading from central: https://repo.maven.apache.org/maven2/org/apache/maven/maven-model/3.0.4/maven-model-3.0.4.pom
[INFO] Downloaded from central: https://repo.maven.apache.org/maven2/org/apache/maven/maven-model/3.0.4/maven-model-3.0.4.pom (3.8 kB at 190 kB/s)
[INFO] Downloading from central: https://repo.maven.apache.org/maven2/org/apache/maven/maven/3.0.4/maven-3.0.4.pom
[INFO] Downloaded from central: https://repo.maven.apache.org/maven2/org/apache/maven/maven/3.0.4/maven-3.0.4.pom (22 kB at 1.1 MB/s)
[INFO] Downloading from central: https://repo.maven.apache.org/maven2/org/slf4j/slf4j-api/1.7.7/slf4j-api-1.7.7.pom
[INFO] Downloaded from central: https://repo.maven.apache.org/maven2/org/slf4j/slf4j-api/1.7.7/slf4j-api-1.7.7.pom (2.7 kB at 142 kB/s)
[INFO] Downloading from central: https://repo.maven.apache.org/maven2/org/slf4j/slf4j-parent/1.7.7/slf4j-parent-1.7.7.pom
[INFO] Downloaded from central: https://repo.maven.apache.org/maven2/org/slf4j/slf4j-parent/1.7.7/slf4j-parent-1.7.7.pom (12 kB at 662 kB/s)
[INFO] Downloading from central: https://repo.maven.apache.org/maven2/com/intellij/annotations/9.0.4/annotations-9.0.4.pom
[INFO] Downloaded from central: https://repo.maven.apache.org/maven2/com/intellij/annotations/9.0.4/annotations-9.0.4.pom (1.2 kB at 62 kB/s)
[INFO] Downloading from central: https://repo.maven.apache.org/maven2/commons-io/commons-io/2.4/commons-io-2.4.pom
[INFO] Downloaded from central: https://repo.maven.apache.org/maven2/commons-io/commons-io/2.4/commons-io-2.4.pom (10 kB at 535 kB/s)
[INFO] Downloading from central: https://repo.maven.apache.org/maven2/org/apache/commons/commons-parent/25/commons-parent-25.pom
[INFO] Downloaded from central: https://repo.maven.apache.org/maven2/org/apache/commons/commons-parent/25/commons-parent-25.pom (48 kB at 2.4 MB/s)
[INFO] Downloading from central: https://repo.maven.apache.org/maven2/com/thoughtworks/xstream/xstream/1.4.7/xstream-1.4.7.pom
[INFO] Downloaded from central: https://repo.maven.apache.org/maven2/com/thoughtworks/xstream/xstream/1.4.7/xstream-1.4.7.pom (11 kB at 624 kB/s)
[INFO] Downloading from central: https://repo.maven.apache.org/maven2/com/thoughtworks/xstream/xstream-parent/1.4.7/xstream-parent-1.4.7.pom
[INFO] Downloaded from central: https://repo.maven.apache.org/maven2/com/thoughtworks/xstream/xstream-parent/1.4.7/xstream-parent-1.4.7.pom (26 kB at 1.3 MB/s)
[INFO] Downloading from central: https://repo.maven.apache.org/maven2/org/codehaus/codehaus-parent/3/codehaus-parent-3.pom
[INFO] Downloaded from central: https://repo.maven.apache.org/maven2/org/codehaus/codehaus-parent/3/codehaus-parent-3.pom (4.1 kB at 228 kB/s)
[INFO] Downloading from central: https://repo.maven.apache.org/maven2/xmlpull/xmlpull/1.1.3.1/xmlpull-1.1.3.1.pom
[INFO] Downloaded from central: https://repo.maven.apache.org/maven2/xmlpull/xmlpull/1.1.3.1/xmlpull-1.1.3.1.pom (386 B at 20 kB/s)
[INFO] Downloading from central: https://repo.maven.apache.org/maven2/xpp3/xpp3_min/1.1.4c/xpp3_min-1.1.4c.pom
[INFO] Downloaded from central: https://repo.maven.apache.org/maven2/xpp3/xpp3_min/1.1.4c/xpp3_min-1.1.4c.pom (1.6 kB at 85 kB/s)
[INFO] Downloading from central: https://repo.maven.apache.org/maven2/joda-time/joda-time/2.2/joda-time-2.2.pom
[INFO] Downloaded from central: https://repo.maven.apache.org/maven2/joda-time/joda-time/2.2/joda-time-2.2.pom (16 kB at 851 kB/s)
[INFO] Downloading from central: https://repo.maven.apache.org/maven2/commons-lang/commons-lang/2.6/commons-lang-2.6.pom
[INFO] Downloaded from central: https://repo.maven.apache.org/maven2/commons-lang/commons-lang/2.6/commons-lang-2.6.pom (17 kB at 972 kB/s)
[INFO] Downloading from central: https://repo.maven.apache.org/maven2/org/apache/commons/commons-parent/17/commons-parent-17.pom
[INFO] Downloaded from central: https://repo.maven.apache.org/maven2/org/apache/commons/commons-parent/17/commons-parent-17.pom (31 kB at 1.4 MB/s)
[INFO] Downloading from central: https://repo.maven.apache.org/maven2/commons-beanutils/commons-beanutils-core/1.8.3/commons-beanutils-core-1.8.3.pom
[INFO] Downloaded from central: https://repo.maven.apache.org/maven2/commons-beanutils/commons-beanutils-core/1.8.3/commons-beanutils-core-1.8.3.pom (1.6 kB at 63 kB/s)
[INFO] Downloading from central: https://repo.maven.apache.org/maven2/org/sonatype/sisu/siesta/siesta-client/1.7/siesta-client-1.7.pom
[INFO] Downloaded from central: https://repo.maven.apache.org/maven2/org/sonatype/sisu/siesta/siesta-client/1.7/siesta-client-1.7.pom (1.8 kB at 76 kB/s)
[INFO] Downloading from central: https://repo.maven.apache.org/maven2/org/sonatype/sisu/siesta/siesta/1.7/siesta-1.7.pom
[INFO] Downloaded from central: https://repo.maven.apache.org/maven2/org/sonatype/sisu/siesta/siesta/1.7/siesta-1.7.pom (12 kB at 549 kB/s)
[INFO] Downloading from central: https://repo.maven.apache.org/maven2/org/sonatype/buildsupport/public-parent/5/public-parent-5.pom
[INFO] Downloaded from central: https://repo.maven.apache.org/maven2/org/sonatype/buildsupport/public-parent/5/public-parent-5.pom (760 B at 35 kB/s)
[INFO] Downloading from central: https://repo.maven.apache.org/maven2/org/sonatype/buildsupport/buildsupport/5/buildsupport-5.pom
[INFO] Downloaded from central: https://repo.maven.apache.org/maven2/org/sonatype/buildsupport/buildsupport/5/buildsupport-5.pom (22 kB at 974 kB/s)
[INFO] Downloading from central: https://repo.maven.apache.org/maven2/org/sonatype/sisu/siesta/siesta-common/1.7/siesta-common-1.7.pom
[INFO] Downloaded from central: https://repo.maven.apache.org/maven2/org/sonatype/sisu/siesta/siesta-common/1.7/siesta-common-1.7.pom (2.1 kB at 97 kB/s)
[INFO] Downloading from central: https://repo.maven.apache.org/maven2/javax/ws/rs/jsr311-api/1.1.1/jsr311-api-1.1.1.pom
[INFO] Downloaded from central: https://repo.maven.apache.org/maven2/javax/ws/rs/jsr311-api/1.1.1/jsr311-api-1.1.1.pom (5.5 kB at 249 kB/s)
[INFO] Downloading from central: https://repo.maven.apache.org/maven2/com/sun/jersey/jersey-core/1.17.1/jersey-core-1.17.1.pom
[INFO] Downloaded from central: https://repo.maven.apache.org/maven2/com/sun/jersey/jersey-core/1.17.1/jersey-core-1.17.1.pom (10 kB at 452 kB/s)
[INFO] Downloading from central: https://repo.maven.apache.org/maven2/com/sun/jersey/jersey-project/1.17.1/jersey-project-1.17.1.pom
[INFO] Downloaded from central: https://repo.maven.apache.org/maven2/com/sun/jersey/jersey-project/1.17.1/jersey-project-1.17.1.pom (21 kB at 857 kB/s)
[INFO] Downloading from central: https://repo.maven.apache.org/maven2/net/java/jvnet-parent/1/jvnet-parent-1.pom
[INFO] Downloaded from central: https://repo.maven.apache.org/maven2/net/java/jvnet-parent/1/jvnet-parent-1.pom (4.7 kB at 181 kB/s)
[INFO] Downloading from central: https://repo.maven.apache.org/maven2/javax/validation/validation-api/1.1.0.Final/validation-api-1.1.0.Final.pom
[INFO] Downloaded from central: https://repo.maven.apache.org/maven2/javax/validation/validation-api/1.1.0.Final/validation-api-1.1.0.Final.pom (7.9 kB at 231 kB/s)
[INFO] Downloading from central: https://repo.maven.apache.org/maven2/com/sun/jersey/jersey-client/1.17.1/jersey-client-1.17.1.pom
[INFO] Downloaded from central: https://repo.maven.apache.org/maven2/com/sun/jersey/jersey-client/1.17.1/jersey-client-1.17.1.pom (6.7 kB at 248 kB/s)
[INFO] Downloading from central: https://repo.maven.apache.org/maven2/com/sun/jersey/contribs/jersey-apache-client4/1.17.1/jersey-apache-client4-1.17.1.pom
[INFO] Downloaded from central: https://repo.maven.apache.org/maven2/com/sun/jersey/contribs/jersey-apache-client4/1.17.1/jersey-apache-client4-1.17.1.pom (6.2 kB at 230 kB/s)
[INFO] Downloading from central: https://repo.maven.apache.org/maven2/com/sun/jersey/contribs/jersey-contribs/1.17.1/jersey-contribs-1.17.1.pom
[INFO] Downloaded from central: https://repo.maven.apache.org/maven2/com/sun/jersey/contribs/jersey-contribs/1.17.1/jersey-contribs-1.17.1.pom (3.6 kB at 132 kB/s)
[INFO] Downloading from central: https://repo.maven.apache.org/maven2/org/apache/httpcomponents/httpclient/4.3.5/httpclient-4.3.5.pom
[INFO] Downloaded from central: https://repo.maven.apache.org/maven2/org/apache/httpcomponents/httpclient/4.3.5/httpclient-4.3.5.pom (5.2 kB at 180 kB/s)
[INFO] Downloading from central: https://repo.maven.apache.org/maven2/org/apache/httpcomponents/httpcomponents-client/4.3.5/httpcomponents-client-4.3.5.pom
[INFO] Downloaded from central: https://repo.maven.apache.org/maven2/org/apache/httpcomponents/httpcomponents-client/4.3.5/httpcomponents-client-4.3.5.pom (15 kB at 549 kB/s)
[INFO] Downloading from central: https://repo.maven.apache.org/maven2/org/apache/httpcomponents/httpcore/4.3.2/httpcore-4.3.2.pom
[INFO] Downloaded from central: https://repo.maven.apache.org/maven2/org/apache/httpcomponents/httpcore/4.3.2/httpcore-4.3.2.pom (4.6 kB at 230 kB/s)
[INFO] Downloading from central: https://repo.maven.apache.org/maven2/org/apache/httpcomponents/httpcomponents-core/4.3.2/httpcomponents-core-4.3.2.pom
[INFO] Downloaded from central: https://repo.maven.apache.org/maven2/org/apache/httpcomponents/httpcomponents-core/4.3.2/httpcomponents-core-4.3.2.pom (12 kB at 486 kB/s)
[INFO] Downloading from central: https://repo.maven.apache.org/maven2/org/slf4j/jcl-over-slf4j/1.7.7/jcl-over-slf4j-1.7.7.pom
[INFO] Downloaded from central: https://repo.maven.apache.org/maven2/org/slf4j/jcl-over-slf4j/1.7.7/jcl-over-slf4j-1.7.7.pom (1.9 kB at 98 kB/s)
[INFO] Downloading from central: https://repo.maven.apache.org/maven2/org/sonatype/sisu/siesta/siesta-jackson/1.7/siesta-jackson-1.7.pom
[INFO] Downloaded from central: https://repo.maven.apache.org/maven2/org/sonatype/sisu/siesta/siesta-jackson/1.7/siesta-jackson-1.7.pom (2.6 kB at 128 kB/s)
[INFO] Downloading from central: https://repo.maven.apache.org/maven2/com/fasterxml/jackson/core/jackson-annotations/2.3.1/jackson-annotations-2.3.1.pom
[INFO] Downloaded from central: https://repo.maven.apache.org/maven2/com/fasterxml/jackson/core/jackson-annotations/2.3.1/jackson-annotations-2.3.1.pom (1.7 kB at 90 kB/s)
[INFO] Downloading from central: https://repo.maven.apache.org/maven2/com/fasterxml/oss-parent/11/oss-parent-11.pom
[INFO] Downloaded from central: https://repo.maven.apache.org/maven2/com/fasterxml/oss-parent/11/oss-parent-11.pom (23 kB at 1.2 MB/s)
[INFO] Downloading from central: https://repo.maven.apache.org/maven2/com/fasterxml/jackson/core/jackson-core/2.3.1/jackson-core-2.3.1.pom
[INFO] Downloaded from central: https://repo.maven.apache.org/maven2/com/fasterxml/jackson/core/jackson-core/2.3.1/jackson-core-2.3.1.pom (6.0 kB at 314 kB/s)
[INFO] Downloading from central: https://repo.maven.apache.org/maven2/com/fasterxml/oss-parent/12/oss-parent-12.pom
[INFO] Downloaded from central: https://repo.maven.apache.org/maven2/com/fasterxml/oss-parent/12/oss-parent-12.pom (23 kB at 1.2 MB/s)
[INFO] Downloading from central: https://repo.maven.apache.org/maven2/com/fasterxml/jackson/core/jackson-databind/2.3.1/jackson-databind-2.3.1.pom
[INFO] Downloaded from central: https://repo.maven.apache.org/maven2/com/fasterxml/jackson/core/jackson-databind/2.3.1/jackson-databind-2.3.1.pom (5.9 kB at 296 kB/s)
[INFO] Downloading from central: https://repo.maven.apache.org/maven2/com/fasterxml/jackson/core/jackson-annotations/2.3.0/jackson-annotations-2.3.0.pom
[INFO] Downloaded from central: https://repo.maven.apache.org/maven2/com/fasterxml/jackson/core/jackson-annotations/2.3.0/jackson-annotations-2.3.0.pom (1.3 kB at 61 kB/s)
[INFO] Downloading from central: https://repo.maven.apache.org/maven2/com/fasterxml/jackson/jaxrs/jackson-jaxrs-json-provider/2.3.1/jackson-jaxrs-json-provider-2.3.1.pom
[INFO] Downloaded from central: https://repo.maven.apache.org/maven2/com/fasterxml/jackson/jaxrs/jackson-jaxrs-json-provider/2.3.1/jackson-jaxrs-json-provider-2.3.1.pom (3.2 kB at 161 kB/s)
[INFO] Downloading from central: https://repo.maven.apache.org/maven2/com/fasterxml/jackson/jaxrs/jackson-jaxrs-providers/2.3.1/jackson-jaxrs-providers-2.3.1.pom
[INFO] Downloaded from central: https://repo.maven.apache.org/maven2/com/fasterxml/jackson/jaxrs/jackson-jaxrs-providers/2.3.1/jackson-jaxrs-providers-2.3.1.pom (3.8 kB at 188 kB/s)
[INFO] Downloading from central: https://repo.maven.apache.org/maven2/com/fasterxml/jackson/jaxrs/jackson-jaxrs-base/2.3.1/jackson-jaxrs-base-2.3.1.pom
[INFO] Downloaded from central: https://repo.maven.apache.org/maven2/com/fasterxml/jackson/jaxrs/jackson-jaxrs-base/2.3.1/jackson-jaxrs-base-2.3.1.pom (1.9 kB at 92 kB/s)
[INFO] Downloading from central: https://repo.maven.apache.org/maven2/com/fasterxml/jackson/module/jackson-module-jaxb-annotations/2.3.1/jackson-module-jaxb-annotations-2.3.1.pom
[INFO] Downloaded from central: https://repo.maven.apache.org/maven2/com/fasterxml/jackson/module/jackson-module-jaxb-annotations/2.3.1/jackson-module-jaxb-annotations-2.3.1.pom (4.5 kB at 225 kB/s)
[INFO] Downloading from central: https://repo.maven.apache.org/maven2/org/sonatype/spice/zapper/spice-zapper/1.3/spice-zapper-1.3.pom
[INFO] Downloaded from central: https://repo.maven.apache.org/maven2/org/sonatype/spice/zapper/spice-zapper/1.3/spice-zapper-1.3.pom (4.6 kB at 242 kB/s)
[INFO] Downloading from central: https://repo.maven.apache.org/maven2/org/fusesource/hawtbuf/hawtbuf-proto/1.9/hawtbuf-proto-1.9.pom
[INFO] Downloaded from central: https://repo.maven.apache.org/maven2/org/fusesource/hawtbuf/hawtbuf-proto/1.9/hawtbuf-proto-1.9.pom (4.5 kB at 235 kB/s)
[INFO] Downloading from central: https://repo.maven.apache.org/maven2/org/fusesource/hawtbuf/hawtbuf-project/1.9/hawtbuf-project-1.9.pom
[INFO] Downloaded from central: https://repo.maven.apache.org/maven2/org/fusesource/hawtbuf/hawtbuf-project/1.9/hawtbuf-project-1.9.pom (11 kB at 535 kB/s)
[INFO] Downloading from central: https://repo.maven.apache.org/maven2/org/fusesource/fusesource-pom/1.9/fusesource-pom-1.9.pom
[INFO] Downloaded from central: https://repo.maven.apache.org/maven2/org/fusesource/fusesource-pom/1.9/fusesource-pom-1.9.pom (15 kB at 740 kB/s)
[INFO] Downloading from central: https://repo.maven.apache.org/maven2/org/fusesource/hawtbuf/hawtbuf/1.9/hawtbuf-1.9.pom
[INFO] Downloaded from central: https://repo.maven.apache.org/maven2/org/fusesource/hawtbuf/hawtbuf/1.9/hawtbuf-1.9.pom (2.6 kB at 137 kB/s)
[INFO] Downloading from central: https://repo.maven.apache.org/maven2/org/sonatype/aether/aether-api/1.13.1/aether-api-1.13.1.pom
[INFO] Downloaded from central: https://repo.maven.apache.org/maven2/org/sonatype/aether/aether-api/1.13.1/aether-api-1.13.1.pom (1.4 kB at 75 kB/s)
[INFO] Downloading from central: https://repo.maven.apache.org/maven2/org/sonatype/aether/aether/1.13.1/aether-1.13.1.pom
[INFO] Downloaded from central: https://repo.maven.apache.org/maven2/org/sonatype/aether/aether/1.13.1/aether-1.13.1.pom (10 kB at 507 kB/s)
[INFO] Downloading from central: https://repo.maven.apache.org/maven2/ch/qos/logback/logback-core/1.1.2/logback-core-1.1.2.pom
[INFO] Downloaded from central: https://repo.maven.apache.org/maven2/ch/qos/logback/logback-core/1.1.2/logback-core-1.1.2.pom (5.0 kB at 264 kB/s)
[INFO] Downloading from central: https://repo.maven.apache.org/maven2/ch/qos/logback/logback-parent/1.1.2/logback-parent-1.1.2.pom
[INFO] Downloaded from central: https://repo.maven.apache.org/maven2/ch/qos/logback/logback-parent/1.1.2/logback-parent-1.1.2.pom (15 kB at 745 kB/s)
[INFO] Downloading from central: https://repo.maven.apache.org/maven2/ch/qos/logback/logback-classic/1.1.2/logback-classic-1.1.2.pom
[INFO] Downloaded from central: https://repo.maven.apache.org/maven2/ch/qos/logback/logback-classic/1.1.2/logback-classic-1.1.2.pom (12 kB at 659 kB/s)
[INFO] Downloading from central: https://repo.maven.apache.org/maven2/org/sonatype/plugins/nexus-staging-maven-plugin/1.6.8/nexus-staging-maven-plugin-1.6.8.jar
[INFO] Downloading from central: https://repo.maven.apache.org/maven2/com/google/guava/guava/14.0.1/guava-14.0.1.jar
[INFO] Downloading from central: https://repo.maven.apache.org/maven2/org/sonatype/nexus/maven/nexus-common/1.6.8/nexus-common-1.6.8.jar
[INFO] Downloading from central: https://repo.maven.apache.org/maven2/org/sonatype/nexus/plugins/nexus-restlet1x-model/2.14.3-02/nexus-restlet1x-model-2.14.3-02.jar
[INFO] Downloading from central: https://repo.maven.apache.org/maven2/org/sonatype/nexus/nexus-client-core/2.14.3-02/nexus-client-core-2.14.3-02.jar
[INFO] Downloaded from central: https://repo.maven.apache.org/maven2/org/sonatype/plugins/nexus-staging-maven-plugin/1.6.8/nexus-staging-maven-plugin-1.6.8.jar (251 kB at 6.1 MB/s)
[INFO] Downloading from central: https://repo.maven.apache.org/maven2/org/apache/maven/maven-model/3.0.4/maven-model-3.0.4.jar
[INFO] Downloaded from central: https://repo.maven.apache.org/maven2/org/sonatype/nexus/maven/nexus-common/1.6.8/nexus-common-1.6.8.jar (16 kB at 333 kB/s)
[INFO] Downloading from central: https://repo.maven.apache.org/maven2/org/slf4j/slf4j-api/1.7.7/slf4j-api-1.7.7.jar
[INFO] Downloaded from central: https://repo.maven.apache.org/maven2/org/sonatype/nexus/plugins/nexus-restlet1x-model/2.14.3-02/nexus-restlet1x-model-2.14.3-02.jar (163 kB at 2.6 MB/s)
[INFO] Downloading from central: https://repo.maven.apache.org/maven2/com/intellij/annotations/9.0.4/annotations-9.0.4.jar
[INFO] Downloaded from central: https://repo.maven.apache.org/maven2/org/apache/maven/maven-model/3.0.4/maven-model-3.0.4.jar (164 kB at 2.4 MB/s)
[INFO] Downloading from central: https://repo.maven.apache.org/maven2/commons-io/commons-io/2.4/commons-io-2.4.jar
[INFO] Downloaded from central: https://repo.maven.apache.org/maven2/org/sonatype/nexus/nexus-client-core/2.14.3-02/nexus-client-core-2.14.3-02.jar (216 kB at 3.2 MB/s)
[INFO] Downloading from central: https://repo.maven.apache.org/maven2/com/thoughtworks/xstream/xstream/1.4.7/xstream-1.4.7.jar
[INFO] Downloaded from central: https://repo.maven.apache.org/maven2/org/slf4j/slf4j-api/1.7.7/slf4j-api-1.7.7.jar (29 kB at 412 kB/s)
[INFO] Downloading from central: https://repo.maven.apache.org/maven2/xmlpull/xmlpull/1.1.3.1/xmlpull-1.1.3.1.jar
[INFO] Downloaded from central: https://repo.maven.apache.org/maven2/com/intellij/annotations/9.0.4/annotations-9.0.4.jar (10.0 kB at 111 kB/s)
[INFO] Downloading from central: https://repo.maven.apache.org/maven2/xpp3/xpp3_min/1.1.4c/xpp3_min-1.1.4c.jar
[INFO] Downloaded from central: https://repo.maven.apache.org/maven2/commons-io/commons-io/2.4/commons-io-2.4.jar (185 kB at 1.9 MB/s)
[INFO] Downloaded from central: https://repo.maven.apache.org/maven2/xmlpull/xmlpull/1.1.3.1/xmlpull-1.1.3.1.jar (7.2 kB at 73 kB/s)
[INFO] Downloading from central: https://repo.maven.apache.org/maven2/joda-time/joda-time/2.2/joda-time-2.2.jar
[INFO] Downloading from central: https://repo.maven.apache.org/maven2/commons-lang/commons-lang/2.6/commons-lang-2.6.jar
[INFO] Downloaded from central: https://repo.maven.apache.org/maven2/xpp3/xpp3_min/1.1.4c/xpp3_min-1.1.4c.jar (25 kB at 217 kB/s)
[INFO] Downloading from central: https://repo.maven.apache.org/maven2/commons-beanutils/commons-beanutils-core/1.8.3/commons-beanutils-core-1.8.3.jar
[INFO] Downloaded from central: https://repo.maven.apache.org/maven2/com/thoughtworks/xstream/xstream/1.4.7/xstream-1.4.7.jar (532 kB at 4.5 MB/s)
[INFO] Downloading from central: https://repo.maven.apache.org/maven2/org/sonatype/sisu/siesta/siesta-client/1.7/siesta-client-1.7.jar
[INFO] Downloaded from central: https://repo.maven.apache.org/maven2/commons-lang/commons-lang/2.6/commons-lang-2.6.jar (284 kB at 2.2 MB/s)
[INFO] Downloading from central: https://repo.maven.apache.org/maven2/org/sonatype/sisu/siesta/siesta-common/1.7/siesta-common-1.7.jar
[INFO] Downloaded from central: https://repo.maven.apache.org/maven2/commons-beanutils/commons-beanutils-core/1.8.3/commons-beanutils-core-1.8.3.jar (207 kB at 1.4 MB/s)
[INFO] Downloading from central: https://repo.maven.apache.org/maven2/javax/ws/rs/jsr311-api/1.1.1/jsr311-api-1.1.1.jar
[INFO] Downloaded from central: https://repo.maven.apache.org/maven2/com/google/guava/guava/14.0.1/guava-14.0.1.jar (2.2 MB at 15 MB/s)
[INFO] Downloading from central: https://repo.maven.apache.org/maven2/com/sun/jersey/jersey-core/1.17.1/jersey-core-1.17.1.jar
[INFO] Downloaded from central: https://repo.maven.apache.org/maven2/org/sonatype/sisu/siesta/siesta-common/1.7/siesta-common-1.7.jar (11 kB at 70 kB/s)
[INFO] Downloading from central: https://repo.maven.apache.org/maven2/javax/validation/validation-api/1.1.0.Final/validation-api-1.1.0.Final.jar
[INFO] Downloaded from central: https://repo.maven.apache.org/maven2/joda-time/joda-time/2.2/joda-time-2.2.jar (574 kB at 3.8 MB/s)
[INFO] Downloading from central: https://repo.maven.apache.org/maven2/com/sun/jersey/jersey-client/1.17.1/jersey-client-1.17.1.jar
[INFO] Downloaded from central: https://repo.maven.apache.org/maven2/javax/ws/rs/jsr311-api/1.1.1/jsr311-api-1.1.1.jar (46 kB at 278 kB/s)
[INFO] Downloading from central: https://repo.maven.apache.org/maven2/com/sun/jersey/contribs/jersey-apache-client4/1.17.1/jersey-apache-client4-1.17.1.jar
[INFO] Downloaded from central: https://repo.maven.apache.org/maven2/javax/validation/validation-api/1.1.0.Final/validation-api-1.1.0.Final.jar (64 kB at 367 kB/s)
[INFO] Downloading from central: https://repo.maven.apache.org/maven2/org/sonatype/sisu/siesta/siesta-jackson/1.7/siesta-jackson-1.7.jar
[INFO] Downloaded from central: https://repo.maven.apache.org/maven2/com/sun/jersey/jersey-client/1.17.1/jersey-client-1.17.1.jar (131 kB at 748 kB/s)
[INFO] Downloading from central: https://repo.maven.apache.org/maven2/com/fasterxml/jackson/core/jackson-annotations/2.3.1/jackson-annotations-2.3.1.jar
[INFO] Downloaded from central: https://repo.maven.apache.org/maven2/com/sun/jersey/contribs/jersey-apache-client4/1.17.1/jersey-apache-client4-1.17.1.jar (16 kB at 85 kB/s)
[INFO] Downloading from central: https://repo.maven.apache.org/maven2/com/fasterxml/jackson/core/jackson-core/2.3.1/jackson-core-2.3.1.jar
[INFO] Downloaded from central: https://repo.maven.apache.org/maven2/com/sun/jersey/jersey-core/1.17.1/jersey-core-1.17.1.jar (467 kB at 2.5 MB/s)
[INFO] Downloading from central: https://repo.maven.apache.org/maven2/com/fasterxml/jackson/core/jackson-databind/2.3.1/jackson-databind-2.3.1.jar
[INFO] Downloaded from central: https://repo.maven.apache.org/maven2/org/sonatype/sisu/siesta/siesta-jackson/1.7/siesta-jackson-1.7.jar (6.3 kB at 33 kB/s)
[INFO] Downloading from central: https://repo.maven.apache.org/maven2/com/fasterxml/jackson/jaxrs/jackson-jaxrs-json-provider/2.3.1/jackson-jaxrs-json-provider-2.3.1.jar
[INFO] Downloaded from central: https://repo.maven.apache.org/maven2/com/fasterxml/jackson/core/jackson-annotations/2.3.1/jackson-annotations-2.3.1.jar (37 kB at 186 kB/s)
[INFO] Downloading from central: https://repo.maven.apache.org/maven2/com/fasterxml/jackson/jaxrs/jackson-jaxrs-base/2.3.1/jackson-jaxrs-base-2.3.1.jar
[INFO] Downloaded from central: https://repo.maven.apache.org/maven2/org/sonatype/sisu/siesta/siesta-client/1.7/siesta-client-1.7.jar (20 kB at 98 kB/s)
[INFO] Downloading from central: https://repo.maven.apache.org/maven2/com/fasterxml/jackson/module/jackson-module-jaxb-annotations/2.3.1/jackson-module-jaxb-annotations-2.3.1.jar
[INFO] Downloaded from central: https://repo.maven.apache.org/maven2/com/fasterxml/jackson/jaxrs/jackson-jaxrs-json-provider/2.3.1/jackson-jaxrs-json-provider-2.3.1.jar (16 kB at 76 kB/s)
[INFO] Downloading from central: https://repo.maven.apache.org/maven2/org/apache/httpcomponents/httpclient/4.3.5/httpclient-4.3.5.jar
[INFO] Downloaded from central: https://repo.maven.apache.org/maven2/com/fasterxml/jackson/jaxrs/jackson-jaxrs-base/2.3.1/jackson-jaxrs-base-2.3.1.jar (28 kB at 126 kB/s)
[INFO] Downloading from central: https://repo.maven.apache.org/maven2/org/apache/httpcomponents/httpcore/4.3.2/httpcore-4.3.2.jar
[INFO] Downloaded from central: https://repo.maven.apache.org/maven2/com/fasterxml/jackson/core/jackson-core/2.3.1/jackson-core-2.3.1.jar (198 kB at 900 kB/s)
[INFO] Downloading from central: https://repo.maven.apache.org/maven2/org/slf4j/jcl-over-slf4j/1.7.7/jcl-over-slf4j-1.7.7.jar
[INFO] Downloaded from central: https://repo.maven.apache.org/maven2/com/fasterxml/jackson/core/jackson-databind/2.3.1/jackson-databind-2.3.1.jar (914 kB at 4.1 MB/s)
[INFO] Downloading from central: https://repo.maven.apache.org/maven2/org/sonatype/spice/zapper/spice-zapper/1.3/spice-zapper-1.3.jar
[INFO] Downloaded from central: https://repo.maven.apache.org/maven2/com/fasterxml/jackson/module/jackson-module-jaxb-annotations/2.3.1/jackson-module-jaxb-annotations-2.3.1.jar (32 kB at 140 kB/s)
[INFO] Downloading from central: https://repo.maven.apache.org/maven2/org/fusesource/hawtbuf/hawtbuf-proto/1.9/hawtbuf-proto-1.9.jar
[INFO] Downloaded from central: https://repo.maven.apache.org/maven2/org/slf4j/jcl-over-slf4j/1.7.7/jcl-over-slf4j-1.7.7.jar (17 kB at 68 kB/s)
[INFO] Downloading from central: https://repo.maven.apache.org/maven2/org/fusesource/hawtbuf/hawtbuf/1.9/hawtbuf-1.9.jar
[INFO] Downloaded from central: https://repo.maven.apache.org/maven2/org/apache/httpcomponents/httpcore/4.3.2/httpcore-4.3.2.jar (282 kB at 1.1 MB/s)
[INFO] Downloaded from central: https://repo.maven.apache.org/maven2/org/fusesource/hawtbuf/hawtbuf-proto/1.9/hawtbuf-proto-1.9.jar (27 kB at 111 kB/s)
[INFO] Downloaded from central: https://repo.maven.apache.org/maven2/org/apache/httpcomponents/httpclient/4.3.5/httpclient-4.3.5.jar (591 kB at 2.4 MB/s)
[INFO] Downloading from central: https://repo.maven.apache.org/maven2/ch/qos/logback/logback-core/1.1.2/logback-core-1.1.2.jar
[INFO] Downloading from central: https://repo.maven.apache.org/maven2/org/sonatype/aether/aether-api/1.13.1/aether-api-1.13.1.jar
[INFO] Downloading from central: https://repo.maven.apache.org/maven2/ch/qos/logback/logback-classic/1.1.2/logback-classic-1.1.2.jar
[INFO] Downloaded from central: https://repo.maven.apache.org/maven2/org/sonatype/spice/zapper/spice-zapper/1.3/spice-zapper-1.3.jar (121 kB at 484 kB/s)
[INFO] Downloaded from central: https://repo.maven.apache.org/maven2/org/fusesource/hawtbuf/hawtbuf/1.9/hawtbuf-1.9.jar (50 kB at 186 kB/s)
[INFO] Downloaded from central: https://repo.maven.apache.org/maven2/org/sonatype/aether/aether-api/1.13.1/aether-api-1.13.1.jar (90 kB at 328 kB/s)
[INFO] Downloaded from central: https://repo.maven.apache.org/maven2/ch/qos/logback/logback-classic/1.1.2/logback-classic-1.1.2.jar (271 kB at 970 kB/s)
[INFO] Downloaded from central: https://repo.maven.apache.org/maven2/ch/qos/logback/logback-core/1.1.2/logback-core-1.1.2.jar (428 kB at 1.5 MB/s)
[INFO] Inspecting build with total of 1 modules...
[INFO] Installing Nexus Staging features:
[INFO]   ... total of 1 executions of maven-deploy-plugin replaced with nexus-staging-maven-plugin
[INFO] 
[INFO] -----------------------< com.jsoniter:jsoniter >------------------------
[INFO] Building json iterator 0.9.24-SNAPSHOT
[INFO] --------------------------------[ jar ]---------------------------------
[INFO] Downloading from central: https://repo.maven.apache.org/maven2/org/apache/maven/plugins/maven-source-plugin/3.0.1/maven-source-plugin-3.0.1.pom
[INFO] Downloaded from central: https://repo.maven.apache.org/maven2/org/apache/maven/plugins/maven-source-plugin/3.0.1/maven-source-plugin-3.0.1.pom (5.7 kB at 284 kB/s)
[INFO] Downloading from central: https://repo.maven.apache.org/maven2/org/apache/maven/plugins/maven-source-plugin/3.0.1/maven-source-plugin-3.0.1.jar
[INFO] Downloaded from central: https://repo.maven.apache.org/maven2/org/apache/maven/plugins/maven-source-plugin/3.0.1/maven-source-plugin-3.0.1.jar (31 kB at 1.7 MB/s)
[INFO] Downloading from central: https://repo.maven.apache.org/maven2/org/apache/maven/plugins/maven-javadoc-plugin/3.0.0/maven-javadoc-plugin-3.0.0.pom
[INFO] Downloaded from central: https://repo.maven.apache.org/maven2/org/apache/maven/plugins/maven-javadoc-plugin/3.0.0/maven-javadoc-plugin-3.0.0.pom (18 kB at 168 kB/s)
[INFO] Downloading from central: https://repo.maven.apache.org/maven2/org/apache/maven/plugins/maven-javadoc-plugin/3.0.0/maven-javadoc-plugin-3.0.0.jar
[INFO] Downloaded from central: https://repo.maven.apache.org/maven2/org/apache/maven/plugins/maven-javadoc-plugin/3.0.0/maven-javadoc-plugin-3.0.0.jar (416 kB at 9.4 MB/s)
[INFO] Downloading from central: https://repo.maven.apache.org/maven2/org/apache/maven/plugins/maven-surefire-plugin/2.21.0/maven-surefire-plugin-2.21.0.pom
[INFO] Downloaded from central: https://repo.maven.apache.org/maven2/org/apache/maven/plugins/maven-surefire-plugin/2.21.0/maven-surefire-plugin-2.21.0.pom (5.2 kB at 274 kB/s)
[INFO] Downloading from central: https://repo.maven.apache.org/maven2/org/apache/maven/surefire/surefire/2.21.0/surefire-2.21.0.pom
[INFO] Downloaded from central: https://repo.maven.apache.org/maven2/org/apache/maven/surefire/surefire/2.21.0/surefire-2.21.0.pom (28 kB at 1.5 MB/s)
[INFO] Downloading from central: https://repo.maven.apache.org/maven2/org/apache/maven/plugins/maven-surefire-plugin/2.21.0/maven-surefire-plugin-2.21.0.jar
[INFO] Downloaded from central: https://repo.maven.apache.org/maven2/org/apache/maven/plugins/maven-surefire-plugin/2.21.0/maven-surefire-plugin-2.21.0.jar (40 kB at 2.0 MB/s)
[INFO] Downloading from central: https://repo.maven.apache.org/maven2/org/apache/maven/plugins/maven-gpg-plugin/1.6/maven-gpg-plugin-1.6.pom
[INFO] Downloaded from central: https://repo.maven.apache.org/maven2/org/apache/maven/plugins/maven-gpg-plugin/1.6/maven-gpg-plugin-1.6.pom (5.3 kB at 277 kB/s)
[INFO] Downloading from central: https://repo.maven.apache.org/maven2/org/apache/maven/plugins/maven-plugins/27/maven-plugins-27.pom
[INFO] Downloaded from central: https://repo.maven.apache.org/maven2/org/apache/maven/plugins/maven-plugins/27/maven-plugins-27.pom (11 kB at 598 kB/s)
[INFO] Downloading from central: https://repo.maven.apache.org/maven2/org/apache/maven/plugins/maven-gpg-plugin/1.6/maven-gpg-plugin-1.6.jar
[INFO] Downloaded from central: https://repo.maven.apache.org/maven2/org/apache/maven/plugins/maven-gpg-plugin/1.6/maven-gpg-plugin-1.6.jar (47 kB at 2.5 MB/s)
[INFO] Downloading from central: https://repo.maven.apache.org/maven2/com/fasterxml/jackson/core/jackson-annotations/2.9.5/jackson-annotations-2.9.5.pom
[INFO] Downloaded from central: https://repo.maven.apache.org/maven2/com/fasterxml/jackson/core/jackson-annotations/2.9.5/jackson-annotations-2.9.5.pom (2.6 kB at 136 kB/s)
[INFO] Downloading from central: https://repo.maven.apache.org/maven2/com/fasterxml/jackson/jackson-parent/2.9.1/jackson-parent-2.9.1.pom
[INFO] Downloaded from central: https://repo.maven.apache.org/maven2/com/fasterxml/jackson/jackson-parent/2.9.1/jackson-parent-2.9.1.pom (8.0 kB at 422 kB/s)
[INFO] Downloading from central: https://repo.maven.apache.org/maven2/com/fasterxml/oss-parent/30/oss-parent-30.pom
[INFO] Downloaded from central: https://repo.maven.apache.org/maven2/com/fasterxml/oss-parent/30/oss-parent-30.pom (21 kB at 1.1 MB/s)
[INFO] Downloading from central: https://repo.maven.apache.org/maven2/com/fasterxml/jackson/core/jackson-databind/2.9.5/jackson-databind-2.9.5.pom
[INFO] Downloaded from central: https://repo.maven.apache.org/maven2/com/fasterxml/jackson/core/jackson-databind/2.9.5/jackson-databind-2.9.5.pom (5.9 kB at 326 kB/s)
[INFO] Downloading from central: https://repo.maven.apache.org/maven2/com/fasterxml/jackson/jackson-base/2.9.5/jackson-base-2.9.5.pom
[INFO] Downloaded from central: https://repo.maven.apache.org/maven2/com/fasterxml/jackson/jackson-base/2.9.5/jackson-base-2.9.5.pom (5.6 kB at 295 kB/s)
[INFO] Downloading from central: https://repo.maven.apache.org/maven2/com/fasterxml/jackson/jackson-bom/2.9.5/jackson-bom-2.9.5.pom
[INFO] Downloaded from central: https://repo.maven.apache.org/maven2/com/fasterxml/jackson/jackson-bom/2.9.5/jackson-bom-2.9.5.pom (12 kB at 683 kB/s)
[INFO] Downloading from central: https://repo.maven.apache.org/maven2/com/fasterxml/jackson/core/jackson-annotations/2.9.0/jackson-annotations-2.9.0.pom
[INFO] Downloaded from central: https://repo.maven.apache.org/maven2/com/fasterxml/jackson/core/jackson-annotations/2.9.0/jackson-annotations-2.9.0.pom (1.9 kB at 108 kB/s)
[INFO] Downloading from central: https://repo.maven.apache.org/maven2/com/fasterxml/jackson/jackson-parent/2.9.0/jackson-parent-2.9.0.pom
[INFO] Downloaded from central: https://repo.maven.apache.org/maven2/com/fasterxml/jackson/jackson-parent/2.9.0/jackson-parent-2.9.0.pom (7.8 kB at 435 kB/s)
[INFO] Downloading from central: https://repo.maven.apache.org/maven2/com/fasterxml/oss-parent/28/oss-parent-28.pom
[INFO] Downloaded from central: https://repo.maven.apache.org/maven2/com/fasterxml/oss-parent/28/oss-parent-28.pom (20 kB at 1.1 MB/s)
[INFO] Downloading from central: https://repo.maven.apache.org/maven2/com/fasterxml/jackson/core/jackson-core/2.9.5/jackson-core-2.9.5.pom
[INFO] Downloaded from central: https://repo.maven.apache.org/maven2/com/fasterxml/jackson/core/jackson-core/2.9.5/jackson-core-2.9.5.pom (3.4 kB at 189 kB/s)
[INFO] Downloading from central: https://repo.maven.apache.org/maven2/com/google/code/gson/gson/2.8.3/gson-2.8.3.pom
[INFO] Downloaded from central: https://repo.maven.apache.org/maven2/com/google/code/gson/gson/2.8.3/gson-2.8.3.pom (1.9 kB at 100 kB/s)
[INFO] Downloading from central: https://repo.maven.apache.org/maven2/com/google/code/gson/gson-parent/2.8.3/gson-parent-2.8.3.pom
[INFO] Downloaded from central: https://repo.maven.apache.org/maven2/com/google/code/gson/gson-parent/2.8.3/gson-parent-2.8.3.pom (3.8 kB at 34 kB/s)
[INFO] Downloading from central: https://repo.maven.apache.org/maven2/org/openjdk/jmh/jmh-core/1.20/jmh-core-1.20.pom
[INFO] Downloaded from central: https://repo.maven.apache.org/maven2/org/openjdk/jmh/jmh-core/1.20/jmh-core-1.20.pom (9.4 kB at 495 kB/s)
[INFO] Downloading from central: https://repo.maven.apache.org/maven2/org/openjdk/jmh/jmh-parent/1.20/jmh-parent-1.20.pom
[INFO] Downloaded from central: https://repo.maven.apache.org/maven2/org/openjdk/jmh/jmh-parent/1.20/jmh-parent-1.20.pom (11 kB at 58 kB/s)
[INFO] Downloading from central: https://repo.maven.apache.org/maven2/net/sf/jopt-simple/jopt-simple/4.6/jopt-simple-4.6.pom
[INFO] Downloaded from central: https://repo.maven.apache.org/maven2/net/sf/jopt-simple/jopt-simple/4.6/jopt-simple-4.6.pom (11 kB at 627 kB/s)
[INFO] Downloading from central: https://repo.maven.apache.org/maven2/org/apache/commons/commons-math3/3.2/commons-math3-3.2.pom
[INFO] Downloaded from central: https://repo.maven.apache.org/maven2/org/apache/commons/commons-math3/3.2/commons-math3-3.2.pom (17 kB at 968 kB/s)
[INFO] Downloading from central: https://repo.maven.apache.org/maven2/org/openjdk/jmh/jmh-generator-annprocess/1.20/jmh-generator-annprocess-1.20.pom
[INFO] Downloaded from central: https://repo.maven.apache.org/maven2/org/openjdk/jmh/jmh-generator-annprocess/1.20/jmh-generator-annprocess-1.20.pom (3.8 kB at 213 kB/s)
[INFO] Downloading from central: https://repo.maven.apache.org/maven2/com/fasterxml/jackson/core/jackson-annotations/2.9.5/jackson-annotations-2.9.5.jar
[INFO] Downloading from central: https://repo.maven.apache.org/maven2/com/fasterxml/jackson/core/jackson-databind/2.9.5/jackson-databind-2.9.5.jar
[INFO] Downloading from central: https://repo.maven.apache.org/maven2/com/fasterxml/jackson/core/jackson-core/2.9.5/jackson-core-2.9.5.jar
[INFO] Downloading from central: https://repo.maven.apache.org/maven2/com/google/code/gson/gson/2.8.3/gson-2.8.3.jar
[INFO] Downloading from central: https://repo.maven.apache.org/maven2/org/openjdk/jmh/jmh-core/1.20/jmh-core-1.20.jar
[INFO] Downloaded from central: https://repo.maven.apache.org/maven2/com/fasterxml/jackson/core/jackson-annotations/2.9.5/jackson-annotations-2.9.5.jar (67 kB at 2.8 MB/s)
[INFO] Downloading from central: https://repo.maven.apache.org/maven2/net/sf/jopt-simple/jopt-simple/4.6/jopt-simple-4.6.jar
[INFO] Downloaded from central: https://repo.maven.apache.org/maven2/com/google/code/gson/gson/2.8.3/gson-2.8.3.jar (239 kB at 8.2 MB/s)
[INFO] Downloading from central: https://repo.maven.apache.org/maven2/org/apache/commons/commons-math3/3.2/commons-math3-3.2.jar
[INFO] Downloaded from central: https://repo.maven.apache.org/maven2/com/fasterxml/jackson/core/jackson-core/2.9.5/jackson-core-2.9.5.jar (322 kB at 8.5 MB/s)
[INFO] Downloading from central: https://repo.maven.apache.org/maven2/org/openjdk/jmh/jmh-generator-annprocess/1.20/jmh-generator-annprocess-1.20.jar
[INFO] Downloaded from central: https://repo.maven.apache.org/maven2/com/fasterxml/jackson/core/jackson-databind/2.9.5/jackson-databind-2.9.5.jar (1.3 MB at 24 MB/s)
[INFO] Downloaded from central: https://repo.maven.apache.org/maven2/org/openjdk/jmh/jmh-core/1.20/jmh-core-1.20.jar (510 kB at 8.4 MB/s)
[INFO] Downloaded from central: https://repo.maven.apache.org/maven2/net/sf/jopt-simple/jopt-simple/4.6/jopt-simple-4.6.jar (62 kB at 1.0 MB/s)
[INFO] Downloaded from central: https://repo.maven.apache.org/maven2/org/apache/commons/commons-math3/3.2/commons-math3-3.2.jar (1.7 MB at 18 MB/s)
[INFO] Downloaded from central: https://repo.maven.apache.org/maven2/org/openjdk/jmh/jmh-generator-annprocess/1.20/jmh-generator-annprocess-1.20.jar (31 kB at 214 kB/s)
[INFO] 
[INFO] --- maven-clean-plugin:2.5:clean (default-clean) @ jsoniter ---
[INFO] 
[INFO] --- maven-resources-plugin:2.6:resources (default-resources) @ jsoniter ---
[INFO] Using 'UTF-8' encoding to copy filtered resources.
[INFO] skip non existing resourceDirectory /home/idflakies/json-iterator/java/src/main/resources
[INFO] 
[INFO] --- maven-compiler-plugin:3.7.0:compile (default-compile) @ jsoniter ---
[INFO] Changes detected - recompiling the module!
[INFO] Compiling 117 source files to /home/idflakies/json-iterator/java/target/classes
[INFO] /home/idflakies/json-iterator/java/src/main/java/com/jsoniter/output/JsonStream.java: /home/idflakies/json-iterator/java/src/main/java/com/jsoniter/output/JsonStream.java uses or overrides a deprecated API.
[INFO] /home/idflakies/json-iterator/java/src/main/java/com/jsoniter/output/JsonStream.java: Recompile with -Xlint:deprecation for details.
[INFO] /home/idflakies/json-iterator/java/src/main/java/com/jsoniter/output/JsonStream.java: Some input files use unchecked or unsafe operations.
[INFO] /home/idflakies/json-iterator/java/src/main/java/com/jsoniter/output/JsonStream.java: Recompile with -Xlint:unchecked for details.
[INFO] 
[INFO] --- maven-resources-plugin:2.6:testResources (default-testResources) @ jsoniter ---
[INFO] Using 'UTF-8' encoding to copy filtered resources.
[INFO] skip non existing resourceDirectory /home/idflakies/json-iterator/java/test/main/resources
[INFO] 
[INFO] --- maven-compiler-plugin:3.7.0:testCompile (default-testCompile) @ jsoniter ---
[INFO] Changes detected - recompiling the module!
[INFO] Compiling 70 source files to /home/idflakies/json-iterator/java/target/test-classes
[WARNING] /home/idflakies/json-iterator/java/src/test/java/com/jsoniter/IterImplForStreamingTest.java:[10,46] sun.reflect.generics.reflectiveObjects.NotImplementedException is internal proprietary API and may be removed in a future release
[WARNING] /home/idflakies/json-iterator/java/src/test/java/com/jsoniter/IterImplForStreamingTest.java:[10,46] sun.reflect.generics.reflectiveObjects.NotImplementedException is internal proprietary API and may be removed in a future release
[WARNING] /home/idflakies/json-iterator/java/src/test/java/com/jsoniter/IterImplForStreamingTest.java:[10,46] sun.reflect.generics.reflectiveObjects.NotImplementedException is internal proprietary API and may be removed in a future release
[WARNING] /home/idflakies/json-iterator/java/src/test/java/com/jsoniter/IterImplForStreamingTest.java:[10,46] sun.reflect.generics.reflectiveObjects.NotImplementedException is internal proprietary API and may be removed in a future release
[WARNING] /home/idflakies/json-iterator/java/src/test/java/com/jsoniter/IterImplForStreamingTest.java:[80,43] sun.reflect.generics.reflectiveObjects.NotImplementedException is internal proprietary API and may be removed in a future release
[INFO] /home/idflakies/json-iterator/java/src/test/java/com/jsoniter/output/TestNested.java: Some input files use unchecked or unsafe operations.
[INFO] /home/idflakies/json-iterator/java/src/test/java/com/jsoniter/output/TestNested.java: Recompile with -Xlint:unchecked for details.
[INFO] 
[INFO] --- maven-surefire-plugin:2.21.0:test (default-test) @ jsoniter ---
[INFO] Downloading from central: https://repo.maven.apache.org/maven2/org/apache/maven/surefire/maven-surefire-common/2.21.0/maven-surefire-common-2.21.0.pom
[INFO] Downloaded from central: https://repo.maven.apache.org/maven2/org/apache/maven/surefire/maven-surefire-common/2.21.0/maven-surefire-common-2.21.0.pom (11 kB at 494 kB/s)
[INFO] Downloading from central: https://repo.maven.apache.org/maven2/org/apache/maven/surefire/surefire-api/2.21.0/surefire-api-2.21.0.pom
[INFO] Downloaded from central: https://repo.maven.apache.org/maven2/org/apache/maven/surefire/surefire-api/2.21.0/surefire-api-2.21.0.pom (3.5 kB at 169 kB/s)
[INFO] Downloading from central: https://repo.maven.apache.org/maven2/org/apache/maven/surefire/surefire-logger-api/2.21.0/surefire-logger-api-2.21.0.pom
[INFO] Downloaded from central: https://repo.maven.apache.org/maven2/org/apache/maven/surefire/surefire-logger-api/2.21.0/surefire-logger-api-2.21.0.pom (2.0 kB at 96 kB/s)
[INFO] Downloading from central: https://repo.maven.apache.org/maven2/org/apache/maven/surefire/surefire-booter/2.21.0/surefire-booter-2.21.0.pom
[INFO] Downloaded from central: https://repo.maven.apache.org/maven2/org/apache/maven/surefire/surefire-booter/2.21.0/surefire-booter-2.21.0.pom (7.4 kB at 351 kB/s)
[INFO] Downloading from central: https://repo.maven.apache.org/maven2/org/codehaus/plexus/plexus-java/0.9.3/plexus-java-0.9.3.pom
[INFO] Downloaded from central: https://repo.maven.apache.org/maven2/org/codehaus/plexus/plexus-java/0.9.3/plexus-java-0.9.3.pom (2.4 kB at 107 kB/s)
[INFO] Downloading from central: https://repo.maven.apache.org/maven2/org/codehaus/plexus/plexus-languages/0.9.3/plexus-languages-0.9.3.pom
[INFO] Downloaded from central: https://repo.maven.apache.org/maven2/org/codehaus/plexus/plexus-languages/0.9.3/plexus-languages-0.9.3.pom (2.2 kB at 105 kB/s)
[INFO] Downloading from central: https://repo.maven.apache.org/maven2/org/apache/maven/surefire/maven-surefire-common/2.21.0/maven-surefire-common-2.21.0.jar
[INFO] Downloading from central: https://repo.maven.apache.org/maven2/org/apache/maven/surefire/surefire-logger-api/2.21.0/surefire-logger-api-2.21.0.jar
[INFO] Downloading from central: https://repo.maven.apache.org/maven2/org/apache/maven/surefire/surefire-api/2.21.0/surefire-api-2.21.0.jar
[INFO] Downloading from central: https://repo.maven.apache.org/maven2/org/codehaus/plexus/plexus-java/0.9.3/plexus-java-0.9.3.jar
[INFO] Downloading from central: https://repo.maven.apache.org/maven2/org/apache/maven/surefire/surefire-booter/2.21.0/surefire-booter-2.21.0.jar
[INFO] Downloaded from central: https://repo.maven.apache.org/maven2/org/codehaus/plexus/plexus-java/0.9.3/plexus-java-0.9.3.jar (32 kB at 1.3 MB/s)
[INFO] Downloaded from central: https://repo.maven.apache.org/maven2/org/apache/maven/surefire/surefire-logger-api/2.21.0/surefire-logger-api-2.21.0.jar (13 kB at 516 kB/s)
[INFO] Downloaded from central: https://repo.maven.apache.org/maven2/org/apache/maven/surefire/surefire-api/2.21.0/surefire-api-2.21.0.jar (185 kB at 6.8 MB/s)
[INFO] Downloaded from central: https://repo.maven.apache.org/maven2/org/apache/maven/surefire/surefire-booter/2.21.0/surefire-booter-2.21.0.jar (273 kB at 7.6 MB/s)
[INFO] Downloaded from central: https://repo.maven.apache.org/maven2/org/apache/maven/surefire/maven-surefire-common/2.21.0/maven-surefire-common-2.21.0.jar (521 kB at 12 MB/s)
[INFO] Tests are skipped.
[INFO] 
[INFO] --- maven-jar-plugin:2.4:jar (default-jar) @ jsoniter ---
[INFO] Building jar: /home/idflakies/json-iterator/java/target/jsoniter-0.9.24-SNAPSHOT.jar
[INFO] 
[INFO] --- maven-source-plugin:3.0.1:jar-no-fork (attach-sources) @ jsoniter ---
[INFO] Downloading from central: https://repo.maven.apache.org/maven2/org/apache/maven/maven-archiver/3.1.1/maven-archiver-3.1.1.pom
[INFO] Downloaded from central: https://repo.maven.apache.org/maven2/org/apache/maven/maven-archiver/3.1.1/maven-archiver-3.1.1.pom (4.3 kB at 217 kB/s)
[INFO] Downloading from central: https://repo.maven.apache.org/maven2/org/apache/maven/shared/maven-shared-utils/3.0.1/maven-shared-utils-3.0.1.pom
[INFO] Downloaded from central: https://repo.maven.apache.org/maven2/org/apache/maven/shared/maven-shared-utils/3.0.1/maven-shared-utils-3.0.1.pom (4.6 kB at 229 kB/s)
[INFO] Downloading from central: https://repo.maven.apache.org/maven2/org/codehaus/plexus/plexus-archiver/3.3/plexus-archiver-3.3.pom
[INFO] Downloaded from central: https://repo.maven.apache.org/maven2/org/codehaus/plexus/plexus-archiver/3.3/plexus-archiver-3.3.pom (5.3 kB at 280 kB/s)
[INFO] Downloading from central: https://repo.maven.apache.org/maven2/org/codehaus/plexus/plexus-archiver/3.4/plexus-archiver-3.4.pom
[INFO] Downloaded from central: https://repo.maven.apache.org/maven2/org/codehaus/plexus/plexus-archiver/3.4/plexus-archiver-3.4.pom (5.3 kB at 266 kB/s)
[INFO] Downloading from central: https://repo.maven.apache.org/maven2/org/apache/maven/maven-archiver/3.1.1/maven-archiver-3.1.1.jar
[INFO] Downloading from central: https://repo.maven.apache.org/maven2/org/apache/maven/shared/maven-shared-utils/3.0.1/maven-shared-utils-3.0.1.jar
[INFO] Downloading from central: https://repo.maven.apache.org/maven2/org/codehaus/plexus/plexus-utils/3.0.24/plexus-utils-3.0.24.jar
[INFO] Downloading from central: https://repo.maven.apache.org/maven2/org/codehaus/plexus/plexus-archiver/3.4/plexus-archiver-3.4.jar
[INFO] Downloaded from central: https://repo.maven.apache.org/maven2/org/apache/maven/maven-archiver/3.1.1/maven-archiver-3.1.1.jar (24 kB at 1.1 MB/s)
[INFO] Downloaded from central: https://repo.maven.apache.org/maven2/org/codehaus/plexus/plexus-utils/3.0.24/plexus-utils-3.0.24.jar (247 kB at 8.8 MB/s)
[INFO] Downloaded from central: https://repo.maven.apache.org/maven2/org/codehaus/plexus/plexus-archiver/3.4/plexus-archiver-3.4.jar (187 kB at 5.7 MB/s)
[INFO] Downloaded from central: https://repo.maven.apache.org/maven2/org/apache/maven/shared/maven-shared-utils/3.0.1/maven-shared-utils-3.0.1.jar (154 kB at 4.7 MB/s)
[INFO] Building jar: /home/idflakies/json-iterator/java/target/jsoniter-0.9.24-SNAPSHOT-sources.jar
[INFO] 
[INFO] --- maven-javadoc-plugin:3.0.0:jar (attach-javadocs) @ jsoniter ---
[INFO] Downloading from central: https://repo.maven.apache.org/maven2/org/apache/maven/shared/maven-invoker/2.2/maven-invoker-2.2.pom
[INFO] Downloaded from central: https://repo.maven.apache.org/maven2/org/apache/maven/shared/maven-invoker/2.2/maven-invoker-2.2.pom (5.9 kB at 293 kB/s)
[INFO] Downloading from central: https://repo.maven.apache.org/maven2/org/apache/maven/shared/maven-shared-components/21/maven-shared-components-21.pom
[INFO] Downloaded from central: https://repo.maven.apache.org/maven2/org/apache/maven/shared/maven-shared-components/21/maven-shared-components-21.pom (5.1 kB at 269 kB/s)
[INFO] Downloading from central: https://repo.maven.apache.org/maven2/org/apache/maven/maven-parent/25/maven-parent-25.pom
[INFO] Downloaded from central: https://repo.maven.apache.org/maven2/org/apache/maven/maven-parent/25/maven-parent-25.pom (37 kB at 2.0 MB/s)
[INFO] Downloading from central: https://repo.maven.apache.org/maven2/org/apache/maven/shared/maven-common-artifact-filters/3.0.0/maven-common-artifact-filters-3.0.0.pom
[INFO] Downloaded from central: https://repo.maven.apache.org/maven2/org/apache/maven/shared/maven-common-artifact-filters/3.0.0/maven-common-artifact-filters-3.0.0.pom (4.8 kB at 253 kB/s)
[INFO] Downloading from central: https://repo.maven.apache.org/maven2/org/apache/maven/shared/maven-shared-components/22/maven-shared-components-22.pom
[INFO] Downloaded from central: https://repo.maven.apache.org/maven2/org/apache/maven/shared/maven-shared-components/22/maven-shared-components-22.pom (5.1 kB at 284 kB/s)
[INFO] Downloading from central: https://repo.maven.apache.org/maven2/org/apache/maven/maven-parent/27/maven-parent-27.pom
[INFO] Downloaded from central: https://repo.maven.apache.org/maven2/org/apache/maven/maven-parent/27/maven-parent-27.pom (41 kB at 2.0 MB/s)
[INFO] Downloading from central: https://repo.maven.apache.org/maven2/org/apache/apache/17/apache-17.pom
[INFO] Downloaded from central: https://repo.maven.apache.org/maven2/org/apache/apache/17/apache-17.pom (16 kB at 845 kB/s)
[INFO] Downloading from central: https://repo.maven.apache.org/maven2/org/apache/maven/shared/maven-shared-utils/3.0.0/maven-shared-utils-3.0.0.pom
[INFO] Downloaded from central: https://repo.maven.apache.org/maven2/org/apache/maven/shared/maven-shared-utils/3.0.0/maven-shared-utils-3.0.0.pom (5.6 kB at 279 kB/s)
[INFO] Downloading from central: https://repo.maven.apache.org/maven2/org/apache/maven/shared/maven-artifact-transfer/0.9.1/maven-artifact-transfer-0.9.1.pom
[INFO] Downloaded from central: https://repo.maven.apache.org/maven2/org/apache/maven/shared/maven-artifact-transfer/0.9.1/maven-artifact-transfer-0.9.1.pom (7.6 kB at 362 kB/s)
[INFO] Downloading from central: https://repo.maven.apache.org/maven2/org/apache/maven/shared/maven-common-artifact-filters/3.0.1/maven-common-artifact-filters-3.0.1.pom
[INFO] Downloaded from central: https://repo.maven.apache.org/maven2/org/apache/maven/shared/maven-common-artifact-filters/3.0.1/maven-common-artifact-filters-3.0.1.pom (4.8 kB at 255 kB/s)
[INFO] Downloading from central: https://repo.maven.apache.org/maven2/org/slf4j/slf4j-api/1.7.5/slf4j-api-1.7.5.pom
[INFO] Downloaded from central: https://repo.maven.apache.org/maven2/org/slf4j/slf4j-api/1.7.5/slf4j-api-1.7.5.pom (2.7 kB at 134 kB/s)
[INFO] Downloading from central: https://repo.maven.apache.org/maven2/org/slf4j/slf4j-parent/1.7.5/slf4j-parent-1.7.5.pom
[INFO] Downloaded from central: https://repo.maven.apache.org/maven2/org/slf4j/slf4j-parent/1.7.5/slf4j-parent-1.7.5.pom (12 kB at 562 kB/s)
[INFO] Downloading from central: https://repo.maven.apache.org/maven2/org/apache/maven/doxia/doxia-sink-api/1.7/doxia-sink-api-1.7.pom
[INFO] Downloaded from central: https://repo.maven.apache.org/maven2/org/apache/maven/doxia/doxia-sink-api/1.7/doxia-sink-api-1.7.pom (1.5 kB at 77 kB/s)
[INFO] Downloading from central: https://repo.maven.apache.org/maven2/org/apache/maven/doxia/doxia/1.7/doxia-1.7.pom
[INFO] Downloaded from central: https://repo.maven.apache.org/maven2/org/apache/maven/doxia/doxia/1.7/doxia-1.7.pom (15 kB at 635 kB/s)
[INFO] Downloading from central: https://repo.maven.apache.org/maven2/org/apache/maven/doxia/doxia-logging-api/1.7/doxia-logging-api-1.7.pom
[INFO] Downloaded from central: https://repo.maven.apache.org/maven2/org/apache/maven/doxia/doxia-logging-api/1.7/doxia-logging-api-1.7.pom (1.5 kB at 64 kB/s)
[INFO] Downloading from central: https://repo.maven.apache.org/maven2/org/apache/maven/doxia/doxia-site-renderer/1.7.4/doxia-site-renderer-1.7.4.pom
[INFO] Downloaded from central: https://repo.maven.apache.org/maven2/org/apache/maven/doxia/doxia-site-renderer/1.7.4/doxia-site-renderer-1.7.4.pom (6.7 kB at 278 kB/s)
[INFO] Downloading from central: https://repo.maven.apache.org/maven2/org/apache/maven/doxia/doxia-sitetools/1.7.4/doxia-sitetools-1.7.4.pom
[INFO] Downloaded from central: https://repo.maven.apache.org/maven2/org/apache/maven/doxia/doxia-sitetools/1.7.4/doxia-sitetools-1.7.4.pom (14 kB at 630 kB/s)
[INFO] Downloading from central: https://repo.maven.apache.org/maven2/org/apache/maven/doxia/doxia-core/1.7/doxia-core-1.7.pom
[INFO] Downloaded from central: https://repo.maven.apache.org/maven2/org/apache/maven/doxia/doxia-core/1.7/doxia-core-1.7.pom (4.1 kB at 177 kB/s)
[INFO] Downloading from central: https://repo.maven.apache.org/maven2/xmlunit/xmlunit/1.5/xmlunit-1.5.pom
[INFO] Downloaded from central: https://repo.maven.apache.org/maven2/xmlunit/xmlunit/1.5/xmlunit-1.5.pom (3.0 kB at 152 kB/s)
[INFO] Downloading from central: https://repo.maven.apache.org/maven2/org/apache/maven/doxia/doxia-decoration-model/1.7.4/doxia-decoration-model-1.7.4.pom
[INFO] Downloaded from central: https://repo.maven.apache.org/maven2/org/apache/maven/doxia/doxia-decoration-model/1.7.4/doxia-decoration-model-1.7.4.pom (3.4 kB at 170 kB/s)
[INFO] Downloading from central: https://repo.maven.apache.org/maven2/org/apache/maven/doxia/doxia-skin-model/1.7.4/doxia-skin-model-1.7.4.pom
[INFO] Downloaded from central: https://repo.maven.apache.org/maven2/org/apache/maven/doxia/doxia-skin-model/1.7.4/doxia-skin-model-1.7.4.pom (3.0 kB at 151 kB/s)
[INFO] Downloading from central: https://repo.maven.apache.org/maven2/org/apache/maven/doxia/doxia-module-xhtml/1.7/doxia-module-xhtml-1.7.pom
[INFO] Downloaded from central: https://repo.maven.apache.org/maven2/org/apache/maven/doxia/doxia-module-xhtml/1.7/doxia-module-xhtml-1.7.pom (1.6 kB at 82 kB/s)
[INFO] Downloading from central: https://repo.maven.apache.org/maven2/org/apache/maven/doxia/doxia-modules/1.7/doxia-modules-1.7.pom
[INFO] Downloaded from central: https://repo.maven.apache.org/maven2/org/apache/maven/doxia/doxia-modules/1.7/doxia-modules-1.7.pom (2.6 kB at 131 kB/s)
[INFO] Downloading from central: https://repo.maven.apache.org/maven2/org/codehaus/plexus/plexus-velocity/1.2/plexus-velocity-1.2.pom
[INFO] Downloaded from central: https://repo.maven.apache.org/maven2/org/codehaus/plexus/plexus-velocity/1.2/plexus-velocity-1.2.pom (2.8 kB at 148 kB/s)
[INFO] Downloading from central: https://repo.maven.apache.org/maven2/org/apache/velocity/velocity/1.6.2/velocity-1.6.2.pom
[INFO] Downloaded from central: https://repo.maven.apache.org/maven2/org/apache/velocity/velocity/1.6.2/velocity-1.6.2.pom (11 kB at 531 kB/s)
[INFO] Downloading from central: https://repo.maven.apache.org/maven2/org/codehaus/plexus/plexus-java/0.9.5/plexus-java-0.9.5.pom
[INFO] Downloaded from central: https://repo.maven.apache.org/maven2/org/codehaus/plexus/plexus-java/0.9.5/plexus-java-0.9.5.pom (2.4 kB at 12 kB/s)
[INFO] Downloading from central: https://repo.maven.apache.org/maven2/org/codehaus/plexus/plexus-languages/0.9.5/plexus-languages-0.9.5.pom
[INFO] Downloaded from central: https://repo.maven.apache.org/maven2/org/codehaus/plexus/plexus-languages/0.9.5/plexus-languages-0.9.5.pom (2.3 kB at 21 kB/s)
[INFO] Downloading from central: https://repo.maven.apache.org/maven2/org/ow2/asm/asm/6.0/asm-6.0.pom
[INFO] Downloaded from central: https://repo.maven.apache.org/maven2/org/ow2/asm/asm/6.0/asm-6.0.pom (1.9 kB at 102 kB/s)
[INFO] Downloading from central: https://repo.maven.apache.org/maven2/org/ow2/asm/asm-parent/6.0/asm-parent-6.0.pom
[INFO] Downloaded from central: https://repo.maven.apache.org/maven2/org/ow2/asm/asm-parent/6.0/asm-parent-6.0.pom (5.5 kB at 305 kB/s)
[INFO] Downloading from central: https://repo.maven.apache.org/maven2/org/codehaus/plexus/plexus-container-default/1.0-alpha-7/plexus-container-default-1.0-alpha-7.pom
[INFO] Downloaded from central: https://repo.maven.apache.org/maven2/org/codehaus/plexus/plexus-container-default/1.0-alpha-7/plexus-container-default-1.0-alpha-7.pom (1.3 kB at 68 kB/s)
[INFO] Downloading from central: https://repo.maven.apache.org/maven2/plexus/plexus-containers/1.0.2/plexus-containers-1.0.2.pom
[INFO] Downloaded from central: https://repo.maven.apache.org/maven2/plexus/plexus-containers/1.0.2/plexus-containers-1.0.2.pom (471 B at 22 kB/s)
[INFO] Downloading from central: https://repo.maven.apache.org/maven2/plexus/plexus-root/1.0.3/plexus-root-1.0.3.pom
[INFO] Downloaded from central: https://repo.maven.apache.org/maven2/plexus/plexus-root/1.0.3/plexus-root-1.0.3.pom (6.0 kB at 301 kB/s)
[INFO] Downloading from central: https://repo.maven.apache.org/maven2/org/apache/maven/shared/maven-invoker/2.2/maven-invoker-2.2.jar
[INFO] Downloading from central: https://repo.maven.apache.org/maven2/org/apache/maven/shared/maven-artifact-transfer/0.9.1/maven-artifact-transfer-0.9.1.jar
[INFO] Downloading from central: https://repo.maven.apache.org/maven2/org/apache/maven/shared/maven-common-artifact-filters/3.0.0/maven-common-artifact-filters-3.0.0.jar
[INFO] Downloading from central: https://repo.maven.apache.org/maven2/org/slf4j/slf4j-api/1.7.5/slf4j-api-1.7.5.jar
[INFO] Downloading from central: https://repo.maven.apache.org/maven2/org/apache/maven/doxia/doxia-sink-api/1.7/doxia-sink-api-1.7.jar
[INFO] Downloaded from central: https://repo.maven.apache.org/maven2/org/slf4j/slf4j-api/1.7.5/slf4j-api-1.7.5.jar (26 kB at 1.2 MB/s)
[INFO] Downloading from central: https://repo.maven.apache.org/maven2/org/apache/maven/doxia/doxia-logging-api/1.7/doxia-logging-api-1.7.jar
[INFO] Downloaded from central: https://repo.maven.apache.org/maven2/org/apache/maven/doxia/doxia-sink-api/1.7/doxia-sink-api-1.7.jar (11 kB at 543 kB/s)
[INFO] Downloading from central: https://repo.maven.apache.org/maven2/org/apache/maven/doxia/doxia-site-renderer/1.7.4/doxia-site-renderer-1.7.4.jar
[INFO] Downloaded from central: https://repo.maven.apache.org/maven2/org/apache/maven/shared/maven-invoker/2.2/maven-invoker-2.2.jar (30 kB at 1.3 MB/s)
[INFO] Downloading from central: https://repo.maven.apache.org/maven2/org/apache/maven/doxia/doxia-core/1.7/doxia-core-1.7.jar
[INFO] Downloaded from central: https://repo.maven.apache.org/maven2/org/apache/maven/shared/maven-common-artifact-filters/3.0.0/maven-common-artifact-filters-3.0.0.jar (57 kB at 2.3 MB/s)
[INFO] Downloading from central: https://repo.maven.apache.org/maven2/xmlunit/xmlunit/1.5/xmlunit-1.5.jar
[INFO] Downloaded from central: https://repo.maven.apache.org/maven2/org/apache/maven/shared/maven-artifact-transfer/0.9.1/maven-artifact-transfer-0.9.1.jar (123 kB at 4.6 MB/s)
[INFO] Downloading from central: https://repo.maven.apache.org/maven2/org/apache/maven/doxia/doxia-decoration-model/1.7.4/doxia-decoration-model-1.7.4.jar
[INFO] Downloaded from central: https://repo.maven.apache.org/maven2/org/apache/maven/doxia/doxia-logging-api/1.7/doxia-logging-api-1.7.jar (12 kB at 331 kB/s)
[INFO] Downloading from central: https://repo.maven.apache.org/maven2/org/apache/maven/doxia/doxia-skin-model/1.7.4/doxia-skin-model-1.7.4.jar
[INFO] Downloaded from central: https://repo.maven.apache.org/maven2/org/apache/maven/doxia/doxia-site-renderer/1.7.4/doxia-site-renderer-1.7.4.jar (64 kB at 1.6 MB/s)
[INFO] Downloading from central: https://repo.maven.apache.org/maven2/org/apache/maven/doxia/doxia-module-xhtml/1.7/doxia-module-xhtml-1.7.jar
[INFO] Downloaded from central: https://repo.maven.apache.org/maven2/org/apache/maven/doxia/doxia-core/1.7/doxia-core-1.7.jar (167 kB at 3.8 MB/s)
[INFO] Downloading from central: https://repo.maven.apache.org/maven2/org/codehaus/plexus/plexus-container-default/1.0-alpha-30/plexus-container-default-1.0-alpha-30.jar
[INFO] Downloaded from central: https://repo.maven.apache.org/maven2/xmlunit/xmlunit/1.5/xmlunit-1.5.jar (98 kB at 2.2 MB/s)
[INFO] Downloading from central: https://repo.maven.apache.org/maven2/org/codehaus/plexus/plexus-velocity/1.2/plexus-velocity-1.2.jar
[INFO] Downloaded from central: https://repo.maven.apache.org/maven2/org/apache/maven/doxia/doxia-decoration-model/1.7.4/doxia-decoration-model-1.7.4.jar (61 kB at 1.4 MB/s)
[INFO] Downloading from central: https://repo.maven.apache.org/maven2/org/codehaus/plexus/plexus-java/0.9.5/plexus-java-0.9.5.jar
[INFO] Downloaded from central: https://repo.maven.apache.org/maven2/org/apache/maven/doxia/doxia-skin-model/1.7.4/doxia-skin-model-1.7.4.jar (16 kB at 296 kB/s)
[INFO] Downloading from central: https://repo.maven.apache.org/maven2/org/ow2/asm/asm/6.0/asm-6.0.jar
[INFO] Downloaded from central: https://repo.maven.apache.org/maven2/org/apache/maven/doxia/doxia-module-xhtml/1.7/doxia-module-xhtml-1.7.jar (17 kB at 281 kB/s)
[INFO] Downloaded from central: https://repo.maven.apache.org/maven2/org/codehaus/plexus/plexus-velocity/1.2/plexus-velocity-1.2.jar (8.1 kB at 128 kB/s)
[INFO] Downloaded from central: https://repo.maven.apache.org/maven2/org/codehaus/plexus/plexus-java/0.9.5/plexus-java-0.9.5.jar (32 kB at 502 kB/s)
[INFO] Downloaded from central: https://repo.maven.apache.org/maven2/org/codehaus/plexus/plexus-container-default/1.0-alpha-30/plexus-container-default-1.0-alpha-30.jar (237 kB at 3.3 MB/s)
[INFO] Downloaded from central: https://repo.maven.apache.org/maven2/org/ow2/asm/asm/6.0/asm-6.0.jar (95 kB at 1.3 MB/s)
[INFO] 
Loading source files for package com.jsoniter...
Loading source files for package com.jsoniter.static_codegen...
Loading source files for package com.jsoniter.spi...
Loading source files for package com.jsoniter.extra...
Loading source files for package com.jsoniter.output...
Loading source files for package com.jsoniter.fuzzy...
Loading source files for package com.jsoniter.annotation...
Loading source files for package com.jsoniter.any...
Constructing Javadoc information...
Standard Doclet version 1.8.0_292
Building tree for all the packages and classes...
Generating /home/idflakies/json-iterator/java/target/apidocs/com/jsoniter/CodegenAccess.html...
Generating /home/idflakies/json-iterator/java/target/apidocs/com/jsoniter/CodegenAccess.StaticCodegenTarget.html...
Generating /home/idflakies/json-iterator/java/target/apidocs/com/jsoniter/JsonIterator.html...
Generating /home/idflakies/json-iterator/java/target/apidocs/com/jsoniter/JsonIterator.ReadArrayCallback.html...
Generating /home/idflakies/json-iterator/java/target/apidocs/com/jsoniter/JsonIterator.ReadObjectCallback.html...
Generating /home/idflakies/json-iterator/java/target/apidocs/com/jsoniter/JsonIteratorPool.html...
Generating /home/idflakies/json-iterator/java/target/apidocs/com/jsoniter/ValueType.html...
Generating /home/idflakies/json-iterator/java/target/apidocs/com/jsoniter/static_codegen/StaticCodegen.html...
Generating /home/idflakies/json-iterator/java/target/apidocs/com/jsoniter/static_codegen/StaticCodegenConfig.html...
Generating /home/idflakies/json-iterator/java/target/apidocs/com/jsoniter/spi/Binding.html...
Generating /home/idflakies/json-iterator/java/target/apidocs/com/jsoniter/spi/ClassDescriptor.html...
Generating /home/idflakies/json-iterator/java/target/apidocs/com/jsoniter/spi/ClassInfo.html...
Generating /home/idflakies/json-iterator/java/target/apidocs/com/jsoniter/spi/Config.html...
Generating /home/idflakies/json-iterator/java/target/apidocs/com/jsoniter/spi/Config.Builder.html...
Generating /home/idflakies/json-iterator/java/target/apidocs/com/jsoniter/spi/ConstructorDescriptor.html...
Generating /home/idflakies/json-iterator/java/target/apidocs/com/jsoniter/spi/Decoder.html...
Generating /home/idflakies/json-iterator/java/target/apidocs/com/jsoniter/spi/Decoder.BooleanDecoder.html...
Generating /home/idflakies/json-iterator/java/target/apidocs/com/jsoniter/spi/Decoder.DoubleDecoder.html...
Generating /home/idflakies/json-iterator/java/target/apidocs/com/jsoniter/spi/Decoder.FloatDecoder.html...
Generating /home/idflakies/json-iterator/java/target/apidocs/com/jsoniter/spi/Decoder.IntDecoder.html...
Generating /home/idflakies/json-iterator/java/target/apidocs/com/jsoniter/spi/Decoder.LongDecoder.html...
Generating /home/idflakies/json-iterator/java/target/apidocs/com/jsoniter/spi/Decoder.ShortDecoder.html...
Generating /home/idflakies/json-iterator/java/target/apidocs/com/jsoniter/spi/DecodingMode.html...
Generating /home/idflakies/json-iterator/java/target/apidocs/com/jsoniter/spi/EmptyExtension.html...
Generating /home/idflakies/json-iterator/java/target/apidocs/com/jsoniter/spi/Encoder.html...
Generating /home/idflakies/json-iterator/java/target/apidocs/com/jsoniter/spi/Encoder.BooleanEncoder.html...
Generating /home/idflakies/json-iterator/java/target/apidocs/com/jsoniter/spi/Encoder.DoubleEncoder.html...
Generating /home/idflakies/json-iterator/java/target/apidocs/com/jsoniter/spi/Encoder.FloatEncoder.html...
Generating /home/idflakies/json-iterator/java/target/apidocs/com/jsoniter/spi/Encoder.IntEncoder.html...
Generating /home/idflakies/json-iterator/java/target/apidocs/com/jsoniter/spi/Encoder.LongEncoder.html...
Generating /home/idflakies/json-iterator/java/target/apidocs/com/jsoniter/spi/Encoder.ReflectionEncoder.html...
Generating /home/idflakies/json-iterator/java/target/apidocs/com/jsoniter/spi/Encoder.ShortEncoder.html...
Generating /home/idflakies/json-iterator/java/target/apidocs/com/jsoniter/spi/Encoder.StringDoubleEncoder.html...
Generating /home/idflakies/json-iterator/java/target/apidocs/com/jsoniter/spi/Encoder.StringFloatEncoder.html...
Generating /home/idflakies/json-iterator/java/target/apidocs/com/jsoniter/spi/Encoder.StringIntEncoder.html...
Generating /home/idflakies/json-iterator/java/target/apidocs/com/jsoniter/spi/Encoder.StringLongEncoder.html...
Generating /home/idflakies/json-iterator/java/target/apidocs/com/jsoniter/spi/Encoder.StringShortEncoder.html...
Generating /home/idflakies/json-iterator/java/target/apidocs/com/jsoniter/spi/EncodeTo.html...
Generating /home/idflakies/json-iterator/java/target/apidocs/com/jsoniter/spi/Extension.html...
Generating /home/idflakies/json-iterator/java/target/apidocs/com/jsoniter/spi/GenericsHelper.html...
Generating /home/idflakies/json-iterator/java/target/apidocs/com/jsoniter/spi/JsonException.html...
Generating /home/idflakies/json-iterator/java/target/apidocs/com/jsoniter/spi/JsoniterSpi.html...
Generating /home/idflakies/json-iterator/java/target/apidocs/com/jsoniter/spi/OmitValue.html...
Generating /home/idflakies/json-iterator/java/target/apidocs/com/jsoniter/spi/OmitValue.False.html...
Generating /home/idflakies/json-iterator/java/target/apidocs/com/jsoniter/spi/OmitValue.Null.html...
Generating /home/idflakies/json-iterator/java/target/apidocs/com/jsoniter/spi/OmitValue.Parsed.html...
Generating /home/idflakies/json-iterator/java/target/apidocs/com/jsoniter/spi/OmitValue.ZeroByte.html...
Generating /home/idflakies/json-iterator/java/target/apidocs/com/jsoniter/spi/OmitValue.ZeroChar.html...
Generating /home/idflakies/json-iterator/java/target/apidocs/com/jsoniter/spi/OmitValue.ZeroDouble.html...
Generating /home/idflakies/json-iterator/java/target/apidocs/com/jsoniter/spi/OmitValue.ZeroFloat.html...
Generating /home/idflakies/json-iterator/java/target/apidocs/com/jsoniter/spi/OmitValue.ZeroInt.html...
Generating /home/idflakies/json-iterator/java/target/apidocs/com/jsoniter/spi/OmitValue.ZeroLong.html...
Generating /home/idflakies/json-iterator/java/target/apidocs/com/jsoniter/spi/OmitValue.ZeroShort.html...
Generating /home/idflakies/json-iterator/java/target/apidocs/com/jsoniter/spi/Slice.html...
Generating /home/idflakies/json-iterator/java/target/apidocs/com/jsoniter/spi/TypeLiteral.html...
Generating /home/idflakies/json-iterator/java/target/apidocs/com/jsoniter/spi/TypeLiteral.NativeType.html...
Generating /home/idflakies/json-iterator/java/target/apidocs/com/jsoniter/spi/UnwrapperDescriptor.html...
Generating /home/idflakies/json-iterator/java/target/apidocs/com/jsoniter/spi/WrapperDescriptor.html...
Generating /home/idflakies/json-iterator/java/target/apidocs/com/jsoniter/extra/Base64FloatSupport.html...
Generating /home/idflakies/json-iterator/java/target/apidocs/com/jsoniter/extra/Base64Support.html...
Generating /home/idflakies/json-iterator/java/target/apidocs/com/jsoniter/extra/GsonCompatibilityMode.html...
Generating /home/idflakies/json-iterator/java/target/apidocs/com/jsoniter/extra/GsonCompatibilityMode.Builder.html...
Generating /home/idflakies/json-iterator/java/target/apidocs/com/jsoniter/extra/JacksonCompatibilityMode.html...
Generating /home/idflakies/json-iterator/java/target/apidocs/com/jsoniter/extra/JacksonCompatibilityMode.Builder.html...
Generating /home/idflakies/json-iterator/java/target/apidocs/com/jsoniter/extra/JdkDatetimeSupport.html...
Generating /home/idflakies/json-iterator/java/target/apidocs/com/jsoniter/extra/NamingStrategySupport.html...
Generating /home/idflakies/json-iterator/java/target/apidocs/com/jsoniter/extra/NamingStrategySupport.NamingStrategy.html...
Generating /home/idflakies/json-iterator/java/target/apidocs/com/jsoniter/extra/PreciseFloatSupport.html...
Generating /home/idflakies/json-iterator/java/target/apidocs/com/jsoniter/output/CodegenAccess.html...
Generating /home/idflakies/json-iterator/java/target/apidocs/com/jsoniter/output/CodegenAccess.StaticCodegenTarget.html...
Generating /home/idflakies/json-iterator/java/target/apidocs/com/jsoniter/output/EncodingMode.html...
Generating /home/idflakies/json-iterator/java/target/apidocs/com/jsoniter/output/JsonStream.html...
Generating /home/idflakies/json-iterator/java/target/apidocs/com/jsoniter/output/JsonStreamPool.html...
Generating /home/idflakies/json-iterator/java/target/apidocs/com/jsoniter/output/ReflectionEncoderFactory.html...
Generating /home/idflakies/json-iterator/java/target/apidocs/com/jsoniter/fuzzy/MaybeEmptyArrayDecoder.html...
Generating /home/idflakies/json-iterator/java/target/apidocs/com/jsoniter/fuzzy/MaybeStringDoubleDecoder.html...
Generating /home/idflakies/json-iterator/java/target/apidocs/com/jsoniter/fuzzy/MaybeStringFloatDecoder.html...
Generating /home/idflakies/json-iterator/java/target/apidocs/com/jsoniter/fuzzy/MaybeStringIntDecoder.html...
Generating /home/idflakies/json-iterator/java/target/apidocs/com/jsoniter/fuzzy/MaybeStringLongDecoder.html...
Generating /home/idflakies/json-iterator/java/target/apidocs/com/jsoniter/fuzzy/MaybeStringShortDecoder.html...
Generating /home/idflakies/json-iterator/java/target/apidocs/com/jsoniter/fuzzy/StringDoubleDecoder.html...
Generating /home/idflakies/json-iterator/java/target/apidocs/com/jsoniter/fuzzy/StringFloatDecoder.html...
Generating /home/idflakies/json-iterator/java/target/apidocs/com/jsoniter/fuzzy/StringIntDecoder.html...
Generating /home/idflakies/json-iterator/java/target/apidocs/com/jsoniter/fuzzy/StringLongDecoder.html...
Generating /home/idflakies/json-iterator/java/target/apidocs/com/jsoniter/fuzzy/StringShortDecoder.html...
Generating /home/idflakies/json-iterator/java/target/apidocs/com/jsoniter/annotation/JsonCreator.html...
Generating /home/idflakies/json-iterator/java/target/apidocs/com/jsoniter/annotation/JsonExtraProperties.html...
Generating /home/idflakies/json-iterator/java/target/apidocs/com/jsoniter/annotation/JsonIgnore.html...
Generating /home/idflakies/json-iterator/java/target/apidocs/com/jsoniter/annotation/JsonMissingProperties.html...
Generating /home/idflakies/json-iterator/java/target/apidocs/com/jsoniter/annotation/JsonObject.html...
Generating /home/idflakies/json-iterator/java/target/apidocs/com/jsoniter/annotation/JsonProperty.html...
Generating /home/idflakies/json-iterator/java/target/apidocs/com/jsoniter/annotation/JsonUnwrapper.html...
Generating /home/idflakies/json-iterator/java/target/apidocs/com/jsoniter/annotation/JsonWrapper.html...
Generating /home/idflakies/json-iterator/java/target/apidocs/com/jsoniter/annotation/JsonWrapperType.html...
Generating /home/idflakies/json-iterator/java/target/apidocs/com/jsoniter/any/Any.html...
Generating /home/idflakies/json-iterator/java/target/apidocs/com/jsoniter/any/Any.EntryIterator.html...
Generating /home/idflakies/json-iterator/java/target/apidocs/overview-frame.html...
Generating /home/idflakies/json-iterator/java/target/apidocs/com/jsoniter/package-frame.html...
Generating /home/idflakies/json-iterator/java/target/apidocs/com/jsoniter/package-summary.html...
Generating /home/idflakies/json-iterator/java/target/apidocs/com/jsoniter/package-tree.html...
Generating /home/idflakies/json-iterator/java/target/apidocs/com/jsoniter/annotation/package-frame.html...
Generating /home/idflakies/json-iterator/java/target/apidocs/com/jsoniter/annotation/package-summary.html...
Generating /home/idflakies/json-iterator/java/target/apidocs/com/jsoniter/annotation/package-tree.html...
Generating /home/idflakies/json-iterator/java/target/apidocs/com/jsoniter/any/package-frame.html...
Generating /home/idflakies/json-iterator/java/target/apidocs/com/jsoniter/any/package-summary.html...
Generating /home/idflakies/json-iterator/java/target/apidocs/com/jsoniter/any/package-tree.html...
Generating /home/idflakies/json-iterator/java/target/apidocs/com/jsoniter/extra/package-frame.html...
Generating /home/idflakies/json-iterator/java/target/apidocs/com/jsoniter/extra/package-summary.html...
Generating /home/idflakies/json-iterator/java/target/apidocs/com/jsoniter/extra/package-tree.html...
Generating /home/idflakies/json-iterator/java/target/apidocs/com/jsoniter/fuzzy/package-frame.html...
Generating /home/idflakies/json-iterator/java/target/apidocs/com/jsoniter/fuzzy/package-summary.html...
Generating /home/idflakies/json-iterator/java/target/apidocs/com/jsoniter/fuzzy/package-tree.html...
Generating /home/idflakies/json-iterator/java/target/apidocs/com/jsoniter/output/package-frame.html...
Generating /home/idflakies/json-iterator/java/target/apidocs/com/jsoniter/output/package-summary.html...
Generating /home/idflakies/json-iterator/java/target/apidocs/com/jsoniter/output/package-tree.html...
Generating /home/idflakies/json-iterator/java/target/apidocs/com/jsoniter/spi/package-frame.html...
Generating /home/idflakies/json-iterator/java/target/apidocs/com/jsoniter/spi/package-summary.html...
Generating /home/idflakies/json-iterator/java/target/apidocs/com/jsoniter/spi/package-tree.html...
Generating /home/idflakies/json-iterator/java/target/apidocs/com/jsoniter/static_codegen/package-frame.html...
Generating /home/idflakies/json-iterator/java/target/apidocs/com/jsoniter/static_codegen/package-summary.html...
Generating /home/idflakies/json-iterator/java/target/apidocs/com/jsoniter/static_codegen/package-tree.html...
Generating /home/idflakies/json-iterator/java/target/apidocs/constant-values.html...
Generating /home/idflakies/json-iterator/java/target/apidocs/serialized-form.html...
Generating /home/idflakies/json-iterator/java/target/apidocs/com/jsoniter/class-use/ValueType.html...
Generating /home/idflakies/json-iterator/java/target/apidocs/com/jsoniter/class-use/JsonIterator.html...
Generating /home/idflakies/json-iterator/java/target/apidocs/com/jsoniter/class-use/JsonIterator.ReadArrayCallback.html...
Generating /home/idflakies/json-iterator/java/target/apidocs/com/jsoniter/class-use/JsonIterator.ReadObjectCallback.html...
Generating /home/idflakies/json-iterator/java/target/apidocs/com/jsoniter/class-use/JsonIteratorPool.html...
Generating /home/idflakies/json-iterator/java/target/apidocs/com/jsoniter/class-use/CodegenAccess.html...
Generating /home/idflakies/json-iterator/java/target/apidocs/com/jsoniter/class-use/CodegenAccess.StaticCodegenTarget.html...
Generating /home/idflakies/json-iterator/java/target/apidocs/com/jsoniter/static_codegen/class-use/StaticCodegen.html...
Generating /home/idflakies/json-iterator/java/target/apidocs/com/jsoniter/static_codegen/class-use/StaticCodegenConfig.html...
Generating /home/idflakies/json-iterator/java/target/apidocs/com/jsoniter/spi/class-use/GenericsHelper.html...
Generating /home/idflakies/json-iterator/java/target/apidocs/com/jsoniter/spi/class-use/WrapperDescriptor.html...
Generating /home/idflakies/json-iterator/java/target/apidocs/com/jsoniter/spi/class-use/JsonException.html...
Generating /home/idflakies/json-iterator/java/target/apidocs/com/jsoniter/spi/class-use/EncodeTo.html...
Generating /home/idflakies/json-iterator/java/target/apidocs/com/jsoniter/spi/class-use/Decoder.html...
Generating /home/idflakies/json-iterator/java/target/apidocs/com/jsoniter/spi/class-use/Decoder.BooleanDecoder.html...
Generating /home/idflakies/json-iterator/java/target/apidocs/com/jsoniter/spi/class-use/Decoder.ShortDecoder.html...
Generating /home/idflakies/json-iterator/java/target/apidocs/com/jsoniter/spi/class-use/Decoder.IntDecoder.html...
Generating /home/idflakies/json-iterator/java/target/apidocs/com/jsoniter/spi/class-use/Decoder.LongDecoder.html...
Generating /home/idflakies/json-iterator/java/target/apidocs/com/jsoniter/spi/class-use/Decoder.FloatDecoder.html...
Generating /home/idflakies/json-iterator/java/target/apidocs/com/jsoniter/spi/class-use/Decoder.DoubleDecoder.html...
Generating /home/idflakies/json-iterator/java/target/apidocs/com/jsoniter/spi/class-use/ClassInfo.html...
Generating /home/idflakies/json-iterator/java/target/apidocs/com/jsoniter/spi/class-use/JsoniterSpi.html...
Generating /home/idflakies/json-iterator/java/target/apidocs/com/jsoniter/spi/class-use/Binding.html...
Generating /home/idflakies/json-iterator/java/target/apidocs/com/jsoniter/spi/class-use/ClassDescriptor.html...
Generating /home/idflakies/json-iterator/java/target/apidocs/com/jsoniter/spi/class-use/Extension.html...
Generating /home/idflakies/json-iterator/java/target/apidocs/com/jsoniter/spi/class-use/EmptyExtension.html...
Generating /home/idflakies/json-iterator/java/target/apidocs/com/jsoniter/spi/class-use/ConstructorDescriptor.html...
Generating /home/idflakies/json-iterator/java/target/apidocs/com/jsoniter/spi/class-use/Config.html...
Generating /home/idflakies/json-iterator/java/target/apidocs/com/jsoniter/spi/class-use/Config.Builder.html...
Generating /home/idflakies/json-iterator/java/target/apidocs/com/jsoniter/spi/class-use/TypeLiteral.html...
Generating /home/idflakies/json-iterator/java/target/apidocs/com/jsoniter/spi/class-use/TypeLiteral.NativeType.html...
Generating /home/idflakies/json-iterator/java/target/apidocs/com/jsoniter/spi/class-use/OmitValue.html...
Generating /home/idflakies/json-iterator/java/target/apidocs/com/jsoniter/spi/class-use/OmitValue.Null.html...
Generating /home/idflakies/json-iterator/java/target/apidocs/com/jsoniter/spi/class-use/OmitValue.ZeroByte.html...
Generating /home/idflakies/json-iterator/java/target/apidocs/com/jsoniter/spi/class-use/OmitValue.ZeroShort.html...
Generating /home/idflakies/json-iterator/java/target/apidocs/com/jsoniter/spi/class-use/OmitValue.ZeroInt.html...
Generating /home/idflakies/json-iterator/java/target/apidocs/com/jsoniter/spi/class-use/OmitValue.ZeroLong.html...
Generating /home/idflakies/json-iterator/java/target/apidocs/com/jsoniter/spi/class-use/OmitValue.ZeroFloat.html...
Generating /home/idflakies/json-iterator/java/target/apidocs/com/jsoniter/spi/class-use/OmitValue.ZeroDouble.html...
Generating /home/idflakies/json-iterator/java/target/apidocs/com/jsoniter/spi/class-use/OmitValue.ZeroChar.html...
Generating /home/idflakies/json-iterator/java/target/apidocs/com/jsoniter/spi/class-use/OmitValue.False.html...
Generating /home/idflakies/json-iterator/java/target/apidocs/com/jsoniter/spi/class-use/OmitValue.Parsed.html...
Generating /home/idflakies/json-iterator/java/target/apidocs/com/jsoniter/spi/class-use/Encoder.html...
Generating /home/idflakies/json-iterator/java/target/apidocs/com/jsoniter/spi/class-use/Encoder.ReflectionEncoder.html...
Generating /home/idflakies/json-iterator/java/target/apidocs/com/jsoniter/spi/class-use/Encoder.BooleanEncoder.html...
Generating /home/idflakies/json-iterator/java/target/apidocs/com/jsoniter/spi/class-use/Encoder.ShortEncoder.html...
Generating /home/idflakies/json-iterator/java/target/apidocs/com/jsoniter/spi/class-use/Encoder.StringShortEncoder.html...
Generating /home/idflakies/json-iterator/java/target/apidocs/com/jsoniter/spi/class-use/Encoder.IntEncoder.html...
Generating /home/idflakies/json-iterator/java/target/apidocs/com/jsoniter/spi/class-use/Encoder.StringIntEncoder.html...
Generating /home/idflakies/json-iterator/java/target/apidocs/com/jsoniter/spi/class-use/Encoder.LongEncoder.html...
Generating /home/idflakies/json-iterator/java/target/apidocs/com/jsoniter/spi/class-use/Encoder.StringLongEncoder.html...
Generating /home/idflakies/json-iterator/java/target/apidocs/com/jsoniter/spi/class-use/Encoder.FloatEncoder.html...
Generating /home/idflakies/json-iterator/java/target/apidocs/com/jsoniter/spi/class-use/Encoder.StringFloatEncoder.html...
Generating /home/idflakies/json-iterator/java/target/apidocs/com/jsoniter/spi/class-use/Encoder.DoubleEncoder.html...
Generating /home/idflakies/json-iterator/java/target/apidocs/com/jsoniter/spi/class-use/Encoder.StringDoubleEncoder.html...
Generating /home/idflakies/json-iterator/java/target/apidocs/com/jsoniter/spi/class-use/UnwrapperDescriptor.html...
Generating /home/idflakies/json-iterator/java/target/apidocs/com/jsoniter/spi/class-use/Slice.html...
Generating /home/idflakies/json-iterator/java/target/apidocs/com/jsoniter/spi/class-use/DecodingMode.html...
Generating /home/idflakies/json-iterator/java/target/apidocs/com/jsoniter/extra/class-use/JdkDatetimeSupport.html...
Generating /home/idflakies/json-iterator/java/target/apidocs/com/jsoniter/extra/class-use/JacksonCompatibilityMode.html...
Generating /home/idflakies/json-iterator/java/target/apidocs/com/jsoniter/extra/class-use/JacksonCompatibilityMode.Builder.html...
Generating /home/idflakies/json-iterator/java/target/apidocs/com/jsoniter/extra/class-use/Base64FloatSupport.html...
Generating /home/idflakies/json-iterator/java/target/apidocs/com/jsoniter/extra/class-use/NamingStrategySupport.html...
Generating /home/idflakies/json-iterator/java/target/apidocs/com/jsoniter/extra/class-use/NamingStrategySupport.NamingStrategy.html...
Generating /home/idflakies/json-iterator/java/target/apidocs/com/jsoniter/extra/class-use/GsonCompatibilityMode.html...
Generating /home/idflakies/json-iterator/java/target/apidocs/com/jsoniter/extra/class-use/GsonCompatibilityMode.Builder.html...
Generating /home/idflakies/json-iterator/java/target/apidocs/com/jsoniter/extra/class-use/Base64Support.html...
Generating /home/idflakies/json-iterator/java/target/apidocs/com/jsoniter/extra/class-use/PreciseFloatSupport.html...
Generating /home/idflakies/json-iterator/java/target/apidocs/com/jsoniter/output/class-use/EncodingMode.html...
Generating /home/idflakies/json-iterator/java/target/apidocs/com/jsoniter/output/class-use/JsonStream.html...
Generating /home/idflakies/json-iterator/java/target/apidocs/com/jsoniter/output/class-use/JsonStreamPool.html...
Generating /home/idflakies/json-iterator/java/target/apidocs/com/jsoniter/output/class-use/ReflectionEncoderFactory.html...
Generating /home/idflakies/json-iterator/java/target/apidocs/com/jsoniter/output/class-use/CodegenAccess.html...
Generating /home/idflakies/json-iterator/java/target/apidocs/com/jsoniter/output/class-use/CodegenAccess.StaticCodegenTarget.html...
Generating /home/idflakies/json-iterator/java/target/apidocs/com/jsoniter/fuzzy/class-use/StringShortDecoder.html...
Generating /home/idflakies/json-iterator/java/target/apidocs/com/jsoniter/fuzzy/class-use/MaybeStringIntDecoder.html...
Generating /home/idflakies/json-iterator/java/target/apidocs/com/jsoniter/fuzzy/class-use/MaybeStringLongDecoder.html...
Generating /home/idflakies/json-iterator/java/target/apidocs/com/jsoniter/fuzzy/class-use/StringIntDecoder.html...
Generating /home/idflakies/json-iterator/java/target/apidocs/com/jsoniter/fuzzy/class-use/MaybeStringFloatDecoder.html...
Generating /home/idflakies/json-iterator/java/target/apidocs/com/jsoniter/fuzzy/class-use/StringLongDecoder.html...
Generating /home/idflakies/json-iterator/java/target/apidocs/com/jsoniter/fuzzy/class-use/MaybeStringDoubleDecoder.html...
Generating /home/idflakies/json-iterator/java/target/apidocs/com/jsoniter/fuzzy/class-use/MaybeEmptyArrayDecoder.html...
Generating /home/idflakies/json-iterator/java/target/apidocs/com/jsoniter/fuzzy/class-use/MaybeStringShortDecoder.html...
Generating /home/idflakies/json-iterator/java/target/apidocs/com/jsoniter/fuzzy/class-use/StringDoubleDecoder.html...
Generating /home/idflakies/json-iterator/java/target/apidocs/com/jsoniter/fuzzy/class-use/StringFloatDecoder.html...
Generating /home/idflakies/json-iterator/java/target/apidocs/com/jsoniter/annotation/class-use/JsonUnwrapper.html...
Generating /home/idflakies/json-iterator/java/target/apidocs/com/jsoniter/annotation/class-use/JsonCreator.html...
Generating /home/idflakies/json-iterator/java/target/apidocs/com/jsoniter/annotation/class-use/JsonObject.html...
Generating /home/idflakies/json-iterator/java/target/apidocs/com/jsoniter/annotation/class-use/JsonExtraProperties.html...
Generating /home/idflakies/json-iterator/java/target/apidocs/com/jsoniter/annotation/class-use/JsonProperty.html...
Generating /home/idflakies/json-iterator/java/target/apidocs/com/jsoniter/annotation/class-use/JsonWrapperType.html...
Generating /home/idflakies/json-iterator/java/target/apidocs/com/jsoniter/annotation/class-use/JsonMissingProperties.html...
Generating /home/idflakies/json-iterator/java/target/apidocs/com/jsoniter/annotation/class-use/JsonWrapper.html...
Generating /home/idflakies/json-iterator/java/target/apidocs/com/jsoniter/annotation/class-use/JsonIgnore.html...
Generating /home/idflakies/json-iterator/java/target/apidocs/com/jsoniter/any/class-use/Any.html...
Generating /home/idflakies/json-iterator/java/target/apidocs/com/jsoniter/any/class-use/Any.EntryIterator.html...
Generating /home/idflakies/json-iterator/java/target/apidocs/com/jsoniter/package-use.html...
Generating /home/idflakies/json-iterator/java/target/apidocs/com/jsoniter/annotation/package-use.html...
Generating /home/idflakies/json-iterator/java/target/apidocs/com/jsoniter/any/package-use.html...
Generating /home/idflakies/json-iterator/java/target/apidocs/com/jsoniter/extra/package-use.html...
Generating /home/idflakies/json-iterator/java/target/apidocs/com/jsoniter/fuzzy/package-use.html...
Generating /home/idflakies/json-iterator/java/target/apidocs/com/jsoniter/output/package-use.html...
Generating /home/idflakies/json-iterator/java/target/apidocs/com/jsoniter/spi/package-use.html...
Generating /home/idflakies/json-iterator/java/target/apidocs/com/jsoniter/static_codegen/package-use.html...
Building index for all the packages and classes...
Generating /home/idflakies/json-iterator/java/target/apidocs/overview-tree.html...
Generating /home/idflakies/json-iterator/java/target/apidocs/index-all.html...
Generating /home/idflakies/json-iterator/java/target/apidocs/deprecated-list.html...
Building index for all classes...
Generating /home/idflakies/json-iterator/java/target/apidocs/allclasses-frame.html...
Generating /home/idflakies/json-iterator/java/target/apidocs/allclasses-noframe.html...
Generating /home/idflakies/json-iterator/java/target/apidocs/index.html...
Generating /home/idflakies/json-iterator/java/target/apidocs/overview-summary.html...
Generating /home/idflakies/json-iterator/java/target/apidocs/help-doc.html...
[INFO] Building jar: /home/idflakies/json-iterator/java/target/jsoniter-0.9.24-SNAPSHOT-javadoc.jar
[INFO] 
[INFO] --- maven-gpg-plugin:1.6:sign (sign-artifacts) @ jsoniter ---
gpg: directory `/home/idflakies/.gnupg' created
gpg: new configuration file `/home/idflakies/.gnupg/gpg.conf' created
gpg: WARNING: options in `/home/idflakies/.gnupg/gpg.conf' are not yet active during this run
gpg: keyring `/home/idflakies/.gnupg/secring.gpg' created
gpg: keyring `/home/idflakies/.gnupg/pubring.gpg' created
gpg: no default secret key: secret key not available
gpg: signing failed: secret key not available
[INFO] ------------------------------------------------------------------------
[INFO] BUILD FAILURE
[INFO] ------------------------------------------------------------------------
[INFO] Total time: 22.656 s
[INFO] Finished at: 2024-04-16T18:30:54Z
[INFO] ------------------------------------------------------------------------
[ERROR] Failed to execute goal org.apache.maven.plugins:maven-gpg-plugin:1.6:sign (sign-artifacts) on project jsoniter: Exit code: 2 -> [Help 1]
[ERROR] 
[ERROR] To see the full stack trace of the errors, re-run Maven with the -e switch.
[ERROR] Re-run Maven using the -X switch to enable full debug logging.
[ERROR] 
[ERROR] For more information about the errors and possible solutions, please read the following articles:
[ERROR] [Help 1] http://cwiki.apache.org/confluence/display/MAVEN/MojoExecutionException
[INFO] Build failures were ignored.
[INFO] Scanning for projects...
[INFO] Inspecting build with total of 1 modules...
[INFO] Installing Nexus Staging features:
[INFO]   ... total of 1 executions of maven-deploy-plugin replaced with nexus-staging-maven-plugin
[INFO] 
[INFO] -----------------------< com.jsoniter:jsoniter >------------------------
[INFO] Building json iterator 0.9.24-SNAPSHOT
[INFO] --------------------------------[ jar ]---------------------------------
[INFO] 
[INFO] --- maven-resources-plugin:2.6:resources (default-resources) @ jsoniter ---
[INFO] Using 'UTF-8' encoding to copy filtered resources.
[INFO] skip non existing resourceDirectory /home/idflakies/json-iterator/java/src/main/resources
[INFO] 
[INFO] --- maven-compiler-plugin:3.7.0:compile (default-compile) @ jsoniter ---
[INFO] Nothing to compile - all classes are up to date
[INFO] 
[INFO] --- maven-resources-plugin:2.6:testResources (default-testResources) @ jsoniter ---
[INFO] Using 'UTF-8' encoding to copy filtered resources.
[INFO] skip non existing resourceDirectory /home/idflakies/json-iterator/java/test/main/resources
[INFO] 
[INFO] --- maven-compiler-plugin:3.7.0:testCompile (default-testCompile) @ jsoniter ---
[INFO] Nothing to compile - all classes are up to date
[INFO] 
[INFO] --- maven-surefire-plugin:2.21.0:test (default-test) @ jsoniter ---
[INFO] Downloading from central: https://repo.maven.apache.org/maven2/org/apache/maven/surefire/surefire-junit47/2.21.0/surefire-junit47-2.21.0.pom
[INFO] Downloaded from central: https://repo.maven.apache.org/maven2/org/apache/maven/surefire/surefire-junit47/2.21.0/surefire-junit47-2.21.0.pom (6.4 kB at 18 kB/s)
[INFO] Downloading from central: https://repo.maven.apache.org/maven2/org/apache/maven/surefire/surefire-providers/2.21.0/surefire-providers-2.21.0.pom
[INFO] Downloaded from central: https://repo.maven.apache.org/maven2/org/apache/maven/surefire/surefire-providers/2.21.0/surefire-providers-2.21.0.pom (2.5 kB at 114 kB/s)
[INFO] Downloading from central: https://repo.maven.apache.org/maven2/org/apache/maven/surefire/common-junit48/2.21.0/common-junit48-2.21.0.pom
[INFO] Downloaded from central: https://repo.maven.apache.org/maven2/org/apache/maven/surefire/common-junit48/2.21.0/common-junit48-2.21.0.pom (3.3 kB at 145 kB/s)
[INFO] Downloading from central: https://repo.maven.apache.org/maven2/org/apache/maven/surefire/common-junit4/2.21.0/common-junit4-2.21.0.pom
[INFO] Downloaded from central: https://repo.maven.apache.org/maven2/org/apache/maven/surefire/common-junit4/2.21.0/common-junit4-2.21.0.pom (2.2 kB at 95 kB/s)
[INFO] Downloading from central: https://repo.maven.apache.org/maven2/org/apache/maven/surefire/common-junit3/2.21.0/common-junit3-2.21.0.pom
[INFO] Downloaded from central: https://repo.maven.apache.org/maven2/org/apache/maven/surefire/common-junit3/2.21.0/common-junit3-2.21.0.pom (1.6 kB at 77 kB/s)
[INFO] Downloading from central: https://repo.maven.apache.org/maven2/org/apache/maven/surefire/common-java5/2.21.0/common-java5-2.21.0.pom
[INFO] Downloaded from central: https://repo.maven.apache.org/maven2/org/apache/maven/surefire/common-java5/2.21.0/common-java5-2.21.0.pom (2.7 kB at 122 kB/s)
[INFO] Downloading from central: https://repo.maven.apache.org/maven2/org/apache/maven/shared/maven-shared-utils/0.9/maven-shared-utils-0.9.pom
[INFO] Downloaded from central: https://repo.maven.apache.org/maven2/org/apache/maven/shared/maven-shared-utils/0.9/maven-shared-utils-0.9.pom (6.2 kB at 259 kB/s)
[INFO] Downloading from central: https://repo.maven.apache.org/maven2/org/apache/maven/surefire/surefire-grouper/2.21.0/surefire-grouper-2.21.0.pom
[INFO] Downloaded from central: https://repo.maven.apache.org/maven2/org/apache/maven/surefire/surefire-grouper/2.21.0/surefire-grouper-2.21.0.pom (2.7 kB at 129 kB/s)
[INFO] Downloading from central: https://repo.maven.apache.org/maven2/org/apache/maven/surefire/common-junit4/2.21.0/common-junit4-2.21.0.jar
[INFO] Downloading from central: https://repo.maven.apache.org/maven2/org/apache/maven/surefire/common-junit3/2.21.0/common-junit3-2.21.0.jar
[INFO] Downloading from central: https://repo.maven.apache.org/maven2/org/apache/maven/surefire/common-java5/2.21.0/common-java5-2.21.0.jar
[INFO] Downloading from central: https://repo.maven.apache.org/maven2/org/apache/maven/surefire/common-junit48/2.21.0/common-junit48-2.21.0.jar
[INFO] Downloading from central: https://repo.maven.apache.org/maven2/org/apache/maven/surefire/surefire-junit47/2.21.0/surefire-junit47-2.21.0.jar
[INFO] Downloaded from central: https://repo.maven.apache.org/maven2/org/apache/maven/surefire/common-junit4/2.21.0/common-junit4-2.21.0.jar (28 kB at 1.1 MB/s)
[INFO] Downloading from central: https://repo.maven.apache.org/maven2/org/apache/maven/shared/maven-shared-utils/0.9/maven-shared-utils-0.9.jar
[INFO] Downloaded from central: https://repo.maven.apache.org/maven2/org/apache/maven/shared/maven-shared-utils/0.9/maven-shared-utils-0.9.jar (172 kB at 4.5 MB/s)
[INFO] Downloaded from central: https://repo.maven.apache.org/maven2/org/apache/maven/surefire/common-junit48/2.21.0/common-junit48-2.21.0.jar (22 kB at 328 kB/s)
[INFO] Downloading from central: https://repo.maven.apache.org/maven2/org/apache/maven/surefire/surefire-grouper/2.21.0/surefire-grouper-2.21.0.jar
[INFO] Downloaded from central: https://repo.maven.apache.org/maven2/org/apache/maven/surefire/common-junit3/2.21.0/common-junit3-2.21.0.jar (12 kB at 170 kB/s)
[INFO] Downloaded from central: https://repo.maven.apache.org/maven2/org/apache/maven/surefire/common-java5/2.21.0/common-java5-2.21.0.jar (51 kB at 701 kB/s)
[INFO] Downloaded from central: https://repo.maven.apache.org/maven2/org/apache/maven/surefire/surefire-junit47/2.21.0/surefire-junit47-2.21.0.jar (167 kB at 1.8 MB/s)
[INFO] Downloaded from central: https://repo.maven.apache.org/maven2/org/apache/maven/surefire/surefire-grouper/2.21.0/surefire-grouper-2.21.0.jar (40 kB at 1.3 MB/s)
[INFO] 
[INFO] -------------------------------------------------------
[INFO]  T E S T S
[INFO] -------------------------------------------------------
[INFO] Running com.jsoniter.extra.TestBase64
[INFO] Tests run: 2, Failures: 0, Errors: 0, Skipped: 0, Time elapsed: 0.028 s - in com.jsoniter.extra.TestBase64
[INFO] Running com.jsoniter.extra.TestNamingStrategy
[INFO] Tests run: 1, Failures: 0, Errors: 0, Skipped: 0, Time elapsed: 0.107 s - in com.jsoniter.extra.TestNamingStrategy
[INFO] Running com.jsoniter.extra.TestPreciseFloat
[INFO] Tests run: 2, Failures: 0, Errors: 0, Skipped: 0, Time elapsed: 0.022 s - in com.jsoniter.extra.TestPreciseFloat
[INFO] Running com.jsoniter.TestAnnotationJsonIgnore
[INFO] Tests run: 3, Failures: 0, Errors: 0, Skipped: 0, Time elapsed: 0.08 s - in com.jsoniter.TestAnnotationJsonIgnore
[INFO] Running com.jsoniter.output.TestAnnotationJsonIgnore
[INFO] Tests run: 3, Failures: 0, Errors: 0, Skipped: 0, Time elapsed: 0.045 s - in com.jsoniter.output.TestAnnotationJsonIgnore
[INFO] Running com.jsoniter.TestAnnotationJsonProperty
[INFO] Tests run: 11, Failures: 0, Errors: 0, Skipped: 0, Time elapsed: 0.032 s - in com.jsoniter.TestAnnotationJsonProperty
[INFO] Running com.jsoniter.output.TestAnnotationJsonProperty
[INFO] Tests run: 4, Failures: 0, Errors: 0, Skipped: 0, Time elapsed: 0.006 s - in com.jsoniter.output.TestAnnotationJsonProperty
[INFO] Running com.jsoniter.TestAnnotationJsonWrapper
[INFO] Tests run: 3, Failures: 0, Errors: 0, Skipped: 0, Time elapsed: 0.044 s - in com.jsoniter.TestAnnotationJsonWrapper
[INFO] Running com.jsoniter.output.TestAnnotationJsonUnwrapper
[INFO] Tests run: 2, Failures: 0, Errors: 0, Skipped: 0, Time elapsed: 0.023 s - in com.jsoniter.output.TestAnnotationJsonUnwrapper
[INFO] Running com.jsoniter.TestAnnotation
[INFO] Tests run: 4, Failures: 0, Errors: 0, Skipped: 0, Time elapsed: 0.021 s - in com.jsoniter.TestAnnotation
[INFO] Running com.jsoniter.TestAnnotationJsonCreator
[INFO] Tests run: 2, Failures: 0, Errors: 0, Skipped: 0, Time elapsed: 0.012 s - in com.jsoniter.TestAnnotationJsonCreator
[INFO] Running com.jsoniter.output.TestGenerics
[INFO] Tests run: 2, Failures: 0, Errors: 0, Skipped: 0, Time elapsed: 0.018 s - in com.jsoniter.output.TestGenerics
[INFO] Running com.jsoniter.TestCustomizeType
[INFO] Tests run: 2, Failures: 0, Errors: 0, Skipped: 0, Time elapsed: 0.014 s - in com.jsoniter.TestCustomizeType
[INFO] Running com.jsoniter.TestDemo
3
6
3
com.jsoniter.User@77caeb3e
score
100
score
102
[INFO] Tests run: 11, Failures: 0, Errors: 0, Skipped: 0, Time elapsed: 0.047 s - in com.jsoniter.TestDemo
[INFO] Running com.jsoniter.TestExisting
[INFO] Tests run: 5, Failures: 0, Errors: 0, Skipped: 0, Time elapsed: 0.038 s - in com.jsoniter.TestExisting
[INFO] Running com.jsoniter.TestAnnotationJsonIgnore
[INFO] Tests run: 3, Failures: 0, Errors: 0, Skipped: 0, Time elapsed: 0.44 s - in com.jsoniter.TestAnnotationJsonIgnore
[INFO] Running com.jsoniter.output.TestAnnotationJsonIgnore
[INFO] Running com.jsoniter.TestGenerics
[INFO] Tests run: 3, Failures: 0, Errors: 0, Skipped: 0, Time elapsed: 0.049 s - in com.jsoniter.output.TestAnnotationJsonIgnore
[INFO] Tests run: 22, Failures: 0, Errors: 0, Skipped: 0, Time elapsed: 0.066 s - in com.jsoniter.TestGenerics
[INFO] Running com.jsoniter.TestIO
[INFO] Tests run: 3, Failures: 0, Errors: 0, Skipped: 0, Time elapsed: 0.005 s - in com.jsoniter.TestIO
[INFO] Running com.jsoniter.TestNested
[INFO] Tests run: 4, Failures: 0, Errors: 0, Skipped: 0, Time elapsed: 0.022 s - in com.jsoniter.TestNested
[INFO] Running com.jsoniter.output.TestNested
[INFO] Tests run: 5, Failures: 0, Errors: 0, Skipped: 0, Time elapsed: 0.044 s - in com.jsoniter.output.TestNested
[INFO] Running com.jsoniter.TestObject
[INFO] Tests run: 15, Failures: 0, Errors: 0, Skipped: 0, Time elapsed: 0.048 s - in com.jsoniter.TestObject
[INFO] Running com.jsoniter.TestAnnotationJsonIgnore
[INFO] Tests run: 3, Failures: 0, Errors: 0, Skipped: 0, Time elapsed: 0.485 s - in com.jsoniter.TestAnnotationJsonIgnore
[INFO] Running com.jsoniter.TestAnnotationJsonProperty
[INFO] Tests run: 11, Failures: 0, Errors: 0, Skipped: 0, Time elapsed: 0.234 s - in com.jsoniter.TestAnnotationJsonProperty
[INFO] Running com.jsoniter.output.TestAnnotationJsonIgnore
[INFO] Tests run: 3, Failures: 0, Errors: 0, Skipped: 0, Time elapsed: 0.05 s - in com.jsoniter.output.TestAnnotationJsonIgnore
[INFO] Running com.jsoniter.output.TestAnnotationJsonProperty
[INFO] Tests run: 4, Failures: 0, Errors: 0, Skipped: 0, Time elapsed: 0.04 s - in com.jsoniter.output.TestAnnotationJsonProperty
[INFO] Running com.jsoniter.TestAnnotationJsonWrapper
[INFO] Tests run: 3, Failures: 0, Errors: 0, Skipped: 0, Time elapsed: 0.065 s - in com.jsoniter.TestAnnotationJsonWrapper
[INFO] Running com.jsoniter.output.TestAnnotationJsonUnwrapper
[INFO] Tests run: 2, Failures: 0, Errors: 0, Skipped: 0, Time elapsed: 0.023 s - in com.jsoniter.output.TestAnnotationJsonUnwrapper
[INFO] Running com.jsoniter.TestAnnotation
[INFO] Tests run: 4, Failures: 0, Errors: 0, Skipped: 0, Time elapsed: 0.064 s - in com.jsoniter.TestAnnotation
[INFO] Running com.jsoniter.TestAnnotationJsonCreator
[INFO] Tests run: 2, Failures: 0, Errors: 0, Skipped: 0, Time elapsed: 0.031 s - in com.jsoniter.TestAnnotationJsonCreator
[INFO] Running com.jsoniter.TestAnnotationJsonProperty
[INFO] Running com.jsoniter.output.TestGenerics
[INFO] Running com.jsoniter.output.TestObject
[INFO] Tests run: 2, Failures: 0, Errors: 0, Skipped: 0, Time elapsed: 0.087 s - in com.jsoniter.output.TestGenerics
[INFO] Tests run: 11, Failures: 0, Errors: 0, Skipped: 0, Time elapsed: 0.276 s - in com.jsoniter.TestAnnotationJsonProperty
[INFO] Running com.jsoniter.output.TestAnnotationJsonProperty
[INFO] Tests run: 4, Failures: 0, Errors: 0, Skipped: 0, Time elapsed: 0.061 s - in com.jsoniter.output.TestAnnotationJsonProperty
[INFO] Tests run: 20, Failures: 0, Errors: 0, Skipped: 0, Time elapsed: 0.427 s - in com.jsoniter.output.TestObject
[INFO] Running com.jsoniter.TestReadAny
100
[INFO] Running com.jsoniter.TestCustomizeType
com.jsoniter.spi.JsonException: Value not found: failed to get index 0 from []
com.jsoniter.spi.JsonException: Value not found: failed to get index 0 from []
com.jsoniter.spi.JsonException: Value not found: failed to get key hello from {}
com.jsoniter.spi.JsonException: Value not found: failed to get key hello from {}
[INFO] Tests run: 2, Failures: 0, Errors: 0, Skipped: 0, Time elapsed: 0.052 s - in com.jsoniter.TestCustomizeType
[INFO] Tests run: 20, Failures: 0, Errors: 0, Skipped: 0, Time elapsed: 0.011 s - in com.jsoniter.TestReadAny
[INFO] Running com.jsoniter.TestSkip
[INFO] Tests run: 6, Failures: 0, Errors: 0, Skipped: 0, Time elapsed: 0.001 s - in com.jsoniter.TestSkip
[INFO] Running com.jsoniter.TestSlice
[INFO] Tests run: 4, Failures: 0, Errors: 0, Skipped: 0, Time elapsed: 0.007 s - in com.jsoniter.TestSlice
[INFO] Running com.jsoniter.TestWhatIsNext
[INFO] Tests run: 1, Failures: 0, Errors: 0, Skipped: 0, Time elapsed: 0 s - in com.jsoniter.TestWhatIsNext
[INFO] Running com.jsoniter.output.TestAny
[INFO] Tests run: 11, Failures: 0, Errors: 0, Skipped: 0, Time elapsed: 0.03 s - in com.jsoniter.output.TestAny
[INFO] Running com.jsoniter.TestAnnotationJsonWrapper
[INFO] Running com.jsoniter.output.TestArray
[INFO] Tests run: 3, Failures: 0, Errors: 0, Skipped: 0, Time elapsed: 0.076 s - in com.jsoniter.TestAnnotationJsonWrapper
[INFO] Tests run: 15, Failures: 0, Errors: 0, Skipped: 0, Time elapsed: 0.053 s - in com.jsoniter.output.TestArray
[INFO] Running com.jsoniter.any.TestArray
[INFO] Tests run: 10, Failures: 0, Errors: 0, Skipped: 0, Time elapsed: 0.003 s - in com.jsoniter.any.TestArray
[INFO] Running com.jsoniter.TestArray
[INFO] Tests run: 10, Failures: 0, Errors: 0, Skipped: 0, Time elapsed: 0.03 s - in com.jsoniter.TestArray
[INFO] Running com.jsoniter.output.TestAnnotationJsonUnwrapper
[INFO] Running com.jsoniter.output.TestSpiPropertyEncoder
[INFO] Tests run: 2, Failures: 0, Errors: 0, Skipped: 0, Time elapsed: 0.004 s - in com.jsoniter.output.TestSpiPropertyEncoder
[INFO] Tests run: 2, Failures: 0, Errors: 0, Skipped: 0, Time elapsed: 0.033 s - in com.jsoniter.output.TestAnnotationJsonUnwrapper
[INFO] Running com.jsoniter.output.TestMap
[INFO] Tests run: 11, Failures: 0, Errors: 0, Skipped: 0, Time elapsed: 0.022 s - in com.jsoniter.output.TestMap
[INFO] Running com.jsoniter.output.TestNative
[INFO] Tests run: 22, Failures: 0, Errors: 0, Skipped: 0, Time elapsed: 0.015 s - in com.jsoniter.output.TestNative
[INFO] Running com.jsoniter.TestBoolean
[INFO] Tests run: 2, Failures: 0, Errors: 0, Skipped: 0, Time elapsed: 0.002 s - in com.jsoniter.TestBoolean
[INFO] Running com.jsoniter.TestFloat
[INFO] Tests run: 9, Failures: 0, Errors: 0, Skipped: 0, Time elapsed: 0.006 s - in com.jsoniter.TestFloat
[INFO] Running com.jsoniter.output.TestFloat
[INFO] Tests run: 2, Failures: 0, Errors: 0, Skipped: 0, Time elapsed: 0.014 s - in com.jsoniter.output.TestFloat
[INFO] Running com.jsoniter.output.TestInteger
[INFO] Tests run: 2, Failures: 0, Errors: 0, Skipped: 0, Time elapsed: 0 s - in com.jsoniter.output.TestInteger
[INFO] Running com.jsoniter.TestAnnotation
[INFO] Tests run: 4, Failures: 0, Errors: 0, Skipped: 0, Time elapsed: 0.116 s - in com.jsoniter.TestAnnotation
[INFO] Running com.jsoniter.TestDemo
3
6
3
[INFO] Running com.jsoniter.TestAnnotationJsonCreator
com.jsoniter.User@[INFO] Tests run: 2, Failures: 0, Errors: 0, Skipped: 0, Time elapsed: 0.03 s - in com.jsoniter.TestAnnotationJsonCreator
10bbd20a
score
100
score
102
[INFO] Tests run: 11, Failures: 0, Errors: 0, Skipped: 0, Time elapsed: 0.24 s - in com.jsoniter.TestDemo
[INFO] Running com.jsoniter.output.TestGenerics
[INFO] Running com.jsoniter.TestExisting
[INFO] Tests run: 2, Failures: 0, Errors: 0, Skipped: 0, Time elapsed: 0.051 s - in com.jsoniter.output.TestGenerics
[INFO] Tests run: 5, Failures: 0, Errors: 0, Skipped: 0, Time elapsed: 0.06 s - in com.jsoniter.TestExisting
[INFO] Running com.jsoniter.TestCustomizeType
[INFO] Tests run: 2, Failures: 0, Errors: 0, Skipped: 0, Time elapsed: 0.031 s - in com.jsoniter.TestCustomizeType
[INFO] Running com.jsoniter.TestGenerics
[INFO] Tests run: 22, Failures: 0, Errors: 0, Skipped: 0, Time elapsed: 0.206 s - in com.jsoniter.TestGenerics
[INFO] Running com.jsoniter.TestDemo
3
6
3
com.jsoniter.User@10bbd20a
score
100
score
102
[INFO] Tests run: 11, Failures: 0, Errors: 0, Skipped: 0, Time elapsed: 0.195 s - in com.jsoniter.TestDemo
[INFO] Running com.jsoniter.TestNested
[INFO] Tests run: 4, Failures: 0, Errors: 0, Skipped: 0, Time elapsed: 0.076 s - in com.jsoniter.TestNested
[INFO] Running com.jsoniter.TestExisting
[INFO] Tests run: 5, Failures: 0, Errors: 0, Skipped: 0, Time elapsed: 0.068 s - in com.jsoniter.TestExisting
[INFO] Running com.jsoniter.output.TestNested
[INFO] Tests run: 5, Failures: 0, Errors: 0, Skipped: 0, Time elapsed: 0.056 s - in com.jsoniter.output.TestNested
[INFO] Running com.jsoniter.TestGenerics
[INFO] Tests run: 22, Failures: 0, Errors: 0, Skipped: 0, Time elapsed: 0.193 s - in com.jsoniter.TestGenerics
[INFO] Running com.jsoniter.TestObject
[INFO] Tests run: 15, Failures: 0, Errors: 0, Skipped: 0, Time elapsed: 0.194 s - in com.jsoniter.TestObject
[INFO] Running com.jsoniter.TestAnnotationJsonIgnore
[INFO] Running com.jsoniter.output.TestJackson
[INFO] Tests run: 3, Failures: 0, Errors: 0, Skipped: 0, Time elapsed: 0.113 s - in com.jsoniter.TestAnnotationJsonIgnore
[INFO] Tests run: 3, Failures: 0, Errors: 0, Skipped: 0, Time elapsed: 0.68 s - in com.jsoniter.output.TestJackson
[INFO] Running com.jsoniter.TestNested
[INFO] Tests run: 4, Failures: 0, Errors: 0, Skipped: 0, Time elapsed: 0.106 s - in com.jsoniter.TestNested
[INFO] Running com.jsoniter.output.TestAnnotationJsonIgnore
[INFO] Tests run: 3, Failures: 0, Errors: 0, Skipped: 0, Time elapsed: 0.07 s - in com.jsoniter.output.TestAnnotationJsonIgnore
[INFO] Running com.jsoniter.output.TestNested
[INFO] Tests run: 5, Failures: 0, Errors: 0, Skipped: 0, Time elapsed: 0.056 s - in com.jsoniter.output.TestNested
[INFO] Running com.jsoniter.TestJackson
[INFO] Tests run: 3, Failures: 0, Errors: 0, Skipped: 0, Time elapsed: 0.113 s - in com.jsoniter.TestJackson
[INFO] Running com.jsoniter.output.TestSpiTypeEncoder
jsoniter_codegen.cfg1830135045.
[INFO] Tests run: 2, Failures: 0, Errors: 0, Skipped: 0, Time elapsed: 0.006 s - in com.jsoniter.output.TestSpiTypeEncoder
[INFO] Running com.jsoniter.TestSpiTypeDecoder
[INFO] Tests run: 6, Failures: 0, Errors: 0, Skipped: 0, Time elapsed: 0.012 s - in com.jsoniter.TestSpiTypeDecoder
[INFO] Running com.jsoniter.TestSpiPropertyDecoder
[INFO] Tests run: 2, Failures: 0, Errors: 0, Skipped: 0, Time elapsed: 0.014 s - in com.jsoniter.TestSpiPropertyDecoder
[INFO] Running com.jsoniter.TestAnnotationJsonProperty
[INFO] Tests run: 11, Failures: 0, Errors: 0, Skipped: 0, Time elapsed: 0.097 s - in com.jsoniter.TestAnnotationJsonProperty
[INFO] Running com.jsoniter.output.TestAnnotationJsonProperty
[INFO] Tests run: 4, Failures: 0, Errors: 0, Skipped: 0, Time elapsed: 0.017 s - in com.jsoniter.output.TestAnnotationJsonProperty
[INFO] Running com.jsoniter.TestObject
[INFO] Tests run: 15, Failures: 0, Errors: 0, Skipped: 0, Time elapsed: 0.106 s - in com.jsoniter.TestObject
[INFO] Running com.jsoniter.TestAnnotationJsonWrapper
[INFO] Tests run: 3, Failures: 0, Errors: 0, Skipped: 0, Time elapsed: 0.033 s - in com.jsoniter.TestAnnotationJsonWrapper
[INFO] Running com.jsoniter.output.TestAnnotationJsonUnwrapper
[INFO] Tests run: 2, Failures: 0, Errors: 0, Skipped: 0, Time elapsed: 0.024 s - in com.jsoniter.output.TestAnnotationJsonUnwrapper
[INFO] Running com.jsoniter.TestAnnotation
[INFO] Tests run: 4, Failures: 0, Errors: 0, Skipped: 0, Time elapsed: 0.016 s - in com.jsoniter.TestAnnotation
[INFO] Running com.jsoniter.TestAnnotationJsonCreator
[INFO] Tests run: 2, Failures: 0, Errors: 0, Skipped: 0, Time elapsed: 0.014 s - in com.jsoniter.TestAnnotationJsonCreator
[INFO] Running com.jsoniter.output.TestObject
[INFO] Running com.jsoniter.output.TestGenerics
[INFO] Tests run: 20, Failures: 0, Errors: 0, Skipped: 0, Time elapsed: 0.328 s - in com.jsoniter.output.TestObject
[INFO] Tests run: 2, Failures: 0, Errors: 0, Skipped: 0, Time elapsed: 0.024 s - in com.jsoniter.output.TestGenerics
[INFO] Running com.jsoniter.TestCustomizeType
[INFO] Tests run: 2, Failures: 0, Errors: 0, Skipped: 0, Time elapsed: 0.011 s - in com.jsoniter.TestCustomizeType
[INFO] Running com.jsoniter.TestReadAny
100
com.jsoniter.spi.JsonException: Value not found: failed to get index 0 from []
com.jsoniter.spi.JsonException: Value not found: failed to get index 0 from []
com.jsoniter.spi.JsonException: Value not found: failed to get key hello from {}
com.jsoniter.spi.JsonException: Value not found: failed to get key hello from {}
[INFO] Tests run: 19, Failures: 0, Errors: 0, Skipped: 0, Time elapsed: 0.028 s - in com.jsoniter.TestReadAny
[INFO] Running com.jsoniter.TestSkip
[INFO] Tests run: 5, Failures: 0, Errors: 0, Skipped: 0, Time elapsed: 0.002 s - in com.jsoniter.TestSkip
[INFO] Running com.jsoniter.TestSlice
[INFO] Running com.jsoniter.TestGson
[INFO] Tests run: 4, Failures: 0, Errors: 0, Skipped: 0, Time elapsed: 0.005 s - in com.jsoniter.TestSlice
[INFO] Running com.jsoniter.TestWhatIsNext
[INFO] Tests run: 14, Failures: 0, Errors: 0, Skipped: 0, Time elapsed: 0.193 s - in com.jsoniter.TestGson
[INFO] Running com.jsoniter.TestDemo
3
6
3
com.jsoniter.User@2ef9b8bc
score
100
score
102
[INFO] Tests run: 1, Failures: 0, Errors: 0, Skipped: 0, Time elapsed: 0 s - in com.jsoniter.TestWhatIsNext
[INFO] Tests run: 11, Failures: 0, Errors: 0, Skipped: 0, Time elapsed: 0.041 s - in com.jsoniter.TestDemo
[INFO] Running com.jsoniter.TestExisting
[INFO] Tests run: 5, Failures: 0, Errors: 0, Skipped: 0, Time elapsed: 0.007 s - in com.jsoniter.TestExisting
[INFO] Running com.jsoniter.output.TestAny
[INFO] Tests run: 11, Failures: 0, Errors: 0, Skipped: 0, Time elapsed: 0.036 s - in com.jsoniter.output.TestAny
[INFO] Running com.jsoniter.output.TestArray
[INFO] Tests run: 15, Failures: 0, Errors: 0, Skipped: 0, Time elapsed: 0.037 s - in com.jsoniter.output.TestArray
[INFO] Running com.jsoniter.TestGenerics
[INFO] Running com.jsoniter.output.TestGson
Gson: {"test":"lorem-??"}
jsoniter: {"test":"lorem-??"}
[INFO] Running com.jsoniter.any.TestArray
[INFO] Tests run: 15, Failures: 0, Errors: 0, Skipped: 0, Time elapsed: 0.083 s - in com.jsoniter.output.TestGson
[INFO] Running com.jsoniter.output.TestStreamBuffer
[INFO] Tests run: 10, Failures: 0, Errors: 0, Skipped: 0, Time elapsed: 0.016 s - in com.jsoniter.any.TestArray
[INFO] Tests run: 22, Failures: 0, Errors: 0, Skipped: 0, Time elapsed: 0.071 s - in com.jsoniter.TestGenerics
[INFO] Tests run: 6, Failures: 0, Errors: 0, Skipped: 0, Time elapsed: 0.005 s - in com.jsoniter.output.TestStreamBuffer
[INFO] Running com.jsoniter.TestNested
[INFO] Running com.jsoniter.IterImplForStreamingTest
[INFO] Tests run: 4, Failures: 0, Errors: 0, Skipped: 0, Time elapsed: 0.031 s - in com.jsoniter.TestNested
[INFO] Tests run: 2, Failures: 0, Errors: 0, Skipped: 0, Time elapsed: 0.009 s - in com.jsoniter.IterImplForStreamingTest
[INFO] Running com.jsoniter.output.TestCollection
[INFO] Tests run: 2, Failures: 0, Errors: 0, Skipped: 0, Time elapsed: 0.016 s - in com.jsoniter.output.TestCollection
[INFO] Running com.jsoniter.output.TestNested
[INFO] Running com.jsoniter.any.TestList
[INFO] Tests run: 16, Failures: 0, Errors: 0, Skipped: 0, Time elapsed: 1.137 s - in com.jsoniter.any.TestList
[INFO] Tests run: 5, Failures: 0, Errors: 0, Skipped: 0, Time elapsed: 0.016 s - in com.jsoniter.output.TestNested
[INFO] Running com.jsoniter.TestAnnotationJsonObject
com.jsoniter.spi.JsonException: found should not present property: field1
com.jsoniter.spi.JsonException: unknown property: field-1
[INFO] Tests run: 4, Failures: 0, Errors: 0, Skipped: 0, Time elapsed: 0.024 s - in com.jsoniter.TestAnnotationJsonObject
[INFO] Running com.jsoniter.any.TestLong
[INFO] Running com.jsoniter.TestArray
[INFO] Tests run: 10, Failures: 0, Errors: 0, Skipped: 0, Time elapsed: 0.077 s - in com.jsoniter.TestArray
[INFO] Tests run: 3, Failures: 0, Errors: 0, Skipped: 0, Time elapsed: 0 s - in com.jsoniter.any.TestLong
[INFO] Running com.jsoniter.TestOmitValue
[INFO] Running com.jsoniter.output.TestSpiPropertyEncoder
[INFO] Tests run: 10, Failures: 0, Errors: 0, Skipped: 0, Time elapsed: 0.017 s - in com.jsoniter.TestOmitValue
[INFO] Running com.jsoniter.output.TestString
[INFO] Running com.jsoniter.output.TestObject
[INFO] Tests run: 20, Failures: 0, Errors: 0, Skipped: 0, Time elapsed: 0.33 s - in com.jsoniter.output.TestObject
[INFO] Tests run: 2, Failures: 0, Errors: 0, Skipped: 0, Time elapsed: 0.019 s - in com.jsoniter.output.TestSpiPropertyEncoder
[INFO] Running com.jsoniter.TestObject
[ERROR] Tests run: 5, Failures: 1, Errors: 0, Skipped: 0, Time elapsed: 0.001 s <<< FAILURE! - in com.jsoniter.output.TestString
[ERROR] test_serialize_into_output_stream(com.jsoniter.output.TestString)  Time elapsed: 0 s  <<< FAILURE!
junit.framework.ComparisonFailure: expected:<"[?????? ?au ??] ~"> but was:<"[???????????? ??au ??????] ~">
	at com.jsoniter.output.TestString.test_serialize_into_output_stream(TestString.java:38)

[INFO] Running com.jsoniter.TestString
[INFO] Running com.jsoniter.TestReadAny
100
com.jsoniter.spi.JsonException: Value not found: failed to get index 0 from []
com.jsoniter.spi.JsonException: Value not found: failed to get index 0 from []
com.jsoniter.spi.JsonException: Value not found: failed to get key hello from {}
com.jsoniter.spi.JsonException: Value not found: failed to get key hello from {}
[INFO] Tests run: 15, Failures: 0, Errors: 0, Skipped: 0, Time elapsed: 0.074 s - in com.jsoniter.TestObject
[ERROR] Tests run: 15, Failures: 2, Errors: 0, Skipped: 0, Time elapsed: 0.019 s <<< FAILURE! - in com.jsoniter.TestString
[ERROR] test_utf8_string(com.jsoniter.TestString)  Time elapsed: 0.011 s  <<< FAILURE!
junit.framework.ComparisonFailure: expected:<[??]> but was:<[??]>
	at com.jsoniter.TestString.test_utf8_string(TestString.java:32)

[ERROR] test_surrogate(com.jsoniter.TestString)  Time elapsed: 0 s  <<< FAILURE!
junit.framework.ComparisonFailure: expected:<[?]> but was:<[?]>
	at com.jsoniter.TestString.test_surrogate(TestString.java:46)

[INFO] Tests run: 19, Failures: 0, Errors: 0, Skipped: 0, Time elapsed: 0.043 s - in com.jsoniter.TestReadAny
[INFO] Running com.jsoniter.TestSkip
[INFO] Running com.jsoniter.TestMap
[ERROR] Tests run: 5, Failures: 2, Errors: 0, Skipped: 0, Time elapsed: 0.024 s <<< FAILURE! - in com.jsoniter.TestMap
[ERROR] test_object_key(com.jsoniter.TestMap)  Time elapsed: 0.002 s  <<< FAILURE!
junit.framework.AssertionFailedError: expected:<{??=null}> but was:<{??=null}>
	at com.jsoniter.TestMap.test_object_key(TestMap.java:23)

[ERROR] test_string_key(com.jsoniter.TestMap)  Time elapsed: 0.001 s  <<< FAILURE!
junit.framework.AssertionFailedError: expected:<{??=null}> but was:<{??=null}>
	at com.jsoniter.TestMap.test_string_key(TestMap.java:31)

[INFO] Tests run: 5, Failures: 0, Errors: 0, Skipped: 0, Time elapsed: 0.001 s - in com.jsoniter.TestSkip
[INFO] Running com.jsoniter.TestSlice
[INFO] Running com.jsoniter.output.TestNative
[INFO] Tests run: 4, Failures: 0, Errors: 0, Skipped: 0, Time elapsed: 0.001 s - in com.jsoniter.TestSlice
[INFO] Tests run: 22, Failures: 0, Errors: 0, Skipped: 0, Time elapsed: 0.008 s - in com.jsoniter.output.TestNative
[INFO] Running com.jsoniter.TestBoolean
[INFO] Running com.jsoniter.TestWhatIsNext
[INFO] Tests run: 1, Failures: 0, Errors: 0, Skipped: 0, Time elapsed: 0.001 s - in com.jsoniter.TestBoolean
[INFO] Running com.jsoniter.TestFloat
[INFO] Tests run: 8, Failures: 0, Errors: 0, Skipped: 0, Time elapsed: 0.01 s - in com.jsoniter.TestFloat
[INFO] Running com.jsoniter.output.TestFloat
[INFO] Tests run: 1, Failures: 0, Errors: 0, Skipped: 0, Time elapsed: 0 s - in com.jsoniter.TestWhatIsNext
[INFO] Tests run: 2, Failures: 0, Errors: 0, Skipped: 0, Time elapsed: 0.003 s - in com.jsoniter.output.TestFloat
[INFO] Running com.jsoniter.output.TestInteger
[INFO] Tests run: 2, Failures: 0, Errors: 0, Skipped: 0, Time elapsed: 0.001 s - in com.jsoniter.output.TestInteger
[INFO] Running com.jsoniter.output.TestAny
[INFO] Tests run: 11, Failures: 0, Errors: 0, Skipped: 0, Time elapsed: 0.015 s - in com.jsoniter.output.TestAny
[INFO] Running com.jsoniter.output.TestArray
[INFO] Tests run: 15, Failures: 0, Errors: 0, Skipped: 0, Time elapsed: 0.024 s - in com.jsoniter.output.TestArray
[INFO] Running com.jsoniter.any.TestArray
[INFO] Tests run: 10, Failures: 0, Errors: 0, Skipped: 0, Time elapsed: 0.004 s - in com.jsoniter.any.TestArray
[INFO] Running com.jsoniter.TestArray
[INFO] Tests run: 10, Failures: 0, Errors: 0, Skipped: 0, Time elapsed: 0.021 s - in com.jsoniter.TestArray
[INFO] Running com.jsoniter.output.TestSpiPropertyEncoder
[INFO] Tests run: 2, Failures: 0, Errors: 0, Skipped: 0, Time elapsed: 0.008 s - in com.jsoniter.output.TestSpiPropertyEncoder
[INFO] Running com.jsoniter.output.TestNative
[INFO] Tests run: 22, Failures: 0, Errors: 0, Skipped: 0, Time elapsed: 0.003 s - in com.jsoniter.output.TestNative
[INFO] Running com.jsoniter.TestBoolean
[INFO] Tests run: 1, Failures: 0, Errors: 0, Skipped: 0, Time elapsed: 0.004 s - in com.jsoniter.TestBoolean
[INFO] Running com.jsoniter.TestFloat
[INFO] Tests run: 8, Failures: 0, Errors: 0, Skipped: 0, Time elapsed: 0.002 s - in com.jsoniter.TestFloat
[INFO] Running com.jsoniter.output.TestFloat
[INFO] Tests run: 2, Failures: 0, Errors: 0, Skipped: 0, Time elapsed: 0.001 s - in com.jsoniter.output.TestFloat
[INFO] Running com.jsoniter.output.TestInteger
[INFO] Tests run: 2, Failures: 0, Errors: 0, Skipped: 0, Time elapsed: 0 s - in com.jsoniter.output.TestInteger
[INFO] Running com.jsoniter.output.TestObject
[INFO] Tests run: 20, Failures: 0, Errors: 0, Skipped: 0, Time elapsed: 0.405 s - in com.jsoniter.output.TestObject
[INFO] Running com.jsoniter.TestReadAny
100
com.jsoniter.spi.JsonException: Value not found: failed to get index 0 from []
com.jsoniter.spi.JsonException: Value not found: failed to get index 0 from []
com.jsoniter.spi.JsonException: Value not found: failed to get key hello from {}
com.jsoniter.spi.JsonException: Value not found: failed to get key hello from {}
[INFO] Tests run: 19, Failures: 0, Errors: 0, Skipped: 0, Time elapsed: 0.011 s - in com.jsoniter.TestReadAny
[INFO] Running com.jsoniter.TestSkip
[INFO] Tests run: 5, Failures: 0, Errors: 0, Skipped: 0, Time elapsed: 0.015 s - in com.jsoniter.TestSkip
[INFO] Running com.jsoniter.TestSlice
[INFO] Tests run: 4, Failures: 0, Errors: 0, Skipped: 0, Time elapsed: 0.006 s - in com.jsoniter.TestSlice
[INFO] Running com.jsoniter.TestWhatIsNext
[INFO] Tests run: 1, Failures: 0, Errors: 0, Skipped: 0, Time elapsed: 0 s - in com.jsoniter.TestWhatIsNext
[INFO] Running com.jsoniter.output.TestAny
[INFO] Tests run: 11, Failures: 0, Errors: 0, Skipped: 0, Time elapsed: 0.016 s - in com.jsoniter.output.TestAny
[INFO] Running com.jsoniter.output.TestJackson
[INFO] Running com.jsoniter.output.TestArray
[INFO] Tests run: 3, Failures: 0, Errors: 0, Skipped: 0, Time elapsed: 0.405 s - in com.jsoniter.output.TestJackson
[INFO] Tests run: 15, Failures: 0, Errors: 0, Skipped: 0, Time elapsed: 0.016 s - in com.jsoniter.output.TestArray
[INFO] Running com.jsoniter.any.TestArray
[INFO] Tests run: 10, Failures: 0, Errors: 0, Skipped: 0, Time elapsed: 0.011 s - in com.jsoniter.any.TestArray
[INFO] Running com.jsoniter.TestArray
[INFO] Tests run: 10, Failures: 0, Errors: 0, Skipped: 0, Time elapsed: 0.009 s - in com.jsoniter.TestArray
[INFO] Running com.jsoniter.output.TestSpiPropertyEncoder
[INFO] Tests run: 2, Failures: 0, Errors: 0, Skipped: 0, Time elapsed: 0.006 s - in com.jsoniter.output.TestSpiPropertyEncoder
[INFO] Running com.jsoniter.output.TestJackson
[INFO] Tests run: 3, Failures: 0, Errors: 0, Skipped: 0, Time elapsed: 0.347 s - in com.jsoniter.output.TestJackson
[INFO] Running com.jsoniter.output.TestMap
[INFO] Tests run: 11, Failures: 0, Errors: 0, Skipped: 0, Time elapsed: 0.022 s - in com.jsoniter.output.TestMap
[INFO] Running com.jsoniter.TestJackson
[INFO] Running com.jsoniter.output.TestNative
[INFO] Tests run: 3, Failures: 0, Errors: 0, Skipped: 0, Time elapsed: 0.098 s - in com.jsoniter.TestJackson
[INFO] Running com.jsoniter.output.TestSpiTypeEncoder
jsoniter_codegen.cfg9223372036535405691.
[INFO] Tests run: 22, Failures: 0, Errors: 0, Skipped: 0, Time elapsed: 0.008 s - in com.jsoniter.output.TestNative
[INFO] Running com.jsoniter.TestBoolean
[INFO] Tests run: 2, Failures: 0, Errors: 0, Skipped: 0, Time elapsed: 0.002 s - in com.jsoniter.output.TestSpiTypeEncoder
[INFO] Tests run: 1, Failures: 0, Errors: 0, Skipped: 0, Time elapsed: 0.002 s - in com.jsoniter.TestBoolean
[INFO] Running com.jsoniter.TestFloat
[INFO] Tests run: 8, Failures: 0, Errors: 0, Skipped: 0, Time elapsed: 0.004 s - in com.jsoniter.TestFloat
[INFO] Running com.jsoniter.output.TestFloat
[INFO] Tests run: 2, Failures: 0, Errors: 0, Skipped: 0, Time elapsed: 0.003 s - in com.jsoniter.output.TestFloat
[INFO] Running com.jsoniter.output.TestInteger
[INFO] Tests run: 2, Failures: 0, Errors: 0, Skipped: 0, Time elapsed: 0 s - in com.jsoniter.output.TestInteger
[INFO] Running com.jsoniter.TestSpiTypeDecoder
[INFO] Tests run: 6, Failures: 0, Errors: 0, Skipped: 0, Time elapsed: 0.026 s - in com.jsoniter.TestSpiTypeDecoder
[INFO] Running com.jsoniter.TestSpiPropertyDecoder
[INFO] Tests run: 2, Failures: 0, Errors: 0, Skipped: 0, Time elapsed: 0.011 s - in com.jsoniter.TestSpiPropertyDecoder
[INFO] Running com.jsoniter.TestJackson
[INFO] Tests run: 3, Failures: 0, Errors: 0, Skipped: 0, Time elapsed: 0.097 s - in com.jsoniter.TestJackson
[INFO] Running com.jsoniter.output.TestSpiTypeEncoder
jsoniter_codegen.cfg9223372034806973682.
[INFO] Tests run: 2, Failures: 0, Errors: 0, Skipped: 0, Time elapsed: 0.003 s - in com.jsoniter.output.TestSpiTypeEncoder
[INFO] Running com.jsoniter.TestSpiTypeDecoder
[INFO] Tests run: 6, Failures: 0, Errors: 0, Skipped: 0, Time elapsed: 0.016 s - in com.jsoniter.TestSpiTypeDecoder
[INFO] Running com.jsoniter.TestSpiPropertyDecoder
[INFO] Tests run: 2, Failures: 0, Errors: 0, Skipped: 0, Time elapsed: 0.021 s - in com.jsoniter.TestSpiPropertyDecoder
[INFO] Running com.jsoniter.TestGson
[INFO] Tests run: 14, Failures: 0, Errors: 0, Skipped: 0, Time elapsed: 0.114 s - in com.jsoniter.TestGson
[INFO] Running com.jsoniter.output.TestGson
Gson: {"test":"lorem-??"}
jsoniter: {"test":"lorem-??"}
[INFO] Tests run: 15, Failures: 0, Errors: 0, Skipped: 0, Time elapsed: 0.04 s - in com.jsoniter.output.TestGson
[INFO] Running com.jsoniter.output.TestStreamBuffer
[INFO] Tests run: 6, Failures: 0, Errors: 0, Skipped: 0, Time elapsed: 0.002 s - in com.jsoniter.output.TestStreamBuffer
[INFO] Running com.jsoniter.IterImplForStreamingTest
[INFO] Tests run: 1, Failures: 0, Errors: 0, Skipped: 0, Time elapsed: 0.001 s - in com.jsoniter.IterImplForStreamingTest
[INFO] Running com.jsoniter.output.TestCollection
[INFO] Tests run: 2, Failures: 0, Errors: 0, Skipped: 0, Time elapsed: 0.003 s - in com.jsoniter.output.TestCollection
[INFO] Running com.jsoniter.any.TestList
[INFO] Tests run: 16, Failures: 0, Errors: 0, Skipped: 0, Time elapsed: 0.705 s - in com.jsoniter.any.TestList
[INFO] Running com.jsoniter.TestAnnotationJsonObject
com.jsoniter.spi.JsonException: extra property: field1
com.jsoniter.spi.JsonException: extra property: field-1
[INFO] Tests run: 4, Failures: 0, Errors: 0, Skipped: 0, Time elapsed: 0.021 s - in com.jsoniter.TestAnnotationJsonObject
[INFO] Running com.jsoniter.any.TestLong
[INFO] Tests run: 3, Failures: 0, Errors: 0, Skipped: 0, Time elapsed: 0.001 s - in com.jsoniter.any.TestLong
[INFO] Running com.jsoniter.TestOmitValue
[INFO] Running com.jsoniter.TestGson
[INFO] Tests run: 10, Failures: 0, Errors: 0, Skipped: 0, Time elapsed: 0.001 s - in com.jsoniter.TestOmitValue
[INFO] Running com.jsoniter.output.TestString
[INFO] Tests run: 14, Failures: 0, Errors: 0, Skipped: 0, Time elapsed: 0.152 s - in com.jsoniter.TestGson
[ERROR] Tests run: 5, Failures: 1, Errors: 0, Skipped: 0, Time elapsed: 0.006 s <<< FAILURE! - in com.jsoniter.output.TestString
[ERROR] test_serialize_into_output_stream(com.jsoniter.output.TestString)  Time elapsed: 0 s  <<< FAILURE!
junit.framework.ComparisonFailure: expected:<"[?????? ?au ??] ~"> but was:<"[???????????? ??au ??????] ~">
	at com.jsoniter.output.TestString.test_serialize_into_output_stream(TestString.java:38)

[INFO] Running com.jsoniter.output.TestMap
[ERROR] Tests run: 11, Failures: 0, Errors: 1, Skipped: 0, Time elapsed: 0.034 s <<< FAILURE! - in com.jsoniter.output.TestMap
[ERROR] test_value_is_null(com.jsoniter.output.TestMap)  Time elapsed: 0.002 s  <<< ERROR!
com.jsoniter.spi.JsonException: 
failed to generate encoder for: java.util.Map<java.lang.String, int[]> with [class java.lang.String, class [I], exception: javassist.CannotCompileException: by java.lang.ClassFormatError: Illegal class name "jsoniter_codegen/cfg9223372036535405691/encoder/java/util/Map_java/lang/String_int[]" in class file jsoniter_codegen/cfg9223372036535405691/encoder/java/util/Map_java/lang/String_int[]
public static void encode_(java.lang.Object obj, com.jsoniter.output.JsonStream stream) throws java.io.IOException {
if (obj == null) { stream.writeNull(); return; }
java.util.Map map = (java.util.Map)obj;
java.util.Iterator iter = map.entrySet().iterator();
if(!iter.hasNext()) { return; }
java.util.Map.Entry entry = (java.util.Map.Entry)iter.next();
stream.writeVal((java.lang.String)entry.getKey());
stream.write(':');
if (entry.getValue() == null) { stream.writeNull(); } else {
stream.write((byte)'[');
jsoniter_codegen.cfg9223372036535405691.encoder.int_array.encode_((int[])entry.getValue(), stream);
stream.write((byte)']');
}
while(iter.hasNext()) {
entry = (java.util.Map.Entry)iter.next();
stream.write(',');
stream.writeVal((java.lang.String)entry.getKey());
stream.write(':');
if (entry.getValue() == null) { stream.writeNull(); } else {
stream.write((byte)'[');
jsoniter_codegen.cfg9223372036535405691.encoder.int_array.encode_((int[])entry.getValue(), stream);
stream.write((byte)']');
}
}
}

	at com.jsoniter.output.TestMap.test_value_is_null(TestMap.java:54)
Caused by: javassist.CannotCompileException: by java.lang.ClassFormatError: Illegal class name "jsoniter_codegen/cfg9223372036535405691/encoder/java/util/Map_java/lang/String_int[]" in class file jsoniter_codegen/cfg9223372036535405691/encoder/java/util/Map_java/lang/String_int[]
	at com.jsoniter.output.TestMap.test_value_is_null(TestMap.java:54)
Caused by: java.lang.ClassFormatError: Illegal class name "jsoniter_codegen/cfg9223372036535405691/encoder/java/util/Map_java/lang/String_int[]" in class file jsoniter_codegen/cfg9223372036535405691/encoder/java/util/Map_java/lang/String_int[]
	at com.jsoniter.output.TestMap.test_value_is_null(TestMap.java:54)

[INFO] Running com.jsoniter.TestString
[INFO] Running com.jsoniter.output.TestGson
Gson: {"test":"lorem-??"}
jsoniter: {"test":"lorem-??"}
[ERROR] Tests run: 10, Failures: 2, Errors: 0, Skipped: 0, Time elapsed: 0.005 s <<< FAILURE! - in com.jsoniter.TestString
[ERROR] test_utf8_string(com.jsoniter.TestString)  Time elapsed: 0.004 s  <<< FAILURE!
junit.framework.ComparisonFailure: expected:<[??]> but was:<[??]>
	at com.jsoniter.TestString.test_utf8_string(TestString.java:32)

[ERROR] test_surrogate(com.jsoniter.TestString)  Time elapsed: 0.001 s  <<< FAILURE!
junit.framework.ComparisonFailure: expected:<[?]> but was:<[?]>
	at com.jsoniter.TestString.test_surrogate(TestString.java:46)

[INFO] Running com.jsoniter.TestMap
[INFO] Tests run: 15, Failures: 0, Errors: 0, Skipped: 0, Time elapsed: 0.038 s - in com.jsoniter.output.TestGson
[INFO] Running com.jsoniter.output.TestStreamBuffer
[ERROR] Tests run: 5, Failures: 2, Errors: 0, Skipped: 0, Time elapsed: 0.045 s <<< FAILURE! - in com.jsoniter.TestMap
[ERROR] test_object_key(com.jsoniter.TestMap)  Time elapsed: 0.004 s  <<< FAILURE!
junit.framework.AssertionFailedError: expected:<{??=null}> but was:<{??=null}>
	at com.jsoniter.TestMap.test_object_key(TestMap.java:23)

[ERROR] test_string_key(com.jsoniter.TestMap)  Time elapsed: 0.003 s  <<< FAILURE!
junit.framework.AssertionFailedError: expected:<{??=null}> but was:<{??=null}>
	at com.jsoniter.TestMap.test_string_key(TestMap.java:31)

[INFO] Tests run: 6, Failures: 0, Errors: 0, Skipped: 0, Time elapsed: 0.003 s - in com.jsoniter.output.TestStreamBuffer
[INFO] Running com.jsoniter.IterImplForStreamingTest
[INFO] Tests run: 1, Failures: 0, Errors: 0, Skipped: 0, Time elapsed: 0.007 s - in com.jsoniter.IterImplForStreamingTest
[INFO] Running com.jsoniter.output.TestCollection
[INFO] Tests run: 2, Failures: 0, Errors: 0, Skipped: 0, Time elapsed: 0.008 s - in com.jsoniter.output.TestCollection
[INFO] Running com.jsoniter.any.TestList
[INFO] Tests run: 16, Failures: 0, Errors: 0, Skipped: 0, Time elapsed: 0.703 s - in com.jsoniter.any.TestList
[INFO] Running com.jsoniter.TestAnnotationJsonObject
com.jsoniter.spi.JsonException: extra property: field1
com.jsoniter.spi.JsonException: extra property: field-1
[INFO] Tests run: 4, Failures: 0, Errors: 0, Skipped: 0, Time elapsed: 0.034 s - in com.jsoniter.TestAnnotationJsonObject
[INFO] Running com.jsoniter.any.TestLong
[INFO] Tests run: 3, Failures: 0, Errors: 0, Skipped: 0, Time elapsed: 0.001 s - in com.jsoniter.any.TestLong
[INFO] Running com.jsoniter.TestOmitValue
[INFO] Tests run: 10, Failures: 0, Errors: 0, Skipped: 0, Time elapsed: 0 s - in com.jsoniter.TestOmitValue
[INFO] Running com.jsoniter.output.TestString
[ERROR] Tests run: 5, Failures: 1, Errors: 0, Skipped: 0, Time elapsed: 0.004 s <<< FAILURE! - in com.jsoniter.output.TestString
[ERROR] test_serialize_into_output_stream(com.jsoniter.output.TestString)  Time elapsed: 0.001 s  <<< FAILURE!
junit.framework.ComparisonFailure: expected:<"[?????? ?au ??] ~"> but was:<"[???????????? ??au ??????] ~">
	at com.jsoniter.output.TestString.test_serialize_into_output_stream(TestString.java:38)

[INFO] Running com.jsoniter.output.TestMap
[ERROR] Tests run: 11, Failures: 0, Errors: 1, Skipped: 0, Time elapsed: 0.037 s <<< FAILURE! - in com.jsoniter.output.TestMap
[ERROR] test_value_is_null(com.jsoniter.output.TestMap)  Time elapsed: 0.005 s  <<< ERROR!
com.jsoniter.spi.JsonException: 
failed to generate encoder for: java.util.Map<java.lang.String, int[]> with [class java.lang.String, class [I], exception: javassist.CannotCompileException: by java.lang.ClassFormatError: Illegal class name "jsoniter_codegen/cfg9223372034806973682/encoder/java/util/Map_java/lang/String_int[]" in class file jsoniter_codegen/cfg9223372034806973682/encoder/java/util/Map_java/lang/String_int[]
public static void encode_(java.lang.Object obj, com.jsoniter.output.JsonStream stream) throws java.io.IOException {
if (obj == null) { stream.writeNull(); return; }
java.util.Map map = (java.util.Map)obj;
java.util.Iterator iter = map.entrySet().iterator();
if(!iter.hasNext()) { return; }
java.util.Map.Entry entry = (java.util.Map.Entry)iter.next();
stream.writeVal((java.lang.String)entry.getKey());
stream.write(':');
if (entry.getValue() == null) { stream.writeNull(); } else {
stream.write((byte)'[');
jsoniter_codegen.cfg9223372034806973682.encoder.int_array.encode_((int[])entry.getValue(), stream);
stream.write((byte)']');
}
while(iter.hasNext()) {
entry = (java.util.Map.Entry)iter.next();
stream.write(',');
stream.writeVal((java.lang.String)entry.getKey());
stream.write(':');
if (entry.getValue() == null) { stream.writeNull(); } else {
stream.write((byte)'[');
jsoniter_codegen.cfg9223372034806973682.encoder.int_array.encode_((int[])entry.getValue(), stream);
stream.write((byte)']');
}
}
}

	at com.jsoniter.output.TestMap.test_value_is_null(TestMap.java:54)
Caused by: javassist.CannotCompileException: by java.lang.ClassFormatError: Illegal class name "jsoniter_codegen/cfg9223372034806973682/encoder/java/util/Map_java/lang/String_int[]" in class file jsoniter_codegen/cfg9223372034806973682/encoder/java/util/Map_java/lang/String_int[]
	at com.jsoniter.output.TestMap.test_value_is_null(TestMap.java:54)
Caused by: java.lang.ClassFormatError: Illegal class name "jsoniter_codegen/cfg9223372034806973682/encoder/java/util/Map_java/lang/String_int[]" in class file jsoniter_codegen/cfg9223372034806973682/encoder/java/util/Map_java/lang/String_int[]
	at com.jsoniter.output.TestMap.test_value_is_null(TestMap.java:54)

[INFO] Running com.jsoniter.TestString
[INFO] Running com.jsoniter.output.TestJackson
[ERROR] Tests run: 10, Failures: 2, Errors: 0, Skipped: 0, Time elapsed: 0.019 s <<< FAILURE! - in com.jsoniter.TestString
[ERROR] test_utf8_string(com.jsoniter.TestString)  Time elapsed: 0.017 s  <<< FAILURE!
junit.framework.ComparisonFailure: expected:<[??]> but was:<[??]>
	at com.jsoniter.TestString.test_utf8_string(TestString.java:32)

[ERROR] test_surrogate(com.jsoniter.TestString)  Time elapsed: 0 s  <<< FAILURE!
junit.framework.ComparisonFailure: expected:<[?]> but was:<[?]>
	at com.jsoniter.TestString.test_surrogate(TestString.java:46)

[INFO] Running com.jsoniter.TestMap
[INFO] Tests run: 3, Failures: 0, Errors: 0, Skipped: 0, Time elapsed: 0.385 s - in com.jsoniter.output.TestJackson
[ERROR] Tests run: 5, Failures: 2, Errors: 0, Skipped: 0, Time elapsed: 0.05 s <<< FAILURE! - in com.jsoniter.TestMap
[ERROR] test_object_key(com.jsoniter.TestMap)  Time elapsed: 0.003 s  <<< FAILURE!
junit.framework.AssertionFailedError: expected:<{??=null}> but was:<{??=null}>
	at com.jsoniter.TestMap.test_object_key(TestMap.java:23)

[ERROR] test_string_key(com.jsoniter.TestMap)  Time elapsed: 0.002 s  <<< FAILURE!
junit.framework.AssertionFailedError: expected:<{??=null}> but was:<{??=null}>
	at com.jsoniter.TestMap.test_string_key(TestMap.java:31)

[INFO] Running com.jsoniter.TestJackson
[INFO] Tests run: 3, Failures: 0, Errors: 0, Skipped: 0, Time elapsed: 0.055 s - in com.jsoniter.TestJackson
[INFO] Running com.jsoniter.output.TestSpiTypeEncoder
jsoniter_codegen.cfg1830135045.
[INFO] Tests run: 2, Failures: 0, Errors: 0, Skipped: 0, Time elapsed: 0.003 s - in com.jsoniter.output.TestSpiTypeEncoder
[INFO] Running com.jsoniter.TestSpiTypeDecoder
[INFO] Tests run: 6, Failures: 0, Errors: 0, Skipped: 0, Time elapsed: 0.004 s - in com.jsoniter.TestSpiTypeDecoder
[INFO] Running com.jsoniter.TestSpiPropertyDecoder
[INFO] Tests run: 2, Failures: 0, Errors: 0, Skipped: 0, Time elapsed: 0.002 s - in com.jsoniter.TestSpiPropertyDecoder
[INFO] Running com.jsoniter.TestGson
[INFO] Tests run: 14, Failures: 0, Errors: 0, Skipped: 0, Time elapsed: 0.059 s - in com.jsoniter.TestGson
[INFO] Running com.jsoniter.output.TestGson
Gson: {"test":"lorem-??"}
jsoniter: {"test":"lorem-??"}
[INFO] Tests run: 15, Failures: 0, Errors: 0, Skipped: 0, Time elapsed: 0.019 s - in com.jsoniter.output.TestGson
[INFO] Running com.jsoniter.output.TestStreamBuffer
[INFO] Tests run: 6, Failures: 0, Errors: 0, Skipped: 0, Time elapsed: 0.001 s - in com.jsoniter.output.TestStreamBuffer
[INFO] Running com.jsoniter.IterImplForStreamingTest
[INFO] Tests run: 1, Failures: 0, Errors: 0, Skipped: 0, Time elapsed: 0.001 s - in com.jsoniter.IterImplForStreamingTest
[INFO] Running com.jsoniter.output.TestCollection
[INFO] Tests run: 2, Failures: 0, Errors: 0, Skipped: 0, Time elapsed: 0.004 s - in com.jsoniter.output.TestCollection
[INFO] Running com.jsoniter.any.TestList
[INFO] Tests run: 16, Failures: 0, Errors: 0, Skipped: 0, Time elapsed: 0.537 s - in com.jsoniter.any.TestList
[INFO] Running com.jsoniter.TestAnnotationJsonObject
com.jsoniter.spi.JsonException: found should not present property: field1
com.jsoniter.spi.JsonException: unknown property: field-1
[INFO] Tests run: 4, Failures: 0, Errors: 0, Skipped: 0, Time elapsed: 0.007 s - in com.jsoniter.TestAnnotationJsonObject
[INFO] Running com.jsoniter.any.TestLong
[INFO] Tests run: 3, Failures: 0, Errors: 0, Skipped: 0, Time elapsed: 0 s - in com.jsoniter.any.TestLong
[INFO] Running com.jsoniter.TestOmitValue
[INFO] Tests run: 10, Failures: 0, Errors: 0, Skipped: 0, Time elapsed: 0.001 s - in com.jsoniter.TestOmitValue
[INFO] Running com.jsoniter.output.TestString
[ERROR] Tests run: 5, Failures: 1, Errors: 0, Skipped: 0, Time elapsed: 0.002 s <<< FAILURE! - in com.jsoniter.output.TestString
[ERROR] test_serialize_into_output_stream(com.jsoniter.output.TestString)  Time elapsed: 0.001 s  <<< FAILURE!
junit.framework.ComparisonFailure: expected:<"[?????? ?au ??] ~"> but was:<"[???????????? ??au ??????] ~">
	at com.jsoniter.output.TestString.test_serialize_into_output_stream(TestString.java:38)

[INFO] Running com.jsoniter.TestString
[ERROR] Tests run: 10, Failures: 2, Errors: 0, Skipped: 0, Time elapsed: 0.013 s <<< FAILURE! - in com.jsoniter.TestString
[ERROR] test_utf8_string(com.jsoniter.TestString)  Time elapsed: 0.007 s  <<< FAILURE!
junit.framework.ComparisonFailure: expected:<[??]> but was:<[??]>
	at com.jsoniter.TestString.test_utf8_string(TestString.java:32)

[ERROR] test_surrogate(com.jsoniter.TestString)  Time elapsed: 0 s  <<< FAILURE!
junit.framework.ComparisonFailure: expected:<[?]> but was:<[?]>
	at com.jsoniter.TestString.test_surrogate(TestString.java:46)

[INFO] Running com.jsoniter.TestMap
[ERROR] Tests run: 5, Failures: 2, Errors: 0, Skipped: 0, Time elapsed: 0.041 s <<< FAILURE! - in com.jsoniter.TestMap
[ERROR] test_object_key(com.jsoniter.TestMap)  Time elapsed: 0.006 s  <<< FAILURE!
junit.framework.AssertionFailedError: expected:<{??=null}> but was:<{??=null}>
	at com.jsoniter.TestMap.test_object_key(TestMap.java:23)

[ERROR] test_string_key(com.jsoniter.TestMap)  Time elapsed: 0 s  <<< FAILURE!
junit.framework.AssertionFailedError: expected:<{??=null}> but was:<{??=null}>
	at com.jsoniter.TestMap.test_string_key(TestMap.java:31)

[INFO] 
[INFO] Results:
[INFO] 
[ERROR] Failures: 
[ERROR] com.jsoniter.TestMap.test_object_key(com.jsoniter.TestMap)
[ERROR]   Run 1: TestMap.test_object_key:23 expected:<{??=null}> but was:<{??=null}>
[ERROR]   Run 2: TestMap.test_object_key:23 expected:<{??=null}> but was:<{??=null}>
[ERROR]   Run 3: TestMap.test_object_key:23 expected:<{??=null}> but was:<{??=null}>
[ERROR]   Run 4: TestMap.test_object_key:23 expected:<{??=null}> but was:<{??=null}>
[INFO] 
[ERROR] com.jsoniter.TestMap.test_string_key(com.jsoniter.TestMap)
[ERROR]   Run 1: TestMap.test_string_key:31 expected:<{??=null}> but was:<{??=null}>
[ERROR]   Run 2: TestMap.test_string_key:31 expected:<{??=null}> but was:<{??=null}>
[ERROR]   Run 3: TestMap.test_string_key:31 expected:<{??=null}> but was:<{??=null}>
[ERROR]   Run 4: TestMap.test_string_key:31 expected:<{??=null}> but was:<{??=null}>
[INFO] 
[ERROR] com.jsoniter.TestString.test_surrogate(com.jsoniter.TestString)
[ERROR]   Run 1: TestString.test_surrogate:46 expected:<[?]> but was:<[?]>
[ERROR]   Run 2: TestString.test_surrogate:46 expected:<[?]> but was:<[?]>
[ERROR]   Run 3: TestString.test_surrogate:46 expected:<[?]> but was:<[?]>
[ERROR]   Run 4: TestString.test_surrogate:46 expected:<[?]> but was:<[?]>
[INFO] 
[ERROR] com.jsoniter.TestString.test_utf8_string(com.jsoniter.TestString)
[ERROR]   Run 1: TestString.test_utf8_string:32 expected:<[??]> but was:<[??]>
[ERROR]   Run 2: TestString.test_utf8_string:32 expected:<[??]> but was:<[??]>
[ERROR]   Run 3: TestString.test_utf8_string:32 expected:<[??]> but was:<[??]>
[ERROR]   Run 4: TestString.test_utf8_string:32 expected:<[??]> but was:<[??]>
[INFO] 
[ERROR] com.jsoniter.output.TestString.test_serialize_into_output_stream(com.jsoniter.output.TestString)
[ERROR]   Run 1: TestString.test_serialize_into_output_stream:38 expected:<"[?????? ?au ??] ~"> but was:<"[???????????? ??au ??????] ~">
[ERROR]   Run 2: TestString.test_serialize_into_output_stream:38 expected:<"[?????? ?au ??] ~"> but was:<"[???????????? ??au ??????] ~">
[ERROR]   Run 3: TestString.test_serialize_into_output_stream:38 expected:<"[?????? ?au ??] ~"> but was:<"[???????????? ??au ??????] ~">
[ERROR]   Run 4: TestString.test_serialize_into_output_stream:38 expected:<"[?????? ?au ??] ~"> but was:<"[???????????? ??au ??????] ~">
[INFO] 
[ERROR] Errors: 
[ERROR] com.jsoniter.output.TestMap.test_value_is_null(com.jsoniter.output.TestMap)
[INFO]   Run 1: PASS
[ERROR]   Run 2: TestMap.test_value_is_null:54 ? Json failed to generate encoder for: java.util...
[ERROR]   Run 3: TestMap.test_value_is_null:54 ? Json failed to generate encoder for: java.util...
[INFO]   Run 4: PASS
[INFO] 
[INFO] 
[ERROR] Tests run: 1392, Failures: 5, Errors: 1, Skipped: 0
[INFO] 
[INFO] ------------------------------------------------------------------------
[INFO] BUILD FAILURE
[INFO] ------------------------------------------------------------------------
[INFO] Total time: 7.430 s
[INFO] Finished at: 2024-04-16T18:31:03Z
[INFO] ------------------------------------------------------------------------
[ERROR] Failed to execute goal org.apache.maven.plugins:maven-surefire-plugin:2.21.0:test (default-test) on project jsoniter: There are test failures.
[ERROR] 
[ERROR] Please refer to /home/idflakies/json-iterator/java/target/surefire-reports for the individual test results.
[ERROR] Please refer to dump files (if any exist) [date]-jvmRun[N].dump, [date].dumpstream and [date]-jvmRun[N].dumpstream.
[ERROR] -> [Help 1]
[ERROR] 
[ERROR] To see the full stack trace of the errors, re-run Maven with the -e switch.
[ERROR] Re-run Maven using the -X switch to enable full debug logging.
[ERROR] 
[ERROR] For more information about the errors and possible solutions, please read the following articles:
[ERROR] [Help 1] http://cwiki.apache.org/confluence/display/MAVEN/MojoFailureException
[INFO] Build failures were ignored.
